Removed Member From Class: ClassName=Sheet3 Member=IC?
Change Component Designator: OldDesignator=BR? NewDesignator=BR1
Change Component Designator: OldDesignator=C? NewDesignator=C1
Change Component Designator: OldDesignator=C? NewDesignator=C2
Change Component Designator: OldDesignator=C? NewDesignator=C3
Change Component Designator: OldDesignator=IC? NewDesignator=IC1
Change Component Designator: OldDesignator=IC? NewDesignator=IC2
Change Component Designator: OldDesignator=IC? NewDesignator=IC3
Change Component Designator: OldDesignator=J? NewDesignator=J1
Change Net Name : Old Net Name=NetBR?_1 New Net Name=NetBR1_1
Change Net Name : Old Net Name=NetBR?_2 New Net Name=NetBR1_2
Change Net Name : Old Net Name=NetBR?_3 New Net Name=NetBR1_3
Change Net Name : Old Net Name=NetBR?_4 New Net Name=NetBR1_4
Change Net Name : Old Net Name=NetC?_1 New Net Name=NetC2_1
Added Pin To Net: NetName=NetC3_1 Pin=C3-1
Added Pin To Net: NetName=NetC3_1 Pin=IC2-3
Added Pin To Net: NetName=NetC3_1 Pin=IC3-B4
Added Net: Name=NetC3_1
Added Member To Class: ClassName=Sheet3 Member=Component C1 100uf
Added Member To Class: ClassName=Sheet3 Member=Component C2 100uf
Added Member To Class: ClassName=Sheet3 Member=Component IC1 LM7812ACT
Added Member To Class: ClassName=Sheet3 Member=Component IC2 LM7805ACT
