C51 COMPILER V9.60.0.0   LCD                                                               11/04/2023 16:45:16 PAGE 1   


C51 COMPILER V9.60.0.0, COMPILATION OF MODULE LCD
OBJECT MODULE PLACED IN .\Objects\lcd.obj
COMPILER INVOKED BY: C:\Keil_v5\C51\BIN\C51.EXE lcd.c BROWSE DEBUG OBJECTEXTEND PRINT(.\Listings\lcd.lst) TABS(2) OBJECT
                    -(.\Objects\lcd.obj)

line level    source

   1          #include<AT89x52.h>
   2          #include"Atmal_lcd.h"
   3          
   4          sbit Motor1  = P1^2;
   5          sbit Motor2 = P1^3;
   6          sbit  FORWARD=P1^0;
   7          sbit  REVERSE=P1^1;
   8          
   9          void main()
  10          {
  11   1         FORWARD=REVERSE=1;
  12   1         FORWARD=REVERSE=0;
  13   1         Motor1=Motor2=0;
  14   1        
  15   1        Lcd8_Init();
  16   1        Lcd8_Display(0x80,"  Motor control ",16);
  17   1        Lcd8_Display(0xc0,"    System      ",16);
  18   1        Delay(65000);Delay(65000);
  19   1      
  20   1        while(1)
  21   1        { 
  22   2          if(!FORWARD  == 1)
  23   2      
  24   2          {
  25   3             Motor1=1;
  26   3             Motor2=0;
  27   3            Lcd8_Display(0x80,"     MOTOR      ",16);
  28   3            Lcd8_Display(0xc0,"    FORWARD     ",16);
  29   3            Delay(10000);
  30   3            
  31   3          }
  32   2          else if(!REVERSE == 1 )
  33   2      
  34   2          {
  35   3             Motor1=0;
  36   3             Motor2=1;
  37   3            Lcd8_Display(0x80,"******MOTOR******",16);
  38   3            Lcd8_Display(0xc0,"*****REVERSE****",16);
  39   3            Delay(10000);
  40   3            
  41   3          }
  42   2         else
  43   2         {
  44   3             Motor1=1;
  45   3             Motor2=1;
  46   3            Lcd8_Display(0x80,"******MOTOR******",16);
  47   3            Lcd8_Display(0xc0,"******STOP*****",16);
  48   3            Delay(10000);
  49   3           
  50   3         }
  51   2          }
  52   1          }
  53            

C51 COMPILER V9.60.0.0   LCD                                                               11/04/2023 16:45:16 PAGE 2   


MODULE INFORMATION:   STATIC OVERLAYABLE
   CODE SIZE        =    654    ----
   CONSTANT SIZE    =    119    ----
   XDATA SIZE       =   ----    ----
   PDATA SIZE       =   ----    ----
   DATA SIZE        =   ----      25
   IDATA SIZE       =   ----    ----
   BIT SIZE         =   ----    ----
END OF MODULE INFORMATION.


C51 COMPILATION COMPLETE.  0 WARNING(S),  0 ERROR(S)
