

HI-TECH Software PICC Macro Assembler V9.60PL5 build 3884 
                                                      Sat Feb 24 17:24:30 2024

HI-TECH Software Omniscient Code Generator build 3884
     1  0000                     opt subtitle "HI-TECH Software Omniscient Code 
                                 Generator build 3884"
     2                           
     3                           	processor	16F877A
     4                           clrc	macro
     5                           	bcf	status,0
     6  0000                     	endm
     7                           clrz	macro
     8                           	bcf	status,2
     9  0000                     	endm
    10                           setc	macro
    11                           	bsf	status,0
    12  0000                     	endm
    13                           setz	macro
    14                           	bsf	status,2
    15  0000                     	endm
    16                           skipc	macro
    17                           	btfss	status,0
    18  0000                     	endm
    19                           skipz	macro
    20                           	btfss	status,2
    21  0000                     	endm
    22                           skipnc	macro
    23                           	btfsc	status,0
    24  0000                     	endm
    25                           skipnz	macro
    26                           	btfsc	status,2
    27  0000                     	endm
    28  0000                     indf	equ	0
    29  0000                     indf0	equ	0
    30  0000                     pc	equ	2
    31  0000                     pcl	equ	2
    32  0000                     status	equ	3
    33  0000                     fsr	equ	4
    34  0000                     fsr0	equ	4
    35  0000                     c	equ	1
    36  0000                     z	equ	0
    37  0000                     pclath	equ	10
    38                           global __tempreg
    39  0000                     __tempreg	set	112
    40                           global __Lrdata_0, __Hrdata_0
    41  0000                     __Lrdata_0	equ	0x0
    42  0000                     __Hrdata_0	equ	0x1
    43                           global __Lramdata, __Lrdata_0, __Hramdata, __Hr
                                 data_0
    44  0000                     __Lramdata	set	__Lrdata_0
    45  0000                     __Hramdata	set	__Hrdata_0
    46                           	GLOBAL	__databank
    47  0000                     __databank	EQU	0
    48  0000                     _txstr_s	equ	??_txstr+0
    49                           	global	_txstr_s
    50  0000                     _tx_a	equ	??_tx+0
    51                           	global	_tx_a
    52                           ;Data sizes: Strings 26, constant 0, data 0, bs
                                 s 0, persistent 0 stack 3
    53                           	global	_main
    54                           	global	??_main
    55                           	global	?_main
    56                           
    57                           ; *************** function _main **************
                                 *
    58                           ; Defined at:
    59                           ;		line 13 in file "C:\Users\Kasirajan\Desktop\
                                 serial tx rx\serial tx rx.c"
    60                           ; Parameters:
    61                           ;		None
    62                           ; Auto variables:
    63                           ;		None
    64                           ; Return value:
    65                           ;		type: void 
    66                           ;		size: 0
    67                           ; Registers used:
    68                           ;		wreg, status,2, status,0, pclath, cstack
    69                           ; Tracked objects:
    70                           ;		On entry : BFF/0
    71                           ;		On exit  : 0/0
    72                           ;		Unchanged: 0/0
    73                           ; Data sizes:
    74                           ;		Autos:    0
    75                           ;		Params:   0
    76                           ;		Temp:     0
    77                           ;		Total:    0
    78                           ; This function calls:
    79                           ;		_ser_int
    80                           ;		_txstr
    81                           ;		_rx
    82                           ;		_tx
    83                           ; This function is called by:
    84                           ;		Startup code after reset
    85                           ; This function uses a non-reentrant model
    86                           ; 
    87                           	psect	maintext,class=CODE,delta=2
    88                           	file	"C:\Users\Kasirajan\Desktop\serial tx rx\
                                 serial tx rx.c"
    89                           	line	13
    90                           ;pic168xa.h: 19: volatile unsigned char INDF @ 
                                 0x00;
    91                           ;pic168xa.h: 20: volatile unsigned char TMR0 @ 
                                 0x01;
    92                           ;pic168xa.h: 21: volatile unsigned char PCL @ 0
                                 x02;
    93                           ;pic168xa.h: 22: volatile unsigned char STATUS 
                                 @ 0x03;
    94                           ;pic168xa.h: 23: unsigned char FSR @ 0x04;
    95                           ;pic168xa.h: 24: volatile unsigned char PORTA @
                                  0x05;
    96                           ;pic168xa.h: 25: volatile unsigned char PORTB @
                                  0x06;
    97                           ;pic168xa.h: 26: volatile unsigned char PORTC @
                                  0x07;
    98                           ;pic168xa.h: 28: volatile unsigned char PORTD @
                                  0x08;
    99                           ;pic168xa.h: 29: volatile unsigned char PORTE @
                                  0x09;
   100                           	
   101  0003                     _main:	
   102                           ; Regs used in _main: [wreg+status,2+status,0+p
                                 clath+cstack]
   103                           	line	14
   104                           ;serial tx rx.c: 14: TRISC6=0;
   105  0003  1683               	bsf	status, 5	;RP0=1, select bank1
   106  0004  1303               	bcf	status, 6	;RP2=0, select bank1
   107  0005  1307               	bcf	(1086/8)^080h,(1086)&7
   108                           	line	16
   109                           ;serial tx rx.c: 16: TRISC7=1;
   110  0006  1787               	bsf	(1087/8)^080h,(1087)&7
   111                           	line	17
   112                           ;serial tx rx.c: 17: ser_int();
   113  0007  120A  118A  2746   	fcall	_ser_int
              120A  118A         
   114                           	line	18
   115                           ;serial tx rx.c: 18: txstr("PIC16F877A SERIAL T
                                 EST\n\r\r");
   116  000C  3001               	movlw	((STR_1-__stringbase))&0ffh
   117  000D  120A  118A  2729   	fcall	_txstr
              120A  118A         
   118                           	line	19
   119                           ;serial tx rx.c: 19: while(1)
   120                           	
   121  0012                     l3:	
   122                           	line	22
   123                           ;serial tx rx.c: 20: {
   124                           ;serial tx rx.c: 22: tx(rx());
   125  0012  120A  118A  2761   	fcall	_rx
              120A  118A         
   126  0017  120A  118A  2755   	fcall	_tx
              120A  118A         
   127                           	line	23
   128                           	
   129  001C                     l2:	
   130                           	line	19
   131  001C  2812               	goto	l3
   132                           	global	start
   133  001D  120A  118A  2800   	ljmp	start
   134                           ; =============== function _main ends =========
                                 ======
   135                           
   136                           GLOBAL __end_of_main
   137  0020                     	__end_of_main:
   138                           	FNSIZE	_main,0,0
   139                           	psect	maintext
   140                           	line	24
   141                           	signat	_main,88
   142                           	global	_rx
   143                           	global	??_rx
   144                           	global	?_rx
   145                           
   146                           ; *************** function _rx ***************
   147                           ; Defined at:
   148                           ;		line 42 in file "C:\Users\Kasirajan\Desktop\
                                 serial tx rx\serial tx rx.c"
   149                           ; Parameters:
   150                           ;		None
   151                           ; Auto variables:
   152                           ;		None
   153                           ; Return value:
   154                           ;		type: unsigned char 
   155                           ;		size: 1
   156                           ; Registers used:
   157                           ;		wreg
   158                           ; Tracked objects:
   159                           ;		On entry : 0/100
   160                           ;		On exit  : 0/0
   161                           ;		Unchanged: 0/0
   162                           ; Data sizes:
   163                           ;		Autos:    0
   164                           ;		Params:   0
   165                           ;		Temp:     0
   166                           ;		Total:    0
   167                           ; This function calls:
   168                           ;		Nothing
   169                           ; This function is called by:
   170                           ;		_main
   171                           ; This function uses a non-reentrant model
   172                           ; 
   173                           	psect	text46,local,class=CODE,delta=2
   174                           	file	"C:\Users\Kasirajan\Desktop\serial tx rx\
                                 serial tx rx.c"
   175                           	line	42
   176                           ;serial tx rx.c: 41: unsigned char rx()
   177                           ;serial tx rx.c: 42: {
   178                           	
   179  0761                     _rx:	
   180                           ; Regs used in _rx: [wreg]
   181                           	line	43
   182                           ;serial tx rx.c: 43: while(!RCIF);
   183  0761  2F62               	goto	l11
   184                           	
   185  0762                     l11:	
   186  0762  1283               	bcf	status, 5	;RP0=0, select bank0
   187  0763  1303               	bcf	status, 6	;RP2=0, select bank0
   188  0764  1E8C               	btfss	(101/8),(101)&7
   189  0765  2F67               	goto	u741
   190  0766  2F68               	goto	u740
   191  0767                     u741:
   192  0767  2F62               	goto	l11
   193  0768                     u740:
   194                           	
   195  0768                     l13:	
   196                           	line	44
   197                           ;serial tx rx.c: 44: RCIF=0;
   198  0768  128C               	bcf	(101/8),(101)&7
   199                           	line	45
   200                           ;serial tx rx.c: 45: return RCREG;
   201                           	
   202  0769  081A               	movf	(26),w	;volatile
   203                           	
   204  076A  2F6B               	goto	l10
   205                           	line	46
   206                           ;serial tx rx.c: 46: }
   207  076B                     l10:	
   208  076B  0008               	return
   209                           ; =============== function _rx ends ===========
                                 ====
   210                           
   211                           GLOBAL __end_of_rx
   212  076C                     	__end_of_rx:
   213                           	FNSIZE	_rx,0,0
   214                           	signat	_rx,89
   215                           	global	_txstr
   216                           	global	??_txstr
   217                           	global	?_txstr
   218                           
   219                           ; *************** function _txstr *************
                                 **
   220                           ; Defined at:
   221                           ;		line 49 in file "C:\Users\Kasirajan\Desktop\
                                 serial tx rx\serial tx rx.c"
   222                           ; Parameters:
   223                           ;		s           	reg:   wr	type: PTR unsigned ch
                                 ar ; Largest target is 26
   224                           ;		 -> STR_1(26), 
   225                           ; Auto variables:
   226                           ;		s           	       	type: PTR unsigned char
                                  ; Largest target is 26
   227                           ;		 -> STR_1(26), 
   228                           ; Return value:
   229                           ;		type: void 
   230                           ;		size: 0
   231                           ; Registers used:
   232                           ;		wreg, status,2, status,0, pclath, cstack
   233                           ; Tracked objects:
   234                           ;		On entry : 0/100
   235                           ;		On exit  : 0/0
   236                           ;		Unchanged: 0/0
   237                           ; Data sizes:
   238                           ;		Autos:    1
   239                           ;		Params:   0
   240                           ;		Temp:     1
   241                           ;		Total:    2
   242                           ; This function calls:
   243                           ;		_tx
   244                           ; This function is called by:
   245                           ;		_main
   246                           ; This function uses a non-reentrant model
   247                           ; 
   248                           	psect	text47,local,class=CODE,delta=2
   249                           	file	"C:\Users\Kasirajan\Desktop\serial tx rx\
                                 serial tx rx.c"
   250                           	line	49
   251                           ;serial tx rx.c: 48: void txstr(unsigned char *
                                 s)
   252                           ;serial tx rx.c: 49: {
   253                           	
   254  0729                     _txstr:	
   255                           ; Regs used in _txstr: [wreg+status,2+status,0+
                                 pclath+cstack]
   256                           ;_txstr_s stored from wreg
   257                           	
   258  0729  00F0               	movwf	(_txstr_s)
   259                           	line	50
   260                           ;serial tx rx.c: 50: while(*s) {
   261  072A  2F3A               	goto	l15
   262                           	
   263  072B                     l16:	
   264                           	line	51
   265                           ;serial tx rx.c: 51: tx(*s++);
   266                           	
   267  072B  0870               	movf	(_txstr_s),w
   268                           	
   269  072C  120A  118A  2709   	fcall	stringdir
              120A  118A         
   270  0731  120A  118A  2755   	fcall	_tx
              120A  118A         
   271  0736  3001               	movlw	(01h)
   272  0737  00F1               	movwf	(??_txstr+1+0)
   273                           	
   274  0738  0871               	movf	(??_txstr+1+0),w
   275  0739  07F0               	addwf	(_txstr_s),f
   276                           	line	52
   277                           	
   278  073A                     l15:	
   279                           	line	50
   280                           	
   281  073A  0870               	movf	(_txstr_s),w
   282                           	
   283  073B  120A  118A  2709   	fcall	stringdir
              120A  118A         
   284  0740  3800               	iorlw	0
   285  0741  1D03               	skipz
   286  0742  2F44               	goto	u761
   287  0743  2F45               	goto	u760
   288  0744                     u761:
   289  0744  2F2B               	goto	l16
   290  0745                     u760:
   291                           	
   292  0745                     l17:	
   293                           	line	53
   294                           ;serial tx rx.c: 52: }
   295                           ;serial tx rx.c: 53: }
   296  0745                     l14:	
   297  0745  0008               	return
   298                           ; =============== function _txstr ends ========
                                 =======
   299                           
   300                           GLOBAL __end_of_txstr
   301  0746                     	__end_of_txstr:
   302                           	FNSIZE	_txstr,2,0
   303                           	signat	_txstr,4216
   304                           	global	_ser_int
   305                           	global	??_ser_int
   306                           	global	?_ser_int
   307                           
   308                           ; *************** function _ser_int ***********
                                 ****
   309                           ; Defined at:
   310                           ;		line 27 in file "C:\Users\Kasirajan\Desktop\
                                 serial tx rx\serial tx rx.c"
   311                           ; Parameters:
   312                           ;		None
   313                           ; Auto variables:
   314                           ;		None
   315                           ; Return value:
   316                           ;		type: void 
   317                           ;		size: 0
   318                           ; Registers used:
   319                           ;		wreg
   320                           ; Tracked objects:
   321                           ;		On entry : BFF/100
   322                           ;		On exit  : 0/0
   323                           ;		Unchanged: 0/0
   324                           ; Data sizes:
   325                           ;		Autos:    0
   326                           ;		Params:   0
   327                           ;		Temp:     0
   328                           ;		Total:    0
   329                           ; This function calls:
   330                           ;		Nothing
   331                           ; This function is called by:
   332                           ;		_main
   333                           ; This function uses a non-reentrant model
   334                           ; 
   335                           	psect	text48,local,class=CODE,delta=2
   336                           	file	"C:\Users\Kasirajan\Desktop\serial tx rx\
                                 serial tx rx.c"
   337                           	line	27
   338                           ;serial tx rx.c: 26: void ser_int()
   339                           ;serial tx rx.c: 27: {
   340                           	
   341  0746                     _ser_int:	
   342                           ; Regs used in _ser_int: [wreg]
   343                           	line	28
   344                           ;serial tx rx.c: 28: TXSTA=0x20;
   345  0746  3020               	movlw	(020h)
   346                           	
   347  0747  0098               	movwf	(152)^080h	;volatile
   348                           	line	29
   349                           ;serial tx rx.c: 29: RCSTA=0b10010000;
   350  0748  3090               	movlw	(090h)
   351  0749  1283               	bcf	status, 5	;RP0=0, select bank0
   352  074A  1303               	bcf	status, 6	;RP2=0, select bank0
   353                           	
   354  074B  0098               	movwf	(24)	;volatile
   355                           	line	30
   356                           ;serial tx rx.c: 30: SPBRG=17;
   357  074C  3011               	movlw	(011h)
   358  074D  1683               	bsf	status, 5	;RP0=1, select bank1
   359  074E  1303               	bcf	status, 6	;RP2=0, select bank1
   360                           	
   361  074F  0099               	movwf	(153)^080h	;volatile
   362                           	line	31
   363                           ;serial tx rx.c: 31: TXIF=RCIF=0;
   364  0750  1283               	bcf	status, 5	;RP0=0, select bank0
   365  0751  1303               	bcf	status, 6	;RP2=0, select bank0
   366  0752  128C               	bcf	(101/8),(101)&7
   367  0753  120C               	bcf	(100/8),(100)&7
   368                           	line	32
   369                           ;serial tx rx.c: 32: }
   370  0754                     l5:	
   371  0754  0008               	return
   372                           ; =============== function _ser_int ends ======
                                 =========
   373                           
   374                           GLOBAL __end_of_ser_int
   375  0755                     	__end_of_ser_int:
   376                           	FNSIZE	_ser_int,0,0
   377                           	signat	_ser_int,88
   378                           	global	_tx
   379                           	global	??_tx
   380                           	global	?_tx
   381                           
   382                           ; *************** function _tx ***************
   383                           ; Defined at:
   384                           ;		line 35 in file "C:\Users\Kasirajan\Desktop\
                                 serial tx rx\serial tx rx.c"
   385                           ; Parameters:
   386                           ;		a           	reg:   wr	type: unsigned char 
   387                           ; Auto variables:
   388                           ;		a           	       	type: unsigned char 
   389                           ; Return value:
   390                           ;		type: void 
   391                           ;		size: 0
   392                           ; Registers used:
   393                           ;		wreg
   394                           ; Tracked objects:
   395                           ;		On entry : 0/100
   396                           ;		On exit  : 0/0
   397                           ;		Unchanged: 0/0
   398                           ; Data sizes:
   399                           ;		Autos:    1
   400                           ;		Params:   0
   401                           ;		Temp:     0
   402                           ;		Total:    1
   403                           ; This function calls:
   404                           ;		Nothing
   405                           ; This function is called by:
   406                           ;		_main
   407                           ;		_txstr
   408                           ; This function uses a non-reentrant model
   409                           ; 
   410                           	psect	text49,local,class=CODE,delta=2
   411                           	file	"C:\Users\Kasirajan\Desktop\serial tx rx\
                                 serial tx rx.c"
   412                           	line	35
   413                           ;serial tx rx.c: 34: void tx(unsigned char a)
   414                           ;serial tx rx.c: 35: {
   415                           	
   416  0755                     _tx:	
   417                           ; Regs used in _tx: [wreg]
   418                           ;_tx_a stored from wreg
   419                           	
   420  0755  00F2               	movwf	(_tx_a)
   421                           	line	36
   422                           ;serial tx rx.c: 36: TXREG=a;
   423                           	
   424  0756  0872               	movf	(_tx_a),w
   425                           	
   426  0757  1283               	bcf	status, 5	;RP0=0, select bank0
   427  0758  1303               	bcf	status, 6	;RP2=0, select bank0
   428                           	
   429  0759  0099               	movwf	(25)	;volatile
   430                           	line	37
   431                           ;serial tx rx.c: 37: while(!TXIF);
   432  075A  2F5B               	goto	l7
   433                           	
   434  075B                     l7:	
   435  075B  1E0C               	btfss	(100/8),(100)&7
   436  075C  2F5E               	goto	u751
   437  075D  2F5F               	goto	u750
   438  075E                     u751:
   439  075E  2F5B               	goto	l7
   440  075F                     u750:
   441                           	
   442  075F                     l9:	
   443                           	line	38
   444                           ;serial tx rx.c: 38: TXIF = 0;
   445  075F  120C               	bcf	(100/8),(100)&7
   446                           	line	39
   447                           ;serial tx rx.c: 39: }
   448  0760                     l6:	
   449  0760  0008               	return
   450                           ; =============== function _tx ends ===========
                                 ====
   451                           
   452                           GLOBAL __end_of_tx
   453  0761                     	__end_of_tx:
   454                           	FNSIZE	_tx,1,0
   455                           	signat	_tx,4216
   456                           	FNCALL	_main,_ser_int
   457                           	FNCALL	_main,_txstr
   458                           	FNCALL	_main,_rx
   459                           	FNCALL	_main,_tx
   460                           	FNCALL	_txstr,_tx
   461                           	FNROOT	_main
   462                           	psect	strings,class=CODE,delta=2,reloc=256
   463                           	global	stringdir,stringtab,__stringbase,string
                                 jmp
   464  0700                     stringtab:
   465  0700  00FE               	movwf	(btemp)&07Fh
   466  0701  1FFE               	btfss	(btemp)&07Fh,7
   467  0702  2F08               	goto	stringcode
   468  0703  1383               	bcf	status,7
   469  0704  187E               	btfsc	btemp&7Fh,0
   470  0705  1783               	bsf	status,7
   471  0706  0800               	movf	indf,w
   472  0707  0008               	return
   473  0708                     stringcode:
   474  0708  0804               	movf	fsr,w
   475  0709                     stringdir:
   476  0709  00FE               movwf btemp&07Fh
   477  070A  3007               movlw high(stringdir)
   478  070B  008A               movwf pclath
   479  070C  087E               movf btemp&07Fh,w
   480  070D                     stringjmp:
   481  070D  0782               	addwf pc
   482  070E                     __stringbase:
   483  070E  3400               	retlw	0
   484                           	global	_ADCON0
   485                           	global	_ADCON0
   486  0000                     	_ADCON0	set	0x1F
   487                           
   488                           	global	_ADCON1
   489                           	global	_ADCON1
   490  0000                     	_ADCON1	set	0x9F
   491                           
   492                           	global	_ADRESH
   493                           	global	_ADRESH
   494  0000                     	_ADRESH	set	0x1E
   495                           
   496                           	global	_ADRESL
   497                           	global	_ADRESL
   498  0000                     	_ADRESL	set	0x9E
   499                           
   500                           	global	_CCP1CON
   501                           	global	_CCP1CON
   502  0000                     	_CCP1CON	set	0x17
   503                           
   504                           	global	_CCP2CON
   505                           	global	_CCP2CON
   506  0000                     	_CCP2CON	set	0x1D
   507                           
   508                           	global	_CCPR1H
   509                           	global	_CCPR1H
   510  0000                     	_CCPR1H	set	0x16
   511                           
   512                           	global	_CCPR1L
   513                           	global	_CCPR1L
   514  0000                     	_CCPR1L	set	0x15
   515                           
   516                           	global	_CCPR2H
   517                           	global	_CCPR2H
   518  0000                     	_CCPR2H	set	0x1C
   519                           
   520                           	global	_CCPR2L
   521                           	global	_CCPR2L
   522  0000                     	_CCPR2L	set	0x1B
   523                           
   524                           	global	_CMCON
   525                           	global	_CMCON
   526  0000                     	_CMCON	set	0x9C
   527                           
   528                           	global	_CVRCON
   529                           	global	_CVRCON
   530  0000                     	_CVRCON	set	0x9D
   531                           
   532                           	global	_EEADR
   533                           	global	_EEADR
   534  0000                     	_EEADR	set	0x10D
   535                           
   536                           	global	_EEADRH
   537                           	global	_EEADRH
   538  0000                     	_EEADRH	set	0x10F
   539                           
   540                           	global	_EEADRL
   541                           	global	_EEADRL
   542  0000                     	_EEADRL	set	0x10D
   543                           
   544                           	global	_EECON1
   545                           	global	_EECON1
   546  0000                     	_EECON1	set	0x18C
   547+                          
   548+                          	global	_EECON2
   549+                          	global	_EECON2
   550+ 0000                     	_EECON2	set	0x18D
   551                           
   552                           	global	_EEDATA
   553                           	global	_EEDATA
   554  0000                     	_EEDATA	set	0x10C
   555                           
   556                           	global	_EEDATH
   557                           	global	_EEDATH
   558  0000                     	_EEDATH	set	0x10E
   559                           
   560                           	global	_FSR
   561                           	global	_FSR
   562  0000                     	_FSR	set	0x4
   563                           
   564                           	global	_INDF
   565                           	global	_INDF
   566  0000                     	_INDF	set	0x0
   567                           
   568                           	global	_INTCON
   569                           	global	_INTCON
   570  0000                     	_INTCON	set	0xB
   571                           
   572                           	global	_OPTION
   573                           	global	_OPTION
   574  0000                     	_OPTION	set	0x81
   575                           
   576                           	global	_PCL
   577                           	global	_PCL
   578  0000                     	_PCL	set	0x2
   579                           
   580                           	global	_PCLATH
   581                           	global	_PCLATH
   582  0000                     	_PCLATH	set	0xA
   583                           
   584                           	global	_PCON
   585                           	global	_PCON
   586  0000                     	_PCON	set	0x8E
   587                           
   588                           	global	_PIE1
   589                           	global	_PIE1
   590  0000                     	_PIE1	set	0x8C
   591                           
   592                           	global	_PIE2
   593                           	global	_PIE2
   594  0000                     	_PIE2	set	0x8D
   595                           
   596                           	global	_PIR1
   597                           	global	_PIR1
   598  0000                     	_PIR1	set	0xC
   599                           
   600                           	global	_PIR2
   601                           	global	_PIR2
   602  0000                     	_PIR2	set	0xD
   603                           
   604                           	global	_PORTA
   605                           	global	_PORTA
   606  0000                     	_PORTA	set	0x5
   607                           
   608                           	global	_PORTB
   609                           	global	_PORTB
   610  0000                     	_PORTB	set	0x6
   611                           
   612                           	global	_PORTC
   613                           	global	_PORTC
   614  0000                     	_PORTC	set	0x7
   615                           
   616                           	global	_PORTD
   617                           	global	_PORTD
   618  0000                     	_PORTD	set	0x8
   619                           
   620                           	global	_PORTE
   621                           	global	_PORTE
   622  0000                     	_PORTE	set	0x9
   623                           
   624                           	global	_PR2
   625                           	global	_PR2
   626  0000                     	_PR2	set	0x92
   627                           
   628                           	global	_RCREG
   629  0000                     	_RCREG	set	0x1A
   630                           
   631                           	global	_RCSTA
   632  0000                     	_RCSTA	set	0x18
   633                           
   634                           	global	_SPBRG
   635  0000                     	_SPBRG	set	0x99
   636                           
   637                           	global	_SSPADD
   638                           	global	_SSPADD
   639  0000                     	_SSPADD	set	0x93
   640                           
   641                           	global	_SSPBUF
   642                           	global	_SSPBUF
   643  0000                     	_SSPBUF	set	0x13
   644                           
   645                           	global	_SSPCON
   646                           	global	_SSPCON
   647  0000                     	_SSPCON	set	0x14
   648                           
   649                           	global	_SSPCON2
   650                           	global	_SSPCON2
   651  0000                     	_SSPCON2	set	0x91
   652                           
   653                           	global	_SSPSTAT
   654                           	global	_SSPSTAT
   655  0000                     	_SSPSTAT	set	0x94
   656                           
   657                           	global	_STATUS
   658                           	global	_STATUS
   659  0000                     	_STATUS	set	0x3
   660                           
   661                           	global	_T1CON
   662                           	global	_T1CON
   663  0000                     	_T1CON	set	0x10
   664                           
   665                           	global	_T2CON
   666                           	global	_T2CON
   667  0000                     	_T2CON	set	0x12
   668                           
   669                           	global	_TMR0
   670                           	global	_TMR0
   671  0000                     	_TMR0	set	0x1
   672                           
   673                           	global	_TMR1H
   674                           	global	_TMR1H
   675  0000                     	_TMR1H	set	0xF
   676                           
   677                           	global	_TMR1L
   678                           	global	_TMR1L
   679  0000                     	_TMR1L	set	0xE
   680                           
   681                           	global	_TMR2
   682                           	global	_TMR2
   683  0000                     	_TMR2	set	0x11
   684                           
   685                           	global	_TRISA
   686                           	global	_TRISA
   687  0000                     	_TRISA	set	0x85
   688                           
   689                           	global	_TRISB
   690                           	global	_TRISB
   691  0000                     	_TRISB	set	0x86
   692                           
   693                           	global	_TRISC
   694                           	global	_TRISC
   695  0000                     	_TRISC	set	0x87
   696                           
   697                           	global	_TRISD
   698                           	global	_TRISD
   699  0000                     	_TRISD	set	0x88
   700                           
   701                           	global	_TRISE
   702                           	global	_TRISE
   703  0000                     	_TRISE	set	0x89
   704                           
   705                           	global	_TXREG
   706  0000                     	_TXREG	set	0x19
   707                           
   708                           	global	_TXSTA
   709  0000                     	_TXSTA	set	0x98
   710                           
   711                           	global	_ACKDT
   712                           	global	_ACKDT
   713  0000                     	_ACKDT	set	0x48D	;byte address: 0x91
   714                           
   715                           	global	_ACKEN
   716                           	global	_ACKEN
   717  0000                     	_ACKEN	set	0x48C	;byte address: 0x91
   718                           
   719                           	global	_ACKSTAT
   720                           	global	_ACKSTAT
   721  0000                     	_ACKSTAT	set	0x48E	;byte address: 0x91
   722                           
   723                           	global	_ADCS0
   724                           	global	_ADCS0
   725  0000                     	_ADCS0	set	0xFE	;byte address: 0x1F
   726                           
   727                           	global	_ADCS1
   728                           	global	_ADCS1
   729  0000                     	_ADCS1	set	0xFF	;byte address: 0x1F
   730                           
   731                           	global	_ADCS2
   732                           	global	_ADCS2
   733  0000                     	_ADCS2	set	0x4FE	;byte address: 0x9F
   734                           
   735                           	global	_ADDEN
   736                           	global	_ADDEN
   737  0000                     	_ADDEN	set	0xC3	;byte address: 0x18
   738                           
   739                           	global	_ADFM
   740                           	global	_ADFM
   741  0000                     	_ADFM	set	0x4FF	;byte address: 0x9F
   742                           
   743                           	global	_ADGO
   744                           	global	_ADGO
   745  0000                     	_ADGO	set	0xFA	;byte address: 0x1F
   746                           
   747                           	global	_ADIE
   748                           	global	_ADIE
   749  0000                     	_ADIE	set	0x466	;byte address: 0x8C
   750                           
   751                           	global	_ADIF
   752                           	global	_ADIF
   753  0000                     	_ADIF	set	0x66	;byte address: 0xC
   754                           
   755                           	global	_ADON
   756                           	global	_ADON
   757  0000                     	_ADON	set	0xF8	;byte address: 0x1F
   758                           
   759                           	global	_BCLIE
   760                           	global	_BCLIE
   761  0000                     	_BCLIE	set	0x46B	;byte address: 0x8D
   762                           
   763                           	global	_BCLIF
   764                           	global	_BCLIF
   765  0000                     	_BCLIF	set	0x6B	;byte address: 0xD
   766                           
   767                           	global	_BF
   768                           	global	_BF
   769  0000                     	_BF	set	0x4A0	;byte address: 0x94
   770                           
   771                           	global	_BOR
   772                           	global	_BOR
   773  0000                     	_BOR	set	0x470	;byte address: 0x8E
   774                           
   775                           	global	_BRGH
   776                           	global	_BRGH
   777  0000                     	_BRGH	set	0x4C2	;byte address: 0x98
   778                           
   779                           	global	_C1INV
   780                           	global	_C1INV
   781  0000                     	_C1INV	set	0x4E4	;byte address: 0x9C
   782                           
   783                           	global	_C1OUT
   784                           	global	_C1OUT
   785  0000                     	_C1OUT	set	0x4E6	;byte address: 0x9C
   786                           
   787                           	global	_C2INV
   788                           	global	_C2INV
   789  0000                     	_C2INV	set	0x4E5	;byte address: 0x9C
   790                           
   791                           	global	_C2OUT
   792                           	global	_C2OUT
   793  0000                     	_C2OUT	set	0x4E7	;byte address: 0x9C
   794                           
   795                           	global	_CARRY
   796                           	global	_CARRY
   797  0000                     	_CARRY	set	0x18	;byte address: 0x3
   798                           
   799                           	global	_CCP1IE
   800                           	global	_CCP1IE
   801  0000                     	_CCP1IE	set	0x462	;byte address: 0x8C
   802                           
   803                           	global	_CCP1IF
   804                           	global	_CCP1IF
   805  0000                     	_CCP1IF	set	0x62	;byte address: 0xC
   806                           
   807                           	global	_CCP1M0
   808                           	global	_CCP1M0
   809  0000                     	_CCP1M0	set	0xB8	;byte address: 0x17
   810                           
   811                           	global	_CCP1M1
   812                           	global	_CCP1M1
   813  0000                     	_CCP1M1	set	0xB9	;byte address: 0x17
   814                           
   815                           	global	_CCP1M2
   816                           	global	_CCP1M2
   817  0000                     	_CCP1M2	set	0xBA	;byte address: 0x17
   818                           
   819                           	global	_CCP1M3
   820                           	global	_CCP1M3
   821  0000                     	_CCP1M3	set	0xBB	;byte address: 0x17
   822                           
   823                           	global	_CCP1X
   824                           	global	_CCP1X
   825  0000                     	_CCP1X	set	0xBD	;byte address: 0x17
   826                           
   827                           	global	_CCP1Y
   828                           	global	_CCP1Y
   829  0000                     	_CCP1Y	set	0xBC	;byte address: 0x17
   830                           
   831                           	global	_CCP2IE
   832                           	global	_CCP2IE
   833  0000                     	_CCP2IE	set	0x468	;byte address: 0x8D
   834                           
   835                           	global	_CCP2IF
   836                           	global	_CCP2IF
   837  0000                     	_CCP2IF	set	0x68	;byte address: 0xD
   838                           
   839                           	global	_CCP2M0
   840                           	global	_CCP2M0
   841  0000                     	_CCP2M0	set	0xE8	;byte address: 0x1D
   842                           
   843                           	global	_CCP2M1
   844                           	global	_CCP2M1
   845  0000                     	_CCP2M1	set	0xE9	;byte address: 0x1D
   846                           
   847                           	global	_CCP2M2
   848                           	global	_CCP2M2
   849  0000                     	_CCP2M2	set	0xEA	;byte address: 0x1D
   850                           
   851                           	global	_CCP2M3
   852                           	global	_CCP2M3
   853  0000                     	_CCP2M3	set	0xEB	;byte address: 0x1D
   854                           
   855                           	global	_CCP2X
   856                           	global	_CCP2X
   857  0000                     	_CCP2X	set	0xED	;byte address: 0x1D
   858                           
   859                           	global	_CCP2Y
   860                           	global	_CCP2Y
   861  0000                     	_CCP2Y	set	0xEC	;byte address: 0x1D
   862                           
   863                           	global	_CHS0
   864                           	global	_CHS0
   865  0000                     	_CHS0	set	0xFB	;byte address: 0x1F
   866                           
   867                           	global	_CHS1
   868                           	global	_CHS1
   869  0000                     	_CHS1	set	0xFC	;byte address: 0x1F
   870                           
   871                           	global	_CHS2
   872                           	global	_CHS2
   873  0000                     	_CHS2	set	0xFD	;byte address: 0x1F
   874                           
   875                           	global	_CIS
   876                           	global	_CIS
   877  0000                     	_CIS	set	0x4E3	;byte address: 0x9C
   878                           
   879                           	global	_CKE
   880                           	global	_CKE
   881  0000                     	_CKE	set	0x4A6	;byte address: 0x94
   882                           
   883                           	global	_CKP
   884                           	global	_CKP
   885  0000                     	_CKP	set	0xA4	;byte address: 0x14
   886                           
   887                           	global	_CM0
   888                           	global	_CM0
   889  0000                     	_CM0	set	0x4E0	;byte address: 0x9C
   890                           
   891                           	global	_CM1
   892                           	global	_CM1
   893  0000                     	_CM1	set	0x4E1	;byte address: 0x9C
   894                           
   895                           	global	_CM2
   896                           	global	_CM2
   897  0000                     	_CM2	set	0x4E2	;byte address: 0x9C
   898                           
   899                           	global	_CMIE
   900                           	global	_CMIE
   901  0000                     	_CMIE	set	0x46E	;byte address: 0x8D
   902                           
   903                           	global	_CMIF
   904                           	global	_CMIF
   905  0000                     	_CMIF	set	0x6E	;byte address: 0xD
   906                           
   907                           	global	_CREN
   908                           	global	_CREN
   909  0000                     	_CREN	set	0xC4	;byte address: 0x18
   910                           
   911                           	global	_CSRC
   912                           	global	_CSRC
   913  0000                     	_CSRC	set	0x4C7	;byte address: 0x98
   914                           
   915                           	global	_CVR0
   916                           	global	_CVR0
   917  0000                     	_CVR0	set	0x4E8	;byte address: 0x9D
   918                           
   919                           	global	_CVR1
   920                           	global	_CVR1
   921  0000                     	_CVR1	set	0x4E9	;byte address: 0x9D
   922                           
   923                           	global	_CVR2
   924                           	global	_CVR2
   925  0000                     	_CVR2	set	0x4EA	;byte address: 0x9D
   926                           
   927                           	global	_CVR3
   928                           	global	_CVR3
   929  0000                     	_CVR3	set	0x4EB	;byte address: 0x9D
   930                           
   931                           	global	_CVREN
   932                           	global	_CVREN
   933  0000                     	_CVREN	set	0x4EF	;byte address: 0x9D
   934                           
   935                           	global	_CVROE
   936                           	global	_CVROE
   937  0000                     	_CVROE	set	0x4EE	;byte address: 0x9D
   938                           
   939                           	global	_CVRR
   940                           	global	_CVRR
   941  0000                     	_CVRR	set	0x4ED	;byte address: 0x9D
   942                           
   943                           	global	_DA
   944                           	global	_DA
   945  0000                     	_DA	set	0x4A5	;byte address: 0x94
   946                           
   947                           	global	_DC
   948                           	global	_DC
   949  0000                     	_DC	set	0x19	;byte address: 0x3
   950                           
   951                           	global	_EEIE
   952                           	global	_EEIE
   953  0000                     	_EEIE	set	0x46C	;byte address: 0x8D
   954                           
   955                           	global	_EEIF
   956                           	global	_EEIF
   957  0000                     	_EEIF	set	0x6C	;byte address: 0xD
   958                           
   959                           	global	_EEPGD
   960                           	global	_EEPGD
   961  0000                     	_EEPGD	set	0xC67	;byte address: 0x18C
   962                           
   963                           	global	_FERR
   964                           	global	_FERR
   965  0000                     	_FERR	set	0xC2	;byte address: 0x18
   966                           
   967                           	global	_GCEN
   968                           	global	_GCEN
   969  0000                     	_GCEN	set	0x48F	;byte address: 0x91
   970                           
   971                           	global	_GIE
   972                           	global	_GIE
   973  0000                     	_GIE	set	0x5F	;byte address: 0xB
   974                           
   975                           	global	_GODONE
   976                           	global	_GODONE
   977  0000                     	_GODONE	set	0xFA	;byte address: 0x1F
   978                           
   979                           	global	_IBF
   980                           	global	_IBF
   981  0000                     	_IBF	set	0x44F	;byte address: 0x89
   982                           
   983                           	global	_IBOV
   984                           	global	_IBOV
   985  0000                     	_IBOV	set	0x44D	;byte address: 0x89
   986                           
   987                           	global	_INTE
   988                           	global	_INTE
   989  0000                     	_INTE	set	0x5C	;byte address: 0xB
   990                           
   991                           	global	_INTEDG
   992                           	global	_INTEDG
   993  0000                     	_INTEDG	set	0x40E	;byte address: 0x81
   994                           
   995                           	global	_INTF
   996                           	global	_INTF
   997  0000                     	_INTF	set	0x59	;byte address: 0xB
   998                           
   999                           	global	_IRP
  1000                           	global	_IRP
  1001  0000                     	_IRP	set	0x1F	;byte address: 0x3
  1002                           
  1003                           	global	_OBF
  1004                           	global	_OBF
  1005  0000                     	_OBF	set	0x44E	;byte address: 0x89
  1006                           
  1007                           	global	_OERR
  1008                           	global	_OERR
  1009  0000                     	_OERR	set	0xC1	;byte address: 0x18
  1010                           
  1011                           	global	_PCFG0
  1012                           	global	_PCFG0
  1013  0000                     	_PCFG0	set	0x4F8	;byte address: 0x9F
  1014                           
  1015                           	global	_PCFG1
  1016                           	global	_PCFG1
  1017  0000                     	_PCFG1	set	0x4F9	;byte address: 0x9F
  1018                           
  1019                           	global	_PCFG2
  1020                           	global	_PCFG2
  1021  0000                     	_PCFG2	set	0x4FA	;byte address: 0x9F
  1022                           
  1023                           	global	_PCFG3
  1024                           	global	_PCFG3
  1025  0000                     	_PCFG3	set	0x4FB	;byte address: 0x9F
  1026                           
  1027                           	global	_PD
  1028                           	global	_PD
  1029  0000                     	_PD	set	0x1B	;byte address: 0x3
  1030                           
  1031                           	global	_PEIE
  1032                           	global	_PEIE
  1033  0000                     	_PEIE	set	0x5E	;byte address: 0xB
  1034                           
  1035                           	global	_PEN
  1036                           	global	_PEN
  1037  0000                     	_PEN	set	0x48A	;byte address: 0x91
  1038                           
  1039                           	global	_POR
  1040                           	global	_POR
  1041  0000                     	_POR	set	0x471	;byte address: 0x8E
  1042                           
  1043                           	global	_PS0
  1044                           	global	_PS0
  1045  0000                     	_PS0	set	0x408	;byte address: 0x81
  1046                           
  1047                           	global	_PS1
  1048                           	global	_PS1
  1049  0000                     	_PS1	set	0x409	;byte address: 0x81
  1050                           
  1051                           	global	_PS2
  1052                           	global	_PS2
  1053  0000                     	_PS2	set	0x40A	;byte address: 0x81
  1054                           
  1055                           	global	_PSA
  1056                           	global	_PSA
  1057  0000                     	_PSA	set	0x40B	;byte address: 0x81
  1058                           
  1059                           	global	_PSPIE
  1060                           	global	_PSPIE
  1061  0000                     	_PSPIE	set	0x467	;byte address: 0x8C
  1062                           
  1063                           	global	_PSPIF
  1064                           	global	_PSPIF
  1065  0000                     	_PSPIF	set	0x67	;byte address: 0xC
  1066                           
  1067                           	global	_PSPMODE
  1068                           	global	_PSPMODE
  1069  0000                     	_PSPMODE	set	0x44C	;byte address: 0x89
  1070                           
  1071                           	global	_RA0
  1072                           	global	_RA0
  1073  0000                     	_RA0	set	0x28	;byte address: 0x5
  1074                           
  1075                           	global	_RA1
  1076                           	global	_RA1
  1077  0000                     	_RA1	set	0x29	;byte address: 0x5
  1078                           
  1079                           	global	_RA2
  1080                           	global	_RA2
  1081  0000                     	_RA2	set	0x2A	;byte address: 0x5
  1082                           
  1083                           	global	_RA3
  1084                           	global	_RA3
  1085  0000                     	_RA3	set	0x2B	;byte address: 0x5
  1086                           
  1087                           	global	_RA4
  1088                           	global	_RA4
  1089  0000                     	_RA4	set	0x2C	;byte address: 0x5
  1090                           
  1091                           	global	_RA5
  1092                           	global	_RA5
  1093  0000                     	_RA5	set	0x2D	;byte address: 0x5
  1094                           
  1095                           	global	_RB0
  1096                           	global	_RB0
  1097  0000                     	_RB0	set	0x30	;byte address: 0x6
  1098                           
  1099                           	global	_RB1
  1100                           	global	_RB1
  1101  0000                     	_RB1	set	0x31	;byte address: 0x6
  1102                           
  1103                           	global	_RB2
  1104                           	global	_RB2
  1105  0000                     	_RB2	set	0x32	;byte address: 0x6
  1106                           
  1107                           	global	_RB3
  1108                           	global	_RB3
  1109  0000                     	_RB3	set	0x33	;byte address: 0x6
  1110                           
  1111                           	global	_RB4
  1112                           	global	_RB4
  1113  0000                     	_RB4	set	0x34	;byte address: 0x6
  1114                           
  1115                           	global	_RB5
  1116                           	global	_RB5
  1117  0000                     	_RB5	set	0x35	;byte address: 0x6
  1118                           
  1119                           	global	_RB6
  1120                           	global	_RB6
  1121  0000                     	_RB6	set	0x36	;byte address: 0x6
  1122                           
  1123                           	global	_RB7
  1124                           	global	_RB7
  1125  0000                     	_RB7	set	0x37	;byte address: 0x6
  1126                           
  1127                           	global	_RBIE
  1128                           	global	_RBIE
  1129  0000                     	_RBIE	set	0x5B	;byte address: 0xB
  1130                           
  1131                           	global	_RBIF
  1132                           	global	_RBIF
  1133  0000                     	_RBIF	set	0x58	;byte address: 0xB
  1134                           
  1135                           	global	_RBPU
  1136                           	global	_RBPU
  1137  0000                     	_RBPU	set	0x40F	;byte address: 0x81
  1138                           
  1139                           	global	_RC0
  1140                           	global	_RC0
  1141  0000                     	_RC0	set	0x38	;byte address: 0x7
  1142                           
  1143                           	global	_RC1
  1144                           	global	_RC1
  1145  0000                     	_RC1	set	0x39	;byte address: 0x7
  1146                           
  1147                           	global	_RC2
  1148                           	global	_RC2
  1149  0000                     	_RC2	set	0x3A	;byte address: 0x7
  1150                           
  1151                           	global	_RC3
  1152                           	global	_RC3
  1153  0000                     	_RC3	set	0x3B	;byte address: 0x7
  1154                           
  1155                           	global	_RC4
  1156                           	global	_RC4
  1157  0000                     	_RC4	set	0x3C	;byte address: 0x7
  1158                           
  1159                           	global	_RC5
  1160                           	global	_RC5
  1161  0000                     	_RC5	set	0x3D	;byte address: 0x7
  1162                           
  1163                           	global	_RC6
  1164                           	global	_RC6
  1165  0000                     	_RC6	set	0x3E	;byte address: 0x7
  1166                           
  1167                           	global	_RC7
  1168                           	global	_RC7
  1169  0000                     	_RC7	set	0x3F	;byte address: 0x7
  1170                           
  1171                           	global	_RCEN
  1172                           	global	_RCEN
  1173  0000                     	_RCEN	set	0x48B	;byte address: 0x91
  1174                           
  1175                           	global	_RCIE
  1176                           	global	_RCIE
  1177  0000                     	_RCIE	set	0x465	;byte address: 0x8C
  1178                           
  1179                           	global	_RCIF
  1180  0000                     	_RCIF	set	0x65	;byte address: 0xC
  1181+                          
  1182+                          	global	_RD
  1183+                          	global	_RD
  1184+ 0000                     	_RD	set	0xC60	;byte address: 0x18C
  1185+                          
  1186+                          	global	_RD0
  1187+                          	global	_RD0
  1188+ 0000                     	_RD0	set	0x40	;byte address: 0x8
  1189                           
  1190                           	global	_RD1
  1191                           	global	_RD1
  1192  0000                     	_RD1	set	0x41	;byte address: 0x8
  1193                           
  1194                           	global	_RD2
  1195                           	global	_RD2
  1196  0000                     	_RD2	set	0x42	;byte address: 0x8
  1197                           
  1198                           	global	_RD3
  1199                           	global	_RD3
  1200  0000                     	_RD3	set	0x43	;byte address: 0x8
  1201                           
  1202                           	global	_RD4
  1203                           	global	_RD4
  1204  0000                     	_RD4	set	0x44	;byte address: 0x8
  1205                           
  1206                           	global	_RD5
  1207                           	global	_RD5
  1208  0000                     	_RD5	set	0x45	;byte address: 0x8
  1209                           
  1210                           	global	_RD6
  1211                           	global	_RD6
  1212  0000                     	_RD6	set	0x46	;byte address: 0x8
  1213                           
  1214                           	global	_RD7
  1215                           	global	_RD7
  1216  0000                     	_RD7	set	0x47	;byte address: 0x8
  1217                           
  1218                           	global	_RE0
  1219                           	global	_RE0
  1220  0000                     	_RE0	set	0x48	;byte address: 0x9
  1221                           
  1222                           	global	_RE1
  1223                           	global	_RE1
  1224  0000                     	_RE1	set	0x49	;byte address: 0x9
  1225                           
  1226                           	global	_RE2
  1227                           	global	_RE2
  1228  0000                     	_RE2	set	0x4A	;byte address: 0x9
  1229                           
  1230                           	global	_RP0
  1231                           	global	_RP0
  1232  0000                     	_RP0	set	0x1D	;byte address: 0x3
  1233                           
  1234                           	global	_RP1
  1235                           	global	_RP1
  1236  0000                     	_RP1	set	0x1E	;byte address: 0x3
  1237                           
  1238                           	global	_RSEN
  1239                           	global	_RSEN
  1240  0000                     	_RSEN	set	0x489	;byte address: 0x91
  1241                           
  1242                           	global	_RW
  1243                           	global	_RW
  1244  0000                     	_RW	set	0x4A2	;byte address: 0x94
  1245                           
  1246                           	global	_RX9
  1247                           	global	_RX9
  1248  0000                     	_RX9	set	0xC6	;byte address: 0x18
  1249                           
  1250                           	global	_RX9D
  1251                           	global	_RX9D
  1252  0000                     	_RX9D	set	0xC0	;byte address: 0x18
  1253                           
  1254                           	global	_SEN
  1255                           	global	_SEN
  1256  0000                     	_SEN	set	0x488	;byte address: 0x91
  1257                           
  1258                           	global	_SMP
  1259                           	global	_SMP
  1260  0000                     	_SMP	set	0x4A7	;byte address: 0x94
  1261                           
  1262                           	global	_SPEN
  1263                           	global	_SPEN
  1264  0000                     	_SPEN	set	0xC7	;byte address: 0x18
  1265                           
  1266                           	global	_SREN
  1267                           	global	_SREN
  1268  0000                     	_SREN	set	0xC5	;byte address: 0x18
  1269                           
  1270                           	global	_SSPEN
  1271                           	global	_SSPEN
  1272  0000                     	_SSPEN	set	0xA5	;byte address: 0x14
  1273                           
  1274                           	global	_SSPIE
  1275                           	global	_SSPIE
  1276  0000                     	_SSPIE	set	0x463	;byte address: 0x8C
  1277                           
  1278                           	global	_SSPIF
  1279                           	global	_SSPIF
  1280  0000                     	_SSPIF	set	0x63	;byte address: 0xC
  1281                           
  1282                           	global	_SSPM0
  1283                           	global	_SSPM0
  1284  0000                     	_SSPM0	set	0xA0	;byte address: 0x14
  1285                           
  1286                           	global	_SSPM1
  1287                           	global	_SSPM1
  1288  0000                     	_SSPM1	set	0xA1	;byte address: 0x14
  1289                           
  1290                           	global	_SSPM2
  1291                           	global	_SSPM2
  1292  0000                     	_SSPM2	set	0xA2	;byte address: 0x14
  1293                           
  1294                           	global	_SSPM3
  1295                           	global	_SSPM3
  1296  0000                     	_SSPM3	set	0xA3	;byte address: 0x14
  1297                           
  1298                           	global	_SSPOV
  1299                           	global	_SSPOV
  1300  0000                     	_SSPOV	set	0xA6	;byte address: 0x14
  1301                           
  1302                           	global	_START
  1303                           	global	_START
  1304  0000                     	_START	set	0x4A3	;byte address: 0x94
  1305                           
  1306                           	global	_STOP
  1307                           	global	_STOP
  1308  0000                     	_STOP	set	0x4A4	;byte address: 0x94
  1309                           
  1310                           	global	_SYNC
  1311                           	global	_SYNC
  1312  0000                     	_SYNC	set	0x4C4	;byte address: 0x98
  1313                           
  1314                           	global	_T0CS
  1315                           	global	_T0CS
  1316  0000                     	_T0CS	set	0x40D	;byte address: 0x81
  1317                           
  1318                           	global	_T0IE
  1319                           	global	_T0IE
  1320  0000                     	_T0IE	set	0x5D	;byte address: 0xB
  1321                           
  1322                           	global	_T0IF
  1323                           	global	_T0IF
  1324  0000                     	_T0IF	set	0x5A	;byte address: 0xB
  1325                           
  1326                           	global	_T0SE
  1327                           	global	_T0SE
  1328  0000                     	_T0SE	set	0x40C	;byte address: 0x81
  1329                           
  1330                           	global	_T1CKPS0
  1331                           	global	_T1CKPS0
  1332  0000                     	_T1CKPS0	set	0x84	;byte address: 0x10
  1333                           
  1334                           	global	_T1CKPS1
  1335                           	global	_T1CKPS1
  1336  0000                     	_T1CKPS1	set	0x85	;byte address: 0x10
  1337                           
  1338                           	global	_T1OSCEN
  1339                           	global	_T1OSCEN
  1340  0000                     	_T1OSCEN	set	0x83	;byte address: 0x10
  1341                           
  1342                           	global	_T1SYNC
  1343                           	global	_T1SYNC
  1344  0000                     	_T1SYNC	set	0x82	;byte address: 0x10
  1345                           
  1346                           	global	_T2CKPS0
  1347                           	global	_T2CKPS0
  1348  0000                     	_T2CKPS0	set	0x90	;byte address: 0x12
  1349                           
  1350                           	global	_T2CKPS1
  1351                           	global	_T2CKPS1
  1352  0000                     	_T2CKPS1	set	0x91	;byte address: 0x12
  1353                           
  1354                           	global	_TMR0IE
  1355                           	global	_TMR0IE
  1356  0000                     	_TMR0IE	set	0x5D	;byte address: 0xB
  1357                           
  1358                           	global	_TMR0IF
  1359                           	global	_TMR0IF
  1360  0000                     	_TMR0IF	set	0x5A	;byte address: 0xB
  1361                           
  1362                           	global	_TMR1CS
  1363                           	global	_TMR1CS
  1364  0000                     	_TMR1CS	set	0x81	;byte address: 0x10
  1365                           
  1366                           	global	_TMR1IE
  1367                           	global	_TMR1IE
  1368  0000                     	_TMR1IE	set	0x460	;byte address: 0x8C
  1369                           
  1370                           	global	_TMR1IF
  1371                           	global	_TMR1IF
  1372  0000                     	_TMR1IF	set	0x60	;byte address: 0xC
  1373                           
  1374                           	global	_TMR1ON
  1375                           	global	_TMR1ON
  1376  0000                     	_TMR1ON	set	0x80	;byte address: 0x10
  1377                           
  1378                           	global	_TMR2IE
  1379                           	global	_TMR2IE
  1380  0000                     	_TMR2IE	set	0x461	;byte address: 0x8C
  1381                           
  1382                           	global	_TMR2IF
  1383                           	global	_TMR2IF
  1384  0000                     	_TMR2IF	set	0x61	;byte address: 0xC
  1385                           
  1386                           	global	_TMR2ON
  1387                           	global	_TMR2ON
  1388  0000                     	_TMR2ON	set	0x92	;byte address: 0x12
  1389                           
  1390                           	global	_TO
  1391                           	global	_TO
  1392  0000                     	_TO	set	0x1C	;byte address: 0x3
  1393                           
  1394                           	global	_TOUTPS0
  1395                           	global	_TOUTPS0
  1396  0000                     	_TOUTPS0	set	0x93	;byte address: 0x12
  1397                           
  1398                           	global	_TOUTPS1
  1399                           	global	_TOUTPS1
  1400  0000                     	_TOUTPS1	set	0x94	;byte address: 0x12
  1401                           
  1402                           	global	_TOUTPS2
  1403                           	global	_TOUTPS2
  1404  0000                     	_TOUTPS2	set	0x95	;byte address: 0x12
  1405                           
  1406                           	global	_TOUTPS3
  1407                           	global	_TOUTPS3
  1408  0000                     	_TOUTPS3	set	0x96	;byte address: 0x12
  1409                           
  1410                           	global	_TRISA0
  1411                           	global	_TRISA0
  1412  0000                     	_TRISA0	set	0x428	;byte address: 0x85
  1413                           
  1414                           	global	_TRISA1
  1415                           	global	_TRISA1
  1416  0000                     	_TRISA1	set	0x429	;byte address: 0x85
  1417                           
  1418                           	global	_TRISA2
  1419                           	global	_TRISA2
  1420  0000                     	_TRISA2	set	0x42A	;byte address: 0x85
  1421                           
  1422                           	global	_TRISA3
  1423                           	global	_TRISA3
  1424  0000                     	_TRISA3	set	0x42B	;byte address: 0x85
  1425                           
  1426                           	global	_TRISA4
  1427                           	global	_TRISA4
  1428  0000                     	_TRISA4	set	0x42C	;byte address: 0x85
  1429                           
  1430                           	global	_TRISA5
  1431                           	global	_TRISA5
  1432  0000                     	_TRISA5	set	0x42D	;byte address: 0x85
  1433                           
  1434                           	global	_TRISB0
  1435                           	global	_TRISB0
  1436  0000                     	_TRISB0	set	0x430	;byte address: 0x86
  1437                           
  1438                           	global	_TRISB1
  1439                           	global	_TRISB1
  1440  0000                     	_TRISB1	set	0x431	;byte address: 0x86
  1441                           
  1442                           	global	_TRISB2
  1443                           	global	_TRISB2
  1444  0000                     	_TRISB2	set	0x432	;byte address: 0x86
  1445                           
  1446                           	global	_TRISB3
  1447                           	global	_TRISB3
  1448  0000                     	_TRISB3	set	0x433	;byte address: 0x86
  1449                           
  1450                           	global	_TRISB4
  1451                           	global	_TRISB4
  1452  0000                     	_TRISB4	set	0x434	;byte address: 0x86
  1453                           
  1454                           	global	_TRISB5
  1455                           	global	_TRISB5
  1456  0000                     	_TRISB5	set	0x435	;byte address: 0x86
  1457                           
  1458                           	global	_TRISB6
  1459                           	global	_TRISB6
  1460  0000                     	_TRISB6	set	0x436	;byte address: 0x86
  1461                           
  1462                           	global	_TRISB7
  1463                           	global	_TRISB7
  1464  0000                     	_TRISB7	set	0x437	;byte address: 0x86
  1465                           
  1466                           	global	_TRISC0
  1467                           	global	_TRISC0
  1468  0000                     	_TRISC0	set	0x438	;byte address: 0x87
  1469                           
  1470                           	global	_TRISC1
  1471                           	global	_TRISC1
  1472  0000                     	_TRISC1	set	0x439	;byte address: 0x87
  1473                           
  1474                           	global	_TRISC2
  1475                           	global	_TRISC2
  1476  0000                     	_TRISC2	set	0x43A	;byte address: 0x87
  1477                           
  1478                           	global	_TRISC3
  1479                           	global	_TRISC3
  1480  0000                     	_TRISC3	set	0x43B	;byte address: 0x87
  1481                           
  1482                           	global	_TRISC4
  1483                           	global	_TRISC4
  1484  0000                     	_TRISC4	set	0x43C	;byte address: 0x87
  1485                           
  1486                           	global	_TRISC5
  1487                           	global	_TRISC5
  1488  0000                     	_TRISC5	set	0x43D	;byte address: 0x87
  1489                           
  1490                           	global	_TRISC6
  1491  0000                     	_TRISC6	set	0x43E	;byte address: 0x87
  1492                           
  1493                           	global	_TRISC7
  1494  0000                     	_TRISC7	set	0x43F	;byte address: 0x87
  1495                           
  1496                           	global	_TRISD0
  1497                           	global	_TRISD0
  1498  0000                     	_TRISD0	set	0x440	;byte address: 0x88
  1499                           
  1500                           	global	_TRISD1
  1501                           	global	_TRISD1
  1502  0000                     	_TRISD1	set	0x441	;byte address: 0x88
  1503                           
  1504                           	global	_TRISD2
  1505                           	global	_TRISD2
  1506  0000                     	_TRISD2	set	0x442	;byte address: 0x88
  1507                           
  1508                           	global	_TRISD3
  1509                           	global	_TRISD3
  1510  0000                     	_TRISD3	set	0x443	;byte address: 0x88
  1511                           
  1512                           	global	_TRISD4
  1513                           	global	_TRISD4
  1514  0000                     	_TRISD4	set	0x444	;byte address: 0x88
  1515                           
  1516                           	global	_TRISD5
  1517                           	global	_TRISD5
  1518  0000                     	_TRISD5	set	0x445	;byte address: 0x88
  1519                           
  1520                           	global	_TRISD6
  1521                           	global	_TRISD6
  1522  0000                     	_TRISD6	set	0x446	;byte address: 0x88
  1523                           
  1524                           	global	_TRISD7
  1525                           	global	_TRISD7
  1526  0000                     	_TRISD7	set	0x447	;byte address: 0x88
  1527                           
  1528                           	global	_TRISE0
  1529                           	global	_TRISE0
  1530  0000                     	_TRISE0	set	0x448	;byte address: 0x89
  1531                           
  1532                           	global	_TRISE1
  1533                           	global	_TRISE1
  1534  0000                     	_TRISE1	set	0x449	;byte address: 0x89
  1535                           
  1536                           	global	_TRISE2
  1537                           	global	_TRISE2
  1538  0000                     	_TRISE2	set	0x44A	;byte address: 0x89
  1539                           
  1540                           	global	_TRMT
  1541                           	global	_TRMT
  1542  0000                     	_TRMT	set	0x4C1	;byte address: 0x98
  1543                           
  1544                           	global	_TX9
  1545                           	global	_TX9
  1546  0000                     	_TX9	set	0x4C6	;byte address: 0x98
  1547                           
  1548                           	global	_TX9D
  1549                           	global	_TX9D
  1550  0000                     	_TX9D	set	0x4C0	;byte address: 0x98
  1551                           
  1552                           	global	_TXEN
  1553                           	global	_TXEN
  1554  0000                     	_TXEN	set	0x4C5	;byte address: 0x98
  1555                           
  1556                           	global	_TXIE
  1557                           	global	_TXIE
  1558  0000                     	_TXIE	set	0x464	;byte address: 0x8C
  1559                           
  1560                           	global	_TXIF
  1561  0000                     	_TXIF	set	0x64	;byte address: 0xC
  1562                           
  1563                           	global	_UA
  1564                           	global	_UA
  1565  0000                     	_UA	set	0x4A1	;byte address: 0x94
  1566                           
  1567                           	global	_WCOL
  1568                           	global	_WCOL
  1569  0000                     	_WCOL	set	0xA7	;byte address: 0x14
  1570                           
  1571                           	global	_WR
  1572                           	global	_WR
  1573  0000                     	_WR	set	0xC61	;byte address: 0x18C
  1574                           
  1575                           	global	_WREN
  1576                           	global	_WREN
  1577  0000                     	_WREN	set	0xC62	;byte address: 0x18C
  1578                           
  1579                           	global	_WRERR
  1580                           	global	_WRERR
  1581  0000                     	_WRERR	set	0xC63	;byte address: 0x18C
  1582                           
  1583                           	global	_ZERO
  1584                           	global	_ZERO
  1585  0000                     	_ZERO	set	0x1A	;byte address: 0x3
  1586                           
  1587                           	
  1588  070F                     STR_1:	
  1589  070F  3450               	retlw	80	;'P'
  1590  0710  3449               	retlw	73	;'I'
  1591  0711  3443               	retlw	67	;'C'
  1592  0712  3431               	retlw	49	;'1'
  1593  0713  3436               	retlw	54	;'6'
  1594  0714  3446               	retlw	70	;'F'
  1595  0715  3438               	retlw	56	;'8'
  1596  0716  3437               	retlw	55	;'7'
  1597  0717  3437               	retlw	55	;'7'
  1598  0718  3441               	retlw	65	;'A'
  1599  0719  3420               	retlw	32	;' '
  1600  071A  3453               	retlw	83	;'S'
  1601  071B  3445               	retlw	69	;'E'
  1602  071C  3452               	retlw	82	;'R'
  1603  071D  3449               	retlw	73	;'I'
  1604  071E  3441               	retlw	65	;'A'
  1605  071F  344C               	retlw	76	;'L'
  1606  0720  3420               	retlw	32	;' '
  1607  0721  3454               	retlw	84	;'T'
  1608  0722  3445               	retlw	69	;'E'
  1609  0723  3453               	retlw	83	;'S'
  1610  0724  3454               	retlw	84	;'T'
  1611  0725  340A               	retlw	10
  1612  0726  340D               	retlw	13
  1613  0727  340D               	retlw	13
  1614  0728  3400               	retlw	0
  1615                           	PSECT	fnautoc,class=COMMON,space=1
  1616                           	FNCONF	fnautoc,??,?
  1617                           
  1618                           	DABS	1,126,2	;btemp
  1619                           	global	btemp
  1620  0000                     	btemp set 07Eh
  1621                           apbank macro
  1622                           	; no bank selection necessary for common memor
                                 y
  1623  0070                     	endm


HI-TECH Software PICC Macro Assembler V9.60PL5 build 3884 
Symbol Table                                          Sat Feb 24 17:24:30 2024

              l2 001C                l3 0012                l5 0754  
              l6 0760                l7 075B                l9 075F  
      __Lrdata_0 0000                pc 0002        __Lramdata 0000  
             l10 076B               l11 0762               _DA 04A5  
             l13 0768               _BF 04A0               l14 0745  
             _DC 0019               l15 073A               l16 072B  
             l17 0745               _PD 001B               _RD 0C60  
             _UA 04A1               _TO 001C               _RW 04A2  
             _WR 0C61               _rx 0761               _tx 0755  
             fsr 0004              _CM0 04E0              _CM1 04E1  
            _CM2 04E2              ?_rx 0070              ?_tx 0072  
            _CKE 04A6              _IBF 044F              _CIS 04E3  
            _CKP 00A4              _GIE 005F              _BOR 0470  
            _RA0 0028              _RA1 0029              _RB0 0030  
            _RA2 002A              _RB1 0031              _RA3 002B  
            _RC0 0038              _RB2 0032              _RA4 002C  
            _RC1 0039              _RB3 0033              _RA5 002D  
            _RD0 0040              _RC2 003A              _RB4 0034  
            _RD1 0041              _RC3 003B              _RB5 0035  
            _RE0 0048              _RD2 0042              _RC4 003C  
            _RB6 0036              _RE1 0049              _RD3 0043  
            _RC5 003D              _RB7 0037              _RE2 004A  
            _RD4 0044              _RC6 003E              _RD5 0045  
            _RC7 003F              _RD6 0046              _OBF 044E  
            _RD7 0047              _FSR 0004              _PCL 0002  
            _PS0 0408              _PR2 0092              _PS1 0409  
            _RP0 001D              _PS2 040A              _PEN 048A  
            _IRP 001F              _RP1 001E              _SEN 0488  
            u740 0768              u741 0767              u750 075F  
            _PSA 040B              u751 075E              u760 0745  
            u761 0744              _POR 0471              _RX9 00C6  
            _SMP 04A7              _TX9 04C6              indf 0000  
           ??_rx 0070             ??_tx 0072             _ADIE 0466  
           _ADIF 0066             _ADFM 04FF             _ADGO 00FA  
       __tempreg 0070             _ADON 00F8             _CHS0 00FB  
           _CHS1 00FC             _CHS2 00FD             _EEIE 046C  
           _EEIF 006C             STR_1 070F             _GCEN 048F  
           _CMIE 046E             _CMIF 006E             _BRGH 04C2  
           _T0IE 005D             _T0IF 005A             _CREN 00C4  
           _T0CS 040D             _FERR 00C2             _IBOV 044D  
           _CVR0 04E8             _CVR1 04E9             _CVR2 04EA  
           _CVR3 04EB             _T0SE 040C             _CSRC 04C7  
           _INDF 0000             _PIE1 008C             _PIE2 008D  
           _CVRR 04ED             _PEIE 005E             _INTE 005C  
           _INTF 0059             _RBIE 005B             _RBIF 0058  
           _RCIE 0465             _RCIF 0065             _RCEN 048B  
           _PCON 008E             _PIR1 000C             _PIR2 000D  
           _OERR 00C1             _RBPU 040F             _RX9D 00C0  
           _TMR0 0001             _TMR2 0011             _WCOL 00A7  
           _SPEN 00C7             _RSEN 0489        __databank 0000  
           _TX9D 04C0             _SREN 00C5          ??_txstr 0070  
           _TRMT 04C1             _STOP 04A4             _ZERO 001A  
           _TXIE 0464             _WREN 0C62             _TXIF 0064  
           _TXEN 04C5             _SYNC 04C4             _main 0003  
           _tx_a 0072             btemp 007E             start 0000  
      stringcode 0708          _CCP1CON 0017          _CCP2CON 001D  
        _ACKSTAT 048E            _C1INV 04E4            _C2INV 04E5  
          _C1OUT 04E6            _C2OUT 04E7            _ADCS0 00FE  
          _ADCS1 00FF            _ADCS2 04FE            _ADDEN 00C3  
          ?_main 0070            _ACKEN 048C            _ACKDT 048D  
          _BCLIE 046B            _BCLIF 006B            _CCP1X 00BD  
          _CCP1Y 00BC            _CCP2X 00ED            _CCP2Y 00EC  
          _EEADR 010D            _CARRY 0018            _EEPGD 0C67  
          _CMCON 009C            _T1CON 0010            _T2CON 0012  
        _T1CKPS0 0084          _T1CKPS1 0085            _PCFG0 04F8  
          _PCFG1 04F9            _PCFG2 04FA            _PCFG3 04FB  
        _T2CKPS0 0090          _T2CKPS1 0091            _CVREN 04EF  
          _CVROE 04EE            _RCREG 001A            _RCSTA 0018  
          _TMR1H 000F            _TMR1L 000E            _SPBRG 0099  
          _PORTA 0005            _PORTB 0006          _T1OSCEN 0083  
          _PORTC 0007            _PORTD 0008            _PORTE 0009  
          _PSPIE 0467            _PSPIF 0067            _START 04A3  
          _SSPM0 00A0            _SSPM1 00A1            _SSPM2 00A2  
          _SSPM3 00A3            _TRISA 0085            _TRISB 0086  
          _TRISC 0087            _TRISD 0088            _SSPIE 0463  
          _TRISE 0089            _SSPIF 0063            _SSPEN 00A5  
          _SSPOV 00A6            _WRERR 0C63            _TXREG 0019  
          _TXSTA 0098    __end_of_txstr 0746  __end_of_ser_int 0755  
        _PSPMODE 044C          _SSPCON2 0091       __end_of_rx 076C  
     __end_of_tx 0761          _SSPSTAT 0094          _TOUTPS0 0093  
        _TOUTPS1 0094          _TOUTPS2 0095          _TOUTPS3 0096  
          _txstr 0729            pclath 000A            status 0003  
    __stringbase 070E           ??_main 0070          _ser_int 0746  
       ?_ser_int 0070         stringdir 0709         stringjmp 070D  
       stringtab 0700           _ADCON0 001F           _ADCON1 009F  
         _CCP1M0 00B8           _CCP1M1 00B9           _CCP1M2 00BA  
         _CCP1M3 00BB           _CCP2M0 00E8           _CCP2M1 00E9  
         _CCP2M2 00EA           _CCP2M3 00EB           _CCP1IE 0462  
         _CCP1IF 0062           _CCP2IE 0468           _CCP2IF 0068  
         _ADRESH 001E           _EEADRH 010F           _ADRESL 009E  
         _EEADRL 010D           _EEDATA 010C           _CCPR1H 0016  
         _EEDATH 010E           _CCPR2H 001C           _CCPR1L 0015  
         _CCPR2L 001B           _EECON1 018C           _EECON2 018D  
      ??_ser_int 0070     __end_of_main 0020           ?_txstr 0070  
         _GODONE 00FA           _CVRCON 009D           _T1SYNC 0082  
         _INTEDG 040E           _PCLATH 000A           _INTCON 000B  
        _txstr_s 0070           _TMR0IE 005D           _TMR0IF 005A  
         _TMR1IE 0460           _TMR1IF 0060           _TMR1CS 0081  
         _TMR2IE 0461           _TMR2IF 0061           _TMR1ON 0080  
         _OPTION 0081           _TMR2ON 0092           _SSPADD 0093  
         _TRISA0 0428           _TRISA1 0429           _TRISB0 0430  
         _TRISA2 042A           _TRISB1 0431           _TRISA3 042B  
         _TRISC0 0438           _TRISB2 0432           _TRISA4 042C  
         _TRISC1 0439           _TRISB3 0433           _TRISA5 042D  
         _TRISD0 0440           _TRISC2 043A           _TRISB4 0434  
         _TRISD1 0441           _TRISC3 043B           _TRISB5 0435  
         _TRISE0 0448           _TRISD2 0442           _TRISC4 043C  
         _TRISB6 0436           _TRISE1 0449           _TRISD3 0443  
         _TRISC5 043D           _TRISB7 0437           _TRISE2 044A  
         _TRISD4 0444           _TRISC6 043E           _TRISD5 0445  
         _TRISC7 043F           _TRISD6 0446           _TRISD7 0447  
         _STATUS 0003           _SSPCON 0014           _SSPBUF 0013  
      __Hrdata_0 0001        __Hramdata 0001  
