Added Component: Designator=*?(PCBComponent_1)
Add Component: Footprint Not Found PCBComponent_1
Add Component: Footprint Not Found PCBComponent_1
Added Component: Designator=*(PCBComponent_1)
Added Component: Designator=*(PCBComponent_1)
Add Component: Footprint Not Found DIOAD1410W90L470D235
Added Component: Designator=560(PCBComponent_1)
Add Component: Footprint Not Found D2SB60
Add Component: Footprint Not Found PCBComponent_1
Add Component: Footprint Not Found PCBComponent_1
Add Component: Footprint Not Found PCBComponent_1
Add Component: Footprint Not Found PCBComponent_1
Add Component: Footprint Not Found PCBComponent_1
Add Component: Footprint Not Found PCBComponent_1
Add Component: Footprint Not Found PCBComponent_1
Add Component: Footprint Not Found PCBComponent_1
Add Component: Footprint Not Found PCBComponent_1
Add Component: Footprint Not Found PCBComponent_1
Add Component: Footprint Not Found PCBComponent_1
Add Component: Footprint Not Found PCBComponent_1
Add Component: Footprint Not Found PCBComponent_1
Add Component: Footprint Not Found PCBComponent_1
Add Component: Footprint Not Found PCBComponent_1
Add Component: Footprint Not Found PCBComponent_1
Add Component: Footprint Not Found PCBComponent_1
Add Component: Footprint Not Found PCBComponent_1
Add Component: Footprint Not Found PCBComponent_1
Add Component: Footprint Not Found PCBComponent_1
Add Component: Footprint Not Found PCBComponent_1
Add Component: Footprint Not Found PCBComponent_1
Add Component: Footprint Not Found PCBComponent_1
Add Component: Footprint Not Found PCBComponent_1
Add Component: Footprint Not Found PCBComponent_1
Add Component: Footprint Not Found DIOAD1410W90L470D235
Add Component: Footprint Not Found DIOAD1410W90L470D235
Add Component: Footprint Not Found DIOAD1410W90L470D235
Add Component: Footprint Not Found DIOAD1410W90L470D235
Added Component: Designator=D8(PCBComponent_1)
Add Component: Footprint Not Found DIOAD1410W90L470D235
Added Component: Designator=D10(PCBComponent_1)
Add Component: Footprint Not Found PCBComponent_1
Add Component: Footprint Not Found DIOAD1410W90L470D235
Add Component: Footprint Not Found DIOAD1410W90L470D235
Add Component: Footprint Not Found PCBComponent_1
Add Component: Footprint Not Found DIOAD1410W90L470D235
Add Component: Footprint Not Found DIOAD1410W90L470D235
Add Component: Footprint Not Found DIOAD1410W90L470D235
Add Component: Footprint Not Found PCBComponent_1
Added Component: Designator=IC5(PCBComponent_1)
Add Component: Footprint Not Found SOT95P245X130-3N
Add Component: Footprint Not Found SOT95P245X130-3N
Add Component: Footprint Not Found SOT95P245X130-3N
Add Component: Footprint Not Found SOT95P245X130-3N
Add Component: Footprint Not Found SOT95P245X130-3N
Added Component: Designator=R45(PCBComponent_1)
Added Component: Designator=R46(PCBComponent_1)
Added Component: Designator=R47(PCBComponent_1)
Added Component: Designator=R48(PCBComponent_1)
Added Component: Designator=R49(PCBComponent_1)
Added Component: Designator=R50(PCBComponent_1)
Added Component: Designator=R51(PCBComponent_1)
Added Component: Designator=R52(PCBComponent_1)
Added Component: Designator=R53(PCBComponent_1)
Added Component: Designator=R54(PCBComponent_1)
Added Component: Designator=R55(PCBComponent_1)
Added Component: Designator=R56(PCBComponent_1)
Added Component: Designator=R57(PCBComponent_1)
Added Component: Designator=R58(PCBComponent_1)
Added Component: Designator=R59(PCBComponent_1)
Added Component: Designator=R61(PCBComponent_1)
Added Component: Designator=R62(PCBComponent_1)
Added Component: Designator=R63(PCBComponent_1)
Added Component: Designator=R64(PCBComponent_1)
Added Component: Designator=R65(PCBComponent_1)
Added Component: Designator=R66(PCBComponent_1)
Added Component: Designator=R67(PCBComponent_1)
Added Component: Designator=R69(PCBComponent_1)
Added Component: Designator=R71(PCBComponent_1)
Added Component: Designator=R72(PCBComponent_1)
Added Component: Designator=R73(PCBComponent_1)
Added Component: Designator=R74(PCBComponent_1)
Added Component: Designator=R75(PCBComponent_1)
Added Component: Designator=R76(PCBComponent_1)
Added Component: Designator=R80(PCBComponent_1)
Added Component: Designator=R81(PCBComponent_1)
Added Component: Designator=TC3(PCBComponent_1)
Add Pin To Net: Unknown Pin: Pin *?-1
Add Pin To Net: Unknown Pin: Pin *?-1
Add Pin To Net: Unknown Pin: Pin *?-2
Add Pin To Net: Unknown Pin: Pin 19-1
Add Pin To Net: Unknown Pin: Pin 19-2
Added Pin To Net: NetName=Net560_1 Pin=560-1
Added Pin To Net: NetName=Net560_2 Pin=560-2
Add Pin To Net: Unknown Pin: Pin BR2-1
Add Pin To Net: Unknown Pin: Pin BR2-2
Add Pin To Net: Unknown Pin: Pin BR2-3
Add Pin To Net: Unknown Pin: Pin BR2-4
Add Pin To Net: Unknown Pin: Pin C18-1
Add Pin To Net: Unknown Pin: Pin C18-2
Add Pin To Net: Unknown Pin: Pin C19-1
Add Pin To Net: Unknown Pin: Pin C19-2
Add Pin To Net: Unknown Pin: Pin C20-1
Add Pin To Net: Unknown Pin: Pin C20-2
Add Pin To Net: Unknown Pin: Pin C21-1
Add Pin To Net: Unknown Pin: Pin C21-2
Add Pin To Net: Unknown Pin: Pin C22-1
Add Pin To Net: Unknown Pin: Pin C22-2
Add Pin To Net: Unknown Pin: Pin C23-1
Add Pin To Net: Unknown Pin: Pin C23-2
Add Pin To Net: Unknown Pin: Pin C24-1
Add Pin To Net: Unknown Pin: Pin C24-2
Add Pin To Net: Unknown Pin: Pin C25-1
Add Pin To Net: Unknown Pin: Pin C25-2
Add Pin To Net: Unknown Pin: Pin C26-1
Add Pin To Net: Unknown Pin: Pin C26-2
Add Pin To Net: Unknown Pin: Pin C27-1
Add Pin To Net: Unknown Pin: Pin C27-2
Add Pin To Net: Unknown Pin: Pin C28-1
Add Pin To Net: Unknown Pin: Pin C28-2
Add Pin To Net: Unknown Pin: Pin C29-1
Add Pin To Net: Unknown Pin: Pin C29-2
Add Pin To Net: Unknown Pin: Pin C30-1
Add Pin To Net: Unknown Pin: Pin C30-2
Add Pin To Net: Unknown Pin: Pin C31-1
Add Pin To Net: Unknown Pin: Pin C32-2
Add Pin To Net: Unknown Pin: Pin C33-1
Add Pin To Net: Unknown Pin: Pin C33-2
Add Pin To Net: Unknown Pin: Pin C34-1
Add Pin To Net: Unknown Pin: Pin C34-2
Add Pin To Net: Unknown Pin: Pin C35-1
Add Pin To Net: Unknown Pin: Pin C35-2
Add Pin To Net: Unknown Pin: Pin C36-1
Add Pin To Net: Unknown Pin: Pin C36-2
Add Pin To Net: Unknown Pin: Pin C37-1
Add Pin To Net: Unknown Pin: Pin C37-2
Add Pin To Net: Unknown Pin: Pin C38-1
Add Pin To Net: Unknown Pin: Pin C38-2
Add Pin To Net: Unknown Pin: Pin C39-1
Add Pin To Net: Unknown Pin: Pin C39-2
Add Pin To Net: Unknown Pin: Pin C40-1
Add Pin To Net: Unknown Pin: Pin C40-2
Add Pin To Net: Unknown Pin: Pin C41-1
Add Pin To Net: Unknown Pin: Pin C41-2
Add Pin To Net: Unknown Pin: Pin C42-1
Add Pin To Net: Unknown Pin: Pin C42-2
Add Pin To Net: Unknown Pin: Pin D4-1
Add Pin To Net: Unknown Pin: Pin D4-2
Add Pin To Net: Unknown Pin: Pin D5-1
Add Pin To Net: Unknown Pin: Pin D5-2
Add Pin To Net: Unknown Pin: Pin D6-1
Add Pin To Net: Unknown Pin: Pin D6-2
Add Pin To Net: Unknown Pin: Pin D7-1
Add Pin To Net: Unknown Pin: Pin D7-2
Added Pin To Net: NetName=NetC25_2 Pin=D8-1
Added Pin To Net: NetName=NetBR2_2 Pin=D8-2
Add Pin To Net: Unknown Pin: Pin D9-1
Add Pin To Net: Unknown Pin: Pin D9-2
Added Pin To Net: NetName=NetC25_2 Pin=D10-1
Added Pin To Net: NetName=NetBR2_2 Pin=D10-2
Added Pin To Net: NetName=NetD10_3 Pin=D10-3
Added Pin To Net: NetName=NetC34_2 Pin=D10-4
Add Pin To Net: Unknown Pin: Pin D11-1
Add Pin To Net: Unknown Pin: Pin D11-2
Add Pin To Net: Unknown Pin: Pin D11-3
Add Pin To Net: Unknown Pin: Pin D12-1
Add Pin To Net: Unknown Pin: Pin D12-2
Add Pin To Net: Unknown Pin: Pin D13-1
Add Pin To Net: Unknown Pin: Pin D13-2
Add Pin To Net: Unknown Pin: Pin D14-1
Add Pin To Net: Unknown Pin: Pin D15-2
Add Pin To Net: Unknown Pin: Pin D16-1
Add Pin To Net: Unknown Pin: Pin D16-2
Add Pin To Net: Unknown Pin: Pin D17-1
Add Pin To Net: Unknown Pin: Pin D17-2
Add Pin To Net: Unknown Pin: Pin D18-1
Add Pin To Net: Unknown Pin: Pin D18-1
Add Pin To Net: Unknown Pin: Pin D18-2
Add Pin To Net: Unknown Pin: Pin D18-2
Add Pin To Net: Unknown Pin: Pin D18-3
Add Pin To Net: Unknown Pin: Pin D20-1
Add Pin To Net: Unknown Pin: Pin D20-2
Add Pin To Net: Unknown Pin: Pin D21-1
Add Pin To Net: Unknown Pin: Pin D21-2
Add Pin To Net: Unknown Pin: Pin D22-1
Add Pin To Net: Unknown Pin: Pin D22-2
Add Pin To Net: Unknown Pin: Pin IC1-2
Add Pin To Net: Unknown Pin: Pin IC1-5
Add Pin To Net: Unknown Pin: Pin IC1-8
Add Pin To Net: Unknown Pin: Pin IC1-9
Add Pin To Net: Unknown Pin: Pin IC1-10
Add Pin To Net: Unknown Pin: Pin IC1-11
Add Pin To Net: Unknown Pin: Pin IC1-12
Add Pin To Net: Unknown Pin: Pin IC1-13
Add Pin To Net: Unknown Pin: Pin IC1-14
Add Pin To Net: Unknown Pin: Pin IC1-15
Add Pin To Net: Unknown Pin: Pin IC1-16
Add Pin To Net: Unknown Pin: Pin IC2-1
Add Pin To Net: Unknown Pin: Pin IC2-5
Add Pin To Net: Unknown Pin: Pin IC2-6
Add Pin To Net: Unknown Pin: Pin IC2-9
Add Pin To Net: Unknown Pin: Pin IC4-1
Add Pin To Net: Unknown Pin: Pin IC4-2
Add Pin To Net: Unknown Pin: Pin IC4-4
Add Pin To Net: Unknown Pin: Pin IC4-5
Add Pin To Net: Unknown Pin: Pin IC4-6
Add Pin To Net: Unknown Pin: Pin IC4-7
Add Pin To Net: Unknown Pin: Pin IC4-8
Add Pin To Net: Unknown Pin: Pin IC4-9
Add Pin To Net: Unknown Pin: Pin IC4-10
Add Pin To Net: Unknown Pin: Pin IC4-11
Add Pin To Net: Unknown Pin: Pin IC4-13
Added Pin To Net: NetName=NetC42_2 Pin=IC5-1
Added Pin To Net: NetName=NetIC5_2 Pin=IC5-2
Added Pin To Net: NetName=NetC42_2 Pin=IC5-3
Added Pin To Net: NetName=NetC42_2 Pin=IC5-5
Added Pin To Net: NetName=NetC40_2 Pin=IC5-6
Added Pin To Net: NetName=NetC42_2 Pin=IC5-7
Added Pin To Net: NetName=Net560_2 Pin=IC5-8
Added Pin To Net: NetName=NetC42_1 Pin=IC5-9
Added Pin To Net: NetName=Net560_2 Pin=IC5-10
Added Pin To Net: NetName=NetC40_2 Pin=IC5-11
Added Pin To Net: NetName=Net560_2 Pin=IC5-12
Added Pin To Net: NetName=NetC40_2 Pin=IC5-13
Added Pin To Net: NetName=NetIC5_14 Pin=IC5-14
Add Pin To Net: Unknown Pin: Pin Q11-1
Add Pin To Net: Unknown Pin: Pin Q11-2
Add Pin To Net: Unknown Pin: Pin Q11-3
Add Pin To Net: Unknown Pin: Pin Q12-1
Add Pin To Net: Unknown Pin: Pin Q12-2
Add Pin To Net: Unknown Pin: Pin Q12-3
Add Pin To Net: Unknown Pin: Pin Q13-1
Add Pin To Net: Unknown Pin: Pin Q13-2
Add Pin To Net: Unknown Pin: Pin Q13-3
Add Pin To Net: Unknown Pin: Pin Q14-1
Add Pin To Net: Unknown Pin: Pin Q14-3
Add Pin To Net: Unknown Pin: Pin Q15-1
Add Pin To Net: Unknown Pin: Pin Q15-2
Add Pin To Net: Unknown Pin: Pin Q15-3
Added Pin To Net: NetName=NetR45_1 Pin=R45-1
Added Pin To Net: NetName=NetC20_1 Pin=R45-2
Added Pin To Net: NetName=NetR46_1 Pin=R46-1
Added Pin To Net: NetName=NetR45_1 Pin=R46-2
Added Pin To Net: NetName=NetC20_1 Pin=R47-1
Added Pin To Net: NetName=NetR46_1 Pin=R47-2
Added Pin To Net: NetName=NetBR2_2 Pin=R48-1
Added Pin To Net: NetName=NetC30_1 Pin=R48-2
Added Pin To Net: NetName=NetBR2_2 Pin=R49-1
Added Pin To Net: NetName=NetR49_2 Pin=R49-2
Added Pin To Net: NetName=Net19_1 Pin=R50-1
Added Pin To Net: NetName=NetC26_2 Pin=R50-2
Added Pin To Net: NetName=NetC23_2 Pin=R51-1
Added Pin To Net: NetName=NetBR2_2 Pin=R51-2
Added Pin To Net: NetName=NetD10_3 Pin=R52-1
Added Pin To Net: NetName=NetC34_2 Pin=R52-2
Added Pin To Net: NetName=NetC34_2 Pin=R53-1
Added Pin To Net: NetName=NetC33_2 Pin=R53-2
Added Pin To Net: NetName=NetD10_3 Pin=R54-1
Added Pin To Net: NetName=Net560_2 Pin=R54-2
Added Pin To Net: NetName=Net560_2 Pin=R55-1
Added Pin To Net: NetName=NetC33_1 Pin=R55-2
Added Pin To Net: NetName=NetD10_3 Pin=R56-1
Added Pin To Net: NetName=NetQ15_1 Pin=R56-2
Added Pin To Net: NetName=Net560_2 Pin=R57-1
Added Pin To Net: NetName=NetC33_1 Pin=R57-2
Added Pin To Net: NetName=Net560_2 Pin=R58-1
Added Pin To Net: NetName=NetC33_1 Pin=R58-2
Added Pin To Net: NetName=Net560_1 Pin=R59-1
Added Pin To Net: NetName=Net560_2 Pin=R59-2
Added Pin To Net: NetName=NetQ11_1 Pin=R61-2
Added Pin To Net: NetName=NetC37_2 Pin=R62-2
Added Pin To Net: NetName=NetQ11_2 Pin=R63-1
Added Pin To Net: NetName=NetC37_2 Pin=R63-2
Added Pin To Net: NetName=NetD11_1 Pin=R64-1
Added Pin To Net: NetName=NetQ11_2 Pin=R64-2
Added Pin To Net: NetName=Net*?_1 Pin=R65-1
Added Pin To Net: NetName=NetC38_1 Pin=R66-1
Added Pin To Net: NetName=NetQ13_1 Pin=R66-2
Added Pin To Net: NetName=NetC42_2 Pin=R67-1
Added Pin To Net: NetName=Net*?_1 Pin=R67-2
Added Pin To Net: NetName=NetC39_2 Pin=R69-1
Added Pin To Net: NetName=Net560_2 Pin=R69-2
Added Pin To Net: NetName=NetIC5_14 Pin=R71-1
Added Pin To Net: NetName=Net560_2 Pin=R71-2
Added Pin To Net: NetName=NetC40_2 Pin=R72-1
Added Pin To Net: NetName=Net560_2 Pin=R72-2
Added Pin To Net: NetName=NetD18_2 Pin=R73-1
Added Pin To Net: NetName=NetC42_2 Pin=R73-2
Added Pin To Net: NetName=NetC40_2 Pin=R74-1
Added Pin To Net: NetName=NetD18_2 Pin=R74-2
Added Pin To Net: NetName=NetC42_2 Pin=R75-1
Added Pin To Net: NetName=NetC41_2 Pin=R76-1
Added Pin To Net: NetName=NetC41_1 Pin=R76-2
Add Pin To Net: Unknown Pin: Pin R79-1
Add Pin To Net: Unknown Pin: Pin R79-2
Added Pin To Net: NetName=NetC41_2 Pin=R80-1
Added Pin To Net: NetName=NetD21_1 Pin=R80-2
Added Pin To Net: NetName=NetC39_2 Pin=R81-1
Added Pin To Net: NetName=NetIC5_14 Pin=R81-2
Add Pin To Net: Unknown Pin: Pin T1-1
Add Pin To Net: Unknown Pin: Pin T1-2
Add Pin To Net: Unknown Pin: Pin T1-3
Add Pin To Net: Unknown Pin: Pin T2-1
Add Pin To Net: Unknown Pin: Pin T2-2
Add Pin To Net: Unknown Pin: Pin T3-1
Add Pin To Net: Unknown Pin: Pin T3-2
Add Pin To Net: Unknown Pin: Pin T3-3
Add Pin To Net: Unknown Pin: Pin T4-1
Add Pin To Net: Unknown Pin: Pin T4-2
Add Pin To Net: Unknown Pin: Pin T5-1
Add Pin To Net: Unknown Pin: Pin T5-2
Add Pin To Net: Unknown Pin: Pin T6-70
Add Pin To Net: Unknown Pin: Pin T6-71
Add Pin To Net: Unknown Pin: Pin T6-72
Add Pin To Net: Unknown Pin: Pin T7-2
Add Pin To Net: Unknown Pin: Pin T7-3
Add Pin To Net: Unknown Pin: Pin T8-1
Add Pin To Net: Unknown Pin: Pin T8-2
Add Pin To Net: Unknown Pin: Pin T9-70
Add Pin To Net: Unknown Pin: Pin T9-71
Add Pin To Net: Unknown Pin: Pin T9-72
Add Pin To Net: Unknown Pin: Pin T10-70
Add Pin To Net: Unknown Pin: Pin T10-71
Add Pin To Net: Unknown Pin: Pin T10-72
Added Pin To Net: NetName=NetC24_2 Pin=TC3-1
Added Pin To Net: NetName=NetC23_2 Pin=TC3-2
Added Pin To Net: NetName=NetC26_2 Pin=TC3-3
Added Pin To Net: NetName=NetBR2_2 Pin=TC3-4
Added Pin To Net: NetName=NetC25_2 Pin=TC3-5
Added Pin To Net: NetName=NetR49_2 Pin=TC3-6
Add Pin To Net: Unknown Pin: Pin ZD1-66
Add Pin To Net: Unknown Pin: Pin ZD1-67
Add Net: Net with name "Net*?_2" already exists
Add Net: Net with name "NetC?_1" already exists
Added Member To Class: ClassName=Sheet3 Member=Component *? Component_1
Added Member To Class: ClassName=Sheet3 Member=Component *? Component_1
Added Member To Class: ClassName=Sheet4 Member=Component *? Component_1
Added Member To Class: ClassName=Sheet3 Member=Component * Component_1
Added Member To Class: ClassName=Sheet3 Member=Component * Component_1
Add Class Member: Failed to add class member : Component 19 1N4007-G
Added Member To Class: ClassName=Sheet3 Member=Component 560 Component_1
Add Class Member: Failed to add class member : Component BR2 D2SB60
Add Class Member: Failed to add class member : Component C18 Component_1
Add Class Member: Failed to add class member : Component C19 Component_1
Add Class Member: Failed to add class member : Component C20 Component_1
Add Class Member: Failed to add class member : Component C21 Component_1
Add Class Member: Failed to add class member : Component C22 Component_1
Add Class Member: Failed to add class member : Component C23 Component_1
Add Class Member: Failed to add class member : Component C24 Component_1
Add Class Member: Failed to add class member : Component C25 Component_1
Add Class Member: Failed to add class member : Component C26 Component_1
Add Class Member: Failed to add class member : Component C27 Component_1
Add Class Member: Failed to add class member : Component C28 Component_1
Add Class Member: Failed to add class member : Component C29 Component_1
Add Class Member: Failed to add class member : Component C30 Component_1
Add Class Member: Failed to add class member : Component C31 Component_1
Add Class Member: Failed to add class member : Component C32 Component_1
Add Class Member: Failed to add class member : Component C33 Component_1
Add Class Member: Failed to add class member : Component C34 Component_1
Add Class Member: Failed to add class member : Component C35 Component_1
Add Class Member: Failed to add class member : Component C36 Component_1
Add Class Member: Failed to add class member : Component C37 Component_1
Add Class Member: Failed to add class member : Component C38 Component_1
Add Class Member: Failed to add class member : Component C39 Component_1
Add Class Member: Failed to add class member : Component C40 Component_1
Add Class Member: Failed to add class member : Component C41 Component_1
Add Class Member: Failed to add class member : Component C42 Component_1
Added Member To Class: ClassName=Sheet1 Member=Component C? 220nF
Add Class Member: Failed to add class member : Component D4 1N4007-G
Add Class Member: Failed to add class member : Component D5 1N4007-G
Add Class Member: Failed to add class member : Component D6 1N4007-G
Add Class Member: Failed to add class member : Component D7 1N4007-G
Added Member To Class: ClassName=Sheet3 Member=Component D8 zdm801
Add Class Member: Failed to add class member : Component D9 1N4007-G
Added Member To Class: ClassName=Sheet3 Member=Component D10 Component_1
Add Class Member: Failed to add class member : Component D11 Component_1
Add Class Member: Failed to add class member : Component D12 1N4007-G
Add Class Member: Failed to add class member : Component D13 1N4007-G
Add Class Member: Failed to add class member : Component D14 Component_1
Add Class Member: Failed to add class member : Component D15 Component_1
Add Class Member: Failed to add class member : Component D16 Component_1
Add Class Member: Failed to add class member : Component D17 Component_1
Add Class Member: Failed to add class member : Component D18 Component_1
Add Class Member: Failed to add class member : Component D18 Component_1
Add Class Member: Failed to add class member : Component D20 1N4007-G
Add Class Member: Failed to add class member : Component D21 1N4007-G
Add Class Member: Failed to add class member : Component D22 1N4007-G
Add Class Member: Failed to add class member : Component IC1 SIM5025
Add Class Member: Failed to add class member : Component IC2 PD32A0-DrV
Add Class Member: Failed to add class member : Component IC4 Component_1
Added Member To Class: ClassName=Sheet4 Member=Component IC5 Component_1
Add Class Member: Failed to add class member : Component Q11 KTN2907AS
Add Class Member: Failed to add class member : Component Q12 KTN2907AS
Add Class Member: Failed to add class member : Component Q13 KTN2907AS
Add Class Member: Failed to add class member : Component Q14 KTN2907AS
Add Class Member: Failed to add class member : Component Q15 KTN2907AS
Added Member To Class: ClassName=Sheet3 Member=Component R45 Component_1
Added Member To Class: ClassName=Sheet3 Member=Component R46 Component_1
Added Member To Class: ClassName=Sheet3 Member=Component R47 Component_1
Added Member To Class: ClassName=Sheet3 Member=Component R48 Component_1
Added Member To Class: ClassName=Sheet3 Member=Component R49 Component_1
Added Member To Class: ClassName=Sheet3 Member=Component R50 Component_1
Added Member To Class: ClassName=Sheet3 Member=Component R51 Component_1
Added Member To Class: ClassName=Sheet3 Member=Component R52 Component_1
Added Member To Class: ClassName=Sheet3 Member=Component R53 Component_1
Added Member To Class: ClassName=Sheet3 Member=Component R54 Component_1
Added Member To Class: ClassName=Sheet3 Member=Component R55 Component_1
Added Member To Class: ClassName=Sheet3 Member=Component R56 Component_1
Added Member To Class: ClassName=Sheet3 Member=Component R57 Component_1
Added Member To Class: ClassName=Sheet3 Member=Component R58 Component_1
Added Member To Class: ClassName=Sheet3 Member=Component R59 Component_1
Added Member To Class: ClassName=Sheet3 Member=Component R61 Component_1
Added Member To Class: ClassName=Sheet3 Member=Component R62 Component_1
Added Member To Class: ClassName=Sheet3 Member=Component R63 Component_1
Added Member To Class: ClassName=Sheet3 Member=Component R64 Component_1
Added Member To Class: ClassName=Sheet3 Member=Component R65 Component_1
Added Member To Class: ClassName=Sheet4 Member=Component R66 Component_1
Added Member To Class: ClassName=Sheet4 Member=Component R67 Component_1
Added Member To Class: ClassName=Sheet4 Member=Component R69 Component_1
Added Member To Class: ClassName=Sheet4 Member=Component R71 Component_1
Added Member To Class: ClassName=Sheet4 Member=Component R72 Component_1
Added Member To Class: ClassName=Sheet4 Member=Component R73 Component_1
Added Member To Class: ClassName=Sheet4 Member=Component R74 Component_1
Added Member To Class: ClassName=Sheet4 Member=Component R75 Component_1
Added Member To Class: ClassName=Sheet4 Member=Component R76 Component_1
Add Class Member: Failed to add class member : Component R79 Component_1
Added Member To Class: ClassName=Sheet4 Member=Component R80 Component_1
Added Member To Class: ClassName=Sheet4 Member=Component R81 Component_1
Add Class Member: Failed to add class member : Component T1 KDS184
Add Class Member: Failed to add class member : Component T2 Z02W22VY
Add Class Member: Failed to add class member : Component T3 KDS184
Add Class Member: Failed to add class member : Component T4 Z02W22VY
Add Class Member: Failed to add class member : Component T5 Z02W22VY
Add Class Member: Failed to add class member : Component T6 MDD5N40RH
Add Class Member: Failed to add class member : Component T7 KDS184
Add Class Member: Failed to add class member : Component T8 Z02W22VY
Add Class Member: Failed to add class member : Component T9 MDD5N40RH
Add Class Member: Failed to add class member : Component T10 MDD5N40RH
Added Member To Class: ClassName=Sheet3 Member=Component TC3 Component_1
Add Class Member: Failed to add class member : Component ZD1 KIA431AMZ
