Add Component: Footprint Not Found PCBComponent_1
Add Component: Footprint Not Found PCBComponent_1
Add Component: Footprint Not Found PCBComponent_1
Add Component: Footprint Not Found PCBComponent_1
Add Component: Footprint Not Found PCBComponent_1
Add Component: Footprint Not Found DIOAD1410W90L470D235
Add Component: Footprint Not Found PCBComponent_1
Add Component: Footprint Not Found D2SB60
Add Component: Footprint Not Found PCBComponent_1
Add Component: Footprint Not Found PCBComponent_1
Add Component: Footprint Not Found PCBComponent_1
Add Component: Footprint Not Found PCBComponent_1
Add Component: Footprint Not Found PCBComponent_1
Add Component: Footprint Not Found PCBComponent_1
Add Component: Footprint Not Found PCBComponent_1
Add Component: Footprint Not Found PCBComponent_1
Add Component: Footprint Not Found PCBComponent_1
Add Component: Footprint Not Found PCBComponent_1
Add Component: Footprint Not Found PCBComponent_1
Add Component: Footprint Not Found PCBComponent_1
Add Component: Footprint Not Found PCBComponent_1
Add Component: Footprint Not Found PCBComponent_1
Add Component: Footprint Not Found PCBComponent_1
Add Component: Footprint Not Found PCBComponent_1
Add Component: Footprint Not Found PCBComponent_1
Add Component: Footprint Not Found PCBComponent_1
Add Component: Footprint Not Found PCBComponent_1
Add Component: Footprint Not Found PCBComponent_1
Add Component: Footprint Not Found PCBComponent_1
Add Component: Footprint Not Found PCBComponent_1
Add Component: Footprint Not Found PCBComponent_1
Add Component: Footprint Not Found PCBComponent_1
Add Component: Footprint Not Found PCBComponent_1
Added Component: Designator=CON1(SMAW200A)
Add Component: Footprint Not Found DIOAD1410W90L470D235
Add Component: Footprint Not Found DIOAD1410W90L470D235
Add Component: Footprint Not Found DIOAD1410W90L470D235
Add Component: Footprint Not Found DIOAD1410W90L470D235
Add Component: Footprint Not Found PCBComponent_1
Add Component: Footprint Not Found DIOAD1410W90L470D235
Add Component: Footprint Not Found PCBComponent_1
Add Component: Footprint Not Found PCBComponent_1
Add Component: Footprint Not Found DIOAD1410W90L470D235
Add Component: Footprint Not Found DIOAD1410W90L470D235
Add Component: Footprint Not Found PCBComponent_1
Add Component: Footprint Not Found DIOAD1410W90L470D235
Add Component: Footprint Not Found DIOAD1410W90L470D235
Add Component: Footprint Not Found DIOAD1410W90L470D235
Add Component: Footprint Not Found PCBComponent_1
Add Component: Footprint Not Found PCBComponent_1
Add Component: Footprint Not Found SOT95P245X130-3N
Add Component: Footprint Not Found SOT95P245X130-3N
Add Component: Footprint Not Found SOT95P245X130-3N
Add Component: Footprint Not Found SOT95P245X130-3N
Add Component: Footprint Not Found SOT95P245X130-3N
Add Component: Footprint Not Found PCBComponent_1
Add Component: Footprint Not Found PCBComponent_1
Add Component: Footprint Not Found PCBComponent_1
Add Component: Footprint Not Found PCBComponent_1
Add Component: Footprint Not Found PCBComponent_1
Add Component: Footprint Not Found PCBComponent_1
Add Component: Footprint Not Found PCBComponent_1
Add Component: Footprint Not Found PCBComponent_1
Add Component: Footprint Not Found PCBComponent_1
Add Component: Footprint Not Found PCBComponent_1
Add Component: Footprint Not Found PCBComponent_1
Add Component: Footprint Not Found PCBComponent_1
Add Component: Footprint Not Found PCBComponent_1
Add Component: Footprint Not Found PCBComponent_1
Add Component: Footprint Not Found PCBComponent_1
Add Component: Footprint Not Found PCBComponent_1
Add Component: Footprint Not Found PCBComponent_1
Add Component: Footprint Not Found PCBComponent_1
Add Component: Footprint Not Found PCBComponent_1
Add Component: Footprint Not Found PCBComponent_1
Add Component: Footprint Not Found PCBComponent_1
Add Component: Footprint Not Found PCBComponent_1
Add Component: Footprint Not Found PCBComponent_1
Add Component: Footprint Not Found PCBComponent_1
Add Component: Footprint Not Found PCBComponent_1
Add Component: Footprint Not Found PCBComponent_1
Add Component: Footprint Not Found PCBComponent_1
Add Component: Footprint Not Found PCBComponent_1
Add Component: Footprint Not Found PCBComponent_1
Add Component: Footprint Not Found PCBComponent_1
Add Component: Footprint Not Found PCBComponent_1
Add Component: Footprint Not Found PCBComponent_1
Added Pin To Net: NetName=NetC17_1 Pin=CON1-1
Added Pin To Net: NetName=NetCON1_7 Pin=CON1-7
Added Pin To Net: NetName=NetC1_2 Pin=CON1-10
Add Pin To Net: Unknown Pin: Pin IC1-2
Add Pin To Net: Unknown Pin: Pin IC1-5
Add Pin To Net: Unknown Pin: Pin IC1-8
Add Pin To Net: Unknown Pin: Pin IC1-9
Add Pin To Net: Unknown Pin: Pin IC1-10
Add Pin To Net: Unknown Pin: Pin IC1-11
Add Pin To Net: Unknown Pin: Pin IC1-12
Add Pin To Net: Unknown Pin: Pin IC1-13
Add Pin To Net: Unknown Pin: Pin IC1-14
Add Pin To Net: Unknown Pin: Pin IC1-15
Add Pin To Net: Unknown Pin: Pin IC1-16
Add Pin To Net: Unknown Pin: Pin IC2-1
Add Pin To Net: Unknown Pin: Pin IC2-5
Add Pin To Net: Unknown Pin: Pin IC2-6
Add Pin To Net: Unknown Pin: Pin IC2-9
Add Pin To Net: Unknown Pin: Pin IC5-2
Add Pin To Net: Unknown Pin: Pin T1-1
Add Pin To Net: Unknown Pin: Pin T1-2
Add Pin To Net: Unknown Pin: Pin T1-3
Add Pin To Net: Unknown Pin: Pin T2-1
Add Pin To Net: Unknown Pin: Pin T2-2
Add Pin To Net: Unknown Pin: Pin T3-1
Add Pin To Net: Unknown Pin: Pin T3-2
Add Pin To Net: Unknown Pin: Pin T3-3
Add Pin To Net: Unknown Pin: Pin T4-1
Add Pin To Net: Unknown Pin: Pin T4-2
Add Pin To Net: Unknown Pin: Pin T5-1
Add Pin To Net: Unknown Pin: Pin T5-2
Add Pin To Net: Unknown Pin: Pin T6-70
Add Pin To Net: Unknown Pin: Pin T6-71
Add Pin To Net: Unknown Pin: Pin T6-72
Add Pin To Net: Unknown Pin: Pin T7-2
Add Pin To Net: Unknown Pin: Pin T7-3
Add Pin To Net: Unknown Pin: Pin T8-1
Add Pin To Net: Unknown Pin: Pin T8-2
Add Pin To Net: Unknown Pin: Pin T9-70
Add Pin To Net: Unknown Pin: Pin T9-71
Add Pin To Net: Unknown Pin: Pin T9-72
Add Pin To Net: Unknown Pin: Pin T10-70
Add Pin To Net: Unknown Pin: Pin T10-71
Add Pin To Net: Unknown Pin: Pin T10-72
Add Pin To Net: Unknown Pin: Pin ZD1-66
Add Pin To Net: Unknown Pin: Pin ZD1-67
Change Net Name : Old Net Name=NetC1_2 New Net Name=GND
Change Net Name : Old Net Name=NetR6_1 New Net Name=NetIC5_2
Added Net: Name=Net19_1
Added Net: Name=Net19_2
Added Net: Name=Net560_1
Added Net: Name=Net560_2
Added Net: Name=Net*?_1
Added Net: Name=Net*?_2
Add Net: Net with name "Net*?_2" already exists
Added Net: Name=NetBR2_1
Added Net: Name=NetBR2_2
Added Net: Name=NetC20_1
Added Net: Name=NetC21_2
Added Net: Name=NetC23_2
Added Net: Name=NetC24_2
Added Net: Name=NetC25_2
Added Net: Name=NetC26_2
Added Net: Name=NetC30_1
Added Net: Name=NetC31_1
Added Net: Name=NetC33_1
Added Net: Name=NetC33_2
Added Net: Name=NetC34_2
Added Net: Name=NetC37_2
Added Net: Name=NetC38_1
Added Net: Name=NetC39_2
Added Pin To Net: NetName=NetC40_2 Pin=R2-2
Added Pin To Net: NetName=NetC40_2 Pin=R6-2
Added Net: Name=NetC40_2
Added Net: Name=NetC41_1
Added Net: Name=NetC41_2
Added Net: Name=NetC42_1
Added Net: Name=NetC42_2
Add Net: Net with name "NetC?_1" already exists
Added Net: Name=NetD4_1
Added Net: Name=NetD4_2
Added Net: Name=NetD5_2
Added Net: Name=NetD9_2
Added Net: Name=NetD10_3
Added Net: Name=NetD11_1
Added Net: Name=NetD12_2
Added Net: Name=NetD18_2
Added Net: Name=NetD21_1
Added Pin To Net: NetName=NetD21_2 Pin=R15-2
Added Net: Name=NetD21_2
Added Pin To Net: NetName=NetD22_2 Pin=R1-2
Added Pin To Net: NetName=NetD22_2 Pin=R34-2
Added Net: Name=NetD22_2
Added Net: Name=NetIC5_14
Added Net: Name=NetQ11_1
Added Net: Name=NetQ11_2
Added Net: Name=NetQ13_1
Added Net: Name=NetQ15_1
Added Net: Name=NetR45_1
Added Net: Name=NetR46_1
Added Net: Name=NetR49_2
Added Class: Name=Sheet3
Added Class: Name=Sheet4
Added Member To Class: ClassName=Sheet1 Member=Component C? 220nF
Added Member To Class: ClassName=Sheet2 Member=Component CON1 SMAW200A
Add Class Member: Failed to add class member : Component IC1 SIM5025
Add Class Member: Failed to add class member : Component IC2 PD32A0-DrV
Add Class Member: Failed to add class member : Component T1 KDS184
Add Class Member: Failed to add class member : Component T2 Z02W22VY
Add Class Member: Failed to add class member : Component T3 KDS184
Add Class Member: Failed to add class member : Component T4 Z02W22VY
Add Class Member: Failed to add class member : Component T5 Z02W22VY
Add Class Member: Failed to add class member : Component T6 MDD5N40RH
Add Class Member: Failed to add class member : Component T7 KDS184
Add Class Member: Failed to add class member : Component T8 Z02W22VY
Add Class Member: Failed to add class member : Component T9 MDD5N40RH
Add Class Member: Failed to add class member : Component T10 MDD5N40RH
Add Class Member: Failed to add class member : Component ZD1 KIA431AMZ
