Removed Pin From Net: NetName=GND Pin=C6-1
Removed Pin From Net: NetName=GND Pin=C11-1
Removed Pin From Net: NetName=NetIC_5 Pin=Q1-1
Removed Pin From Net: NetName=NetIC_5 Pin=R1-2
Removed Pin From Net: NetName=NetIC_5 Pin=R2-2
Removed Pin From Net: NetName=NetIC_5 Pin=R3-2
Removed Pin From Net: NetName=NetIC_5 Pin=R6-2
Removed Pin From Net: NetName=NetIC_5 Pin=R9-1
Removed Pin From Net: NetName=NetIC_5 Pin=R?-1
Removed Member From Class: ClassName=Sheet1 Member=C6
Removed Member From Class: ClassName=Sheet1 Member=C11
Change Component Designator: OldDesignator=C? NewDesignator=C14
Change Component Designator: OldDesignator=D? NewDesignator=D1
Added Component: Designator=C?(CAPPRD200W55D500H1250)
Add component (AddParameter): Name = "Arrow Part Number"; Value = ""; VariantName = "[No Variations]"
Add component (AddParameter): Name = "Arrow Price/Stock"; Value = ""; VariantName = "[No Variations]"
Add component (AddParameter): Name = "Datasheet Link"; Value = "http://industrial.panasonic.com/cdbs/www-data/pdf/RDF0000/ABA0000C1035.pdf"; VariantName = "[No Variations]"
Add component (AddParameter): Name = "Height"; Value = "12.5mm"; VariantName = "[No Variations]"
Add component (AddParameter): Name = "Manufacturer_Name"; Value = "Panasonic"; VariantName = "[No Variations]"
Add component (AddParameter): Name = "Manufacturer_Part_Number"; Value = "EEUHD1HR22"; VariantName = "[No Variations]"
Add component (AddParameter): Name = "Mouser Part Number"; Value = ""; VariantName = "[No Variations]"
Add component (AddParameter): Name = "Mouser Price/Stock"; Value = ""; VariantName = "[No Variations]"
Add Pin To Net: Unknown Pin: Pin *-1
Add Pin To Net: Unknown Pin: Pin *-2
Add Pin To Net: Unknown Pin: Pin *-3
Added Pin To Net: NetName=GND Pin=C14-2
Added Pin To Net: NetName=GND Pin=C?-2
Added Pin To Net: NetName=GND Pin=C?-2
Add Pin To Net: Unknown Pin: Pin D?-66
Add Pin To Net: Unknown Pin: Pin D?-67
Add Pin To Net: Unknown Pin: Pin IC1-5
Add Pin To Net: Unknown Pin: Pin IC1-9
Add Pin To Net: Unknown Pin: Pin IC1-10
Add Pin To Net: Unknown Pin: Pin IC1-13
Add Pin To Net: Unknown Pin: Pin IC1-14
Add Pin To Net: Unknown Pin: Pin IC1-15
Add Pin To Net: Unknown Pin: Pin IC1-16
Add Pin To Net: Unknown Pin: Pin IC-1
Add Pin To Net: Unknown Pin: Pin IC-5
Add Pin To Net: Unknown Pin: Pin IC-6
Added Pin To Net: NetName=NetC1_1 Pin=R?-1
Add Pin To Net: Unknown Pin: Pin T?-1
Add Pin To Net: Unknown Pin: Pin T?-1
Add Pin To Net: Unknown Pin: Pin T?-1
Add Pin To Net: Unknown Pin: Pin T?-1
Add Pin To Net: Unknown Pin: Pin T?-2
Add Pin To Net: Unknown Pin: Pin T?-2
Add Pin To Net: Unknown Pin: Pin T?-2
Add Pin To Net: Unknown Pin: Pin T?-2
Add Pin To Net: Unknown Pin: Pin T?-70
Add Pin To Net: Unknown Pin: Pin T?-72
Change Net Name : Old Net Name=GND New Net Name=NetC1_2
Change Net Name : Old Net Name=NetD?_2 New Net Name=NetD1_2
Added Net: Name=GND
Added Pin To Net: NetName=NetC14_1 Pin=C14-1
Added Net: Name=NetC14_1
Added Pin To Net: NetName=NetC?_1 Pin=C?-1
Added Pin To Net: NetName=NetC?_1 Pin=R19-2
Added Net: Name=NetC?_1
Add Net: Net with name "NetC?_1" already exists
Added Pin To Net: NetName=NetD1_1 Pin=D1-1
Added Net: Name=NetD1_1
Added Pin To Net: NetName=NetIC1_2 Pin=R11-2
Added Net: Name=NetIC1_2
Added Net: Name=NetIC1_11
Added Pin To Net: NetName=NetQ1_1 Pin=Q1-1
Added Pin To Net: NetName=NetQ1_1 Pin=R3-2
Added Net: Name=NetQ1_1
Added Pin To Net: NetName=NetR1_2 Pin=R1-2
Added Pin To Net: NetName=NetR1_2 Pin=R15-2
Added Net: Name=NetR1_2
Added Pin To Net: NetName=NetR2_2 Pin=R2-2
Added Pin To Net: NetName=NetR2_2 Pin=R6-2
Added Net: Name=NetR2_2
Added Pin To Net: NetName=NetR7_1 Pin=R7-1
Added Pin To Net: NetName=NetR7_1 Pin=R9-1
Added Net: Name=NetR7_1
Added Pin To Net: NetName=NetR10_2 Pin=R10-2
Added Pin To Net: NetName=NetR10_2 Pin=R23-1
Added Net: Name=NetR10_2
Added Pin To Net: NetName=NetR28_1 Pin=R28-1
Added Net: Name=NetR28_1
Add Class Member: Failed to add class member : Component * KDS184
Added Member To Class: ClassName=Sheet1 Member=Component C? 220nF
Added Member To Class: ClassName=Sheet1 Member=Component D1 US1M
Add Class Member: Failed to add class member : Component IC1 SIM5025
Add Class Member: Failed to add class member : Component IC PD32A0-DrV
Add Class Member: Failed to add class member : Component T? Z02W22VY
Add Class Member: Failed to add class member : Component T? MDD5N40RH
Add Class Member: Failed to add class member : Component T? Z02W22VY
Add Class Member: Failed to add class member : Component T? Z02W22VY
Add Class Member: Failed to add class member : Component T? KDS184
