Add Component: Footprint Not Found CAPPRD500W60D1250H2500
Add Component: Footprint Not Found CAPPRD500W60D1250H2500
Add Component: Footprint Not Found CAPPRD500W60D1250H2500
Add Component: Footprint Not Found CAPPRD500W60D1250H2500
Add Pin To Net: Unknown Pin: Pin C1-N
Add Pin To Net: Unknown Pin: Pin C1-P
Add Pin To Net: Unknown Pin: Pin C2-N
Add Pin To Net: Unknown Pin: Pin C3-N
Add Pin To Net: Unknown Pin: Pin C4-N
Change Net Name : Old Net Name=NetC?_N New Net Name=NetC1_N
Change Net Name : Old Net Name=NetC?_P New Net Name=NetC1_P
Added Pin To Net: NetName=NetC2_P Pin=IC?-1
Added Pin To Net: NetName=NetC2_P Pin=IC?-3
Added Net: Name=NetC2_P
Added Pin To Net: NetName=NetC4_P Pin=IC?-3
Added Net: Name=NetC4_P
Add Class Member: Failed to add class member : Component C1 EEUTA1E102LB
Add Class Member: Failed to add class member : Component C2 EEUTA1E102LB
Add Class Member: Failed to add class member : Component C3 EEUTA1E102LB
Add Class Member: Failed to add class member : Component C4 EEUTA1E102LB
Added Member To Class: ClassName=Sheet1 Member=Component D? 1N4007-E3_73
Added Member To Class: ClassName=Sheet1 Member=Component D? 1N4007-E3_73
Added Member To Class: ClassName=Sheet1 Member=Component D? 1N4007-E3_73
Added Member To Class: ClassName=Sheet1 Member=Component IC? L7805ACD2T-TR
