Add Component: Footprint Not Found CAPPRD350W55D850H1300
Add Component: Footprint Not Found CAPPRD350W55D850H1300
Add Component: Footprint Not Found CAPPRD350W55D850H1300
Add Component: Footprint Not Found CAPPRD350W55D850H1300
Add Pin To Net: Unknown Pin: Pin C1-1
Add Pin To Net: Unknown Pin: Pin C1-2
Add Pin To Net: Unknown Pin: Pin C2-2
Add Pin To Net: Unknown Pin: Pin C3-2
Add Pin To Net: Unknown Pin: Pin C4-2
Change Net Name : Old Net Name=NetC?_1 New Net Name=NetC1_1
Change Net Name : Old Net Name=NetC?_2 New Net Name=NetC1_2
Added Pin To Net: NetName=NetC2_1 Pin=IC?-1
Added Pin To Net: NetName=NetC2_1 Pin=IC?-3
Added Net: Name=NetC2_1
Added Pin To Net: NetName=NetC4_1 Pin=IC?-3
Added Net: Name=NetC4_1
Add Class Member: Failed to add class member : Component C1 108CKS6R3M
Add Class Member: Failed to add class member : Component C2 108CKS6R3M
Add Class Member: Failed to add class member : Component C3 108CKS6R3M
Add Class Member: Failed to add class member : Component C4 108CKS6R3M
Added Member To Class: ClassName=Sheet1 Member=Component D? 1N4007-E3_73
Added Member To Class: ClassName=Sheet1 Member=Component D? 1N4007-E3_73
Added Member To Class: ClassName=Sheet1 Member=Component D? 1N4007-E3_73
Added Member To Class: ClassName=Sheet1 Member=Component IC? L7805ACD2T-TR
