Added Component: Designator=C1(CAPPRD500W65D1250H2700)
Add component (AddParameter): Name = "Arrow Part Number"; Value = ""; VariantName = "[No Variations]"
Add component (AddParameter): Name = "Arrow Price/Stock"; Value = ""; VariantName = "[No Variations]"
Add component (AddParameter): Name = "Datasheet Link"; Value = "http://industrial.panasonic.com/cdbs/www-data/pdf/RDF0000/ABA0000C1212.pdf"; VariantName = "[No Variations]"
Add component (AddParameter): Name = "Height"; Value = "27mm"; VariantName = "[No Variations]"
Add component (AddParameter): Name = "Manufacturer_Name"; Value = "Panasonic"; VariantName = "[No Variations]"
Add component (AddParameter): Name = "Manufacturer_Part_Number"; Value = "EEUTA1E102LB"; VariantName = "[No Variations]"
Add component (AddParameter): Name = "Mouser Part Number"; Value = ""; VariantName = "[No Variations]"
Add component (AddParameter): Name = "Mouser Price/Stock"; Value = ""; VariantName = "[No Variations]"
Added Component: Designator=C2(CAPPRD500W65D1250H2700)
Add component (AddParameter): Name = "Arrow Part Number"; Value = ""; VariantName = "[No Variations]"
Add component (AddParameter): Name = "Arrow Price/Stock"; Value = ""; VariantName = "[No Variations]"
Add component (AddParameter): Name = "Datasheet Link"; Value = "http://industrial.panasonic.com/cdbs/www-data/pdf/RDF0000/ABA0000C1212.pdf"; VariantName = "[No Variations]"
Add component (AddParameter): Name = "Height"; Value = "27mm"; VariantName = "[No Variations]"
Add component (AddParameter): Name = "Manufacturer_Name"; Value = "Panasonic"; VariantName = "[No Variations]"
Add component (AddParameter): Name = "Manufacturer_Part_Number"; Value = "EEUTA1E102LB"; VariantName = "[No Variations]"
Add component (AddParameter): Name = "Mouser Part Number"; Value = ""; VariantName = "[No Variations]"
Add component (AddParameter): Name = "Mouser Price/Stock"; Value = ""; VariantName = "[No Variations]"
Added Component: Designator=C3(CAPPRD500W65D1250H2700)
Add component (AddParameter): Name = "Arrow Part Number"; Value = ""; VariantName = "[No Variations]"
Add component (AddParameter): Name = "Arrow Price/Stock"; Value = ""; VariantName = "[No Variations]"
Add component (AddParameter): Name = "Datasheet Link"; Value = "http://industrial.panasonic.com/cdbs/www-data/pdf/RDF0000/ABA0000C1212.pdf"; VariantName = "[No Variations]"
Add component (AddParameter): Name = "Height"; Value = "27mm"; VariantName = "[No Variations]"
Add component (AddParameter): Name = "Manufacturer_Name"; Value = "Panasonic"; VariantName = "[No Variations]"
Add component (AddParameter): Name = "Manufacturer_Part_Number"; Value = "EEUTA1E102LB"; VariantName = "[No Variations]"
Add component (AddParameter): Name = "Mouser Part Number"; Value = ""; VariantName = "[No Variations]"
Add component (AddParameter): Name = "Mouser Price/Stock"; Value = ""; VariantName = "[No Variations]"
Added Component: Designator=C4(CAPPRD500W65D1250H2700)
Add component (AddParameter): Name = "Arrow Part Number"; Value = ""; VariantName = "[No Variations]"
Add component (AddParameter): Name = "Arrow Price/Stock"; Value = ""; VariantName = "[No Variations]"
Add component (AddParameter): Name = "Datasheet Link"; Value = "http://industrial.panasonic.com/cdbs/www-data/pdf/RDF0000/ABA0000C1212.pdf"; VariantName = "[No Variations]"
Add component (AddParameter): Name = "Height"; Value = "27mm"; VariantName = "[No Variations]"
Add component (AddParameter): Name = "Manufacturer_Name"; Value = "Panasonic"; VariantName = "[No Variations]"
Add component (AddParameter): Name = "Manufacturer_Part_Number"; Value = "EEUTA1E102LB"; VariantName = "[No Variations]"
Add component (AddParameter): Name = "Mouser Part Number"; Value = ""; VariantName = "[No Variations]"
Add component (AddParameter): Name = "Mouser Price/Stock"; Value = ""; VariantName = "[No Variations]"
Added Component: Designator=D1(DIOAD1405W86L465D235)
Add component (AddParameter): Name = "Arrow Part Number"; Value = "1N4007-E3/73"; VariantName = "[No Variations]"
Add component (AddParameter): Name = "Arrow Price/Stock"; Value = "https://www.arrow.com/en/products/1n4007-e373/vishay?region=europe"; VariantName = "[No Variations]"
Add component (AddParameter): Name = "Datasheet Link"; Value = "https://mouser.componentsearchengine.com/Datasheets/2/1N4007-E3_73.pdf"; VariantName = "[No Variations]"
Add component (AddParameter): Name = "Manufacturer_Name"; Value = "Vishay"; VariantName = "[No Variations]"
Add component (AddParameter): Name = "Manufacturer_Part_Number"; Value = "1N4007-E3/73"; VariantName = "[No Variations]"
Add component (AddParameter): Name = "Mouser Part Number"; Value = "625-1N4007-E3/73"; VariantName = "[No Variations]"
Add component (AddParameter): Name = "Mouser Price/Stock"; Value = "https://www.mouser.co.uk/ProductDetail/Vishay-General-Semiconductor/1N4007-E3-73?qs=N4vtoAxH%2FSqT3Ng3e4K0Gw%3D%3D"; VariantName = "[No Variations]"
Added Component: Designator=D2(DIOAD1405W86L465D235)
Add component (AddParameter): Name = "Arrow Part Number"; Value = "1N4007-E3/73"; VariantName = "[No Variations]"
Add component (AddParameter): Name = "Arrow Price/Stock"; Value = "https://www.arrow.com/en/products/1n4007-e373/vishay?region=europe"; VariantName = "[No Variations]"
Add component (AddParameter): Name = "Datasheet Link"; Value = "https://mouser.componentsearchengine.com/Datasheets/2/1N4007-E3_73.pdf"; VariantName = "[No Variations]"
Add component (AddParameter): Name = "Manufacturer_Name"; Value = "Vishay"; VariantName = "[No Variations]"
Add component (AddParameter): Name = "Manufacturer_Part_Number"; Value = "1N4007-E3/73"; VariantName = "[No Variations]"
Add component (AddParameter): Name = "Mouser Part Number"; Value = "625-1N4007-E3/73"; VariantName = "[No Variations]"
Add component (AddParameter): Name = "Mouser Price/Stock"; Value = "https://www.mouser.co.uk/ProductDetail/Vishay-General-Semiconductor/1N4007-E3-73?qs=N4vtoAxH%2FSqT3Ng3e4K0Gw%3D%3D"; VariantName = "[No Variations]"
Added Component: Designator=D3(DIOAD1405W86L465D235)
Add component (AddParameter): Name = "Arrow Part Number"; Value = "1N4007-E3/73"; VariantName = "[No Variations]"
Add component (AddParameter): Name = "Arrow Price/Stock"; Value = "https://www.arrow.com/en/products/1n4007-e373/vishay?region=europe"; VariantName = "[No Variations]"
Add component (AddParameter): Name = "Datasheet Link"; Value = "https://mouser.componentsearchengine.com/Datasheets/2/1N4007-E3_73.pdf"; VariantName = "[No Variations]"
Add component (AddParameter): Name = "Manufacturer_Name"; Value = "Vishay"; VariantName = "[No Variations]"
Add component (AddParameter): Name = "Manufacturer_Part_Number"; Value = "1N4007-E3/73"; VariantName = "[No Variations]"
Add component (AddParameter): Name = "Mouser Part Number"; Value = "625-1N4007-E3/73"; VariantName = "[No Variations]"
Add component (AddParameter): Name = "Mouser Price/Stock"; Value = "https://www.mouser.co.uk/ProductDetail/Vishay-General-Semiconductor/1N4007-E3-73?qs=N4vtoAxH%2FSqT3Ng3e4K0Gw%3D%3D"; VariantName = "[No Variations]"
Added Component: Designator=D4(DIOAD1405W86L465D235)
Add component (AddParameter): Name = "Arrow Part Number"; Value = "1N4007-E3/73"; VariantName = "[No Variations]"
Add component (AddParameter): Name = "Arrow Price/Stock"; Value = "https://www.arrow.com/en/products/1n4007-e373/vishay?region=europe"; VariantName = "[No Variations]"
Add component (AddParameter): Name = "Datasheet Link"; Value = "https://mouser.componentsearchengine.com/Datasheets/2/1N4007-E3_73.pdf"; VariantName = "[No Variations]"
Add component (AddParameter): Name = "Manufacturer_Name"; Value = "Vishay"; VariantName = "[No Variations]"
Add component (AddParameter): Name = "Manufacturer_Part_Number"; Value = "1N4007-E3/73"; VariantName = "[No Variations]"
Add component (AddParameter): Name = "Mouser Part Number"; Value = "625-1N4007-E3/73"; VariantName = "[No Variations]"
Add component (AddParameter): Name = "Mouser Price/Stock"; Value = "https://www.mouser.co.uk/ProductDetail/Vishay-General-Semiconductor/1N4007-E3-73?qs=N4vtoAxH%2FSqT3Ng3e4K0Gw%3D%3D"; VariantName = "[No Variations]"
Added Component: Designator=IC1(SOIC127P600X175-8N)
Add component (AddParameter): Name = "Arrow Part Number"; Value = "LM555CM"; VariantName = "[No Variations]"
Add component (AddParameter): Name = "Arrow Price/Stock"; Value = "https://www.arrow.com/en/products/lm555cm/on-semiconductor"; VariantName = "[No Variations]"
Add component (AddParameter): Name = "Datasheet Link"; Value = "https://datasheet.datasheetarchive.com/originals/distributors/Datasheets_SAMA/3a16823a9a49147dced1d21a4d0c2297.pdf"; VariantName = "[No Variations]"
Add component (AddParameter): Name = "Height"; Value = "1.75mm"; VariantName = "[No Variations]"
Add component (AddParameter): Name = "Manufacturer_Name"; Value = "onsemi"; VariantName = "[No Variations]"
Add component (AddParameter): Name = "Manufacturer_Part_Number"; Value = "LM555CM"; VariantName = "[No Variations]"
Add component (AddParameter): Name = "Mouser Part Number"; Value = "512-LM555CM"; VariantName = "[No Variations]"
Add component (AddParameter): Name = "Mouser Price/Stock"; Value = "https://www.mouser.co.uk/ProductDetail/onsemi-Fairchild/LM555CM?qs=4YdYnegEbZVLxPa60axfTg%3D%3D"; VariantName = "[No Variations]"
Added Component: Designator=IC2(SOIC127P600X175-8N)
Add component (AddParameter): Name = "Arrow Part Number"; Value = "LM555CM"; VariantName = "[No Variations]"
Add component (AddParameter): Name = "Arrow Price/Stock"; Value = "https://www.arrow.com/en/products/lm555cm/on-semiconductor"; VariantName = "[No Variations]"
Add component (AddParameter): Name = "Datasheet Link"; Value = "https://datasheet.datasheetarchive.com/originals/distributors/Datasheets_SAMA/3a16823a9a49147dced1d21a4d0c2297.pdf"; VariantName = "[No Variations]"
Add component (AddParameter): Name = "Height"; Value = "1.75mm"; VariantName = "[No Variations]"
Add component (AddParameter): Name = "Manufacturer_Name"; Value = "onsemi"; VariantName = "[No Variations]"
Add component (AddParameter): Name = "Manufacturer_Part_Number"; Value = "LM555CM"; VariantName = "[No Variations]"
Add component (AddParameter): Name = "Mouser Part Number"; Value = "512-LM555CM"; VariantName = "[No Variations]"
Add component (AddParameter): Name = "Mouser Price/Stock"; Value = "https://www.mouser.co.uk/ProductDetail/onsemi-Fairchild/LM555CM?qs=4YdYnegEbZVLxPa60axfTg%3D%3D"; VariantName = "[No Variations]"
Added Component: Designator=J1(CUI_TB007-508-03BE)
Add component (AddParameter): Name = "Availability"; Value = "Unavailable"; VariantName = "[No Variations]"
Add component (AddParameter): Name = "MF"; Value = ""; VariantName = "[No Variations]"
Add component (AddParameter): Name = "MP"; Value = "TB007-508-03BE"; VariantName = "[No Variations]"
Add component (AddParameter): Name = "Package"; Value = "None"; VariantName = "[No Variations]"
Add component (AddParameter): Name = "Price"; Value = "None"; VariantName = "[No Variations]"
Add component (AddParameter): Name = "Value"; Value = ""; VariantName = "[No Variations]"
Added Component: Designator=J2(CUI_TB007-508-03BE)
Add component (AddParameter): Name = "Availability"; Value = "Unavailable"; VariantName = "[No Variations]"
Add component (AddParameter): Name = "MF"; Value = ""; VariantName = "[No Variations]"
Add component (AddParameter): Name = "MP"; Value = "TB007-508-03BE"; VariantName = "[No Variations]"
Add component (AddParameter): Name = "Package"; Value = "None"; VariantName = "[No Variations]"
Add component (AddParameter): Name = "Price"; Value = "None"; VariantName = "[No Variations]"
Add component (AddParameter): Name = "Value"; Value = ""; VariantName = "[No Variations]"
Added Component: Designator=J3(CUI_TB007-508-03BE)
Add component (AddParameter): Name = "Availability"; Value = "Unavailable"; VariantName = "[No Variations]"
Add component (AddParameter): Name = "MF"; Value = ""; VariantName = "[No Variations]"
Add component (AddParameter): Name = "MP"; Value = "TB007-508-03BE"; VariantName = "[No Variations]"
Add component (AddParameter): Name = "Package"; Value = "None"; VariantName = "[No Variations]"
Add component (AddParameter): Name = "Price"; Value = "None"; VariantName = "[No Variations]"
Add component (AddParameter): Name = "Value"; Value = ""; VariantName = "[No Variations]"
Added Component: Designator=J4(CUI_TB007-508-03BE)
Add component (AddParameter): Name = "Availability"; Value = "Unavailable"; VariantName = "[No Variations]"
Add component (AddParameter): Name = "MF"; Value = ""; VariantName = "[No Variations]"
Add component (AddParameter): Name = "MP"; Value = "TB007-508-03BE"; VariantName = "[No Variations]"
Add component (AddParameter): Name = "Package"; Value = "None"; VariantName = "[No Variations]"
Add component (AddParameter): Name = "Price"; Value = "None"; VariantName = "[No Variations]"
Add component (AddParameter): Name = "Value"; Value = ""; VariantName = "[No Variations]"
Added Component: Designator=K1(JJM112V)
Add component (AddParameter): Name = "Arrow Part Number"; Value = "JJM1-12V"; VariantName = "[No Variations]"
Add component (AddParameter): Name = "Arrow Price/Stock"; Value = "https://www.arrow.com/en/products/jjm1-12v/panasonic?region=nac"; VariantName = "[No Variations]"
Add component (AddParameter): Name = "Datasheet Link"; Value = "https://www.panasonic-electric-works.com/cps/rde/xbcr/pew_eu_en/ds_61210_en_jjm.pdf"; VariantName = "[No Variations]"
Add component (AddParameter): Name = "Height"; Value = "14.2mm"; VariantName = "[No Variations]"
Add component (AddParameter): Name = "Manufacturer_Name"; Value = "Panasonic"; VariantName = "[No Variations]"
Add component (AddParameter): Name = "Manufacturer_Part_Number"; Value = "JJM1-12V"; VariantName = "[No Variations]"
Add component (AddParameter): Name = "Mouser Part Number"; Value = "769-JJM1-12V"; VariantName = "[No Variations]"
Add component (AddParameter): Name = "Mouser Price/Stock"; Value = "https://www.mouser.co.uk/ProductDetail/Panasonic-Industrial-Devices/JJM1-12V?qs=UO%2Fx91QLkSB08I34A9%2FECg%3D%3D"; VariantName = "[No Variations]"
Added Component: Designator=K2(JJM112V)
Add component (AddParameter): Name = "Arrow Part Number"; Value = "JJM1-12V"; VariantName = "[No Variations]"
Add component (AddParameter): Name = "Arrow Price/Stock"; Value = "https://www.arrow.com/en/products/jjm1-12v/panasonic?region=nac"; VariantName = "[No Variations]"
Add component (AddParameter): Name = "Datasheet Link"; Value = "https://www.panasonic-electric-works.com/cps/rde/xbcr/pew_eu_en/ds_61210_en_jjm.pdf"; VariantName = "[No Variations]"
Add component (AddParameter): Name = "Height"; Value = "14.2mm"; VariantName = "[No Variations]"
Add component (AddParameter): Name = "Manufacturer_Name"; Value = "Panasonic"; VariantName = "[No Variations]"
Add component (AddParameter): Name = "Manufacturer_Part_Number"; Value = "JJM1-12V"; VariantName = "[No Variations]"
Add component (AddParameter): Name = "Mouser Part Number"; Value = "769-JJM1-12V"; VariantName = "[No Variations]"
Add component (AddParameter): Name = "Mouser Price/Stock"; Value = "https://www.mouser.co.uk/ProductDetail/Panasonic-Industrial-Devices/JJM1-12V?qs=UO%2Fx91QLkSB08I34A9%2FECg%3D%3D"; VariantName = "[No Variations]"
Added Component: Designator=Q1(2N4401PBFREE)
Add component (AddParameter): Name = "Arrow Part Number"; Value = "2N4401 PBFREE"; VariantName = "[No Variations]"
Add component (AddParameter): Name = "Arrow Price/Stock"; Value = "https://www.arrow.com/en/products/2n4401-pbfree/central-semiconductor?region=nac"; VariantName = "[No Variations]"
Add component (AddParameter): Name = "Datasheet Link"; Value = "https://my.centralsemi.com/datasheets/2N4400.PDF"; VariantName = "[No Variations]"
Add component (AddParameter): Name = "Height"; Value = "5.33mm"; VariantName = "[No Variations]"
Add component (AddParameter): Name = "Manufacturer_Name"; Value = "Central Semiconductor"; VariantName = "[No Variations]"
Add component (AddParameter): Name = "Manufacturer_Part_Number"; Value = "2N4401 PBFREE"; VariantName = "[No Variations]"
Add component (AddParameter): Name = "Mouser Part Number"; Value = "610-2N4401"; VariantName = "[No Variations]"
Add component (AddParameter): Name = "Mouser Price/Stock"; Value = "https://www.mouser.co.uk/ProductDetail/Central-Semiconductor/2N4401-PBFREE?qs=u16ybLDytRbENLVWEhN70w%3D%3D"; VariantName = "[No Variations]"
Added Component: Designator=Q2(2N4401PBFREE)
Add component (AddParameter): Name = "Arrow Part Number"; Value = "2N4401 PBFREE"; VariantName = "[No Variations]"
Add component (AddParameter): Name = "Arrow Price/Stock"; Value = "https://www.arrow.com/en/products/2n4401-pbfree/central-semiconductor?region=nac"; VariantName = "[No Variations]"
Add component (AddParameter): Name = "Datasheet Link"; Value = "https://my.centralsemi.com/datasheets/2N4400.PDF"; VariantName = "[No Variations]"
Add component (AddParameter): Name = "Height"; Value = "5.33mm"; VariantName = "[No Variations]"
Add component (AddParameter): Name = "Manufacturer_Name"; Value = "Central Semiconductor"; VariantName = "[No Variations]"
Add component (AddParameter): Name = "Manufacturer_Part_Number"; Value = "2N4401 PBFREE"; VariantName = "[No Variations]"
Add component (AddParameter): Name = "Mouser Part Number"; Value = "610-2N4401"; VariantName = "[No Variations]"
Add component (AddParameter): Name = "Mouser Price/Stock"; Value = "https://www.mouser.co.uk/ProductDetail/Central-Semiconductor/2N4401-PBFREE?qs=u16ybLDytRbENLVWEhN70w%3D%3D"; VariantName = "[No Variations]"
Added Component: Designator=Q3(2N4401PBFREE)
Add component (AddParameter): Name = "Arrow Part Number"; Value = "2N4401 PBFREE"; VariantName = "[No Variations]"
Add component (AddParameter): Name = "Arrow Price/Stock"; Value = "https://www.arrow.com/en/products/2n4401-pbfree/central-semiconductor?region=nac"; VariantName = "[No Variations]"
Add component (AddParameter): Name = "Datasheet Link"; Value = "https://my.centralsemi.com/datasheets/2N4400.PDF"; VariantName = "[No Variations]"
Add component (AddParameter): Name = "Height"; Value = "5.33mm"; VariantName = "[No Variations]"
Add component (AddParameter): Name = "Manufacturer_Name"; Value = "Central Semiconductor"; VariantName = "[No Variations]"
Add component (AddParameter): Name = "Manufacturer_Part_Number"; Value = "2N4401 PBFREE"; VariantName = "[No Variations]"
Add component (AddParameter): Name = "Mouser Part Number"; Value = "610-2N4401"; VariantName = "[No Variations]"
Add component (AddParameter): Name = "Mouser Price/Stock"; Value = "https://www.mouser.co.uk/ProductDetail/Central-Semiconductor/2N4401-PBFREE?qs=u16ybLDytRbENLVWEhN70w%3D%3D"; VariantName = "[No Variations]"
Added Component: Designator=Q4(2N4401PBFREE)
Add component (AddParameter): Name = "Arrow Part Number"; Value = "2N4401 PBFREE"; VariantName = "[No Variations]"
Add component (AddParameter): Name = "Arrow Price/Stock"; Value = "https://www.arrow.com/en/products/2n4401-pbfree/central-semiconductor?region=nac"; VariantName = "[No Variations]"
Add component (AddParameter): Name = "Datasheet Link"; Value = "https://my.centralsemi.com/datasheets/2N4400.PDF"; VariantName = "[No Variations]"
Add component (AddParameter): Name = "Height"; Value = "5.33mm"; VariantName = "[No Variations]"
Add component (AddParameter): Name = "Manufacturer_Name"; Value = "Central Semiconductor"; VariantName = "[No Variations]"
Add component (AddParameter): Name = "Manufacturer_Part_Number"; Value = "2N4401 PBFREE"; VariantName = "[No Variations]"
Add component (AddParameter): Name = "Mouser Part Number"; Value = "610-2N4401"; VariantName = "[No Variations]"
Add component (AddParameter): Name = "Mouser Price/Stock"; Value = "https://www.mouser.co.uk/ProductDetail/Central-Semiconductor/2N4401-PBFREE?qs=u16ybLDytRbENLVWEhN70w%3D%3D"; VariantName = "[No Variations]"
Added Component: Designator=R1(RESAD1987W56L1031D239)
Add component (AddParameter): Name = "Arrow Part Number"; Value = "RS01A1R000FE12"; VariantName = "[No Variations]"
Add component (AddParameter): Name = "Arrow Price/Stock"; Value = "https://www.arrow.com/en/products/rs01a1r000fe12/vishay?region=nac"; VariantName = "[No Variations]"
Add component (AddParameter): Name = "Datasheet Link"; Value = "http://www.mouser.com/ds/2/427/rsns-226497.pdf"; VariantName = "[No Variations]"
Add component (AddParameter): Name = "Manufacturer_Name"; Value = "Vishay"; VariantName = "[No Variations]"
Add component (AddParameter): Name = "Manufacturer_Part_Number"; Value = "RS01A1R000FE12"; VariantName = "[No Variations]"
Add component (AddParameter): Name = "Mouser Part Number"; Value = "71-RS01A1R000FE12"; VariantName = "[No Variations]"
Add component (AddParameter): Name = "Mouser Price/Stock"; Value = "https://www.mouser.co.uk/ProductDetail/Vishay-Dale/RS01A1R000FE12?qs=pX8%252BLszEE6SqU%2F4VU%252B6gEw%3D%3D"; VariantName = "[No Variations]"
Added Component: Designator=R3(RESAD1987W56L1031D239)
Add component (AddParameter): Name = "Arrow Part Number"; Value = "RS01A1R000FE12"; VariantName = "[No Variations]"
Add component (AddParameter): Name = "Arrow Price/Stock"; Value = "https://www.arrow.com/en/products/rs01a1r000fe12/vishay?region=nac"; VariantName = "[No Variations]"
Add component (AddParameter): Name = "Datasheet Link"; Value = "http://www.mouser.com/ds/2/427/rsns-226497.pdf"; VariantName = "[No Variations]"
Add component (AddParameter): Name = "Manufacturer_Name"; Value = "Vishay"; VariantName = "[No Variations]"
Add component (AddParameter): Name = "Manufacturer_Part_Number"; Value = "RS01A1R000FE12"; VariantName = "[No Variations]"
Add component (AddParameter): Name = "Mouser Part Number"; Value = "71-RS01A1R000FE12"; VariantName = "[No Variations]"
Add component (AddParameter): Name = "Mouser Price/Stock"; Value = "https://www.mouser.co.uk/ProductDetail/Vishay-Dale/RS01A1R000FE12?qs=pX8%252BLszEE6SqU%2F4VU%252B6gEw%3D%3D"; VariantName = "[No Variations]"
Added Component: Designator=R5(RESAD1987W56L1031D239)
Add component (AddParameter): Name = "Arrow Part Number"; Value = "RS01A1R000FE12"; VariantName = "[No Variations]"
Add component (AddParameter): Name = "Arrow Price/Stock"; Value = "https://www.arrow.com/en/products/rs01a1r000fe12/vishay?region=nac"; VariantName = "[No Variations]"
Add component (AddParameter): Name = "Datasheet Link"; Value = "http://www.mouser.com/ds/2/427/rsns-226497.pdf"; VariantName = "[No Variations]"
Add component (AddParameter): Name = "Manufacturer_Name"; Value = "Vishay"; VariantName = "[No Variations]"
Add component (AddParameter): Name = "Manufacturer_Part_Number"; Value = "RS01A1R000FE12"; VariantName = "[No Variations]"
Add component (AddParameter): Name = "Mouser Part Number"; Value = "71-RS01A1R000FE12"; VariantName = "[No Variations]"
Add component (AddParameter): Name = "Mouser Price/Stock"; Value = "https://www.mouser.co.uk/ProductDetail/Vishay-Dale/RS01A1R000FE12?qs=pX8%252BLszEE6SqU%2F4VU%252B6gEw%3D%3D"; VariantName = "[No Variations]"
Added Component: Designator=R6(RESAD1987W56L1031D239)
Add component (AddParameter): Name = "Arrow Part Number"; Value = "RS01A1R000FE12"; VariantName = "[No Variations]"
Add component (AddParameter): Name = "Arrow Price/Stock"; Value = "https://www.arrow.com/en/products/rs01a1r000fe12/vishay?region=nac"; VariantName = "[No Variations]"
Add component (AddParameter): Name = "Datasheet Link"; Value = "http://www.mouser.com/ds/2/427/rsns-226497.pdf"; VariantName = "[No Variations]"
Add component (AddParameter): Name = "Manufacturer_Name"; Value = "Vishay"; VariantName = "[No Variations]"
Add component (AddParameter): Name = "Manufacturer_Part_Number"; Value = "RS01A1R000FE12"; VariantName = "[No Variations]"
Add component (AddParameter): Name = "Mouser Part Number"; Value = "71-RS01A1R000FE12"; VariantName = "[No Variations]"
Add component (AddParameter): Name = "Mouser Price/Stock"; Value = "https://www.mouser.co.uk/ProductDetail/Vishay-Dale/RS01A1R000FE12?qs=pX8%252BLszEE6SqU%2F4VU%252B6gEw%3D%3D"; VariantName = "[No Variations]"
Added Component: Designator=VR1(TRIM_3362P-1-102RLF)
Add component (AddParameter): Name = "Availability"; Value = "Good"; VariantName = "[No Variations]"
Add component (AddParameter): Name = "Check_prices"; Value = "https://www.snapeda.com/parts/3362P-1-102RLF/Bourns/view-part/1439351/?ref=eda"; VariantName = "[No Variations]"
Add component (AddParameter): Name = "MF"; Value = "Bourns"; VariantName = "[No Variations]"
Add component (AddParameter): Name = "MP"; Value = "3362P-1-102RLF"; VariantName = "[No Variations]"
Add component (AddParameter): Name = "Package"; Value = "3362P-1 Bourns Inc."; VariantName = "[No Variations]"
Add component (AddParameter): Name = "Price"; Value = "None"; VariantName = "[No Variations]"
Add component (AddParameter): Name = "Purchase-URL"; Value = "https://pricing.snapeda.com/search/part/3362P-1-102RLF/?ref=eda"; VariantName = "[No Variations]"
Add component (AddParameter): Name = "SnapEDA_Link"; Value = "https://www.snapeda.com/parts/3362P-1-102RLF/Bourns/view-part/1439351/?ref=snap"; VariantName = "[No Variations]"
Add component (AddParameter): Name = "Value"; Value = ""; VariantName = "[No Variations]"
Added Component: Designator=VR2(TRIM_3362P-1-102RLF)
Add component (AddParameter): Name = "Availability"; Value = "Good"; VariantName = "[No Variations]"
Add component (AddParameter): Name = "Check_prices"; Value = "https://www.snapeda.com/parts/3362P-1-102RLF/Bourns/view-part/1439351/?ref=eda"; VariantName = "[No Variations]"
Add component (AddParameter): Name = "MF"; Value = "Bourns"; VariantName = "[No Variations]"
Add component (AddParameter): Name = "MP"; Value = "3362P-1-102RLF"; VariantName = "[No Variations]"
Add component (AddParameter): Name = "Package"; Value = "3362P-1 Bourns Inc."; VariantName = "[No Variations]"
Add component (AddParameter): Name = "Price"; Value = "None"; VariantName = "[No Variations]"
Add component (AddParameter): Name = "Purchase-URL"; Value = "https://pricing.snapeda.com/search/part/3362P-1-102RLF/?ref=eda"; VariantName = "[No Variations]"
Add component (AddParameter): Name = "SnapEDA_Link"; Value = "https://www.snapeda.com/parts/3362P-1-102RLF/Bourns/view-part/1439351/?ref=snap"; VariantName = "[No Variations]"
Add component (AddParameter): Name = "Value"; Value = ""; VariantName = "[No Variations]"
Added Pin To Net: NetName=NetC1_1 Pin=C1-1
Added Pin To Net: NetName=NetC1_1 Pin=IC1-5
Added Net: Name=NetC1_1
Added Pin To Net: NetName=NetC1_2 Pin=C1-2
Added Pin To Net: NetName=NetC1_2 Pin=C2-2
Added Pin To Net: NetName=NetC1_2 Pin=IC1-1
Added Pin To Net: NetName=NetC1_2 Pin=J1-1
Added Pin To Net: NetName=NetC1_2 Pin=Q1-3
Added Pin To Net: NetName=NetC1_2 Pin=Q2-1
Added Net: Name=NetC1_2
Added Pin To Net: NetName=NetC2_1 Pin=C2-1
Added Pin To Net: NetName=NetC2_1 Pin=D1-1
Added Pin To Net: NetName=NetC2_1 Pin=D2-1
Added Pin To Net: NetName=NetC2_1 Pin=K1-1
Added Net: Name=NetC2_1
Added Pin To Net: NetName=NetC3_1 Pin=C3-1
Added Pin To Net: NetName=NetC3_1 Pin=IC2-5
Added Net: Name=NetC3_1
Added Pin To Net: NetName=NetC3_2 Pin=C3-2
Added Pin To Net: NetName=NetC3_2 Pin=C4-2
Added Pin To Net: NetName=NetC3_2 Pin=IC2-1
Added Pin To Net: NetName=NetC3_2 Pin=J2-1
Added Pin To Net: NetName=NetC3_2 Pin=Q3-3
Added Pin To Net: NetName=NetC3_2 Pin=Q4-1
Added Net: Name=NetC3_2
Added Pin To Net: NetName=NetC4_1 Pin=C4-1
Added Pin To Net: NetName=NetC4_1 Pin=D3-1
Added Pin To Net: NetName=NetC4_1 Pin=D4-1
Added Pin To Net: NetName=NetC4_1 Pin=K2-1
Added Net: Name=NetC4_1
Added Pin To Net: NetName=NetD1_2 Pin=D1-2
Added Pin To Net: NetName=NetD1_2 Pin=IC1-4
Added Pin To Net: NetName=NetD1_2 Pin=IC1-8
Added Pin To Net: NetName=NetD1_2 Pin=J1-3
Added Pin To Net: NetName=NetD1_2 Pin=Q1-1
Added Pin To Net: NetName=NetD1_2 Pin=R3-1
Added Net: Name=NetD1_2
Added Pin To Net: NetName=NetD2_2 Pin=D2-2
Added Pin To Net: NetName=NetD2_2 Pin=K1-4
Added Pin To Net: NetName=NetD2_2 Pin=Q2-3
Added Net: Name=NetD2_2
Added Pin To Net: NetName=NetD3_2 Pin=D3-2
Added Pin To Net: NetName=NetD3_2 Pin=IC2-4
Added Pin To Net: NetName=NetD3_2 Pin=IC2-8
Added Pin To Net: NetName=NetD3_2 Pin=J2-3
Added Pin To Net: NetName=NetD3_2 Pin=Q3-1
Added Pin To Net: NetName=NetD3_2 Pin=R5-1
Added Net: Name=NetD3_2
Added Pin To Net: NetName=NetD4_2 Pin=D4-2
Added Pin To Net: NetName=NetD4_2 Pin=K2-4
Added Pin To Net: NetName=NetD4_2 Pin=Q4-3
Added Net: Name=NetD4_2
Added Pin To Net: NetName=NetIC1_2 Pin=IC1-2
Added Pin To Net: NetName=NetIC1_2 Pin=IC1-6
Added Pin To Net: NetName=NetIC1_2 Pin=VR1-2
Added Net: Name=NetIC1_2
Added Pin To Net: NetName=NetIC1_3 Pin=IC1-3
Added Pin To Net: NetName=NetIC1_3 Pin=R1-1
Added Net: Name=NetIC1_3
Added Pin To Net: NetName=NetIC1_7 Pin=IC1-7
Added Pin To Net: NetName=NetIC1_7 Pin=R3-2
Added Pin To Net: NetName=NetIC1_7 Pin=VR1-3
Added Net: Name=NetIC1_7
Added Pin To Net: NetName=NetIC2_2 Pin=IC2-2
Added Pin To Net: NetName=NetIC2_2 Pin=IC2-6
Added Pin To Net: NetName=NetIC2_2 Pin=VR2-1
Added Pin To Net: NetName=NetIC2_2 Pin=VR2-2
Added Net: Name=NetIC2_2
Added Pin To Net: NetName=NetIC2_3 Pin=IC2-3
Added Pin To Net: NetName=NetIC2_3 Pin=R6-1
Added Net: Name=NetIC2_3
Added Pin To Net: NetName=NetIC2_7 Pin=IC2-7
Added Pin To Net: NetName=NetIC2_7 Pin=R5-2
Added Pin To Net: NetName=NetIC2_7 Pin=VR2-3
Added Net: Name=NetIC2_7
Added Pin To Net: NetName=NetJ1_2 Pin=J1-2
Added Pin To Net: NetName=NetJ1_2 Pin=Q2-2
Added Net: Name=NetJ1_2
Added Pin To Net: NetName=NetJ2_2 Pin=J2-2
Added Pin To Net: NetName=NetJ2_2 Pin=Q4-2
Added Net: Name=NetJ2_2
Added Pin To Net: NetName=NetJ3_1 Pin=J3-1
Added Pin To Net: NetName=NetJ3_1 Pin=K1-2
Added Net: Name=NetJ3_1
Added Pin To Net: NetName=NetJ3_2 Pin=J3-2
Added Pin To Net: NetName=NetJ3_2 Pin=K1-5
Added Net: Name=NetJ3_2
Added Pin To Net: NetName=NetJ3_3 Pin=J3-3
Added Pin To Net: NetName=NetJ3_3 Pin=K1-3
Added Net: Name=NetJ3_3
Added Pin To Net: NetName=NetJ4_1 Pin=J4-1
Added Pin To Net: NetName=NetJ4_1 Pin=K2-2
Added Net: Name=NetJ4_1
Added Pin To Net: NetName=NetJ4_2 Pin=J4-2
Added Pin To Net: NetName=NetJ4_2 Pin=K2-5
Added Net: Name=NetJ4_2
Added Pin To Net: NetName=NetJ4_3 Pin=J4-3
Added Pin To Net: NetName=NetJ4_3 Pin=K2-3
Added Net: Name=NetJ4_3
Added Pin To Net: NetName=NetQ1_2 Pin=Q1-2
Added Pin To Net: NetName=NetQ1_2 Pin=R1-2
Added Net: Name=NetQ1_2
Added Pin To Net: NetName=NetQ3_2 Pin=Q3-2
Added Pin To Net: NetName=NetQ3_2 Pin=R6-2
Added Net: Name=NetQ3_2
Added Class: Name=Sheet2
