C51 COMPILER V9.05   SMP                                                                   09/30/2019 05:24:15 PAGE 1   


C51 COMPILER V9.05, COMPILATION OF MODULE SMP
OBJECT MODULE PLACED IN smp.OBJ
COMPILER INVOKED BY: C:\Keil\C51\BIN\C51.EXE smp.c BROWSE DEBUG OBJECTEXTEND

line level    source

   1            #include<reg51.h>
   2            void main ()
   3             {
   4   1         while(1)
   5   1        {
   6   2        P2=0x00;
   7   2        P2=0xff;
   8   2        }
   9   1        }


MODULE INFORMATION:   STATIC OVERLAYABLE
   CODE SIZE        =      8    ----
   CONSTANT SIZE    =   ----    ----
   XDATA SIZE       =   ----    ----
   PDATA SIZE       =   ----    ----
   DATA SIZE        =   ----    ----
   IDATA SIZE       =   ----    ----
   BIT SIZE         =   ----    ----
END OF MODULE INFORMATION.


C51 COMPILATION COMPLETE.  0 WARNING(S),  0 ERROR(S)
