

HI-TECH Software PIC LITE Macro Assembler V9.82 build 9453 
                                                                                               Mon Aug 12 09:56:04 2024

HI-TECH Software Omniscient Code Generator (Lite mode) build 9453
     1  0000                     opt subtitle "HI-TECH Software Omniscient Code Generator (Lite mode) build 9453"
     2                           
     3                           opt pagewidth 120
     4                           
     5                           	opt lm
     6                           
     7                           	processor	16F877A
     8                           clrc	macro
     9                           	bcf	3,0
    10  0000                     	endm
    11                           clrz	macro
    12                           	bcf	3,2
    13  0000                     	endm
    14                           setc	macro
    15                           	bsf	3,0
    16  0000                     	endm
    17                           setz	macro
    18                           	bsf	3,2
    19  0000                     	endm
    20                           skipc	macro
    21                           	btfss	3,0
    22  0000                     	endm
    23                           skipz	macro
    24                           	btfss	3,2
    25  0000                     	endm
    26                           skipnc	macro
    27                           	btfsc	3,0
    28  0000                     	endm
    29                           skipnz	macro
    30                           	btfsc	3,2
    31  0000                     	endm
    32  0000                     indf	equ	0
    33  0000                     indf0	equ	0
    34  0002                     pc	equ	2
    35  0002                     pcl	equ	2
    36  0003                     status	equ	3
    37  0004                     fsr	equ	4
    38  0004                     fsr0	equ	4
    39  0001                     c	equ	1
    40  0000                     z	equ	0
    41  000A                     pclath	equ	10
    42                           # 2 "E:\pic program\pic controller,PIC16F877A\MATRIX INTER\keypad1.c"
    43                           	psect config,class=CONFIG,delta=2 ;#
    44                           # 2 "E:\pic program\pic controller,PIC16F877A\MATRIX INTER\keypad1.c"
    45  2007  FF32               	dw 0xFFFE & 0xFFFB & 0xFFF7 & 0xFFBF & 0xFF7F & 0xFFFF & 0xFFFF & 0xFFFF ;#
    46                           	FNCALL	_main,_init
    47                           	FNCALL	_main,_disp
    48                           	FNCALL	_main,_cmd
    49                           	FNCALL	_main,_write
    50                           	FNCALL	_disp,_cmd
    51                           	FNCALL	_disp,_write
    52                           	FNCALL	_init,_cmd
    53                           	FNROOT	_main
    54                           	global	_a
    55                           	global	_m
    56                           psect	nvCOMMON,class=COMMON,space=1
    57                           global __pnvCOMMON
    58  0079                     __pnvCOMMON:
    59  0079                     _m:
    60  0079                            ds      1
    61                           
    62                           	global	_PORTD
    63  0008                     _PORTD	set	8
    64                           	global	_CARRY
    65  0018                     _CARRY	set	24
    66                           	global	_GIE
    67  005F                     _GIE	set	95
    68                           	global	_RB0
    69  0030                     _RB0	set	48
    70                           	global	_RB1
    71  0031                     _RB1	set	49
    72                           	global	_RB2
    73  0032                     _RB2	set	50
    74                           	global	_RB3
    75  0033                     _RB3	set	51
    76                           	global	_RB4
    77  0034                     _RB4	set	52
    78                           	global	_RB5
    79  0035                     _RB5	set	53
    80                           	global	_RB6
    81  0036                     _RB6	set	54
    82                           	global	_RD0
    83  0040                     _RD0	set	64
    84                           	global	_RD1
    85  0041                     _RD1	set	65
    86                           	global	_OPTION_REGbits
    87  0081                     _OPTION_REGbits	set	129
    88                           	global	_TRISB
    89  0086                     _TRISB	set	134
    90                           	global	_TRISD
    91  0088                     _TRISD	set	136
    92                           	global	_EEADR
    93  010D                     _EEADR	set	269
    94                           	global	_EEDATA
    95  010C                     _EEDATA	set	268
    96                           	global	_EECON1
    97  018C                     _EECON1	set	396
    98                           	global	_EECON2
    99  018D                     _EECON2	set	397
   100                           	global	_RD
   101  0C60                     _RD	set	3168
   102                           	global	_WR
   103  0C61                     _WR	set	3169
   104                           	global	_WREN
   105  0C62                     _WREN	set	3170
   106                           psect	strings,class=STRING,delta=2
   107                           global __pstrings
   108  0003                     __pstrings:
   109                           ;	global	stringdir,stringtab,__stringbase
   110  0003                     stringtab:
   111                           ;	String table - string pointers are 1 byte each
   112  0003                     stringcode:stringdir:
      + 0003                     stringdir:	
   113  0003  3000               movlw high(stringdir)
   114  0004  008A               movwf pclath
   115  0005  0804               movf fsr,w
   116  0006  0A84               incf fsr
   117  0007  0782               	addwf pc
   118  0008                     __stringbase:
   119  0008  3400               	retlw	0
   120                           psect	strings
   121                           	
   122  0009                     STR_1:	
   123  0009  3445               	retlw	69	;'E'
   124  000A  344E               	retlw	78	;'N'
   125  000B  3454               	retlw	84	;'T'
   126  000C  3445               	retlw	69	;'E'
   127  000D  3452               	retlw	82	;'R'
   128  000E  3445               	retlw	69	;'E'
   129  000F  3444               	retlw	68	;'D'
   130  0010  3420               	retlw	32	;' '
   131  0011  344B               	retlw	75	;'K'
   132  0012  3445               	retlw	69	;'E'
   133  0013  3459               	retlw	89	;'Y'
   134  0014  343A               	retlw	58	;':'
   135  0015  3400               	retlw	0
   136                           psect	strings
   137                           	file	"keypad.as"
   138                           	line	#
   139                           psect cinit,class=CODE,delta=2
   140                           global start_initialization
   141  062C                     start_initialization:
   142                           
   143                           psect	bssCOMMON,class=COMMON,space=1
   144                           global __pbssCOMMON
   145  007A                     __pbssCOMMON:
   146  007A                     _a:
   147  007A                            ds      1
   148                           
   149                           ; Clear objects allocated to COMMON
   150                           psect cinit,class=CODE,delta=2
   151  062C  01FA               	clrf	((__pbssCOMMON)+0)&07Fh
   152                           psect cinit,class=CODE,delta=2
   153                           global end_of_initialization
   154                           
   155                           ;End of C runtime variable initialization code
   156                           
   157  062D                     end_of_initialization:
   158  062D  0183               clrf status
   159  062E  120A  118A  2EE2   ljmp _main	;jump to C main() function
   160                           psect	cstackCOMMON,class=COMMON,space=1
   161                           global __pcstackCOMMON
   162  0070                     __pcstackCOMMON:
   163                           	global	?_init
   164  0070                     ?_init:	; 0 bytes @ 0x0
   165                           	global	?_cmd
   166  0070                     ?_cmd:	; 0 bytes @ 0x0
   167                           	global	??_cmd
   168  0070                     ??_cmd:	; 0 bytes @ 0x0
   169                           	global	?_write
   170  0070                     ?_write:	; 0 bytes @ 0x0
   171                           	global	??_write
   172  0070                     ??_write:	; 0 bytes @ 0x0
   173                           	global	?_main
   174  0070                     ?_main:	; 0 bytes @ 0x0
   175  0070                     	ds	1
   176                           	global	cmd@a
   177  0071                     cmd@a:	; 1 bytes @ 0x1
   178                           	global	write@b
   179  0071                     write@b:	; 1 bytes @ 0x1
   180  0071                     	ds	1
   181                           	global	??_init
   182  0072                     ??_init:	; 0 bytes @ 0x2
   183                           	global	?_disp
   184  0072                     ?_disp:	; 0 bytes @ 0x2
   185                           	global	disp@b
   186  0072                     disp@b:	; 1 bytes @ 0x2
   187  0072                     	ds	1
   188                           	global	disp@c
   189  0073                     disp@c:	; 1 bytes @ 0x3
   190  0073                     	ds	1
   191                           	global	??_disp
   192  0074                     ??_disp:	; 0 bytes @ 0x4
   193                           	global	disp@a
   194  0074                     disp@a:	; 1 bytes @ 0x4
   195  0074                     	ds	1
   196                           	global	disp@k
   197  0075                     disp@k:	; 2 bytes @ 0x5
   198  0075                     	ds	2
   199                           	global	??_main
   200  0077                     ??_main:	; 0 bytes @ 0x7
   201  0077                     	ds	2
   202 ;;Data sizes: Strings 13, constant 0, data 0, bss 1, persistent 1 stack 0
   203 ;;Auto spaces:   Size  Autos    Used
   204 ;; COMMON          14      9      11
   205 ;; BANK0           80      0       0
   206 ;; BANK1           80      0       0
   207 ;; BANK3           96      0       0
   208 ;; BANK2           96      0       0
   209                           
   210 ;;
   211 ;; Pointer list with targets:
   212                           
   213 ;; disp@b	PTR const unsigned char  size(1) Largest target is 13
   214 ;;		 -> STR_1(CODE[13]), 
   215 ;;
   216                           
   217                           
   218 ;;
   219 ;; Critical Paths under _main in COMMON
   220 ;;
   221 ;;   _main->_disp
   222 ;;   _disp->_cmd
   223 ;;   _disp->_write
   224 ;;   _init->_cmd
   225 ;;
   226 ;; Critical Paths under _main in BANK0
   227 ;;
   228 ;;   None.
   229 ;;
   230 ;; Critical Paths under _main in BANK1
   231 ;;
   232 ;;   None.
   233 ;;
   234 ;; Critical Paths under _main in BANK3
   235 ;;
   236 ;;   None.
   237 ;;
   238 ;; Critical Paths under _main in BANK2
   239 ;;
   240 ;;   None.
   241                           
   242 ;;
   243 ;;Main: autosize = 0, tempsize = 2, incstack = 0, save=0
   244 ;;
   245                           
   246 ;;
   247 ;;Call Graph Tables:
   248 ;;
   249 ;; ---------------------------------------------------------------------------------
   250 ;; (Depth) Function   	        Calls       Base Space   Used Autos Params    Refs
   251 ;; ---------------------------------------------------------------------------------
   252 ;; (0) _main                                                 2     2      0     240
   253 ;;                                              7 COMMON     2     2      0
   254 ;;                               _init
   255 ;;                               _disp
   256 ;;                                _cmd
   257 ;;                              _write
   258 ;; ---------------------------------------------------------------------------------
   259 ;; (1) _disp                                                 5     3      2     150
   260 ;;                                              2 COMMON     5     3      2
   261 ;;                                _cmd
   262 ;;                              _write
   263 ;; ---------------------------------------------------------------------------------
   264 ;; (1) _init                                                 0     0      0      30
   265 ;;                                _cmd
   266 ;; ---------------------------------------------------------------------------------
   267 ;; (1) _write                                                2     2      0      30
   268 ;;                                              0 COMMON     2     2      0
   269 ;; ---------------------------------------------------------------------------------
   270 ;; (1) _cmd                                                  2     2      0      30
   271 ;;                                              0 COMMON     2     2      0
   272 ;; ---------------------------------------------------------------------------------
   273 ;; Estimated maximum stack depth 1
   274 ;; ---------------------------------------------------------------------------------
   275                           
   276 ;; Call Graph Graphs:
   277                           
   278 ;; _main (ROOT)
   279 ;;   _init
   280 ;;     _cmd
   281 ;;   _disp
   282 ;;     _cmd
   283 ;;     _write
   284 ;;   _cmd
   285 ;;   _write
   286 ;;
   287                           
   288 ;; Address spaces:
   289                           
   290 ;;Name               Size   Autos  Total    Cost      Usage
   291 ;;BITCOMMON            E      0       0       0        0.0%
   292 ;;EEDATA             100      0       0       0        0.0%
   293 ;;NULL                 0      0       0       0        0.0%
   294 ;;CODE                 0      0       0       0        0.0%
   295 ;;COMMON               E      9       B       1       78.6%
   296 ;;BITSFR0              0      0       0       1        0.0%
   297 ;;SFR0                 0      0       0       1        0.0%
   298 ;;BITSFR1              0      0       0       2        0.0%
   299 ;;SFR1                 0      0       0       2        0.0%
   300 ;;STACK                0      0       2       2        0.0%
   301 ;;ABS                  0      0       B       3        0.0%
   302 ;;BITBANK0            50      0       0       4        0.0%
   303 ;;BITSFR3              0      0       0       4        0.0%
   304 ;;SFR3                 0      0       0       4        0.0%
   305 ;;BANK0               50      0       0       5        0.0%
   306 ;;BITSFR2              0      0       0       5        0.0%
   307 ;;SFR2                 0      0       0       5        0.0%
   308 ;;BITBANK1            50      0       0       6        0.0%
   309 ;;BANK1               50      0       0       7        0.0%
   310 ;;BITBANK3            60      0       0       8        0.0%
   311 ;;BANK3               60      0       0       9        0.0%
   312 ;;BITBANK2            60      0       0      10        0.0%
   313 ;;BANK2               60      0       0      11        0.0%
   314 ;;DATA                 0      0       D      12        0.0%
   315                           
   316                           	global	_main
   317                           psect	maintext,global,class=CODE,delta=2
   318                           global __pmaintext
   319  06E2                     __pmaintext:
   320                           
   321 ;; *************** function _main *****************
   322 ;; Defined at:
   323 ;;		line 15 in file "E:\pic program\pic controller,PIC16F877A\MATRIX INTER\keypad1.c"
   324 ;; Parameters:    Size  Location     Type
   325 ;;		None
   326 ;; Auto vars:     Size  Location     Type
   327 ;;		None
   328 ;; Return value:  Size  Location     Type
   329 ;;		None               void
   330 ;; Registers used:
   331 ;;		wreg, fsr0l, fsr0h, status,2, status,0, pclath, cstack
   332 ;; Tracked objects:
   333 ;;		On entry : 17F/0
   334 ;;		On exit  : 0/0
   335 ;;		Unchanged: 0/0
   336 ;; Data sizes:     COMMON   BANK0   BANK1   BANK3   BANK2
   337 ;;      Params:         0       0       0       0       0
   338 ;;      Locals:         0       0       0       0       0
   339 ;;      Temps:          2       0       0       0       0
   340 ;;      Totals:         2       0       0       0       0
   341 ;;Total ram usage:        2 bytes
   342 ;; Hardware stack levels required when called:    2
   343 ;; This function calls:
   344 ;;		_init
   345 ;;		_disp
   346 ;;		_cmd
   347 ;;		_write
   348 ;; This function is called by:
   349 ;;		Startup code after reset
   350 ;; This function uses a non-reentrant model
   351 ;;
   352                           psect	maintext
   353                           	file	"E:\pic program\pic controller,PIC16F877A\MATRIX INTER\keypad1.c"
   354                           	line	15
   355                           	global	__size_of_main
   356  011E                     	__size_of_main	equ	__end_of_main-_main
   357                           	
   358  06E2                     _main:	
   359                           	opt	stack 6
   360                           ; Regs used in _main: [wreg-fsr0h+status,2+status,0+pclath+cstack]
   361                           	line	16
   362                           	
   363  06E2                     l2730:	
   364                           ;keypad1.c: 16: TRISD = 0x00;
   365  06E2  1683               	bsf	status, 5	;RP0=1, select bank1
   366  06E3  1303               	bcf	status, 6	;RP1=0, select bank1
   367  06E4  0188               	clrf	(136)^080h	;volatile
   368                           	line	17
   369                           	
   370  06E5                     l2732:	
   371                           ;keypad1.c: 17: TRISB = 0xf8;
   372  06E5  30F8               	movlw	(0F8h)
   373  06E6  0086               	movwf	(134)^080h	;volatile
   374                           	line	18
   375                           	
   376  06E7                     l2734:	
   377                           ;keypad1.c: 18: OPTION_REGbits.nRBPU = 0;
   378  06E7  1381               	bcf	(129)^080h,7	;volatile
   379                           	line	19
   380                           	
   381  06E8                     l2736:	
   382                           ;keypad1.c: 19: init();
   383  06E8  120A  118A  2631   	fcall	_init
              120A  118A         
   384                           	line	20
   385                           	
   386  06ED                     l2738:	
   387                           ;keypad1.c: 20: disp(0x80,"ENTERED KEY:",12);
   388  06ED  3001               	movlw	((STR_1-__stringbase))&0ffh
   389  06EE  00F7               	movwf	(??_main+0)+0
   390  06EF  0877               	movf	(??_main+0)+0,w
   391  06F0  00F2               	movwf	(?_disp)
   392  06F1  300C               	movlw	(0Ch)
   393  06F2  00F8               	movwf	(??_main+1)+0
   394  06F3  0878               	movf	(??_main+1)+0,w
   395  06F4  00F3               	movwf	0+(?_disp)+01h
   396  06F5  3080               	movlw	(080h)
   397  06F6  120A  118A  2650   	fcall	_disp
              120A  118A         
   398  06FB  2EFC               	goto	l2740
   399                           	line	21
   400                           ;keypad1.c: 21: while(1)
   401                           	
   402  06FC                     l699:	
   403                           	line	23
   404                           	
   405  06FC                     l2740:	
   406                           ;keypad1.c: 22: {
   407                           ;keypad1.c: 23: cmd(0x8c);
   408  06FC  308C               	movlw	(08Ch)
   409  06FD  120A  118A  267C   	fcall	_cmd
              120A  118A         
   410                           	line	24
   411                           	
   412  0702                     l2742:	
   413                           ;keypad1.c: 24: RB0 = 0; RB1 = 1; RB2 = 1;
   414  0702  1283               	bcf	status, 5	;RP0=0, select bank0
   415  0703  1303               	bcf	status, 6	;RP1=0, select bank0
   416  0704  1006               	bcf	(48/8),(48)&7
   417                           	
   418  0705                     l2744:	
   419  0705  1486               	bsf	(49/8),(49)&7
   420                           	
   421  0706                     l2746:	
   422  0706  1506               	bsf	(50/8),(50)&7
   423                           	line	25
   424                           	
   425  0707                     l2748:	
   426                           ;keypad1.c: 25: if(!RB3){while(!RB3);write('1');}
   427  0707  1986               	btfsc	(51/8),(51)&7
   428  0708  2F0A               	goto	u2251
   429  0709  2F0B               	goto	u2250
   430  070A                     u2251:
   431  070A  2F19               	goto	l2754
   432  070B                     u2250:
   433  070B  2F0D               	goto	l701
   434                           	
   435  070C                     l2750:	
   436  070C  2F0D               	goto	l701
   437                           	
   438  070D                     l702:	
   439                           	
   440  070D                     l701:	
   441  070D  1D86               	btfss	(51/8),(51)&7
   442  070E  2F10               	goto	u2261
   443  070F  2F11               	goto	u2260
   444  0710                     u2261:
   445  0710  2F0D               	goto	l701
   446  0711                     u2260:
   447  0711  2F12               	goto	l2752
   448                           	
   449  0712                     l703:	
   450                           	
   451  0712                     l2752:	
   452  0712  3031               	movlw	(031h)
   453  0713  120A  118A  26AE   	fcall	_write
              120A  118A         
   454  0718  2F19               	goto	l2754
   455                           	
   456  0719                     l700:	
   457                           	line	26
   458                           	
   459  0719                     l2754:	
   460                           ;keypad1.c: 26: if(!RB4){while(!RB4);write('4');}
   461  0719  1283               	bcf	status, 5	;RP0=0, select bank0
   462  071A  1303               	bcf	status, 6	;RP1=0, select bank0
   463  071B  1A06               	btfsc	(52/8),(52)&7
   464  071C  2F1E               	goto	u2271
   465  071D  2F1F               	goto	u2270
   466  071E                     u2271:
   467  071E  2F2D               	goto	l2760
   468  071F                     u2270:
   469  071F  2F21               	goto	l705
   470                           	
   471  0720                     l2756:	
   472  0720  2F21               	goto	l705
   473                           	
   474  0721                     l706:	
   475                           	
   476  0721                     l705:	
   477  0721  1E06               	btfss	(52/8),(52)&7
   478  0722  2F24               	goto	u2281
   479  0723  2F25               	goto	u2280
   480  0724                     u2281:
   481  0724  2F21               	goto	l705
   482  0725                     u2280:
   483  0725  2F26               	goto	l2758
   484                           	
   485  0726                     l707:	
   486                           	
   487  0726                     l2758:	
   488  0726  3034               	movlw	(034h)
   489  0727  120A  118A  26AE   	fcall	_write
              120A  118A         
   490  072C  2F2D               	goto	l2760
   491                           	
   492  072D                     l704:	
   493                           	line	27
   494                           	
   495  072D                     l2760:	
   496                           ;keypad1.c: 27: if(!RB5){while(!RB5);write('7');}
   497  072D  1283               	bcf	status, 5	;RP0=0, select bank0
   498  072E  1303               	bcf	status, 6	;RP1=0, select bank0
   499  072F  1A86               	btfsc	(53/8),(53)&7
   500  0730  2F32               	goto	u2291
   501  0731  2F33               	goto	u2290
   502  0732                     u2291:
   503  0732  2F41               	goto	l2766
   504  0733                     u2290:
   505  0733  2F35               	goto	l709
   506                           	
   507  0734                     l2762:	
   508  0734  2F35               	goto	l709
   509                           	
   510  0735                     l710:	
   511                           	
   512  0735                     l709:	
   513  0735  1E86               	btfss	(53/8),(53)&7
   514  0736  2F38               	goto	u2301
   515  0737  2F39               	goto	u2300
   516  0738                     u2301:
   517  0738  2F35               	goto	l709
   518  0739                     u2300:
   519  0739  2F3A               	goto	l2764
   520                           	
   521  073A                     l711:	
   522                           	
   523  073A                     l2764:	
   524  073A  3037               	movlw	(037h)
   525  073B  120A  118A  26AE   	fcall	_write
              120A  118A         
   526  0740  2F41               	goto	l2766
   527                           	
   528  0741                     l708:	
   529                           	line	28
   530                           	
   531  0741                     l2766:	
   532                           ;keypad1.c: 28: if(!RB6){while(!RB6);write('*');}
   533  0741  1283               	bcf	status, 5	;RP0=0, select bank0
   534  0742  1303               	bcf	status, 6	;RP1=0, select bank0
   535  0743  1B06               	btfsc	(54/8),(54)&7
   536  0744  2F46               	goto	u2311
   537  0745  2F47               	goto	u2310
   538  0746                     u2311:
   539  0746  2F55               	goto	l2772
   540  0747                     u2310:
   541  0747  2F49               	goto	l713
   542                           	
   543  0748                     l2768:	
   544  0748  2F49               	goto	l713
   545                           	
   546  0749                     l714:	
   547                           	
   548  0749                     l713:	
   549  0749  1F06               	btfss	(54/8),(54)&7
   550  074A  2F4C               	goto	u2321
   551  074B  2F4D               	goto	u2320
   552  074C                     u2321:
   553  074C  2F49               	goto	l713
   554  074D                     u2320:
   555  074D  2F4E               	goto	l2770
   556                           	
   557  074E                     l715:	
   558                           	
   559  074E                     l2770:	
   560  074E  302A               	movlw	(02Ah)
   561  074F  120A  118A  26AE   	fcall	_write
              120A  118A         
   562  0754  2F55               	goto	l2772
   563                           	
   564  0755                     l712:	
   565                           	line	29
   566                           	
   567  0755                     l2772:	
   568                           ;keypad1.c: 29: RB0 = 1; RB1 = 0; RB2 = 1;
   569  0755  1283               	bcf	status, 5	;RP0=0, select bank0
   570  0756  1303               	bcf	status, 6	;RP1=0, select bank0
   571  0757  1406               	bsf	(48/8),(48)&7
   572                           	
   573  0758                     l2774:	
   574  0758  1086               	bcf	(49/8),(49)&7
   575                           	
   576  0759                     l2776:	
   577  0759  1506               	bsf	(50/8),(50)&7
   578                           	line	30
   579                           	
   580  075A                     l2778:	
   581                           ;keypad1.c: 30: if(!RB3){while(!RB3);write('2');}
   582  075A  1986               	btfsc	(51/8),(51)&7
   583  075B  2F5D               	goto	u2331
   584  075C  2F5E               	goto	u2330
   585  075D                     u2331:
   586  075D  2F6C               	goto	l2784
   587  075E                     u2330:
   588  075E  2F60               	goto	l717
   589                           	
   590  075F                     l2780:	
   591  075F  2F60               	goto	l717
   592                           	
   593  0760                     l718:	
   594                           	
   595  0760                     l717:	
   596  0760  1D86               	btfss	(51/8),(51)&7
   597  0761  2F63               	goto	u2341
   598  0762  2F64               	goto	u2340
   599  0763                     u2341:
   600  0763  2F60               	goto	l717
   601  0764                     u2340:
   602  0764  2F65               	goto	l2782
   603                           	
   604  0765                     l719:	
   605                           	
   606  0765                     l2782:	
   607  0765  3032               	movlw	(032h)
   608  0766  120A  118A  26AE   	fcall	_write
              120A  118A         
   609  076B  2F6C               	goto	l2784
   610                           	
   611  076C                     l716:	
   612                           	line	31
   613                           	
   614  076C                     l2784:	
   615                           ;keypad1.c: 31: if(!RB4){while(!RB4);write('5');}
   616  076C  1283               	bcf	status, 5	;RP0=0, select bank0
   617  076D  1303               	bcf	status, 6	;RP1=0, select bank0
   618  076E  1A06               	btfsc	(52/8),(52)&7
   619  076F  2F71               	goto	u2351
   620  0770  2F72               	goto	u2350
   621  0771                     u2351:
   622  0771  2F80               	goto	l2790
   623  0772                     u2350:
   624  0772  2F74               	goto	l721
   625                           	
   626  0773                     l2786:	
   627  0773  2F74               	goto	l721
   628                           	
   629  0774                     l722:	
   630                           	
   631  0774                     l721:	
   632  0774  1E06               	btfss	(52/8),(52)&7
   633  0775  2F77               	goto	u2361
   634  0776  2F78               	goto	u2360
   635  0777                     u2361:
   636  0777  2F74               	goto	l721
   637  0778                     u2360:
   638  0778  2F79               	goto	l2788
   639                           	
   640  0779                     l723:	
   641                           	
   642  0779                     l2788:	
   643  0779  3035               	movlw	(035h)
   644  077A  120A  118A  26AE   	fcall	_write
              120A  118A         
   645  077F  2F80               	goto	l2790
   646                           	
   647  0780                     l720:	
   648                           	line	32
   649                           	
   650  0780                     l2790:	
   651                           ;keypad1.c: 32: if(!RB5){while(!RB5);write('8');}
   652  0780  1283               	bcf	status, 5	;RP0=0, select bank0
   653  0781  1303               	bcf	status, 6	;RP1=0, select bank0
   654  0782  1A86               	btfsc	(53/8),(53)&7
   655  0783  2F85               	goto	u2371
   656  0784  2F86               	goto	u2370
   657  0785                     u2371:
   658  0785  2F94               	goto	l2796
   659  0786                     u2370:
   660  0786  2F88               	goto	l725
   661                           	
   662  0787                     l2792:	
   663  0787  2F88               	goto	l725
   664                           	
   665  0788                     l726:	
   666                           	
   667  0788                     l725:	
   668  0788  1E86               	btfss	(53/8),(53)&7
   669  0789  2F8B               	goto	u2381
   670  078A  2F8C               	goto	u2380
   671  078B                     u2381:
   672  078B  2F88               	goto	l725
   673  078C                     u2380:
   674  078C  2F8D               	goto	l2794
   675                           	
   676  078D                     l727:	
   677                           	
   678  078D                     l2794:	
   679  078D  3038               	movlw	(038h)
   680  078E  120A  118A  26AE   	fcall	_write
              120A  118A         
   681  0793  2F94               	goto	l2796
   682                           	
   683  0794                     l724:	
   684                           	line	33
   685                           	
   686  0794                     l2796:	
   687                           ;keypad1.c: 33: if(!RB6){while(!RB6);write('0');}
   688  0794  1283               	bcf	status, 5	;RP0=0, select bank0
   689  0795  1303               	bcf	status, 6	;RP1=0, select bank0
   690  0796  1B06               	btfsc	(54/8),(54)&7
   691  0797  2F99               	goto	u2391
   692  0798  2F9A               	goto	u2390
   693  0799                     u2391:
   694  0799  2FA8               	goto	l2802
   695  079A                     u2390:
   696  079A  2F9C               	goto	l729
   697                           	
   698  079B                     l2798:	
   699  079B  2F9C               	goto	l729
   700                           	
   701  079C                     l730:	
   702                           	
   703  079C                     l729:	
   704  079C  1F06               	btfss	(54/8),(54)&7
   705  079D  2F9F               	goto	u2401
   706  079E  2FA0               	goto	u2400
   707  079F                     u2401:
   708  079F  2F9C               	goto	l729
   709  07A0                     u2400:
   710  07A0  2FA1               	goto	l2800
   711                           	
   712  07A1                     l731:	
   713                           	
   714  07A1                     l2800:	
   715  07A1  3030               	movlw	(030h)
   716  07A2  120A  118A  26AE   	fcall	_write
              120A  118A         
   717  07A7  2FA8               	goto	l2802
   718                           	
   719  07A8                     l728:	
   720                           	line	34
   721                           	
   722  07A8                     l2802:	
   723                           ;keypad1.c: 34: RB0 = 1; RB1 = 1; RB2 = 0;
   724  07A8  1283               	bcf	status, 5	;RP0=0, select bank0
   725  07A9  1303               	bcf	status, 6	;RP1=0, select bank0
   726  07AA  1406               	bsf	(48/8),(48)&7
   727                           	
   728  07AB                     l2804:	
   729  07AB  1486               	bsf	(49/8),(49)&7
   730                           	
   731  07AC                     l2806:	
   732  07AC  1106               	bcf	(50/8),(50)&7
   733                           	line	35
   734                           	
   735  07AD                     l2808:	
   736                           ;keypad1.c: 35: if(!RB3){while(!RB3);write('3');}
   737  07AD  1986               	btfsc	(51/8),(51)&7
   738  07AE  2FB0               	goto	u2411
   739  07AF  2FB1               	goto	u2410
   740  07B0                     u2411:
   741  07B0  2FBF               	goto	l2814
   742  07B1                     u2410:
   743  07B1  2FB3               	goto	l733
   744                           	
   745  07B2                     l2810:	
   746  07B2  2FB3               	goto	l733
   747                           	
   748  07B3                     l734:	
   749                           	
   750  07B3                     l733:	
   751  07B3  1D86               	btfss	(51/8),(51)&7
   752  07B4  2FB6               	goto	u2421
   753  07B5  2FB7               	goto	u2420
   754  07B6                     u2421:
   755  07B6  2FB3               	goto	l733
   756  07B7                     u2420:
   757  07B7  2FB8               	goto	l2812
   758                           	
   759  07B8                     l735:	
   760                           	
   761  07B8                     l2812:	
   762  07B8  3033               	movlw	(033h)
   763  07B9  120A  118A  26AE   	fcall	_write
              120A  118A         
   764  07BE  2FBF               	goto	l2814
   765                           	
   766  07BF                     l732:	
   767                           	line	36
   768                           	
   769  07BF                     l2814:	
   770                           ;keypad1.c: 36: if(!RB4){while(!RB4);write('6');}
   771  07BF  1283               	bcf	status, 5	;RP0=0, select bank0
   772  07C0  1303               	bcf	status, 6	;RP1=0, select bank0
   773  07C1  1A06               	btfsc	(52/8),(52)&7
   774  07C2  2FC4               	goto	u2431
   775  07C3  2FC5               	goto	u2430
   776  07C4                     u2431:
   777  07C4  2FD3               	goto	l2820
   778  07C5                     u2430:
   779  07C5  2FC7               	goto	l737
   780                           	
   781  07C6                     l2816:	
   782  07C6  2FC7               	goto	l737
   783                           	
   784  07C7                     l738:	
   785                           	
   786  07C7                     l737:	
   787  07C7  1E06               	btfss	(52/8),(52)&7
   788  07C8  2FCA               	goto	u2441
   789  07C9  2FCB               	goto	u2440
   790  07CA                     u2441:
   791  07CA  2FC7               	goto	l737
   792  07CB                     u2440:
   793  07CB  2FCC               	goto	l2818
   794                           	
   795  07CC                     l739:	
   796                           	
   797  07CC                     l2818:	
   798  07CC  3036               	movlw	(036h)
   799  07CD  120A  118A  26AE   	fcall	_write
              120A  118A         
   800  07D2  2FD3               	goto	l2820
   801                           	
   802  07D3                     l736:	
   803                           	line	37
   804                           	
   805  07D3                     l2820:	
   806                           ;keypad1.c: 37: if(!RB5){while(!RB5);write('9');}
   807  07D3  1283               	bcf	status, 5	;RP0=0, select bank0
   808  07D4  1303               	bcf	status, 6	;RP1=0, select bank0
   809  07D5  1A86               	btfsc	(53/8),(53)&7
   810  07D6  2FD8               	goto	u2451
   811  07D7  2FD9               	goto	u2450
   812  07D8                     u2451:
   813  07D8  2FE7               	goto	l2826
   814  07D9                     u2450:
   815  07D9  2FDB               	goto	l741
   816                           	
   817  07DA                     l2822:	
   818  07DA  2FDB               	goto	l741
   819                           	
   820  07DB                     l742:	
   821                           	
   822  07DB                     l741:	
   823  07DB  1E86               	btfss	(53/8),(53)&7
   824  07DC  2FDE               	goto	u2461
   825  07DD  2FDF               	goto	u2460
   826  07DE                     u2461:
   827  07DE  2FDB               	goto	l741
   828  07DF                     u2460:
   829  07DF  2FE0               	goto	l2824
   830                           	
   831  07E0                     l743:	
   832                           	
   833  07E0                     l2824:	
   834  07E0  3039               	movlw	(039h)
   835  07E1  120A  118A  26AE   	fcall	_write
              120A  118A         
   836  07E6  2FE7               	goto	l2826
   837                           	
   838  07E7                     l740:	
   839                           	line	38
   840                           	
   841  07E7                     l2826:	
   842                           ;keypad1.c: 38: if(!RB6){while(!RB6);write('#');}
   843  07E7  1283               	bcf	status, 5	;RP0=0, select bank0
   844  07E8  1303               	bcf	status, 6	;RP1=0, select bank0
   845  07E9  1B06               	btfsc	(54/8),(54)&7
   846  07EA  2FEC               	goto	u2471
   847  07EB  2FED               	goto	u2470
   848  07EC                     u2471:
   849  07EC  2EFC               	goto	l2740
   850  07ED                     u2470:
   851  07ED  2FEF               	goto	l745
   852                           	
   853  07EE                     l2828:	
   854  07EE  2FEF               	goto	l745
   855                           	
   856  07EF                     l746:	
   857                           	
   858  07EF                     l745:	
   859  07EF  1F06               	btfss	(54/8),(54)&7
   860  07F0  2FF2               	goto	u2481
   861  07F1  2FF3               	goto	u2480
   862  07F2                     u2481:
   863  07F2  2FEF               	goto	l745
   864  07F3                     u2480:
   865  07F3  2FF4               	goto	l2830
   866                           	
   867  07F4                     l747:	
   868                           	
   869  07F4                     l2830:	
   870  07F4  3023               	movlw	(023h)
   871  07F5  120A  118A  26AE   	fcall	_write
              120A  118A         
   872  07FA  2EFC               	goto	l2740
   873                           	
   874  07FB                     l744:	
   875  07FB  2EFC               	goto	l2740
   876                           	line	39
   877                           	
   878  07FC                     l748:	
   879                           	line	21
   880  07FC  2EFC               	goto	l2740
   881                           	
   882  07FD                     l749:	
   883                           	line	40
   884                           	
   885  07FD                     l750:	
   886                           	global	start
   887  07FD  120A  118A  2800   	ljmp	start
   888                           	opt stack 0
   889                           GLOBAL	__end_of_main
   890  0800                     	__end_of_main:
   891 ;; =============== function _main ends ============
   892                           
   893                           	signat	_main,88
   894                           	global	_disp
   895                           psect	text101,local,class=CODE,delta=2
   896                           global __ptext101
   897  0650                     __ptext101:
   898                           
   899 ;; *************** function _disp *****************
   900 ;; Defined at:
   901 ;;		line 78 in file "E:\pic program\pic controller,PIC16F877A\MATRIX INTER\keypad1.c"
   902 ;; Parameters:    Size  Location     Type
   903 ;;  a               1    wreg     unsigned char 
   904 ;;  b               1    2[COMMON] PTR const unsigned char 
   905 ;;		 -> STR_1(13), 
   906 ;;  c               1    3[COMMON] unsigned char 
   907 ;; Auto vars:     Size  Location     Type
   908 ;;  a               1    4[COMMON] unsigned char 
   909 ;;  k               2    5[COMMON] int 
   910 ;; Return value:  Size  Location     Type
   911 ;;		None               void
   912 ;; Registers used:
   913 ;;		wreg, fsr0l, fsr0h, status,2, status,0, pclath, cstack
   914 ;; Tracked objects:
   915 ;;		On entry : 0/0
   916 ;;		On exit  : 0/0
   917 ;;		Unchanged: 0/0
   918 ;; Data sizes:     COMMON   BANK0   BANK1   BANK3   BANK2
   919 ;;      Params:         2       0       0       0       0
   920 ;;      Locals:         3       0       0       0       0
   921 ;;      Temps:          0       0       0       0       0
   922 ;;      Totals:         5       0       0       0       0
   923 ;;Total ram usage:        5 bytes
   924 ;; Hardware stack levels used:    1
   925 ;; Hardware stack levels required when called:    1
   926 ;; This function calls:
   927 ;;		_cmd
   928 ;;		_write
   929 ;; This function is called by:
   930 ;;		_main
   931 ;; This function uses a non-reentrant model
   932 ;;
   933                           psect	text101
   934                           	file	"E:\pic program\pic controller,PIC16F877A\MATRIX INTER\keypad1.c"
   935                           	line	78
   936                           	global	__size_of_disp
   937  002C                     	__size_of_disp	equ	__end_of_disp-_disp
   938                           	
   939  0650                     _disp:	
   940                           	opt	stack 6
   941                           ; Regs used in _disp: [wreg-fsr0h+status,2+status,0+pclath+cstack]
   942                           ;disp@a stored from wreg
   943  0650  00F4               	movwf	(disp@a)
   944                           	line	79
   945                           	
   946  0651                     l2720:	
   947                           ;keypad1.c: 79: for(int k=0;k<=c;k++)
   948  0651  01F5               	clrf	(disp@k)
   949  0652  01F6               	clrf	(disp@k+1)
   950  0653  2E6F               	goto	l2728
   951                           	line	80
   952                           	
   953  0654                     l763:	
   954                           	line	81
   955                           	
   956  0654                     l2722:	
   957                           ;keypad1.c: 80: {
   958                           ;keypad1.c: 81: cmd(a+k);
   959  0654  0875               	movf	(disp@k),w
   960  0655  0774               	addwf	(disp@a),w
   961  0656  120A  118A  267C   	fcall	_cmd
              120A  118A         
   962                           	line	82
   963                           	
   964  065B                     l2724:	
   965                           ;keypad1.c: 82: write(b[k]);
   966  065B  0875               	movf	(disp@k),w
   967  065C  0772               	addwf	(disp@b),w
   968  065D  0084               	movwf	fsr0
   969  065E  120A  118A  2003   	fcall	stringdir
              120A  118A         
   970  0663  120A  118A  26AE   	fcall	_write
              120A  118A         
   971                           	line	79
   972                           	
   973  0668                     l2726:	
   974  0668  3001               	movlw	low(01h)
   975  0669  07F5               	addwf	(disp@k),f
   976  066A  1803               	skipnc
   977  066B  0AF6               	incf	(disp@k+1),f
   978  066C  3000               	movlw	high(01h)
   979  066D  07F6               	addwf	(disp@k+1),f
   980  066E  2E6F               	goto	l2728
   981                           	
   982  066F                     l762:	
   983                           	
   984  066F                     l2728:	
   985  066F  0876               	movf	(disp@k+1),w
   986  0670  3A80               	xorlw	80h
   987  0671  3C80               	sublw	080h
   988  0672  1D03               	skipz
   989  0673  2E76               	goto	u2245
   990  0674  0875               	movf	(disp@k),w
   991  0675  0273               	subwf	(disp@c),w
   992  0676                     u2245:
   993                           
   994  0676  1803               	skipnc
   995  0677  2E79               	goto	u2241
   996  0678  2E7A               	goto	u2240
   997  0679                     u2241:
   998  0679  2E54               	goto	l2722
   999  067A                     u2240:
  1000  067A  2E7B               	goto	l765
  1001                           	
  1002  067B                     l764:	
  1003                           	line	84
  1004                           	
  1005  067B                     l765:	
  1006  067B  0008               	return
  1007                           	opt stack 0
  1008                           GLOBAL	__end_of_disp
  1009  067C                     	__end_of_disp:
  1010 ;; =============== function _disp ends ============
  1011                           
  1012                           	signat	_disp,12408
  1013                           	global	_init
  1014                           psect	text102,local,class=CODE,delta=2
  1015                           global __ptext102
  1016  0631                     __ptext102:
  1017                           
  1018 ;; *************** function _init *****************
  1019 ;; Defined at:
  1020 ;;		line 43 in file "E:\pic program\pic controller,PIC16F877A\MATRIX INTER\keypad1.c"
  1021 ;; Parameters:    Size  Location     Type
  1022 ;;		None
  1023 ;; Auto vars:     Size  Location     Type
  1024 ;;		None
  1025 ;; Return value:  Size  Location     Type
  1026 ;;		None               void
  1027 ;; Registers used:
  1028 ;;		wreg, status,2, status,0, pclath, cstack
  1029 ;; Tracked objects:
  1030 ;;		On entry : 0/0
  1031 ;;		On exit  : 0/0
  1032 ;;		Unchanged: 0/0
  1033 ;; Data sizes:     COMMON   BANK0   BANK1   BANK3   BANK2
  1034 ;;      Params:         0       0       0       0       0
  1035 ;;      Locals:         0       0       0       0       0
  1036 ;;      Temps:          0       0       0       0       0
  1037 ;;      Totals:         0       0       0       0       0
  1038 ;;Total ram usage:        0 bytes
  1039 ;; Hardware stack levels used:    1
  1040 ;; Hardware stack levels required when called:    1
  1041 ;; This function calls:
  1042 ;;		_cmd
  1043 ;; This function is called by:
  1044 ;;		_main
  1045 ;; This function uses a non-reentrant model
  1046 ;;
  1047                           psect	text102
  1048                           	file	"E:\pic program\pic controller,PIC16F877A\MATRIX INTER\keypad1.c"
  1049                           	line	43
  1050                           	global	__size_of_init
  1051  001F                     	__size_of_init	equ	__end_of_init-_init
  1052                           	
  1053  0631                     _init:	
  1054                           	opt	stack 6
  1055                           ; Regs used in _init: [wreg+status,2+status,0+pclath+cstack]
  1056                           	line	44
  1057                           	
  1058  0631                     l2718:	
  1059                           ;keypad1.c: 44: cmd(0x02);
  1060  0631  3002               	movlw	(02h)
  1061  0632  120A  118A  267C   	fcall	_cmd
              120A  118A         
  1062                           	line	45
  1063                           ;keypad1.c: 45: cmd(0x28);
  1064  0637  3028               	movlw	(028h)
  1065  0638  120A  118A  267C   	fcall	_cmd
              120A  118A         
  1066                           	line	46
  1067                           ;keypad1.c: 46: cmd(0x06);
  1068  063D  3006               	movlw	(06h)
  1069  063E  120A  118A  267C   	fcall	_cmd
              120A  118A         
  1070                           	line	47
  1071                           ;keypad1.c: 47: cmd(0x0C);
  1072  0643  300C               	movlw	(0Ch)
  1073  0644  120A  118A  267C   	fcall	_cmd
              120A  118A         
  1074                           	line	48
  1075                           ;keypad1.c: 48: cmd(0x01);
  1076  0649  3001               	movlw	(01h)
  1077  064A  120A  118A  267C   	fcall	_cmd
              120A  118A         
  1078                           	line	49
  1079                           	
  1080  064F                     l753:	
  1081  064F  0008               	return
  1082                           	opt stack 0
  1083                           GLOBAL	__end_of_init
  1084  0650                     	__end_of_init:
  1085 ;; =============== function _init ends ============
  1086                           
  1087                           	signat	_init,88
  1088                           	global	_write
  1089                           psect	text103,local,class=CODE,delta=2
  1090                           global __ptext103
  1091  06AE                     __ptext103:
  1092                           
  1093 ;; *************** function _write *****************
  1094 ;; Defined at:
  1095 ;;		line 65 in file "E:\pic program\pic controller,PIC16F877A\MATRIX INTER\keypad1.c"
  1096 ;; Parameters:    Size  Location     Type
  1097 ;;  b               1    wreg     unsigned char 
  1098 ;; Auto vars:     Size  Location     Type
  1099 ;;  b               1    1[COMMON] unsigned char 
  1100 ;; Return value:  Size  Location     Type
  1101 ;;		None               void
  1102 ;; Registers used:
  1103 ;;		wreg, status,2, status,0
  1104 ;; Tracked objects:
  1105 ;;		On entry : 0/0
  1106 ;;		On exit  : 0/0
  1107 ;;		Unchanged: 0/0
  1108 ;; Data sizes:     COMMON   BANK0   BANK1   BANK3   BANK2
  1109 ;;      Params:         0       0       0       0       0
  1110 ;;      Locals:         1       0       0       0       0
  1111 ;;      Temps:          1       0       0       0       0
  1112 ;;      Totals:         2       0       0       0       0
  1113 ;;Total ram usage:        2 bytes
  1114 ;; Hardware stack levels used:    1
  1115 ;; This function calls:
  1116 ;;		Nothing
  1117 ;; This function is called by:
  1118 ;;		_main
  1119 ;;		_disp
  1120 ;; This function uses a non-reentrant model
  1121 ;;
  1122                           psect	text103
  1123                           	file	"E:\pic program\pic controller,PIC16F877A\MATRIX INTER\keypad1.c"
  1124                           	line	65
  1125                           	global	__size_of_write
  1126  0034                     	__size_of_write	equ	__end_of_write-_write
  1127                           	
  1128  06AE                     _write:	
  1129                           	opt	stack 7
  1130                           ; Regs used in _write: [wreg+status,2+status,0]
  1131                           ;write@b stored from wreg
  1132  06AE  00F1               	movwf	(write@b)
  1133                           	line	66
  1134                           	
  1135  06AF                     l2692:	
  1136                           ;keypad1.c: 66: m = PORTD & 0x0f;
  1137  06AF  1283               	bcf	status, 5	;RP0=0, select bank0
  1138  06B0  1303               	bcf	status, 6	;RP1=0, select bank0
  1139  06B1  0808               	movf	(8),w
  1140  06B2  390F               	andlw	0Fh
  1141  06B3  00F0               	movwf	(??_write+0)+0
  1142  06B4  0870               	movf	(??_write+0)+0,w
  1143  06B5  00F9               	movwf	(_m)
  1144                           	line	67
  1145                           	
  1146  06B6                     l2694:	
  1147                           ;keypad1.c: 67: PORTD = (b & 0xf0)|m;
  1148  06B6  0871               	movf	(write@b),w
  1149  06B7  39F0               	andlw	0F0h
  1150  06B8  0479               	iorwf	(_m),w
  1151  06B9  0088               	movwf	(8)	;volatile
  1152                           	line	68
  1153                           	
  1154  06BA                     l2696:	
  1155                           ;keypad1.c: 68: RD1=1;RD0=1;
  1156  06BA  1488               	bsf	(65/8),(65)&7
  1157                           	
  1158  06BB                     l2698:	
  1159  06BB  1408               	bsf	(64/8),(64)&7
  1160                           	line	69
  1161                           	
  1162  06BC                     l2700:	
  1163                           ;keypad1.c: 69: _delay(1000);
  1164                           	opt asmopt_off
  1165  06BC  30F9               movlw	249
  1166  06BD  00F0               movwf	(??_write+0)+0,f
  1167  06BE                     u2497:
  1168  06BE  0064               	clrwdt
  1169  06BF  0BF0               decfsz	(??_write+0)+0,f
  1170  06C0  2EBE               	goto	u2497
  1171  06C1  2EC2               	nop2	;nop
  1172  06C2  0064               	clrwdt
  1173                           opt asmopt_on
  1174                           
  1175                           	line	70
  1176                           	
  1177  06C3                     l2702:	
  1178                           ;keypad1.c: 70: RD1=0;RD0=0;
  1179  06C3  1283               	bcf	status, 5	;RP0=0, select bank0
  1180  06C4  1303               	bcf	status, 6	;RP1=0, select bank0
  1181  06C5  1088               	bcf	(65/8),(65)&7
  1182                           	
  1183  06C6                     l2704:	
  1184  06C6  1008               	bcf	(64/8),(64)&7
  1185                           	line	71
  1186                           	
  1187  06C7                     l2706:	
  1188                           ;keypad1.c: 71: PORTD = ((b<<4) & 0xf0)|m;
  1189  06C7  0871               	movf	(write@b),w
  1190  06C8  00F0               	movwf	(??_write+0)+0
  1191  06C9  3003               	movlw	(04h)-1
  1192  06CA                     u2235:
  1193  06CA  1003               	clrc
  1194  06CB  0DF0               	rlf	(??_write+0)+0,f
  1195  06CC  3EFF               	addlw	-1
  1196  06CD  1D03               	skipz
  1197  06CE  2ECA               	goto	u2235
  1198  06CF  1003               	clrc
  1199  06D0  0D70               	rlf	(??_write+0)+0,w
  1200  06D1  39F0               	andlw	0F0h
  1201  06D2  0479               	iorwf	(_m),w
  1202  06D3  0088               	movwf	(8)	;volatile
  1203                           	line	72
  1204                           	
  1205  06D4                     l2708:	
  1206                           ;keypad1.c: 72: RD1=1;RD0=1;
  1207  06D4  1488               	bsf	(65/8),(65)&7
  1208                           	
  1209  06D5                     l2710:	
  1210  06D5  1408               	bsf	(64/8),(64)&7
  1211                           	line	73
  1212                           	
  1213  06D6                     l2712:	
  1214                           ;keypad1.c: 73: _delay(1000);
  1215                           	opt asmopt_off
  1216  06D6  30F9               movlw	249
  1217  06D7  00F0               movwf	(??_write+0)+0,f
  1218  06D8                     u2507:
  1219  06D8  0064               	clrwdt
  1220  06D9  0BF0               decfsz	(??_write+0)+0,f
  1221  06DA  2ED8               	goto	u2507
  1222  06DB  2EDC               	nop2	;nop
  1223  06DC  0064               	clrwdt
  1224                           opt asmopt_on
  1225                           
  1226                           	line	74
  1227                           	
  1228  06DD                     l2714:	
  1229                           ;keypad1.c: 74: RD1=0;RD0=0;
  1230  06DD  1283               	bcf	status, 5	;RP0=0, select bank0
  1231  06DE  1303               	bcf	status, 6	;RP1=0, select bank0
  1232  06DF  1088               	bcf	(65/8),(65)&7
  1233                           	
  1234  06E0                     l2716:	
  1235  06E0  1008               	bcf	(64/8),(64)&7
  1236                           	line	75
  1237                           	
  1238  06E1                     l759:	
  1239  06E1  0008               	return
  1240                           	opt stack 0
  1241                           GLOBAL	__end_of_write
  1242  06E2                     	__end_of_write:
  1243 ;; =============== function _write ends ============
  1244                           
  1245                           	signat	_write,4216
  1246                           	global	_cmd
  1247                           psect	text104,local,class=CODE,delta=2
  1248                           global __ptext104
  1249  067C                     __ptext104:
  1250                           
  1251 ;; *************** function _cmd *****************
  1252 ;; Defined at:
  1253 ;;		line 52 in file "E:\pic program\pic controller,PIC16F877A\MATRIX INTER\keypad1.c"
  1254 ;; Parameters:    Size  Location     Type
  1255 ;;  a               1    wreg     unsigned char 
  1256 ;; Auto vars:     Size  Location     Type
  1257 ;;  a               1    1[COMMON] unsigned char 
  1258 ;; Return value:  Size  Location     Type
  1259 ;;		None               void
  1260 ;; Registers used:
  1261 ;;		wreg, status,2, status,0
  1262 ;; Tracked objects:
  1263 ;;		On entry : 0/0
  1264 ;;		On exit  : 0/0
  1265 ;;		Unchanged: 0/0
  1266 ;; Data sizes:     COMMON   BANK0   BANK1   BANK3   BANK2
  1267 ;;      Params:         0       0       0       0       0
  1268 ;;      Locals:         1       0       0       0       0
  1269 ;;      Temps:          1       0       0       0       0
  1270 ;;      Totals:         2       0       0       0       0
  1271 ;;Total ram usage:        2 bytes
  1272 ;; Hardware stack levels used:    1
  1273 ;; This function calls:
  1274 ;;		Nothing
  1275 ;; This function is called by:
  1276 ;;		_main
  1277 ;;		_init
  1278 ;;		_disp
  1279 ;; This function uses a non-reentrant model
  1280 ;;
  1281                           psect	text104
  1282                           	file	"E:\pic program\pic controller,PIC16F877A\MATRIX INTER\keypad1.c"
  1283                           	line	52
  1284                           	global	__size_of_cmd
  1285  0032                     	__size_of_cmd	equ	__end_of_cmd-_cmd
  1286                           	
  1287  067C                     _cmd:	
  1288                           	opt	stack 7
  1289                           ; Regs used in _cmd: [wreg+status,2+status,0]
  1290                           ;cmd@a stored from wreg
  1291  067C  00F1               	movwf	(cmd@a)
  1292                           	line	53
  1293                           	
  1294  067D                     l2670:	
  1295                           ;keypad1.c: 53: m = PORTD & 0x0f;
  1296  067D  1283               	bcf	status, 5	;RP0=0, select bank0
  1297  067E  1303               	bcf	status, 6	;RP1=0, select bank0
  1298  067F  0808               	movf	(8),w
  1299  0680  390F               	andlw	0Fh
  1300  0681  00F0               	movwf	(??_cmd+0)+0
  1301  0682  0870               	movf	(??_cmd+0)+0,w
  1302  0683  00F9               	movwf	(_m)
  1303                           	line	54
  1304                           	
  1305  0684                     l2672:	
  1306                           ;keypad1.c: 54: PORTD = (a & 0xf0)|m;
  1307  0684  0871               	movf	(cmd@a),w
  1308  0685  39F0               	andlw	0F0h
  1309  0686  0479               	iorwf	(_m),w
  1310  0687  0088               	movwf	(8)	;volatile
  1311                           	line	55
  1312                           	
  1313  0688                     l2674:	
  1314                           ;keypad1.c: 55: RD1=1;RD0=0;
  1315  0688  1488               	bsf	(65/8),(65)&7
  1316                           	
  1317  0689                     l2676:	
  1318  0689  1008               	bcf	(64/8),(64)&7
  1319                           	line	56
  1320                           	
  1321  068A                     l2678:	
  1322                           ;keypad1.c: 56: _delay(1000);
  1323                           	opt asmopt_off
  1324  068A  30F9               movlw	249
  1325  068B  00F0               movwf	(??_cmd+0)+0,f
  1326  068C                     u2517:
  1327  068C  0064               	clrwdt
  1328  068D  0BF0               decfsz	(??_cmd+0)+0,f
  1329  068E  2E8C               	goto	u2517
  1330  068F  2E90               	nop2	;nop
  1331  0690  0064               	clrwdt
  1332                           opt asmopt_on
  1333                           
  1334                           	line	57
  1335                           	
  1336  0691                     l2680:	
  1337                           ;keypad1.c: 57: RD1=0;
  1338  0691  1283               	bcf	status, 5	;RP0=0, select bank0
  1339  0692  1303               	bcf	status, 6	;RP1=0, select bank0
  1340  0693  1088               	bcf	(65/8),(65)&7
  1341                           	line	58
  1342                           	
  1343  0694                     l2682:	
  1344                           ;keypad1.c: 58: PORTD = ((a<<4) & 0xf0)|m;
  1345  0694  0871               	movf	(cmd@a),w
  1346  0695  00F0               	movwf	(??_cmd+0)+0
  1347  0696  3003               	movlw	(04h)-1
  1348  0697                     u2225:
  1349  0697  1003               	clrc
  1350  0698  0DF0               	rlf	(??_cmd+0)+0,f
  1351  0699  3EFF               	addlw	-1
  1352  069A  1D03               	skipz
  1353  069B  2E97               	goto	u2225
  1354  069C  1003               	clrc
  1355  069D  0D70               	rlf	(??_cmd+0)+0,w
  1356  069E  39F0               	andlw	0F0h
  1357  069F  0479               	iorwf	(_m),w
  1358  06A0  0088               	movwf	(8)	;volatile
  1359                           	line	59
  1360                           	
  1361  06A1                     l2684:	
  1362                           ;keypad1.c: 59: RD1=1;RD0=0;
  1363  06A1  1488               	bsf	(65/8),(65)&7
  1364                           	
  1365  06A2                     l2686:	
  1366  06A2  1008               	bcf	(64/8),(64)&7
  1367                           	line	60
  1368                           	
  1369  06A3                     l2688:	
  1370                           ;keypad1.c: 60: _delay(1000);
  1371                           	opt asmopt_off
  1372  06A3  30F9               movlw	249
  1373  06A4  00F0               movwf	(??_cmd+0)+0,f
  1374  06A5                     u2527:
  1375  06A5  0064               	clrwdt
  1376  06A6  0BF0               decfsz	(??_cmd+0)+0,f
  1377  06A7  2EA5               	goto	u2527
  1378  06A8  2EA9               	nop2	;nop
  1379  06A9  0064               	clrwdt
  1380                           opt asmopt_on
  1381                           
  1382                           	line	61
  1383                           	
  1384  06AA                     l2690:	
  1385                           ;keypad1.c: 61: RD1=0;;
  1386  06AA  1283               	bcf	status, 5	;RP0=0, select bank0
  1387  06AB  1303               	bcf	status, 6	;RP1=0, select bank0
  1388  06AC  1088               	bcf	(65/8),(65)&7
  1389                           	line	62
  1390                           	
  1391  06AD                     l756:	
  1392  06AD  0008               	return
  1393                           	opt stack 0
  1394                           GLOBAL	__end_of_cmd
  1395  06AE                     	__end_of_cmd:
  1396 ;; =============== function _cmd ends ============
  1397                           
  1398                           	signat	_cmd,4216
  1399                           psect	text105,local,class=CODE,delta=2
  1400                           global __ptext105
  1401  0000                     __ptext105:
  1402                           	global	btemp
  1403  007E                     	btemp set 07Eh
  1404                           
  1405                           	DABS	1,126,2	;btemp
  1406                           	global	wtemp0
  1407  007E                     	wtemp0 set btemp


HI-TECH Software PICC Macro Assembler V9.82 build 9453 
Symbol Table                                                                                   Mon Aug 12 09:56:04 2024

                   _a 007A                     _m 0079                     pc 0002                    _RD 0C60  
                  _WR 0C61                    fsr 0004                   l700 0719                   l701 070D  
                 l710 0735                   l702 070D                   l711 073A                   l703 0712  
                 l720 0780                   l712 0755                   l704 072D                   l721 0774  
                 l713 0749                   l705 0721                   l730 079C                   l722 0774  
                 l714 0749                   l706 0721                   l731 07A1                   l723 0779  
                 l715 074E                   l707 0726                   l740 07E7                   l732 07BF  
                 l724 0794                   l716 076C                   l708 0741                   l741 07DB  
                 l733 07B3                   l725 0788                   l717 0760                   l709 0735  
                 l750 07FD                   l742 07DB                   l734 07B3                   l726 0788  
                 l718 0760                   l743 07E0                   l735 07B8                   l727 078D  
                 l719 0765                   l744 07FB                   l736 07D3                   l728 07A8  
                 l753 064F                   l745 07EF                   l737 07C7                   l729 079C  
                 l762 066F                   l746 07EF                   l738 07C7                   l763 0654  
                 l747 07F4                   l739 07CC                   l756 06AD                   l764 067B  
                 l748 07FC                   l765 067B                   l749 07FD                   l759 06E1  
                 l699 06FC                   _GIE 005F                   _RB0 0030                   _RB1 0031  
                 _RB2 0032                   _RB3 0033                   _RD0 0040                   _RB4 0034  
                 _RD1 0041                   _RB5 0035                   _RB6 0036                   _cmd 067C  
                 fsr0 0004                  ?_cmd 0070                  l2700 06BC                  l2710 06D5  
                l2702 06C3                  l2712 06D6                  l2704 06C6                  l2720 0651  
                l2800 07A1                  l2714 06DD                  l2706 06C7                  l2722 0654  
                l2810 07B2                  l2802 07A8                  l2730 06E2                  l2716 06E0  
                l2708 06D4                  l2724 065B                  l2820 07D3                  l2812 07B8  
                l2804 07AB                  l2740 06FC                  l2732 06E5                  l2670 067D  
                l2718 0631                  l2726 0668                  l2830 07F4                  l2822 07DA  
                l2814 07BF                  l2806 07AC                  l2750 070C                  l2742 0702  
                l2734 06E7                  l2680 0691                  l2672 0684                  l2728 066F  
                l2824 07E0                  l2816 07C6                  l2808 07AD                  l2760 072D  
                l2752 0712                  l2744 0705                  l2736 06E8                  l2690 06AA  
                l2682 0694                  l2674 0688                  l2826 07E7                  l2818 07CC  
                l2770 074E                  l2762 0734                  l2754 0719                  l2746 0706  
                l2738 06ED                  l2684 06A1                  l2676 0689                  l2692 06AF  
                l2828 07EE                  l2780 075F                  l2772 0755                  l2764 073A  
                l2756 0720                  l2748 0707                  l2686 06A2                  l2678 068A  
                l2694 06B6                  l2790 0780                  l2782 0765                  l2774 0758  
                l2766 0741                  l2758 0726                  l2688 06A3                  l2696 06BA  
                l2792 0787                  l2784 076C                  l2776 0759                  l2768 0748  
                l2698 06BB                  l2794 078D                  l2786 0773                  l2778 075A  
                l2796 0794                  l2788 0779                  l2798 079B                  STR_1 0009  
                u2300 0739                  u2301 0738                  u2310 0747                  u2311 0746  
                u2240 067A                  u2400 07A0                  u2320 074D                  u2225 0697  
                u2241 0679                  u2401 079F                  u2321 074C                  u2410 07B1  
                u2330 075E                  u2250 070B                  u2235 06CA                  u2411 07B0  
                u2331 075D                  u2251 070A                  u2420 07B7                  u2340 0764  
                u2260 0711                  u2245 0676                  u2421 07B6                  u2341 0763  
                u2261 0710                  u2430 07C5                  u2350 0772                  u2270 071F  
                u2431 07C4                  u2351 0771                  u2271 071E                  u2440 07CB  
                u2360 0778                  u2280 0725                  u2441 07CA                  u2361 0777  
                u2281 0724                  u2450 07D9                  u2370 0786                  u2290 0733  
                u2507 06D8                  u2451 07D8                  u2371 0785                  u2291 0732  
                u2460 07DF                  u2380 078C                  u2517 068C                  u2461 07DE  
                u2381 078B                  u2470 07ED                  u2390 079A                  u2527 06A5  
                u2471 07EC                  u2391 0799                  u2480 07F3                  u2481 07F2  
                u2497 06BE                  _WREN 0C62                  cmd@a 0071                  _disp 0650  
                _main 06E2                  _init 0631                  btemp 007E                  start 0000  
               ??_cmd 0070                 ?_disp 0072                 ?_main 0070                 ?_init 0070  
               _EEADR 010D                 _CARRY 0018                 _PORTD 0008                 _TRISB 0086  
               _TRISD 0088                 disp@a 0074                 disp@b 0072                 disp@c 0073  
               disp@k 0075                 _write 06AE                 pclath 000A                 status 0003  
               wtemp0 007E          __end_of_disp 067C          __end_of_main 0800          __end_of_init 0650  
              ??_disp 0074                ??_main 0077                ??_init 0072                _EEDATA 010C  
              _EECON1 018C                _EECON2 018D                ?_write 0070                write@b 0071  
      __pcstackCOMMON 0070         __end_of_write 06E2        _OPTION_REGbits 0081               ??_write 0070  
          __pnvCOMMON 0079            __pmaintext 06E2          __size_of_cmd 0032  end_of_initialization 062D  
 start_initialization 062C           __end_of_cmd 06AE           __pbssCOMMON 007A             __ptext101 0650  
           __ptext102 0631             __ptext103 06AE             __ptext104 067C             __ptext105 0000  
           __pstrings 0003        __size_of_write 0034           __stringbase 0008         __size_of_disp 002C  
       __size_of_main 011E         __size_of_init 001F             stringcode 0003              stringdir 0003  
            stringtab 0003  
