

HI-TECH Software PIC LITE Macro Assembler V9.82 build 9453 
                                                                                               Sat Jan 27 14:47:01 2024

HI-TECH Software Omniscient Code Generator (Lite mode) build 9453
     1  0000                     opt subtitle "HI-TECH Software Omniscient Code Generator (Lite mode) build 9453"
     2                           
     3                           opt pagewidth 120
     4                           
     5                           	opt lm
     6                           
     7                           	processor	16F877A
     8                           clrc	macro
     9                           	bcf	3,0
    10  0000                     	endm
    11                           clrz	macro
    12                           	bcf	3,2
    13  0000                     	endm
    14                           setc	macro
    15                           	bsf	3,0
    16  0000                     	endm
    17                           setz	macro
    18                           	bsf	3,2
    19  0000                     	endm
    20                           skipc	macro
    21                           	btfss	3,0
    22  0000                     	endm
    23                           skipz	macro
    24                           	btfss	3,2
    25  0000                     	endm
    26                           skipnc	macro
    27                           	btfsc	3,0
    28  0000                     	endm
    29                           skipnz	macro
    30                           	btfsc	3,2
    31  0000                     	endm
    32  0000                     indf	equ	0
    33  0000                     indf0	equ	0
    34  0002                     pc	equ	2
    35  0002                     pcl	equ	2
    36  0003                     status	equ	3
    37  0004                     fsr	equ	4
    38  0004                     fsr0	equ	4
    39  0001                     c	equ	1
    40  0000                     z	equ	0
    41  000A                     pclath	equ	10
    42                           	FNROOT	_main
    43                           	FNCALL	intlevel1,__T0_ISR
    44                           	global	intlevel1
    45                           	FNROOT	intlevel1
    46                           	global	_cnt
    47                           	global	_PORTB
    48                           psect	maintext,global,class=CODE,delta=2
    49                           global __pmaintext
    50  003F                     __pmaintext:
    51  0006                     _PORTB	set	6
    52                           	global	_TMR0
    53  0001                     _TMR0	set	1
    54                           	global	_CARRY
    55  0018                     _CARRY	set	24
    56                           	global	_GIE
    57  005F                     _GIE	set	95
    58                           	global	_RB0
    59  0030                     _RB0	set	48
    60                           	global	_T0IE
    61  005D                     _T0IE	set	93
    62                           	global	_T0IF
    63  005A                     _T0IF	set	90
    64                           	global	_PS0
    65  0408                     _PS0	set	1032
    66                           	global	_PS1
    67  0409                     _PS1	set	1033
    68                           	global	_PS2
    69  040A                     _PS2	set	1034
    70                           	global	_PSA
    71  040B                     _PSA	set	1035
    72                           	global	_T0CS
    73  040D                     _T0CS	set	1037
    74                           	global	_TRISB0
    75  0430                     _TRISB0	set	1072
    76                           	global	_EEADR
    77  010D                     _EEADR	set	269
    78                           	global	_EEDATA
    79  010C                     _EEDATA	set	268
    80                           	global	_EECON1
    81  018C                     _EECON1	set	396
    82                           	global	_EECON2
    83  018D                     _EECON2	set	397
    84                           	global	_RD
    85  0C60                     _RD	set	3168
    86                           	global	_WR
    87  0C61                     _WR	set	3169
    88                           	global	_WREN
    89  0C62                     _WREN	set	3170
    90                           	file	"timer0.as"
    91                           	line	#
    92                           psect cinit,class=CODE,delta=2
    93                           global start_initialization
    94  0054                     start_initialization:
    95                           
    96                           psect	bssCOMMON,class=COMMON,space=1
    97                           global __pbssCOMMON
    98  0074                     __pbssCOMMON:
    99  0074                     _cnt:
   100  0074                            ds      2
   101                           
   102                           ; Clear objects allocated to COMMON
   103                           psect cinit,class=CODE,delta=2
   104  0054  01F4               	clrf	((__pbssCOMMON)+0)&07Fh
   105  0055  01F5               	clrf	((__pbssCOMMON)+1)&07Fh
   106                           psect cinit,class=CODE,delta=2
   107                           global end_of_initialization
   108                           
   109                           ;End of C runtime variable initialization code
   110                           
   111  0056                     end_of_initialization:
   112  0056  0183               clrf status
   113  0057  120A  118A  283F   ljmp _main	;jump to C main() function
   114                           psect	cstackCOMMON,class=COMMON,space=1
   115                           global __pcstackCOMMON
   116  0070                     __pcstackCOMMON:
   117                           	global	?__T0_ISR
   118  0070                     ?__T0_ISR:	; 0 bytes @ 0x0
   119                           	global	??__T0_ISR
   120  0070                     ??__T0_ISR:	; 0 bytes @ 0x0
   121                           	global	?_main
   122  0070                     ?_main:	; 2 bytes @ 0x0
   123  0070                     	ds	4
   124                           	global	??_main
   125  0074                     ??_main:	; 0 bytes @ 0x4
   126 ;;Data sizes: Strings 0, constant 0, data 0, bss 2, persistent 0 stack 0
   127 ;;Auto spaces:   Size  Autos    Used
   128 ;; COMMON          14      4       6
   129 ;; BANK0           80      0       0
   130 ;; BANK1           80      0       0
   131 ;; BANK3           96      0       0
   132 ;; BANK2           96      0       0
   133                           
   134 ;;
   135 ;; Pointer list with targets:
   136                           
   137                           
   138                           
   139 ;;
   140 ;; Critical Paths under _main in COMMON
   141 ;;
   142 ;;   None.
   143 ;;
   144 ;; Critical Paths under __T0_ISR in COMMON
   145 ;;
   146 ;;   None.
   147 ;;
   148 ;; Critical Paths under _main in BANK0
   149 ;;
   150 ;;   None.
   151 ;;
   152 ;; Critical Paths under __T0_ISR in BANK0
   153 ;;
   154 ;;   None.
   155 ;;
   156 ;; Critical Paths under _main in BANK1
   157 ;;
   158 ;;   None.
   159 ;;
   160 ;; Critical Paths under __T0_ISR in BANK1
   161 ;;
   162 ;;   None.
   163 ;;
   164 ;; Critical Paths under _main in BANK3
   165 ;;
   166 ;;   None.
   167 ;;
   168 ;; Critical Paths under __T0_ISR in BANK3
   169 ;;
   170 ;;   None.
   171 ;;
   172 ;; Critical Paths under _main in BANK2
   173 ;;
   174 ;;   None.
   175 ;;
   176 ;; Critical Paths under __T0_ISR in BANK2
   177 ;;
   178 ;;   None.
   179                           
   180 ;;
   181 ;;Main: autosize = 0, tempsize = 0, incstack = 0, save=0
   182 ;;
   183                           
   184 ;;
   185 ;;Call Graph Tables:
   186 ;;
   187 ;; ---------------------------------------------------------------------------------
   188 ;; (Depth) Function   	        Calls       Base Space   Used Autos Params    Refs
   189 ;; ---------------------------------------------------------------------------------
   190 ;; (0) _main                                                 0     0      0       0
   191 ;; ---------------------------------------------------------------------------------
   192 ;; Estimated maximum stack depth 0
   193 ;; ---------------------------------------------------------------------------------
   194 ;; (Depth) Function   	        Calls       Base Space   Used Autos Params    Refs
   195 ;; ---------------------------------------------------------------------------------
   196 ;; (1) __T0_ISR                                              4     4      0       0
   197 ;;                                              0 COMMON     4     4      0
   198 ;; ---------------------------------------------------------------------------------
   199 ;; Estimated maximum stack depth 1
   200 ;; ---------------------------------------------------------------------------------
   201                           
   202 ;; Call Graph Graphs:
   203                           
   204 ;; _main (ROOT)
   205 ;;
   206 ;; __T0_ISR (ROOT)
   207 ;;
   208                           
   209 ;; Address spaces:
   210                           
   211 ;;Name               Size   Autos  Total    Cost      Usage
   212 ;;BITCOMMON            E      0       0       0        0.0%
   213 ;;EEDATA             100      0       0       0        0.0%
   214 ;;NULL                 0      0       0       0        0.0%
   215 ;;CODE                 0      0       0       0        0.0%
   216 ;;COMMON               E      4       6       1       42.9%
   217 ;;BITSFR0              0      0       0       1        0.0%
   218 ;;SFR0                 0      0       0       1        0.0%
   219 ;;BITSFR1              0      0       0       2        0.0%
   220 ;;SFR1                 0      0       0       2        0.0%
   221 ;;STACK                0      0       0       2        0.0%
   222 ;;ABS                  0      0       6       3        0.0%
   223 ;;BITBANK0            50      0       0       4        0.0%
   224 ;;BITSFR3              0      0       0       4        0.0%
   225 ;;SFR3                 0      0       0       4        0.0%
   226 ;;BANK0               50      0       0       5        0.0%
   227 ;;BITSFR2              0      0       0       5        0.0%
   228 ;;SFR2                 0      0       0       5        0.0%
   229 ;;BITBANK1            50      0       0       6        0.0%
   230 ;;BANK1               50      0       0       7        0.0%
   231 ;;BITBANK3            60      0       0       8        0.0%
   232 ;;BANK3               60      0       0       9        0.0%
   233 ;;BITBANK2            60      0       0      10        0.0%
   234 ;;BANK2               60      0       0      11        0.0%
   235 ;;DATA                 0      0       6      12        0.0%
   236                           
   237                           	global	_main
   238                           psect	maintext
   239                           
   240 ;; *************** function _main *****************
   241 ;; Defined at:
   242 ;;		line 6 in file "D:\pic program\Timer0\timer0.c"
   243 ;; Parameters:    Size  Location     Type
   244 ;;		None
   245 ;; Auto vars:     Size  Location     Type
   246 ;;		None
   247 ;; Return value:  Size  Location     Type
   248 ;;                  2  686[COMMON] int 
   249 ;; Registers used:
   250 ;;		status,2
   251 ;; Tracked objects:
   252 ;;		On entry : 17F/0
   253 ;;		On exit  : 0/0
   254 ;;		Unchanged: 0/0
   255 ;; Data sizes:     COMMON   BANK0   BANK1   BANK3   BANK2
   256 ;;      Params:         0       0       0       0       0
   257 ;;      Locals:         0       0       0       0       0
   258 ;;      Temps:          0       0       0       0       0
   259 ;;      Totals:         0       0       0       0       0
   260 ;;Total ram usage:        0 bytes
   261 ;; Hardware stack levels required when called:    1
   262 ;; This function calls:
   263 ;;		Nothing
   264 ;; This function is called by:
   265 ;;		Startup code after reset
   266 ;; This function uses a non-reentrant model
   267 ;;
   268                           psect	maintext
   269                           	file	"D:\pic program\Timer0\timer0.c"
   270                           	line	6
   271                           	global	__size_of_main
   272  0015                     	__size_of_main	equ	__end_of_main-_main
   273                           	
   274  003F                     _main:	
   275                           	opt	stack 7
   276                           ; Regs used in _main: [status,2]
   277                           	line	8
   278                           	
   279  003F                     l1742:	
   280                           ;timer0.c: 8: PORTB=0x00;
   281  003F  1283               	bcf	status, 5	;RP0=0, select bank0
   282  0040  1303               	bcf	status, 6	;RP1=0, select bank0
   283  0041  0186               	clrf	(6)	;volatile
   284                           	line	9
   285                           	
   286  0042                     l1744:	
   287                           ;timer0.c: 9: TRISB0=0;
   288  0042  1683               	bsf	status, 5	;RP0=1, select bank1
   289  0043  1303               	bcf	status, 6	;RP1=0, select bank1
   290  0044  1006               	bcf	(1072/8)^080h,(1072)&7
   291                           	line	10
   292                           	
   293  0045                     l1746:	
   294                           ;timer0.c: 10: T0CS=0;
   295  0045  1281               	bcf	(1037/8)^080h,(1037)&7
   296                           	line	11
   297                           	
   298  0046                     l1748:	
   299                           ;timer0.c: 11: PSA=0;
   300  0046  1181               	bcf	(1035/8)^080h,(1035)&7
   301                           	line	12
   302                           	
   303  0047                     l1750:	
   304                           ;timer0.c: 12: PS0=1;
   305  0047  1401               	bsf	(1032/8)^080h,(1032)&7
   306                           	line	13
   307                           	
   308  0048                     l1752:	
   309                           ;timer0.c: 13: PS1=1;
   310  0048  1481               	bsf	(1033/8)^080h,(1033)&7
   311                           	line	14
   312                           	
   313  0049                     l1754:	
   314                           ;timer0.c: 14: PS2=1;
   315  0049  1501               	bsf	(1034/8)^080h,(1034)&7
   316                           	line	15
   317                           	
   318  004A                     l1756:	
   319                           ;timer0.c: 15: T0IE=1;
   320  004A  168B               	bsf	(93/8),(93)&7
   321                           	line	16
   322                           	
   323  004B                     l1758:	
   324                           ;timer0.c: 16: GIE=1;
   325  004B  178B               	bsf	(95/8),(95)&7
   326                           	line	17
   327                           ;timer0.c: 17: TMR0=0;
   328  004C  1283               	bcf	status, 5	;RP0=0, select bank0
   329  004D  1303               	bcf	status, 6	;RP1=0, select bank0
   330  004E  0181               	clrf	(1)	;volatile
   331  004F  2850               	goto	l688
   332                           	line	18
   333                           ;timer0.c: 18: while(1);
   334                           	
   335  0050                     l687:	
   336                           	
   337  0050                     l688:	
   338  0050  2850               	goto	l688
   339                           	
   340  0051                     l689:	
   341                           	line	19
   342                           	
   343  0051                     l690:	
   344                           	global	start
   345  0051  120A  118A  2812   	ljmp	start
   346                           	opt stack 0
   347                           GLOBAL	__end_of_main
   348  0054                     	__end_of_main:
   349 ;; =============== function _main ends ============
   350                           
   351                           	signat	_main,90
   352                           	global	__T0_ISR
   353                           psect	text71,local,class=CODE,delta=2
   354                           global __ptext71
   355  0015                     __ptext71:
   356                           
   357 ;; *************** function __T0_ISR *****************
   358 ;; Defined at:
   359 ;;		line 22 in file "D:\pic program\Timer0\timer0.c"
   360 ;; Parameters:    Size  Location     Type
   361 ;;		None
   362 ;; Auto vars:     Size  Location     Type
   363 ;;		None
   364 ;; Return value:  Size  Location     Type
   365 ;;		None               void
   366 ;; Registers used:
   367 ;;		wreg, status,2
   368 ;; Tracked objects:
   369 ;;		On entry : 0/0
   370 ;;		On exit  : 0/0
   371 ;;		Unchanged: 0/0
   372 ;; Data sizes:     COMMON   BANK0   BANK1   BANK3   BANK2
   373 ;;      Params:         0       0       0       0       0
   374 ;;      Locals:         0       0       0       0       0
   375 ;;      Temps:          4       0       0       0       0
   376 ;;      Totals:         4       0       0       0       0
   377 ;;Total ram usage:        4 bytes
   378 ;; Hardware stack levels used:    1
   379 ;; This function calls:
   380 ;;		Nothing
   381 ;; This function is called by:
   382 ;;		Interrupt level 1
   383 ;; This function uses a non-reentrant model
   384 ;;
   385                           psect	text71
   386                           	file	"D:\pic program\Timer0\timer0.c"
   387                           	line	22
   388                           	global	__size_of__T0_ISR
   389  002A                     	__size_of__T0_ISR	equ	__end_of__T0_ISR-__T0_ISR
   390                           	
   391  0015                     __T0_ISR:	
   392                           	opt	stack 7
   393                           ; Regs used in __T0_ISR: [wreg+status,2]
   394                           psect	intentry,class=CODE,delta=2
   395                           global __pintentry
   396  0004                     __pintentry:
   397                           global interrupt_function
   398  0004                     interrupt_function:
   399                           	global saved_w
   400  007E                     	saved_w	set	btemp+0
   401  0004  00FE               	movwf	saved_w
   402  0005  0E03               	swapf	status,w
   403  0006  00F0               	movwf	(??__T0_ISR+0)
   404  0007  0804               	movf	fsr0,w
   405  0008  00F1               	movwf	(??__T0_ISR+1)
   406  0009  080A               	movf	pclath,w
   407  000A  00F2               	movwf	(??__T0_ISR+2)
   408  000B  1283               	bcf	status, 5	;RP0=0, select bank0
   409  000C  1303               	bcf	status, 6	;RP1=0, select bank0
   410  000D  087F               	movf	btemp+1,w
   411  000E  00F3               	movwf	(??__T0_ISR+3)
   412  000F  120A  118A  2815   	ljmp	__T0_ISR
   413                           psect	text71
   414                           	line	23
   415                           	
   416  0015                     i1l1760:	
   417                           ;timer0.c: 23: if(T0IF&&T0IE)
   418  0015  1D0B               	btfss	(90/8),(90)&7
   419  0016  2818               	goto	u1_21
   420  0017  2819               	goto	u1_20
   421  0018                     u1_21:
   422  0018  2826               	goto	i1l693
   423  0019                     u1_20:
   424                           	
   425  0019                     i1l1762:	
   426  0019  1E8B               	btfss	(93/8),(93)&7
   427  001A  281C               	goto	u2_21
   428  001B  281D               	goto	u2_20
   429  001C                     u2_21:
   430  001C  2826               	goto	i1l693
   431  001D                     u2_20:
   432                           	line	25
   433                           	
   434  001D                     i1l1764:	
   435                           ;timer0.c: 24: {
   436                           ;timer0.c: 25: cnt+=1;
   437  001D  3001               	movlw	low(01h)
   438  001E  07F4               	addwf	(_cnt),f
   439  001F  1803               	skipnc
   440  0020  0AF5               	incf	(_cnt+1),f
   441  0021  3000               	movlw	high(01h)
   442  0022  07F5               	addwf	(_cnt+1),f
   443                           	line	26
   444                           ;timer0.c: 26: TMR0=-207;
   445  0023  3031               	movlw	(031h)
   446  0024  0081               	movwf	(1)	;volatile
   447                           	line	27
   448                           	
   449  0025                     i1l1766:	
   450                           ;timer0.c: 27: T0IF=0;
   451  0025  110B               	bcf	(90/8),(90)&7
   452                           	line	28
   453                           	
   454  0026                     i1l693:	
   455                           	line	29
   456                           ;timer0.c: 28: }
   457                           ;timer0.c: 29: if(cnt>=10)
   458  0026  3000               	movlw	high(0Ah)
   459  0027  0275               	subwf	(_cnt+1),w
   460  0028  300A               	movlw	low(0Ah)
   461  0029  1903               	skipnz
   462  002A  0274               	subwf	(_cnt),w
   463  002B  1C03               	skipc
   464  002C  282E               	goto	u3_21
   465  002D  282F               	goto	u3_20
   466  002E                     u3_21:
   467  002E  2834               	goto	i1l695
   468  002F                     u3_20:
   469                           	line	32
   470                           	
   471  002F                     i1l1768:	
   472                           ;timer0.c: 30: {
   473                           ;timer0.c: 32: RB0^=1;
   474  002F  3001               	movlw	1<<((48)&7)
   475  0030  0686               	xorwf	((48)/8),f
   476                           	line	34
   477                           	
   478  0031                     i1l1770:	
   479                           ;timer0.c: 34: cnt=0;
   480  0031  01F4               	clrf	(_cnt)
   481  0032  01F5               	clrf	(_cnt+1)
   482  0033  2834               	goto	i1l695
   483                           	line	35
   484                           	
   485  0034                     i1l694:	
   486                           	line	36
   487                           	
   488  0034                     i1l695:	
   489  0034  0873               	movf	(??__T0_ISR+3),w
   490  0035  00FF               	movwf	btemp+1
   491  0036  0872               	movf	(??__T0_ISR+2),w
   492  0037  008A               	movwf	pclath
   493  0038  0871               	movf	(??__T0_ISR+1),w
   494  0039  0084               	movwf	fsr0
   495  003A  0E70               	swapf	(??__T0_ISR+0)^0FFFFFF80h,w
   496  003B  0083               	movwf	status
   497  003C  0EFE               	swapf	saved_w,f
   498  003D  0E7E               	swapf	saved_w,w
   499  003E  0009               	retfie
   500                           	opt stack 0
   501                           GLOBAL	__end_of__T0_ISR
   502  003F                     	__end_of__T0_ISR:
   503 ;; =============== function __T0_ISR ends ============
   504                           
   505                           	signat	__T0_ISR,88
   506                           psect	text72,local,class=CODE,delta=2
   507                           global __ptext72
   508  0000                     __ptext72:
   509                           	global	btemp
   510  007E                     	btemp set 07Eh
   511                           
   512                           	DABS	1,126,2	;btemp
   513                           	global	wtemp0
   514  007E                     	wtemp0 set btemp


HI-TECH Software PICC Macro Assembler V9.82 build 9453 
Symbol Table                                                                                   Sat Jan 27 14:47:01 2024

                  _RD 0C60                    _WR 0C61                   l690 0051                   l687 0050  
                 l688 0050                   l689 0051                   _GIE 005F                   _RB0 0030  
                 _PS0 0408                   _PS1 0409                   _PS2 040A                   _PSA 040B  
                 _cnt 0074                   fsr0 0004                  l1750 0047                  l1742 003F  
                l1752 0048                  l1744 0042                  l1754 0049                  l1746 0045  
                l1756 004A                  l1748 0046                  l1758 004B                  _T0IE 005D  
                _T0IF 005A                  _T0CS 040D                  _TMR0 0001                  _WREN 0C62  
                u1_20 0019                  u1_21 0018                  u2_20 001D                  u2_21 001C  
                u3_20 002F                  u3_21 002E                  _main 003F                  btemp 007E  
                start 0012       __end_of__T0_ISR 003F                 ?_main 0070                 _EEADR 010D  
               _CARRY 0018                 i1l693 0026                 i1l694 0034                 i1l695 0034  
               _PORTB 0006                 pclath 000A                 status 0003                 wtemp0 007E  
        __end_of_main 0054                ??_main 0074                _EEDATA 010C                _EECON1 018C  
              _EECON2 018D                i1l1760 0015                i1l1770 0031                i1l1762 0019  
              i1l1764 001D                i1l1766 0025                i1l1768 002F             ??__T0_ISR 0070  
              _TRISB0 0430                saved_w 007E        __pcstackCOMMON 0070            __pmaintext 003F  
          __pintentry 0004               __T0_ISR 0015  end_of_initialization 0056   start_initialization 0054  
         __pbssCOMMON 0074              ?__T0_ISR 0070     interrupt_function 0004      __size_of__T0_ISR 002A  
            __ptext71 0015              __ptext72 0000         __size_of_main 0015              intlevel1 0000  
