

HI-TECH Software PIC LITE Macro Assembler V9.82 build 9453 
                                                                                               Sat Jan 27 14:56:41 2024

HI-TECH Software Omniscient Code Generator (Lite mode) build 9453
     1  0000                     opt subtitle "HI-TECH Software Omniscient Code Generator (Lite mode) build 9453"
     2                           
     3                           opt pagewidth 120
     4                           
     5                           	opt lm
     6                           
     7                           	processor	16F877A
     8                           clrc	macro
     9                           	bcf	3,0
    10  0000                     	endm
    11                           clrz	macro
    12                           	bcf	3,2
    13  0000                     	endm
    14                           setc	macro
    15                           	bsf	3,0
    16  0000                     	endm
    17                           setz	macro
    18                           	bsf	3,2
    19  0000                     	endm
    20                           skipc	macro
    21                           	btfss	3,0
    22  0000                     	endm
    23                           skipz	macro
    24                           	btfss	3,2
    25  0000                     	endm
    26                           skipnc	macro
    27                           	btfsc	3,0
    28  0000                     	endm
    29                           skipnz	macro
    30                           	btfsc	3,2
    31  0000                     	endm
    32  0000                     indf	equ	0
    33  0000                     indf0	equ	0
    34  0002                     pc	equ	2
    35  0002                     pcl	equ	2
    36  0003                     status	equ	3
    37  0004                     fsr	equ	4
    38  0004                     fsr0	equ	4
    39  0001                     c	equ	1
    40  0000                     z	equ	0
    41  000A                     pclath	equ	10
    42                           	FNCALL	_main,_timer1delay
    43                           	FNROOT	_main
    44                           	global	_PORTD
    45                           psect	text78,local,class=CODE,delta=2
    46                           global __ptext78
    47  0000                     __ptext78:
    48  0008                     _PORTD	set	8
    49                           	global	_T1CON
    50  0010                     _T1CON	set	16
    51                           	global	_TMR1H
    52  000F                     _TMR1H	set	15
    53                           	global	_TMR1L
    54  000E                     _TMR1L	set	14
    55                           	global	_CARRY
    56  0018                     _CARRY	set	24
    57                           	global	_GIE
    58  005F                     _GIE	set	95
    59                           	global	_PEIE
    60  005E                     _PEIE	set	94
    61                           	global	_RD0
    62  0040                     _RD0	set	64
    63                           	global	_RD1
    64  0041                     _RD1	set	65
    65                           	global	_TMR1IF
    66  0060                     _TMR1IF	set	96
    67                           	global	_TMR1ON
    68  0080                     _TMR1ON	set	128
    69                           	global	_TRISD
    70  0088                     _TRISD	set	136
    71                           	global	_TRISC0
    72  0438                     _TRISC0	set	1080
    73                           	global	_EEADR
    74  010D                     _EEADR	set	269
    75                           	global	_EEDATA
    76  010C                     _EEDATA	set	268
    77                           	global	_EECON1
    78  018C                     _EECON1	set	396
    79                           	global	_EECON2
    80  018D                     _EECON2	set	397
    81                           	global	_RD
    82  0C60                     _RD	set	3168
    83                           	global	_WR
    84  0C61                     _WR	set	3169
    85                           	global	_WREN
    86  0C62                     _WREN	set	3170
    87                           	file	"attempt1.as"
    88                           	line	#
    89                           psect cinit,class=CODE,delta=2
    90                           global start_initialization
    91  0789                     start_initialization:
    92                           
    93                           psect cinit,class=CODE,delta=2
    94                           global end_of_initialization
    95                           
    96                           ;End of C runtime variable initialization code
    97                           
    98  0789                     end_of_initialization:
    99  0789  0183               clrf status
   100  078A  120A  118A  2F8D   ljmp _main	;jump to C main() function
   101                           psect	cstackCOMMON,class=COMMON,space=1
   102                           global __pcstackCOMMON
   103  0070                     __pcstackCOMMON:
   104                           	global	?_timer1delay
   105  0070                     ?_timer1delay:	; 0 bytes @ 0x0
   106                           	global	??_timer1delay
   107  0070                     ??_timer1delay:	; 0 bytes @ 0x0
   108                           	global	?_main
   109  0070                     ?_main:	; 0 bytes @ 0x0
   110                           	global	timer1delay@i
   111  0070                     timer1delay@i:	; 2 bytes @ 0x0
   112  0070                     	ds	2
   113                           	global	??_main
   114  0072                     ??_main:	; 0 bytes @ 0x2
   115 ;;Data sizes: Strings 0, constant 0, data 0, bss 0, persistent 0 stack 0
   116 ;;Auto spaces:   Size  Autos    Used
   117 ;; COMMON          14      2       2
   118 ;; BANK0           80      0       0
   119 ;; BANK1           80      0       0
   120 ;; BANK3           96      0       0
   121 ;; BANK2           96      0       0
   122                           
   123 ;;
   124 ;; Pointer list with targets:
   125                           
   126                           
   127                           
   128 ;;
   129 ;; Critical Paths under _main in COMMON
   130 ;;
   131 ;;   _main->_timer1delay
   132 ;;
   133 ;; Critical Paths under _main in BANK0
   134 ;;
   135 ;;   None.
   136 ;;
   137 ;; Critical Paths under _main in BANK1
   138 ;;
   139 ;;   None.
   140 ;;
   141 ;; Critical Paths under _main in BANK3
   142 ;;
   143 ;;   None.
   144 ;;
   145 ;; Critical Paths under _main in BANK2
   146 ;;
   147 ;;   None.
   148                           
   149 ;;
   150 ;;Main: autosize = 0, tempsize = 0, incstack = 0, save=0
   151 ;;
   152                           
   153 ;;
   154 ;;Call Graph Tables:
   155 ;;
   156 ;; ---------------------------------------------------------------------------------
   157 ;; (Depth) Function   	        Calls       Base Space   Used Autos Params    Refs
   158 ;; ---------------------------------------------------------------------------------
   159 ;; (0) _main                                                 0     0      0      30
   160 ;;                        _timer1delay
   161 ;; ---------------------------------------------------------------------------------
   162 ;; (1) _timer1delay                                          2     2      0      30
   163 ;;                                              0 COMMON     2     2      0
   164 ;; ---------------------------------------------------------------------------------
   165 ;; Estimated maximum stack depth 1
   166 ;; ---------------------------------------------------------------------------------
   167                           
   168 ;; Call Graph Graphs:
   169                           
   170 ;; _main (ROOT)
   171 ;;   _timer1delay
   172 ;;
   173                           
   174 ;; Address spaces:
   175                           
   176 ;;Name               Size   Autos  Total    Cost      Usage
   177 ;;BITCOMMON            E      0       0       0        0.0%
   178 ;;EEDATA             100      0       0       0        0.0%
   179 ;;NULL                 0      0       0       0        0.0%
   180 ;;CODE                 0      0       0       0        0.0%
   181 ;;COMMON               E      2       2       1       14.3%
   182 ;;BITSFR0              0      0       0       1        0.0%
   183 ;;SFR0                 0      0       0       1        0.0%
   184 ;;BITSFR1              0      0       0       2        0.0%
   185 ;;SFR1                 0      0       0       2        0.0%
   186 ;;STACK                0      0       1       2        0.0%
   187 ;;ABS                  0      0       0       3        0.0%
   188 ;;BITBANK0            50      0       0       4        0.0%
   189 ;;BITSFR3              0      0       0       4        0.0%
   190 ;;SFR3                 0      0       0       4        0.0%
   191 ;;BANK0               50      0       0       5        0.0%
   192 ;;BITSFR2              0      0       0       5        0.0%
   193 ;;SFR2                 0      0       0       5        0.0%
   194 ;;BITBANK1            50      0       0       6        0.0%
   195 ;;BANK1               50      0       0       7        0.0%
   196 ;;BITBANK3            60      0       0       8        0.0%
   197 ;;BANK3               60      0       0       9        0.0%
   198 ;;BITBANK2            60      0       0      10        0.0%
   199 ;;BANK2               60      0       0      11        0.0%
   200 ;;DATA                 0      0       0      12        0.0%
   201                           
   202                           	global	_main
   203                           psect	maintext,global,class=CODE,delta=2
   204                           global __pmaintext
   205  078D                     __pmaintext:
   206                           
   207 ;; *************** function _main *****************
   208 ;; Defined at:
   209 ;;		line 25 in file "D:\pic program\star delta\unconfiguration.c"
   210 ;; Parameters:    Size  Location     Type
   211 ;;		None
   212 ;; Auto vars:     Size  Location     Type
   213 ;;		None
   214 ;; Return value:  Size  Location     Type
   215 ;;		None               void
   216 ;; Registers used:
   217 ;;		wreg, status,2, status,0, btemp+1, pclath, cstack
   218 ;; Tracked objects:
   219 ;;		On entry : 17F/0
   220 ;;		On exit  : 0/0
   221 ;;		Unchanged: 0/0
   222 ;; Data sizes:     COMMON   BANK0   BANK1   BANK3   BANK2
   223 ;;      Params:         0       0       0       0       0
   224 ;;      Locals:         0       0       0       0       0
   225 ;;      Temps:          0       0       0       0       0
   226 ;;      Totals:         0       0       0       0       0
   227 ;;Total ram usage:        0 bytes
   228 ;; Hardware stack levels required when called:    1
   229 ;; This function calls:
   230 ;;		_timer1delay
   231 ;; This function is called by:
   232 ;;		Startup code after reset
   233 ;; This function uses a non-reentrant model
   234 ;;
   235                           psect	maintext
   236                           	file	"D:\pic program\star delta\unconfiguration.c"
   237                           	line	25
   238                           	global	__size_of_main
   239  0038                     	__size_of_main	equ	__end_of_main-_main
   240                           	
   241  078D                     _main:	
   242                           	opt	stack 7
   243                           ; Regs used in _main: [wreg+status,2+status,0+btemp+1+pclath+cstack]
   244                           	line	26
   245                           	
   246  078D                     l2658:	
   247                           ;unconfiguration.c: 26: TRISC0 = 1;
   248  078D  1683               	bsf	status, 5	;RP0=1, select bank1
   249  078E  1303               	bcf	status, 6	;RP1=0, select bank1
   250  078F  1407               	bsf	(1080/8)^080h,(1080)&7
   251                           	line	27
   252                           	
   253  0790                     l2660:	
   254                           ;unconfiguration.c: 27: TRISD = 0x00;
   255  0790  0188               	clrf	(136)^080h	;volatile
   256                           	line	28
   257                           ;unconfiguration.c: 28: PORTD=0x00;
   258  0791  1283               	bcf	status, 5	;RP0=0, select bank0
   259  0792  1303               	bcf	status, 6	;RP1=0, select bank0
   260  0793  0188               	clrf	(8)	;volatile
   261  0794  2F95               	goto	l2662
   262                           	line	29
   263                           ;unconfiguration.c: 29: while(1)
   264                           	
   265  0795                     l694:	
   266                           	line	31
   267                           	
   268  0795                     l2662:	
   269                           ;unconfiguration.c: 30: {
   270                           ;unconfiguration.c: 31: if (RD0 ==1 && RD1 ==0)
   271  0795  1283               	bcf	status, 5	;RP0=0, select bank0
   272  0796  1303               	bcf	status, 6	;RP1=0, select bank0
   273  0797  1C08               	btfss	(64/8),(64)&7
   274  0798  2F9A               	goto	u2311
   275  0799  2F9B               	goto	u2310
   276  079A                     u2311:
   277  079A  2FA7               	goto	l695
   278  079B                     u2310:
   279                           	
   280  079B                     l2664:	
   281  079B  1888               	btfsc	(65/8),(65)&7
   282  079C  2F9E               	goto	u2321
   283  079D  2F9F               	goto	u2320
   284  079E                     u2321:
   285  079E  2FA7               	goto	l695
   286  079F                     u2320:
   287                           	line	33
   288                           	
   289  079F                     l2666:	
   290                           ;unconfiguration.c: 32: {
   291                           ;unconfiguration.c: 33: RD0=1;
   292  079F  1408               	bsf	(64/8),(64)&7
   293                           	line	34
   294                           ;unconfiguration.c: 34: RD1=0;
   295  07A0  1088               	bcf	(65/8),(65)&7
   296                           	line	35
   297                           	
   298  07A1                     l2668:	
   299                           ;unconfiguration.c: 35: timer1delay();
   300  07A1  120A  118A  27C5   	fcall	_timer1delay
              120A  118A         
   301                           	line	36
   302                           ;unconfiguration.c: 36: }
   303  07A6  2F95               	goto	l2662
   304                           	line	37
   305                           	
   306  07A7                     l695:	
   307                           ;unconfiguration.c: 37: else if( RD1 ==1&& RD0 ==0)
   308  07A7  1C88               	btfss	(65/8),(65)&7
   309  07A8  2FAA               	goto	u2331
   310  07A9  2FAB               	goto	u2330
   311  07AA                     u2331:
   312  07AA  2FB7               	goto	l697
   313  07AB                     u2330:
   314                           	
   315  07AB                     l2670:	
   316  07AB  1808               	btfsc	(64/8),(64)&7
   317  07AC  2FAE               	goto	u2341
   318  07AD  2FAF               	goto	u2340
   319  07AE                     u2341:
   320  07AE  2FB7               	goto	l697
   321  07AF                     u2340:
   322                           	line	39
   323                           	
   324  07AF                     l2672:	
   325                           ;unconfiguration.c: 38: {
   326                           ;unconfiguration.c: 39: RD0 =0;
   327  07AF  1008               	bcf	(64/8),(64)&7
   328                           	line	40
   329                           ;unconfiguration.c: 40: RD1 =1;
   330  07B0  1488               	bsf	(65/8),(65)&7
   331                           	line	41
   332                           	
   333  07B1                     l2674:	
   334                           ;unconfiguration.c: 41: timer1delay();
   335  07B1  120A  118A  27C5   	fcall	_timer1delay
              120A  118A         
   336                           	line	42
   337                           ;unconfiguration.c: 42: }
   338  07B6  2F95               	goto	l2662
   339                           	line	43
   340                           	
   341  07B7                     l697:	
   342                           	line	45
   343                           ;unconfiguration.c: 43: else
   344                           ;unconfiguration.c: 44: {
   345                           ;unconfiguration.c: 45: RD0=0;
   346  07B7  1008               	bcf	(64/8),(64)&7
   347                           	line	46
   348                           ;unconfiguration.c: 46: RD1=0;
   349  07B8  1088               	bcf	(65/8),(65)&7
   350                           	line	47
   351                           	
   352  07B9                     l2676:	
   353                           ;unconfiguration.c: 47: timer1delay();
   354  07B9  120A  118A  27C5   	fcall	_timer1delay
              120A  118A         
   355  07BE  2F95               	goto	l2662
   356                           	line	48
   357                           	
   358  07BF                     l698:	
   359  07BF  2F95               	goto	l2662
   360                           	
   361  07C0                     l696:	
   362  07C0  2F95               	goto	l2662
   363                           	line	49
   364                           	
   365  07C1                     l699:	
   366                           	line	29
   367  07C1  2F95               	goto	l2662
   368                           	
   369  07C2                     l700:	
   370                           	line	50
   371                           	
   372  07C2                     l701:	
   373                           	global	start
   374  07C2  120A  118A  2800   	ljmp	start
   375                           	opt stack 0
   376                           GLOBAL	__end_of_main
   377  07C5                     	__end_of_main:
   378 ;; =============== function _main ends ============
   379                           
   380                           	signat	_main,88
   381                           	global	_timer1delay
   382                           psect	text79,local,class=CODE,delta=2
   383                           global __ptext79
   384  07C5                     __ptext79:
   385                           
   386 ;; *************** function _timer1delay *****************
   387 ;; Defined at:
   388 ;;		line 53 in file "D:\pic program\star delta\unconfiguration.c"
   389 ;; Parameters:    Size  Location     Type
   390 ;;		None
   391 ;; Auto vars:     Size  Location     Type
   392 ;;  i               2    0[COMMON] int 
   393 ;; Return value:  Size  Location     Type
   394 ;;		None               void
   395 ;; Registers used:
   396 ;;		wreg, btemp+1
   397 ;; Tracked objects:
   398 ;;		On entry : 0/0
   399 ;;		On exit  : 0/0
   400 ;;		Unchanged: 0/0
   401 ;; Data sizes:     COMMON   BANK0   BANK1   BANK3   BANK2
   402 ;;      Params:         0       0       0       0       0
   403 ;;      Locals:         2       0       0       0       0
   404 ;;      Temps:          0       0       0       0       0
   405 ;;      Totals:         2       0       0       0       0
   406 ;;Total ram usage:        2 bytes
   407 ;; Hardware stack levels used:    1
   408 ;; This function calls:
   409 ;;		Nothing
   410 ;; This function is called by:
   411 ;;		_main
   412 ;;		_seq
   413 ;; This function uses a non-reentrant model
   414 ;;
   415                           psect	text79
   416                           	file	"D:\pic program\star delta\unconfiguration.c"
   417                           	line	53
   418                           	global	__size_of_timer1delay
   419  003B                     	__size_of_timer1delay	equ	__end_of_timer1delay-_timer1delay
   420                           	
   421  07C5                     _timer1delay:	
   422                           	opt	stack 7
   423                           ; Regs used in _timer1delay: [wreg+btemp+1]
   424                           	line	54
   425                           	
   426  07C5                     l1784:	
   427                           ;unconfiguration.c: 54: T1CON=0x31;
   428  07C5  3031               	movlw	(031h)
   429  07C6  1283               	bcf	status, 5	;RP0=0, select bank0
   430  07C7  1303               	bcf	status, 6	;RP1=0, select bank0
   431  07C8  0090               	movwf	(16)	;volatile
   432                           	line	55
   433                           ;unconfiguration.c: 55: TMR1H=0x0B;
   434  07C9  300B               	movlw	(0Bh)
   435  07CA  008F               	movwf	(15)	;volatile
   436                           	line	56
   437                           ;unconfiguration.c: 56: TMR1L=0xDB;
   438  07CB  30DB               	movlw	(0DBh)
   439  07CC  008E               	movwf	(14)	;volatile
   440                           	line	57
   441                           	
   442  07CD                     l1786:	
   443                           ;unconfiguration.c: 57: GIE=1;
   444  07CD  178B               	bsf	(95/8),(95)&7
   445                           	line	58
   446                           	
   447  07CE                     l1788:	
   448                           ;unconfiguration.c: 58: PEIE=1;
   449  07CE  170B               	bsf	(94/8),(94)&7
   450                           	line	59
   451                           	
   452  07CF                     l1790:	
   453                           ;unconfiguration.c: 59: TMR1ON =1;
   454  07CF  1410               	bsf	(128/8),(128)&7
   455                           	line	60
   456                           ;unconfiguration.c: 60: for(int i=1; i<=5;i++){
   457  07D0  3001               	movlw	low(01h)
   458  07D1  00F0               	movwf	(timer1delay@i)
   459  07D2  3000               	movlw	high(01h)
   460  07D3  00F1               	movwf	((timer1delay@i))+1
   461                           	
   462  07D4                     l1792:	
   463  07D4  0871               	movf	(timer1delay@i+1),w
   464  07D5  3A80               	xorlw	80h
   465  07D6  00FF               	movwf	btemp+1
   466  07D7  3080               	movlw	(high(06h))^80h
   467  07D8  027F               	subwf	btemp+1,w
   468  07D9  1D03               	skipz
   469  07DA  2FDD               	goto	u75
   470  07DB  3006               	movlw	low(06h)
   471  07DC  0270               	subwf	(timer1delay@i),w
   472  07DD                     u75:
   473                           
   474  07DD  1C03               	skipc
   475  07DE  2FE0               	goto	u71
   476  07DF  2FE1               	goto	u70
   477  07E0                     u71:
   478  07E0  2FE4               	goto	l706
   479  07E1                     u70:
   480  07E1  2FFF               	goto	l709
   481                           	
   482  07E2                     l1794:	
   483  07E2  2FFF               	goto	l709
   484                           	
   485  07E3                     l704:	
   486                           	line	61
   487                           ;unconfiguration.c: 61: while(!TMR1IF);
   488  07E3  2FE4               	goto	l706
   489                           	
   490  07E4                     l707:	
   491                           	
   492  07E4                     l706:	
   493  07E4  1283               	bcf	status, 5	;RP0=0, select bank0
   494  07E5  1303               	bcf	status, 6	;RP1=0, select bank0
   495  07E6  1C0C               	btfss	(96/8),(96)&7
   496  07E7  2FE9               	goto	u81
   497  07E8  2FEA               	goto	u80
   498  07E9                     u81:
   499  07E9  2FE4               	goto	l706
   500  07EA                     u80:
   501                           	
   502  07EA                     l708:	
   503                           	line	62
   504                           ;unconfiguration.c: 62: TMR1IF = 0;
   505  07EA  100C               	bcf	(96/8),(96)&7
   506                           	line	60
   507                           	
   508  07EB                     l1796:	
   509  07EB  3001               	movlw	low(01h)
   510  07EC  07F0               	addwf	(timer1delay@i),f
   511  07ED  1803               	skipnc
   512  07EE  0AF1               	incf	(timer1delay@i+1),f
   513  07EF  3000               	movlw	high(01h)
   514  07F0  07F1               	addwf	(timer1delay@i+1),f
   515                           	
   516  07F1                     l1798:	
   517  07F1  0871               	movf	(timer1delay@i+1),w
   518  07F2  3A80               	xorlw	80h
   519  07F3  00FF               	movwf	btemp+1
   520  07F4  3080               	movlw	(high(06h))^80h
   521  07F5  027F               	subwf	btemp+1,w
   522  07F6  1D03               	skipz
   523  07F7  2FFA               	goto	u95
   524  07F8  3006               	movlw	low(06h)
   525  07F9  0270               	subwf	(timer1delay@i),w
   526  07FA                     u95:
   527                           
   528  07FA  1C03               	skipc
   529  07FB  2FFD               	goto	u91
   530  07FC  2FFE               	goto	u90
   531  07FD                     u91:
   532  07FD  2FE4               	goto	l706
   533  07FE                     u90:
   534  07FE  2FFF               	goto	l709
   535                           	
   536  07FF                     l705:	
   537                           	line	64
   538                           	
   539  07FF                     l709:	
   540  07FF  0008               	return
   541                           	opt stack 0
   542                           GLOBAL	__end_of_timer1delay
   543  0800                     	__end_of_timer1delay:
   544 ;; =============== function _timer1delay ends ============
   545                           
   546                           	signat	_timer1delay,88
   547                           psect	text80,local,class=CODE,delta=2
   548                           global __ptext80
   549  0000                     __ptext80:
   550                           	global	btemp
   551  007E                     	btemp set 07Eh
   552                           
   553                           	DABS	1,126,2	;btemp
   554                           	global	wtemp0
   555  007E                     	wtemp0 set btemp


HI-TECH Software PICC Macro Assembler V9.82 build 9453 
Symbol Table                                                                                   Sat Jan 27 14:56:41 2024

                  _RD 0C60                    u70 07E1                    u71 07E0                    u80 07EA  
                  u81 07E9                    u90 07FE                    u91 07FD                    u75 07DD  
                  u95 07FA                    _WR 0C61                   l700 07C2                   l701 07C2  
                 l704 07E3                   l705 07FF                   l706 07E4                   l707 07E4  
                 l708 07EA                   l709 07FF                   l694 0795                   l695 07A7  
                 l696 07C0                   l697 07B7                   l698 07BF                   l699 07C1  
                 _GIE 005F                   _RD0 0040                   _RD1 0041                  l2660 0790  
                l1790 07CF                  l2670 07AB                  l2662 0795                  l1792 07D4  
                l1784 07C5                  l2672 07AF                  l2664 079B                  l1794 07E2  
                l1786 07CD                  l2674 07B1                  l2666 079F                  l2658 078D  
                l1796 07EB                  l1788 07CE                  l2676 07B9                  l2668 07A1  
                l1798 07F1                  u2310 079B                  u2311 079A                  u2320 079F  
                u2321 079E                  u2330 07AB                  u2331 07AA                  u2340 07AF  
                u2341 07AE                  _PEIE 005E                  _WREN 0C62                  _main 078D  
                btemp 007E                  start 0000                 ?_main 0070                 _EEADR 010D  
               _CARRY 0018                 _T1CON 0010                 _TMR1H 000F                 _TMR1L 000E  
               _PORTD 0008                 _TRISD 0088                 status 0003                 wtemp0 007E  
        __end_of_main 07C5                ??_main 0072                _EEDATA 010C                _EECON1 018C  
              _EECON2 018D                _TMR1IF 0060                _TMR1ON 0080                _TRISC0 0438  
        ?_timer1delay 0070        __pcstackCOMMON 0070            __pmaintext 078D  __size_of_timer1delay 003B  
end_of_initialization 0789   start_initialization 0789         ??_timer1delay 0070   __end_of_timer1delay 0800  
            __ptext80 0000              __ptext78 0000              __ptext79 07C5         __size_of_main 0038  
        timer1delay@i 0070           _timer1delay 07C5  
