

HI-TECH Software PIC LITE Macro Assembler V9.82 build 9453 
                                                                                               Thu Aug 15 11:29:49 2024

HI-TECH Software Omniscient Code Generator (Lite mode) build 9453
     1  0000                     opt subtitle "HI-TECH Software Omniscient Code Generator (Lite mode) build 9453"
     2                           
     3                           opt pagewidth 120
     4                           
     5                           	opt lm
     6                           
     7                           	processor	16F877A
     8                           clrc	macro
     9                           	bcf	3,0
    10  0000                     	endm
    11                           clrz	macro
    12                           	bcf	3,2
    13  0000                     	endm
    14                           setc	macro
    15                           	bsf	3,0
    16  0000                     	endm
    17                           setz	macro
    18                           	bsf	3,2
    19  0000                     	endm
    20                           skipc	macro
    21                           	btfss	3,0
    22  0000                     	endm
    23                           skipz	macro
    24                           	btfss	3,2
    25  0000                     	endm
    26                           skipnc	macro
    27                           	btfsc	3,0
    28  0000                     	endm
    29                           skipnz	macro
    30                           	btfsc	3,2
    31  0000                     	endm
    32  0000                     indf	equ	0
    33  0000                     indf0	equ	0
    34  0002                     pc	equ	2
    35  0002                     pcl	equ	2
    36  0003                     status	equ	3
    37  0004                     fsr	equ	4
    38  0004                     fsr0	equ	4
    39  0001                     c	equ	1
    40  0000                     z	equ	0
    41  000A                     pclath	equ	10
    42                           # 2 "E:\pic program\eeprom\eeprom.c"
    43                           	psect config,class=CONFIG,delta=2 ;#
    44                           # 2 "E:\pic program\eeprom\eeprom.c"
    45  2007  FF32               	dw 0xFFFE & 0xFFFB & 0xFFF7 & 0xFFBF & 0xFF7F & 0xFFFF & 0xFFFF & 0xFFFF ;#
    46                           	FNCALL	_main,_init
    47                           	FNCALL	_main,_disp
    48                           	FNCALL	_main,_cmd
    49                           	FNCALL	_main,_write
    50                           	FNCALL	_disp,_cmd
    51                           	FNCALL	_disp,_write
    52                           	FNCALL	_init,_cmd
    53                           	FNROOT	_main
    54                           	global	_b
    55                           psect	idataBANK0,class=CODE,space=0,delta=2
    56                           global __pidataBANK0
    57  0682                     __pidataBANK0:
    58                           	file	"E:\pic program\eeprom\eeprom.c"
    59                           	line	15
    60                           
    61                           ;initializer for _b
    62  0682  3431               	retlw	031h
    63  0683  3432               	retlw	032h
    64  0684  3433               	retlw	033h
    65  0685  3434               	retlw	034h
    66  0686  3435               	retlw	035h
    67  0687  3436               	retlw	036h
    68  0688  3437               	retlw	037h
    69  0689  3438               	retlw	038h
    70  068A  3439               	retlw	039h
    71  068B  3430               	retlw	030h
    72  068C  3400               	retlw	0
    73                           	global	_a
    74                           	global	_m
    75                           psect	nvCOMMON,class=COMMON,space=1
    76                           global __pnvCOMMON
    77  0079                     __pnvCOMMON:
    78  0079                     _m:
    79  0079                            ds      1
    80                           
    81                           	global	_PORTD
    82  0008                     _PORTD	set	8
    83                           	global	_CARRY
    84  0018                     _CARRY	set	24
    85                           	global	_GIE
    86  005F                     _GIE	set	95
    87                           	global	_RD0
    88  0040                     _RD0	set	64
    89                           	global	_RD1
    90  0041                     _RD1	set	65
    91                           	global	_TRISB
    92  0086                     _TRISB	set	134
    93                           	global	_TRISD
    94  0088                     _TRISD	set	136
    95                           	global	_EEADR
    96  010D                     _EEADR	set	269
    97                           	global	_EEDATA
    98  010C                     _EEDATA	set	268
    99                           	global	_EECON1
   100  018C                     _EECON1	set	396
   101                           	global	_EECON2
   102  018D                     _EECON2	set	397
   103                           	global	_RD
   104  0C60                     _RD	set	3168
   105                           	global	_WR
   106  0C61                     _WR	set	3169
   107                           	global	_WREN
   108  0C62                     _WREN	set	3170
   109                           psect	strings,class=STRING,delta=2
   110                           global __pstrings
   111  0003                     __pstrings:
   112                           ;	global	stringdir,stringtab,__stringbase
   113  0003                     stringtab:
   114                           ;	String table - string pointers are 1 byte each
   115  0003                     stringcode:stringdir:
      + 0003                     stringdir:	
   116  0003  3000               movlw high(stringdir)
   117  0004  008A               movwf pclath
   118  0005  0804               movf fsr,w
   119  0006  0A84               incf fsr
   120  0007  0782               	addwf pc
   121  0008                     __stringbase:
   122  0008  3400               	retlw	0
   123                           psect	strings
   124                           	
   125  0009                     STR_2:	
   126  0009  3452               	retlw	82	;'R'
   127  000A  3445               	retlw	69	;'E'
   128  000B  3441               	retlw	65	;'A'
   129  000C  3444               	retlw	68	;'D'
   130  000D  343A               	retlw	58	;':'
   131  000E  3400               	retlw	0
   132                           psect	strings
   133                           	
   134  000F                     STR_1:	
   135  000F  3457               	retlw	87	;'W'
   136  0010  3452               	retlw	82	;'R'
   137  0011  3449               	retlw	73	;'I'
   138  0012  3454               	retlw	84	;'T'
   139  0013  343A               	retlw	58	;':'
   140  0014  3400               	retlw	0
   141                           psect	strings
   142                           	file	"eeprom.as"
   143                           	line	#
   144                           psect cinit,class=CODE,delta=2
   145                           global start_initialization
   146  06A0                     start_initialization:
   147                           
   148                           psect	bssCOMMON,class=COMMON,space=1
   149                           global __pbssCOMMON
   150  007A                     __pbssCOMMON:
   151  007A                     _a:
   152  007A                            ds      1
   153                           
   154                           psect	dataBANK0,class=BANK0,space=1
   155                           global __pdataBANK0
   156  0020                     __pdataBANK0:
   157                           	file	"E:\pic program\eeprom\eeprom.c"
   158  0020                     _b:
   159  0020                            ds      11
   160                           
   161                           ; Clear objects allocated to COMMON
   162                           psect cinit,class=CODE,delta=2
   163  06A0  01FA               	clrf	((__pbssCOMMON)+0)&07Fh
   164                           global btemp
   165                           psect inittext,class=CODE,delta=2
   166                           global init_fetch,btemp
   167                           ;	Called with low address in FSR and high address in W
   168  068D                     init_fetch:
   169  068D  087E               	movf btemp,w
   170  068E  008A               	movwf pclath
   171  068F  087F               	movf btemp+1,w
   172  0690  0082               	movwf pc
   173                           global init_ram
   174                           ;Called with:
   175                           ;	high address of idata address in btemp 
   176                           ;	low address of idata address in btemp+1 
   177                           ;	low address of data in FSR
   178                           ;	high address + 1 of data in btemp-1
   179  0691                     init_ram:
   180  0691  120A  118A  268D   	fcall init_fetch
              120A  118A         
   181  0696  0080               	movwf indf,f
   182  0697  0A84               	incf fsr,f
   183  0698  0804               	movf fsr,w
   184  0699  067D               	xorwf btemp-1,w
   185  069A  1903               	btfsc status,2
   186  069B  3400               	retlw 0
   187  069C  0AFF               	incf btemp+1,f
   188  069D  1903               	btfsc status,2
   189  069E  0AFE               	incf btemp,f
   190  069F  2E91               	goto init_ram
   191                           ; Initialize objects allocated to BANK0
   192                           psect cinit,class=CODE,delta=2
   193                           global init_ram, __pidataBANK0
   194  06A1  1383               	bcf	status, 7	;select IRP bank0
   195  06A2  302B               	movlw low(__pdataBANK0+11)
   196  06A3  00FD               	movwf btemp-1,f
   197  06A4  3006               	movlw high(__pidataBANK0)
   198  06A5  00FE               	movwf btemp,f
   199  06A6  3082               	movlw low(__pidataBANK0)
   200  06A7  00FF               	movwf btemp+1,f
   201  06A8  3020               	movlw low(__pdataBANK0)
   202  06A9  0084               	movwf fsr,f
   203  06AA  120A  118A  2691   	fcall init_ram
              120A  118A         
   204                           psect cinit,class=CODE,delta=2
   205                           global end_of_initialization
   206                           
   207                           ;End of C runtime variable initialization code
   208                           
   209  06AF                     end_of_initialization:
   210  06AF  0183               clrf status
   211  06B0  120A  118A  2F64   ljmp _main	;jump to C main() function
   212                           psect	cstackCOMMON,class=COMMON,space=1
   213                           global __pcstackCOMMON
   214  0070                     __pcstackCOMMON:
   215                           	global	?_init
   216  0070                     ?_init:	; 0 bytes @ 0x0
   217                           	global	?_cmd
   218  0070                     ?_cmd:	; 0 bytes @ 0x0
   219                           	global	??_cmd
   220  0070                     ??_cmd:	; 0 bytes @ 0x0
   221                           	global	?_write
   222  0070                     ?_write:	; 0 bytes @ 0x0
   223                           	global	??_write
   224  0070                     ??_write:	; 0 bytes @ 0x0
   225                           	global	?_main
   226  0070                     ?_main:	; 0 bytes @ 0x0
   227  0070                     	ds	1
   228                           	global	cmd@a
   229  0071                     cmd@a:	; 1 bytes @ 0x1
   230                           	global	write@b
   231  0071                     write@b:	; 1 bytes @ 0x1
   232  0071                     	ds	1
   233                           	global	??_init
   234  0072                     ??_init:	; 0 bytes @ 0x2
   235                           	global	?_disp
   236  0072                     ?_disp:	; 0 bytes @ 0x2
   237                           	global	disp@b
   238  0072                     disp@b:	; 1 bytes @ 0x2
   239  0072                     	ds	1
   240                           	global	disp@c
   241  0073                     disp@c:	; 1 bytes @ 0x3
   242  0073                     	ds	1
   243                           	global	??_disp
   244  0074                     ??_disp:	; 0 bytes @ 0x4
   245                           	global	disp@a
   246  0074                     disp@a:	; 1 bytes @ 0x4
   247  0074                     	ds	1
   248                           	global	disp@k
   249  0075                     disp@k:	; 2 bytes @ 0x5
   250  0075                     	ds	2
   251                           	global	??_main
   252  0077                     ??_main:	; 0 bytes @ 0x7
   253  0077                     	ds	2
   254 ;;Data sizes: Strings 12, constant 0, data 11, bss 1, persistent 1 stack 0
   255 ;;Auto spaces:   Size  Autos    Used
   256 ;; COMMON          14      9      11
   257 ;; BANK0           80      0      11
   258 ;; BANK1           80      0       0
   259 ;; BANK3           96      0       0
   260 ;; BANK2           96      0       0
   261                           
   262 ;;
   263 ;; Pointer list with targets:
   264                           
   265 ;; disp@b	PTR const unsigned char  size(1) Largest target is 6
   266 ;;		 -> STR_2(CODE[6]), STR_1(CODE[6]), 
   267 ;;
   268                           
   269                           
   270 ;;
   271 ;; Critical Paths under _main in COMMON
   272 ;;
   273 ;;   _main->_disp
   274 ;;   _disp->_cmd
   275 ;;   _disp->_write
   276 ;;   _init->_cmd
   277 ;;
   278 ;; Critical Paths under _main in BANK0
   279 ;;
   280 ;;   None.
   281 ;;
   282 ;; Critical Paths under _main in BANK1
   283 ;;
   284 ;;   None.
   285 ;;
   286 ;; Critical Paths under _main in BANK3
   287 ;;
   288 ;;   None.
   289 ;;
   290 ;; Critical Paths under _main in BANK2
   291 ;;
   292 ;;   None.
   293                           
   294 ;;
   295 ;;Main: autosize = 0, tempsize = 2, incstack = 0, save=0
   296 ;;
   297                           
   298 ;;
   299 ;;Call Graph Tables:
   300 ;;
   301 ;; ---------------------------------------------------------------------------------
   302 ;; (Depth) Function   	        Calls       Base Space   Used Autos Params    Refs
   303 ;; ---------------------------------------------------------------------------------
   304 ;; (0) _main                                                 2     2      0     354
   305 ;;                                              7 COMMON     2     2      0
   306 ;;                               _init
   307 ;;                               _disp
   308 ;;                                _cmd
   309 ;;                              _write
   310 ;; ---------------------------------------------------------------------------------
   311 ;; (1) _disp                                                 5     3      2     222
   312 ;;                                              2 COMMON     5     3      2
   313 ;;                                _cmd
   314 ;;                              _write
   315 ;; ---------------------------------------------------------------------------------
   316 ;; (1) _init                                                 0     0      0      44
   317 ;;                                _cmd
   318 ;; ---------------------------------------------------------------------------------
   319 ;; (1) _write                                                2     2      0      44
   320 ;;                                              0 COMMON     2     2      0
   321 ;; ---------------------------------------------------------------------------------
   322 ;; (1) _cmd                                                  2     2      0      44
   323 ;;                                              0 COMMON     2     2      0
   324 ;; ---------------------------------------------------------------------------------
   325 ;; Estimated maximum stack depth 1
   326 ;; ---------------------------------------------------------------------------------
   327                           
   328 ;; Call Graph Graphs:
   329                           
   330 ;; _main (ROOT)
   331 ;;   _init
   332 ;;     _cmd
   333 ;;   _disp
   334 ;;     _cmd
   335 ;;     _write
   336 ;;   _cmd
   337 ;;   _write
   338 ;;
   339                           
   340 ;; Address spaces:
   341                           
   342 ;;Name               Size   Autos  Total    Cost      Usage
   343 ;;BANK3               60      0       0       9        0.0%
   344 ;;BITBANK3            60      0       0       8        0.0%
   345 ;;SFR3                 0      0       0       4        0.0%
   346 ;;BITSFR3              0      0       0       4        0.0%
   347 ;;BANK2               60      0       0      11        0.0%
   348 ;;BITBANK2            60      0       0      10        0.0%
   349 ;;SFR2                 0      0       0       5        0.0%
   350 ;;BITSFR2              0      0       0       5        0.0%
   351 ;;SFR1                 0      0       0       2        0.0%
   352 ;;BITSFR1              0      0       0       2        0.0%
   353 ;;BANK1               50      0       0       7        0.0%
   354 ;;BITBANK1            50      0       0       6        0.0%
   355 ;;CODE                 0      0       0       0        0.0%
   356 ;;DATA                 0      0      18      12        0.0%
   357 ;;ABS                  0      0      16       3        0.0%
   358 ;;NULL                 0      0       0       0        0.0%
   359 ;;STACK                0      0       2       2        0.0%
   360 ;;BANK0               50      0       B       5       13.8%
   361 ;;BITBANK0            50      0       0       4        0.0%
   362 ;;SFR0                 0      0       0       1        0.0%
   363 ;;BITSFR0              0      0       0       1        0.0%
   364 ;;COMMON               E      9       B       1       78.6%
   365 ;;BITCOMMON            E      0       0       0        0.0%
   366 ;;EEDATA             100      0       0       0        0.0%
   367                           
   368                           	global	_main
   369                           psect	maintext,global,class=CODE,delta=2
   370                           global __pmaintext
   371  0764                     __pmaintext:
   372                           
   373 ;; *************** function _main *****************
   374 ;; Defined at:
   375 ;;		line 18 in file "E:\pic program\eeprom\eeprom.c"
   376 ;; Parameters:    Size  Location     Type
   377 ;;		None
   378 ;; Auto vars:     Size  Location     Type
   379 ;;		None
   380 ;; Return value:  Size  Location     Type
   381 ;;		None               void
   382 ;; Registers used:
   383 ;;		wreg, fsr0l, fsr0h, status,2, status,0, pclath, cstack
   384 ;; Tracked objects:
   385 ;;		On entry : 17F/0
   386 ;;		On exit  : 0/0
   387 ;;		Unchanged: 0/0
   388 ;; Data sizes:     COMMON   BANK0   BANK1   BANK3   BANK2
   389 ;;      Params:         0       0       0       0       0
   390 ;;      Locals:         0       0       0       0       0
   391 ;;      Temps:          2       0       0       0       0
   392 ;;      Totals:         2       0       0       0       0
   393 ;;Total ram usage:        2 bytes
   394 ;; Hardware stack levels required when called:    2
   395 ;; This function calls:
   396 ;;		_init
   397 ;;		_disp
   398 ;;		_cmd
   399 ;;		_write
   400 ;; This function is called by:
   401 ;;		Startup code after reset
   402 ;; This function uses a non-reentrant model
   403 ;;
   404                           psect	maintext
   405                           	file	"E:\pic program\eeprom\eeprom.c"
   406                           	line	18
   407                           	global	__size_of_main
   408  009C                     	__size_of_main	equ	__end_of_main-_main
   409                           	
   410  0764                     _main:	
   411                           	opt	stack 6
   412                           ; Regs used in _main: [wreg-fsr0h+status,2+status,0+pclath+cstack]
   413                           	line	19
   414                           	
   415  0764                     l2809:	
   416                           ;eeprom.c: 19: TRISD = 0x00;
   417  0764  1683               	bsf	status, 5	;RP0=1, select bank1
   418  0765  1303               	bcf	status, 6	;RP1=0, select bank1
   419  0766  0188               	clrf	(136)^080h	;volatile
   420                           	line	20
   421                           	
   422  0767                     l2811:	
   423                           ;eeprom.c: 20: TRISB = 0xfC;
   424  0767  30FC               	movlw	(0FCh)
   425  0768  0086               	movwf	(134)^080h	;volatile
   426                           	line	21
   427                           	
   428  0769                     l2813:	
   429                           ;eeprom.c: 21: init();
   430  0769  120A  118A  26B3   	fcall	_init
              120A  118A         
   431  076E  2F6F               	goto	l2815
   432                           	line	22
   433                           ;eeprom.c: 22: while(1)
   434                           	
   435  076F                     l701:	
   436                           	line	24
   437                           	
   438  076F                     l2815:	
   439                           ;eeprom.c: 23: {
   440                           ;eeprom.c: 24: disp(0x80,"WRIT:",5);
   441  076F  3007               	movlw	((STR_1-__stringbase))&0ffh
   442  0770  00F7               	movwf	(??_main+0)+0
   443  0771  0877               	movf	(??_main+0)+0,w
   444  0772  00F2               	movwf	(?_disp)
   445  0773  3005               	movlw	(05h)
   446  0774  00F8               	movwf	(??_main+1)+0
   447  0775  0878               	movf	(??_main+1)+0,w
   448  0776  00F3               	movwf	0+(?_disp)+01h
   449  0777  3080               	movlw	(080h)
   450  0778  120A  118A  26D2   	fcall	_disp
              120A  118A         
   451                           	line	25
   452                           	
   453  077D                     l2817:	
   454                           ;eeprom.c: 25: for(a=0; b[a]!='\0'; a++)
   455  077D  01FA               	clrf	(_a)
   456  077E  2FB1               	goto	l2841
   457                           	line	26
   458                           	
   459  077F                     l703:	
   460                           	line	27
   461                           ;eeprom.c: 26: {
   462                           ;eeprom.c: 27: while(WR);
   463  077F  2F80               	goto	l704
   464                           	
   465  0780                     l705:	
   466                           	
   467  0780                     l704:	
   468  0780  1683               	bsf	status, 5	;RP0=1, select bank3
   469  0781  1703               	bsf	status, 6	;RP1=1, select bank3
   470  0782  188C               	btfsc	(3169/8)^0180h,(3169)&7
   471  0783  2F85               	goto	u2331
   472  0784  2F86               	goto	u2330
   473  0785                     u2331:
   474  0785  2F80               	goto	l704
   475  0786                     u2330:
   476  0786  2F87               	goto	l2819
   477                           	
   478  0787                     l706:	
   479                           	line	28
   480                           	
   481  0787                     l2819:	
   482                           ;eeprom.c: 28: EEADR = 0x00+a; EEDATA = b[a];
   483  0787  087A               	movf	(_a),w
   484  0788  1283               	bcf	status, 5	;RP0=0, select bank2
   485  0789  1703               	bsf	status, 6	;RP1=1, select bank2
   486  078A  008D               	movwf	(269)^0100h	;volatile
   487                           	
   488  078B                     l2821:	
   489  078B  087A               	movf	(_a),w
   490  078C  3E20               	addlw	_b&0ffh
   491  078D  0084               	movwf	fsr0
   492  078E  1383               	bcf	status, 7	;select IRP bank0
   493  078F  0800               	movf	indf,w
   494  0790  008C               	movwf	(268)^0100h	;volatile
   495                           	line	29
   496                           	
   497  0791                     l2823:	
   498                           ;eeprom.c: 29: WREN = 1;
   499  0791  1683               	bsf	status, 5	;RP0=1, select bank3
   500  0792  1703               	bsf	status, 6	;RP1=1, select bank3
   501  0793  150C               	bsf	(3170/8)^0180h,(3170)&7
   502                           	line	30
   503                           	
   504  0794                     l2825:	
   505                           ;eeprom.c: 30: GIE = 0;
   506  0794  138B               	bcf	(95/8),(95)&7
   507                           	line	31
   508                           	
   509  0795                     l2827:	
   510                           ;eeprom.c: 31: EECON2 = 0x55; EECON2 = 0xAA;
   511  0795  3055               	movlw	(055h)
   512  0796  008D               	movwf	(397)^0180h	;volatile
   513                           	
   514  0797                     l2829:	
   515  0797  30AA               	movlw	(0AAh)
   516  0798  008D               	movwf	(397)^0180h	;volatile
   517                           	line	32
   518                           	
   519  0799                     l2831:	
   520                           ;eeprom.c: 32: WR = 1;
   521  0799  148C               	bsf	(3169/8)^0180h,(3169)&7
   522                           	line	33
   523                           	
   524  079A                     l2833:	
   525                           ;eeprom.c: 33: WREN = 0;
   526  079A  110C               	bcf	(3170/8)^0180h,(3170)&7
   527                           	line	34
   528                           	
   529  079B                     l2835:	
   530                           ;eeprom.c: 34: cmd(0x85+a);write(b[a]);
   531  079B  087A               	movf	(_a),w
   532  079C  3E85               	addlw	085h
   533  079D  120A  118A  26FE   	fcall	_cmd
              120A  118A         
   534                           	
   535  07A2                     l2837:	
   536  07A2  087A               	movf	(_a),w
   537  07A3  3E20               	addlw	_b&0ffh
   538  07A4  0084               	movwf	fsr0
   539  07A5  1383               	bcf	status, 7	;select IRP bank0
   540  07A6  0800               	movf	indf,w
   541  07A7  120A  118A  2730   	fcall	_write
              120A  118A         
   542                           	line	25
   543                           	
   544  07AC                     l2839:	
   545  07AC  3001               	movlw	(01h)
   546  07AD  00F7               	movwf	(??_main+0)+0
   547  07AE  0877               	movf	(??_main+0)+0,w
   548  07AF  07FA               	addwf	(_a),f
   549  07B0  2FB1               	goto	l2841
   550                           	
   551  07B1                     l702:	
   552                           	
   553  07B1                     l2841:	
   554  07B1  087A               	movf	(_a),w
   555  07B2  3E20               	addlw	_b&0ffh
   556  07B3  0084               	movwf	fsr0
   557  07B4  1383               	bcf	status, 7	;select IRP bank0
   558  07B5  0880               	movf	indf,f
   559  07B6  1D03               	skipz
   560  07B7  2FB9               	goto	u2341
   561  07B8  2FBA               	goto	u2340
   562  07B9                     u2341:
   563  07B9  2F80               	goto	l704
   564  07BA                     u2340:
   565  07BA  2FBB               	goto	l2843
   566                           	
   567  07BB                     l707:	
   568                           	line	36
   569                           	
   570  07BB                     l2843:	
   571                           ;eeprom.c: 35: }
   572                           ;eeprom.c: 36: disp(0xc0,"READ:",5);
   573  07BB  3001               	movlw	((STR_2-__stringbase))&0ffh
   574  07BC  00F7               	movwf	(??_main+0)+0
   575  07BD  0877               	movf	(??_main+0)+0,w
   576  07BE  00F2               	movwf	(?_disp)
   577  07BF  3005               	movlw	(05h)
   578  07C0  00F8               	movwf	(??_main+1)+0
   579  07C1  0878               	movf	(??_main+1)+0,w
   580  07C2  00F3               	movwf	0+(?_disp)+01h
   581  07C3  30C0               	movlw	(0C0h)
   582  07C4  120A  118A  26D2   	fcall	_disp
              120A  118A         
   583                           	line	37
   584                           	
   585  07C9                     l2845:	
   586                           ;eeprom.c: 37: for(a=0; a<10; a++)
   587  07C9  01FA               	clrf	(_a)
   588                           	
   589  07CA                     l2847:	
   590  07CA  300A               	movlw	(0Ah)
   591  07CB  027A               	subwf	(_a),w
   592  07CC  1C03               	skipc
   593  07CD  2FCF               	goto	u2351
   594  07CE  2FD0               	goto	u2350
   595  07CF                     u2351:
   596  07CF  2FD3               	goto	l710
   597  07D0                     u2350:
   598  07D0  2F6F               	goto	l2815
   599                           	
   600  07D1                     l2849:	
   601  07D1  2F6F               	goto	l2815
   602                           	line	38
   603                           	
   604  07D2                     l708:	
   605                           	line	39
   606                           ;eeprom.c: 38: {
   607                           ;eeprom.c: 39: while(RD);
   608  07D2  2FD3               	goto	l710
   609                           	
   610  07D3                     l711:	
   611                           	
   612  07D3                     l710:	
   613  07D3  1683               	bsf	status, 5	;RP0=1, select bank3
   614  07D4  1703               	bsf	status, 6	;RP1=1, select bank3
   615  07D5  180C               	btfsc	(3168/8)^0180h,(3168)&7
   616  07D6  2FD8               	goto	u2361
   617  07D7  2FD9               	goto	u2360
   618  07D8                     u2361:
   619  07D8  2FD3               	goto	l710
   620  07D9                     u2360:
   621  07D9  2FDA               	goto	l2851
   622                           	
   623  07DA                     l712:	
   624                           	line	40
   625                           	
   626  07DA                     l2851:	
   627                           ;eeprom.c: 40: EEADR = 0x00+a;
   628  07DA  087A               	movf	(_a),w
   629  07DB  1283               	bcf	status, 5	;RP0=0, select bank2
   630  07DC  1703               	bsf	status, 6	;RP1=1, select bank2
   631  07DD  008D               	movwf	(269)^0100h	;volatile
   632                           	line	41
   633                           	
   634  07DE                     l2853:	
   635                           ;eeprom.c: 41: RD = 1;
   636  07DE  1683               	bsf	status, 5	;RP0=1, select bank3
   637  07DF  1703               	bsf	status, 6	;RP1=1, select bank3
   638  07E0  140C               	bsf	(3168/8)^0180h,(3168)&7
   639                           	line	42
   640                           	
   641  07E1                     l2855:	
   642                           ;eeprom.c: 42: cmd(0xc5+a);write(EEDATA);
   643  07E1  087A               	movf	(_a),w
   644  07E2  3EC5               	addlw	0C5h
   645  07E3  120A  118A  26FE   	fcall	_cmd
              120A  118A         
   646                           	
   647  07E8                     l2857:	
   648  07E8  1283               	bcf	status, 5	;RP0=0, select bank2
   649  07E9  1703               	bsf	status, 6	;RP1=1, select bank2
   650  07EA  080C               	movf	(268)^0100h,w	;volatile
   651  07EB  120A  118A  2730   	fcall	_write
              120A  118A         
   652                           	line	37
   653                           	
   654  07F0                     l2859:	
   655  07F0  3001               	movlw	(01h)
   656  07F1  00F7               	movwf	(??_main+0)+0
   657  07F2  0877               	movf	(??_main+0)+0,w
   658  07F3  07FA               	addwf	(_a),f
   659                           	
   660  07F4                     l2861:	
   661  07F4  300A               	movlw	(0Ah)
   662  07F5  027A               	subwf	(_a),w
   663  07F6  1C03               	skipc
   664  07F7  2FF9               	goto	u2371
   665  07F8  2FFA               	goto	u2370
   666  07F9                     u2371:
   667  07F9  2FD3               	goto	l710
   668  07FA                     u2370:
   669  07FA  2F6F               	goto	l2815
   670                           	
   671  07FB                     l709:	
   672  07FB  2F6F               	goto	l2815
   673                           	line	44
   674                           	
   675  07FC                     l713:	
   676                           	line	22
   677  07FC  2F6F               	goto	l2815
   678                           	
   679  07FD                     l714:	
   680                           	line	45
   681                           	
   682  07FD                     l715:	
   683                           	global	start
   684  07FD  120A  118A  2800   	ljmp	start
   685                           	opt stack 0
   686                           GLOBAL	__end_of_main
   687  0800                     	__end_of_main:
   688 ;; =============== function _main ends ============
   689                           
   690                           	signat	_main,88
   691                           	global	_disp
   692                           psect	text149,local,class=CODE,delta=2
   693                           global __ptext149
   694  06D2                     __ptext149:
   695                           
   696 ;; *************** function _disp *****************
   697 ;; Defined at:
   698 ;;		line 83 in file "E:\pic program\eeprom\eeprom.c"
   699 ;; Parameters:    Size  Location     Type
   700 ;;  a               1    wreg     unsigned char 
   701 ;;  b               1    2[COMMON] PTR const unsigned char 
   702 ;;		 -> STR_2(6), STR_1(6), 
   703 ;;  c               1    3[COMMON] unsigned char 
   704 ;; Auto vars:     Size  Location     Type
   705 ;;  a               1    4[COMMON] unsigned char 
   706 ;;  k               2    5[COMMON] int 
   707 ;; Return value:  Size  Location     Type
   708 ;;		None               void
   709 ;; Registers used:
   710 ;;		wreg, fsr0l, fsr0h, status,2, status,0, pclath, cstack
   711 ;; Tracked objects:
   712 ;;		On entry : 0/0
   713 ;;		On exit  : 0/0
   714 ;;		Unchanged: 0/0
   715 ;; Data sizes:     COMMON   BANK0   BANK1   BANK3   BANK2
   716 ;;      Params:         2       0       0       0       0
   717 ;;      Locals:         3       0       0       0       0
   718 ;;      Temps:          0       0       0       0       0
   719 ;;      Totals:         5       0       0       0       0
   720 ;;Total ram usage:        5 bytes
   721 ;; Hardware stack levels used:    1
   722 ;; Hardware stack levels required when called:    1
   723 ;; This function calls:
   724 ;;		_cmd
   725 ;;		_write
   726 ;; This function is called by:
   727 ;;		_main
   728 ;; This function uses a non-reentrant model
   729 ;;
   730                           psect	text149
   731                           	file	"E:\pic program\eeprom\eeprom.c"
   732                           	line	83
   733                           	global	__size_of_disp
   734  002C                     	__size_of_disp	equ	__end_of_disp-_disp
   735                           	
   736  06D2                     _disp:	
   737                           	opt	stack 6
   738                           ; Regs used in _disp: [wreg-fsr0h+status,2+status,0+pclath+cstack]
   739                           ;disp@a stored from wreg
   740  06D2  00F4               	movwf	(disp@a)
   741                           	line	84
   742                           	
   743  06D3                     l2799:	
   744                           ;eeprom.c: 84: for(int k=0;k<=c;k++)
   745  06D3  01F5               	clrf	(disp@k)
   746  06D4  01F6               	clrf	(disp@k+1)
   747  06D5  2EF1               	goto	l2807
   748                           	line	85
   749                           	
   750  06D6                     l728:	
   751                           	line	86
   752                           	
   753  06D6                     l2801:	
   754                           ;eeprom.c: 85: {
   755                           ;eeprom.c: 86: cmd(a+k);
   756  06D6  0875               	movf	(disp@k),w
   757  06D7  0774               	addwf	(disp@a),w
   758  06D8  120A  118A  26FE   	fcall	_cmd
              120A  118A         
   759                           	line	87
   760                           	
   761  06DD                     l2803:	
   762                           ;eeprom.c: 87: write(b[k]);
   763  06DD  0875               	movf	(disp@k),w
   764  06DE  0772               	addwf	(disp@b),w
   765  06DF  0084               	movwf	fsr0
   766  06E0  120A  118A  2003   	fcall	stringdir
              120A  118A         
   767  06E5  120A  118A  2730   	fcall	_write
              120A  118A         
   768                           	line	84
   769                           	
   770  06EA                     l2805:	
   771  06EA  3001               	movlw	low(01h)
   772  06EB  07F5               	addwf	(disp@k),f
   773  06EC  1803               	skipnc
   774  06ED  0AF6               	incf	(disp@k+1),f
   775  06EE  3000               	movlw	high(01h)
   776  06EF  07F6               	addwf	(disp@k+1),f
   777  06F0  2EF1               	goto	l2807
   778                           	
   779  06F1                     l727:	
   780                           	
   781  06F1                     l2807:	
   782  06F1  0876               	movf	(disp@k+1),w
   783  06F2  3A80               	xorlw	80h
   784  06F3  3C80               	sublw	080h
   785  06F4  1D03               	skipz
   786  06F5  2EF8               	goto	u2325
   787  06F6  0875               	movf	(disp@k),w
   788  06F7  0273               	subwf	(disp@c),w
   789  06F8                     u2325:
   790                           
   791  06F8  1803               	skipnc
   792  06F9  2EFB               	goto	u2321
   793  06FA  2EFC               	goto	u2320
   794  06FB                     u2321:
   795  06FB  2ED6               	goto	l2801
   796  06FC                     u2320:
   797  06FC  2EFD               	goto	l730
   798                           	
   799  06FD                     l729:	
   800                           	line	89
   801                           	
   802  06FD                     l730:	
   803  06FD  0008               	return
   804                           	opt stack 0
   805                           GLOBAL	__end_of_disp
   806  06FE                     	__end_of_disp:
   807 ;; =============== function _disp ends ============
   808                           
   809                           	signat	_disp,12408
   810                           	global	_init
   811                           psect	text150,local,class=CODE,delta=2
   812                           global __ptext150
   813  06B3                     __ptext150:
   814                           
   815 ;; *************** function _init *****************
   816 ;; Defined at:
   817 ;;		line 48 in file "E:\pic program\eeprom\eeprom.c"
   818 ;; Parameters:    Size  Location     Type
   819 ;;		None
   820 ;; Auto vars:     Size  Location     Type
   821 ;;		None
   822 ;; Return value:  Size  Location     Type
   823 ;;		None               void
   824 ;; Registers used:
   825 ;;		wreg, status,2, status,0, pclath, cstack
   826 ;; Tracked objects:
   827 ;;		On entry : 0/0
   828 ;;		On exit  : 0/0
   829 ;;		Unchanged: 0/0
   830 ;; Data sizes:     COMMON   BANK0   BANK1   BANK3   BANK2
   831 ;;      Params:         0       0       0       0       0
   832 ;;      Locals:         0       0       0       0       0
   833 ;;      Temps:          0       0       0       0       0
   834 ;;      Totals:         0       0       0       0       0
   835 ;;Total ram usage:        0 bytes
   836 ;; Hardware stack levels used:    1
   837 ;; Hardware stack levels required when called:    1
   838 ;; This function calls:
   839 ;;		_cmd
   840 ;; This function is called by:
   841 ;;		_main
   842 ;; This function uses a non-reentrant model
   843 ;;
   844                           psect	text150
   845                           	file	"E:\pic program\eeprom\eeprom.c"
   846                           	line	48
   847                           	global	__size_of_init
   848  001F                     	__size_of_init	equ	__end_of_init-_init
   849                           	
   850  06B3                     _init:	
   851                           	opt	stack 6
   852                           ; Regs used in _init: [wreg+status,2+status,0+pclath+cstack]
   853                           	line	49
   854                           	
   855  06B3                     l2797:	
   856                           ;eeprom.c: 49: cmd(0x02);
   857  06B3  3002               	movlw	(02h)
   858  06B4  120A  118A  26FE   	fcall	_cmd
              120A  118A         
   859                           	line	50
   860                           ;eeprom.c: 50: cmd(0x28);
   861  06B9  3028               	movlw	(028h)
   862  06BA  120A  118A  26FE   	fcall	_cmd
              120A  118A         
   863                           	line	51
   864                           ;eeprom.c: 51: cmd(0x06);
   865  06BF  3006               	movlw	(06h)
   866  06C0  120A  118A  26FE   	fcall	_cmd
              120A  118A         
   867                           	line	52
   868                           ;eeprom.c: 52: cmd(0x0C);
   869  06C5  300C               	movlw	(0Ch)
   870  06C6  120A  118A  26FE   	fcall	_cmd
              120A  118A         
   871                           	line	53
   872                           ;eeprom.c: 53: cmd(0x01);
   873  06CB  3001               	movlw	(01h)
   874  06CC  120A  118A  26FE   	fcall	_cmd
              120A  118A         
   875                           	line	54
   876                           	
   877  06D1                     l718:	
   878  06D1  0008               	return
   879                           	opt stack 0
   880                           GLOBAL	__end_of_init
   881  06D2                     	__end_of_init:
   882 ;; =============== function _init ends ============
   883                           
   884                           	signat	_init,88
   885                           	global	_write
   886                           psect	text151,local,class=CODE,delta=2
   887                           global __ptext151
   888  0730                     __ptext151:
   889                           
   890 ;; *************** function _write *****************
   891 ;; Defined at:
   892 ;;		line 70 in file "E:\pic program\eeprom\eeprom.c"
   893 ;; Parameters:    Size  Location     Type
   894 ;;  b               1    wreg     unsigned char 
   895 ;; Auto vars:     Size  Location     Type
   896 ;;  b               1    1[COMMON] unsigned char 
   897 ;; Return value:  Size  Location     Type
   898 ;;		None               void
   899 ;; Registers used:
   900 ;;		wreg, status,2, status,0
   901 ;; Tracked objects:
   902 ;;		On entry : 0/0
   903 ;;		On exit  : 0/0
   904 ;;		Unchanged: 0/0
   905 ;; Data sizes:     COMMON   BANK0   BANK1   BANK3   BANK2
   906 ;;      Params:         0       0       0       0       0
   907 ;;      Locals:         1       0       0       0       0
   908 ;;      Temps:          1       0       0       0       0
   909 ;;      Totals:         2       0       0       0       0
   910 ;;Total ram usage:        2 bytes
   911 ;; Hardware stack levels used:    1
   912 ;; This function calls:
   913 ;;		Nothing
   914 ;; This function is called by:
   915 ;;		_main
   916 ;;		_disp
   917 ;; This function uses a non-reentrant model
   918 ;;
   919                           psect	text151
   920                           	file	"E:\pic program\eeprom\eeprom.c"
   921                           	line	70
   922                           	global	__size_of_write
   923  0034                     	__size_of_write	equ	__end_of_write-_write
   924                           	
   925  0730                     _write:	
   926                           	opt	stack 7
   927                           ; Regs used in _write: [wreg+status,2+status,0]
   928                           ;write@b stored from wreg
   929  0730  00F1               	movwf	(write@b)
   930                           	line	71
   931                           	
   932  0731                     l2771:	
   933                           ;eeprom.c: 71: m = PORTD & 0x0f;
   934  0731  1283               	bcf	status, 5	;RP0=0, select bank0
   935  0732  1303               	bcf	status, 6	;RP1=0, select bank0
   936  0733  0808               	movf	(8),w
   937  0734  390F               	andlw	0Fh
   938  0735  00F0               	movwf	(??_write+0)+0
   939  0736  0870               	movf	(??_write+0)+0,w
   940  0737  00F9               	movwf	(_m)
   941                           	line	72
   942                           	
   943  0738                     l2773:	
   944                           ;eeprom.c: 72: PORTD = (b & 0xf0)|m;
   945  0738  0871               	movf	(write@b),w
   946  0739  39F0               	andlw	0F0h
   947  073A  0479               	iorwf	(_m),w
   948  073B  0088               	movwf	(8)	;volatile
   949                           	line	73
   950                           	
   951  073C                     l2775:	
   952                           ;eeprom.c: 73: RD1=1;RD0=1;
   953  073C  1488               	bsf	(65/8),(65)&7
   954                           	
   955  073D                     l2777:	
   956  073D  1408               	bsf	(64/8),(64)&7
   957                           	line	74
   958                           	
   959  073E                     l2779:	
   960                           ;eeprom.c: 74: _delay(1000);
   961                           	opt asmopt_off
   962  073E  30F9               movlw	249
   963  073F  00F0               movwf	(??_write+0)+0,f
   964  0740                     u2387:
   965  0740  0064               	clrwdt
   966  0741  0BF0               decfsz	(??_write+0)+0,f
   967  0742  2F40               	goto	u2387
   968  0743  2F44               	nop2	;nop
   969  0744  0064               	clrwdt
   970                           opt asmopt_on
   971                           
   972                           	line	75
   973                           	
   974  0745                     l2781:	
   975                           ;eeprom.c: 75: RD1=0;RD0=0;
   976  0745  1283               	bcf	status, 5	;RP0=0, select bank0
   977  0746  1303               	bcf	status, 6	;RP1=0, select bank0
   978  0747  1088               	bcf	(65/8),(65)&7
   979                           	
   980  0748                     l2783:	
   981  0748  1008               	bcf	(64/8),(64)&7
   982                           	line	76
   983                           	
   984  0749                     l2785:	
   985                           ;eeprom.c: 76: PORTD = ((b<<4) & 0xf0)|m;
   986  0749  0871               	movf	(write@b),w
   987  074A  00F0               	movwf	(??_write+0)+0
   988  074B  3003               	movlw	(04h)-1
   989  074C                     u2315:
   990  074C  1003               	clrc
   991  074D  0DF0               	rlf	(??_write+0)+0,f
   992  074E  3EFF               	addlw	-1
   993  074F  1D03               	skipz
   994  0750  2F4C               	goto	u2315
   995  0751  1003               	clrc
   996  0752  0D70               	rlf	(??_write+0)+0,w
   997  0753  39F0               	andlw	0F0h
   998  0754  0479               	iorwf	(_m),w
   999  0755  0088               	movwf	(8)	;volatile
  1000                           	line	77
  1001                           	
  1002  0756                     l2787:	
  1003                           ;eeprom.c: 77: RD1=1;RD0=1;
  1004  0756  1488               	bsf	(65/8),(65)&7
  1005                           	
  1006  0757                     l2789:	
  1007  0757  1408               	bsf	(64/8),(64)&7
  1008                           	line	78
  1009                           	
  1010  0758                     l2791:	
  1011                           ;eeprom.c: 78: _delay(1000);
  1012                           	opt asmopt_off
  1013  0758  30F9               movlw	249
  1014  0759  00F0               movwf	(??_write+0)+0,f
  1015  075A                     u2397:
  1016  075A  0064               	clrwdt
  1017  075B  0BF0               decfsz	(??_write+0)+0,f
  1018  075C  2F5A               	goto	u2397
  1019  075D  2F5E               	nop2	;nop
  1020  075E  0064               	clrwdt
  1021                           opt asmopt_on
  1022                           
  1023                           	line	79
  1024                           	
  1025  075F                     l2793:	
  1026                           ;eeprom.c: 79: RD1=0;RD0=0;
  1027  075F  1283               	bcf	status, 5	;RP0=0, select bank0
  1028  0760  1303               	bcf	status, 6	;RP1=0, select bank0
  1029  0761  1088               	bcf	(65/8),(65)&7
  1030                           	
  1031  0762                     l2795:	
  1032  0762  1008               	bcf	(64/8),(64)&7
  1033                           	line	80
  1034                           	
  1035  0763                     l724:	
  1036  0763  0008               	return
  1037                           	opt stack 0
  1038                           GLOBAL	__end_of_write
  1039  0764                     	__end_of_write:
  1040 ;; =============== function _write ends ============
  1041                           
  1042                           	signat	_write,4216
  1043                           	global	_cmd
  1044                           psect	text152,local,class=CODE,delta=2
  1045                           global __ptext152
  1046  06FE                     __ptext152:
  1047                           
  1048 ;; *************** function _cmd *****************
  1049 ;; Defined at:
  1050 ;;		line 57 in file "E:\pic program\eeprom\eeprom.c"
  1051 ;; Parameters:    Size  Location     Type
  1052 ;;  a               1    wreg     unsigned char 
  1053 ;; Auto vars:     Size  Location     Type
  1054 ;;  a               1    1[COMMON] unsigned char 
  1055 ;; Return value:  Size  Location     Type
  1056 ;;		None               void
  1057 ;; Registers used:
  1058 ;;		wreg, status,2, status,0
  1059 ;; Tracked objects:
  1060 ;;		On entry : 0/0
  1061 ;;		On exit  : 0/0
  1062 ;;		Unchanged: 0/0
  1063 ;; Data sizes:     COMMON   BANK0   BANK1   BANK3   BANK2
  1064 ;;      Params:         0       0       0       0       0
  1065 ;;      Locals:         1       0       0       0       0
  1066 ;;      Temps:          1       0       0       0       0
  1067 ;;      Totals:         2       0       0       0       0
  1068 ;;Total ram usage:        2 bytes
  1069 ;; Hardware stack levels used:    1
  1070 ;; This function calls:
  1071 ;;		Nothing
  1072 ;; This function is called by:
  1073 ;;		_main
  1074 ;;		_init
  1075 ;;		_disp
  1076 ;; This function uses a non-reentrant model
  1077 ;;
  1078                           psect	text152
  1079                           	file	"E:\pic program\eeprom\eeprom.c"
  1080                           	line	57
  1081                           	global	__size_of_cmd
  1082  0032                     	__size_of_cmd	equ	__end_of_cmd-_cmd
  1083                           	
  1084  06FE                     _cmd:	
  1085                           	opt	stack 7
  1086                           ; Regs used in _cmd: [wreg+status,2+status,0]
  1087                           ;cmd@a stored from wreg
  1088  06FE  00F1               	movwf	(cmd@a)
  1089                           	line	58
  1090                           	
  1091  06FF                     l2749:	
  1092                           ;eeprom.c: 58: m = PORTD & 0x0f;
  1093  06FF  1283               	bcf	status, 5	;RP0=0, select bank0
  1094  0700  1303               	bcf	status, 6	;RP1=0, select bank0
  1095  0701  0808               	movf	(8),w
  1096  0702  390F               	andlw	0Fh
  1097  0703  00F0               	movwf	(??_cmd+0)+0
  1098  0704  0870               	movf	(??_cmd+0)+0,w
  1099  0705  00F9               	movwf	(_m)
  1100                           	line	59
  1101                           	
  1102  0706                     l2751:	
  1103                           ;eeprom.c: 59: PORTD = (a & 0xf0)|m;
  1104  0706  0871               	movf	(cmd@a),w
  1105  0707  39F0               	andlw	0F0h
  1106  0708  0479               	iorwf	(_m),w
  1107  0709  0088               	movwf	(8)	;volatile
  1108                           	line	60
  1109                           	
  1110  070A                     l2753:	
  1111                           ;eeprom.c: 60: RD1=1;RD0=0;
  1112  070A  1488               	bsf	(65/8),(65)&7
  1113                           	
  1114  070B                     l2755:	
  1115  070B  1008               	bcf	(64/8),(64)&7
  1116                           	line	61
  1117                           	
  1118  070C                     l2757:	
  1119                           ;eeprom.c: 61: _delay(1000);
  1120                           	opt asmopt_off
  1121  070C  30F9               movlw	249
  1122  070D  00F0               movwf	(??_cmd+0)+0,f
  1123  070E                     u2407:
  1124  070E  0064               	clrwdt
  1125  070F  0BF0               decfsz	(??_cmd+0)+0,f
  1126  0710  2F0E               	goto	u2407
  1127  0711  2F12               	nop2	;nop
  1128  0712  0064               	clrwdt
  1129                           opt asmopt_on
  1130                           
  1131                           	line	62
  1132                           	
  1133  0713                     l2759:	
  1134                           ;eeprom.c: 62: RD1=0;
  1135  0713  1283               	bcf	status, 5	;RP0=0, select bank0
  1136  0714  1303               	bcf	status, 6	;RP1=0, select bank0
  1137  0715  1088               	bcf	(65/8),(65)&7
  1138                           	line	63
  1139                           	
  1140  0716                     l2761:	
  1141                           ;eeprom.c: 63: PORTD = ((a<<4) & 0xf0)|m;
  1142  0716  0871               	movf	(cmd@a),w
  1143  0717  00F0               	movwf	(??_cmd+0)+0
  1144  0718  3003               	movlw	(04h)-1
  1145  0719                     u2305:
  1146  0719  1003               	clrc
  1147  071A  0DF0               	rlf	(??_cmd+0)+0,f
  1148  071B  3EFF               	addlw	-1
  1149  071C  1D03               	skipz
  1150  071D  2F19               	goto	u2305
  1151  071E  1003               	clrc
  1152  071F  0D70               	rlf	(??_cmd+0)+0,w
  1153  0720  39F0               	andlw	0F0h
  1154  0721  0479               	iorwf	(_m),w
  1155  0722  0088               	movwf	(8)	;volatile
  1156                           	line	64
  1157                           	
  1158  0723                     l2763:	
  1159                           ;eeprom.c: 64: RD1=1;RD0=0;
  1160  0723  1488               	bsf	(65/8),(65)&7
  1161                           	
  1162  0724                     l2765:	
  1163  0724  1008               	bcf	(64/8),(64)&7
  1164                           	line	65
  1165                           	
  1166  0725                     l2767:	
  1167                           ;eeprom.c: 65: _delay(1000);
  1168                           	opt asmopt_off
  1169  0725  30F9               movlw	249
  1170  0726  00F0               movwf	(??_cmd+0)+0,f
  1171  0727                     u2417:
  1172  0727  0064               	clrwdt
  1173  0728  0BF0               decfsz	(??_cmd+0)+0,f
  1174  0729  2F27               	goto	u2417
  1175  072A  2F2B               	nop2	;nop
  1176  072B  0064               	clrwdt
  1177                           opt asmopt_on
  1178                           
  1179                           	line	66
  1180                           	
  1181  072C                     l2769:	
  1182                           ;eeprom.c: 66: RD1=0;;
  1183  072C  1283               	bcf	status, 5	;RP0=0, select bank0
  1184  072D  1303               	bcf	status, 6	;RP1=0, select bank0
  1185  072E  1088               	bcf	(65/8),(65)&7
  1186                           	line	67
  1187                           	
  1188  072F                     l721:	
  1189  072F  0008               	return
  1190                           	opt stack 0
  1191                           GLOBAL	__end_of_cmd
  1192  0730                     	__end_of_cmd:
  1193 ;; =============== function _cmd ends ============
  1194                           
  1195                           	signat	_cmd,4216
  1196                           psect	text153,local,class=CODE,delta=2
  1197                           global __ptext153
  1198  0000                     __ptext153:
  1199                           	global	btemp
  1200  007E                     	btemp set 07Eh
  1201                           
  1202                           	DABS	1,126,2	;btemp
  1203                           	global	wtemp0
  1204  007E                     	wtemp0 set btemp


HI-TECH Software PICC Macro Assembler V9.82 build 9453 
Symbol Table                                                                                   Thu Aug 15 11:29:49 2024

                   _a 007A                     _b 0020                     _m 0079                     pc 0002  
                  _RD 0C60                    _WR 0C61                    fsr 0004                   l701 076F  
                 l710 07D3                   l702 07B1                   l711 07D3                   l703 077F  
                 l712 07DA                   l704 0780                   l721 072F                   l713 07FC  
                 l705 0780                   l730 06FD                   l714 07FD                   l706 0787  
                 l715 07FD                   l707 07BB                   l724 0763                   l708 07D2  
                 l709 07FB                   l718 06D1                   l727 06F1                   l728 06D6  
                 l729 06FD                   _GIE 005F                   _RD0 0040                   _RD1 0041  
                 _cmd 06FE                   fsr0 0004                   indf 0000                  ?_cmd 0070  
                l2801 06D6                  l2803 06DD                  l2811 0767                  l2805 06EA  
                l2821 078B                  l2813 0769                  l2751 0706                  l2807 06F1  
                l2831 0799                  l2823 0791                  l2815 076F                  l2761 0716  
                l2753 070A                  l2833 079A                  l2825 0794                  l2841 07B1  
                l2817 077D                  l2809 0764                  l2763 0723                  l2755 070B  
                l2771 0731                  l2851 07DA                  l2843 07BB                  l2835 079B  
                l2827 0795                  l2819 0787                  l2765 0724                  l2757 070C  
                l2749 06FF                  l2781 0745                  l2773 0738                  l2861 07F4  
                l2853 07DE                  l2845 07C9                  l2837 07A2                  l2829 0797  
                l2767 0725                  l2759 0713                  l2791 0758                  l2783 0748  
                l2775 073C                  l2855 07E1                  l2847 07CA                  l2839 07AC  
                l2769 072C                  l2793 075F                  l2785 0749                  l2777 073D  
                l2857 07E8                  l2849 07D1                  l2795 0762                  l2787 0756  
                l2779 073E                  l2859 07F0                  l2789 0757                  l2797 06B3  
                l2799 06D3                  STR_1 000F                  STR_2 0009                  u2320 06FC  
                u2305 0719                  u2321 06FB                  u2330 0786                  u2315 074C  
                u2331 0785                  u2340 07BA                  u2325 06F8                  u2341 07B9  
                u2350 07D0                  u2407 070E                  u2351 07CF                  u2360 07D9  
                u2417 0727                  u2361 07D8                  u2370 07FA                  u2371 07F9  
                u2387 0740                  u2397 075A                  _WREN 0C62                  cmd@a 0071  
                _disp 06D2                  _main 0764                  _init 06B3                  btemp 007E  
                start 0000                 ??_cmd 0070                 ?_disp 0072                 ?_main 0070  
               ?_init 0070                 _EEADR 010D                 _CARRY 0018                 _PORTD 0008  
               _TRISB 0086                 _TRISD 0088                 disp@a 0074                 disp@b 0072  
               disp@c 0073                 disp@k 0075                 _write 0730                 pclath 000A  
               status 0003                 wtemp0 007E          __end_of_disp 06FE          __end_of_main 0800  
        __end_of_init 06D2                ??_disp 0074                ??_main 0077                ??_init 0072  
              _EEDATA 010C                _EECON1 018C                _EECON2 018D                ?_write 0070  
              write@b 0071        __pcstackCOMMON 0070          __pidataBANK0 0682         __end_of_write 0764  
             ??_write 0070            __pnvCOMMON 0079            __pmaintext 0764          __size_of_cmd 0032  
end_of_initialization 06AF               init_ram 0691   start_initialization 06A0           __end_of_cmd 0730  
         __pdataBANK0 0020           __pbssCOMMON 007A             __ptext150 06B3             __ptext151 0730  
           __ptext152 06FE             __ptext153 0000             __ptext149 06D2             __pstrings 0003  
      __size_of_write 0034           __stringbase 0008             init_fetch 068D         __size_of_disp 002C  
       __size_of_main 009C         __size_of_init 001F             stringcode 0003              stringdir 0003  
            stringtab 0003  
