C51 COMPILER V9.60.0.0   LCD                                                               11/18/2023 10:45:39 PAGE 1   


C51 COMPILER V9.60.0.0, COMPILATION OF MODULE LCD
OBJECT MODULE PLACED IN .\Objects\lcd.obj
COMPILER INVOKED BY: C:\Keil_v5\C51\BIN\C51.EXE lcd.c BROWSE DEBUG OBJECTEXTEND PRINT(.\Listings\lcd.lst) TABS(2) OBJECT
                    -(.\Objects\lcd.obj)

line level    source

   1          #include<regx52.h>
   2          void transmit (unsigned  char s[]);
   3          void main()
   4          {
   5   1        SCON=0x50;
   6   1        TMOD=0x20;
   7   1        TH1=0xFD;
   8   1        TR1=1;
   9   1        SBUF=' ';
  10   1        while(TI==0);
  11   1        TI=0;
  12   1        transmit (" welcome ");
  13   1        transmit (" hai ");
  14   1        while(1);
  15   1        }
  16            void transmit (unsigned  char s[])
  17            {
  18   1          unsigned  char r;
  19   1        
  20   1          for (r=0;s[r]!='\0';r++)
  21   1          {
  22   2            SBUF=s[r];
  23   2            while(TI==0);
  24   2            TI=0;
  25   2          }
  26   1        }


MODULE INFORMATION:   STATIC OVERLAYABLE
   CODE SIZE        =     74    ----
   CONSTANT SIZE    =     16    ----
   XDATA SIZE       =   ----    ----
   PDATA SIZE       =   ----    ----
   DATA SIZE        =   ----       3
   IDATA SIZE       =   ----    ----
   BIT SIZE         =   ----    ----
END OF MODULE INFORMATION.


C51 COMPILATION COMPLETE.  0 WARNING(S),  0 ERROR(S)
