

HI-TECH Software PIC LITE Macro Assembler V9.82 build 9453 
                                                                                               Sun Feb 18 15:49:25 2024

HI-TECH Software Omniscient Code Generator (Lite mode) build 9453
     1  0000                     opt subtitle "HI-TECH Software Omniscient Code Generator (Lite mode) build 9453"
     2                           
     3                           opt pagewidth 120
     4                           
     5                           	opt lm
     6                           
     7                           	processor	16F877A
     8                           clrc	macro
     9                           	bcf	3,0
    10  0000                     	endm
    11                           clrz	macro
    12                           	bcf	3,2
    13  0000                     	endm
    14                           setc	macro
    15                           	bsf	3,0
    16  0000                     	endm
    17                           setz	macro
    18                           	bsf	3,2
    19  0000                     	endm
    20                           skipc	macro
    21                           	btfss	3,0
    22  0000                     	endm
    23                           skipz	macro
    24                           	btfss	3,2
    25  0000                     	endm
    26                           skipnc	macro
    27                           	btfsc	3,0
    28  0000                     	endm
    29                           skipnz	macro
    30                           	btfsc	3,2
    31  0000                     	endm
    32  0000                     indf	equ	0
    33  0000                     indf0	equ	0
    34  0002                     pc	equ	2
    35  0002                     pcl	equ	2
    36  0003                     status	equ	3
    37  0004                     fsr	equ	4
    38  0004                     fsr0	equ	4
    39  0001                     c	equ	1
    40  0000                     z	equ	0
    41  000A                     pclath	equ	10
    42                           	FNROOT	_main
    43                           	global	_dat
    44                           psect	idataCOMMON,class=CODE,space=0,delta=2
    45                           global __pidataCOMMON
    46  075C                     __pidataCOMMON:
    47                           	file	"D:\pic controller,PIC16F877A\serial\minc.c"
    48                           	line	4
    49                           
    50                           ;initializer for _dat
    51  075C  3457               	retlw	057h
    52  075D  346F               	retlw	06Fh
    53  075E  3472               	retlw	072h
    54  075F  346B               	retlw	06Bh
    55  0760  3469               	retlw	069h
    56  0761  346E               	retlw	06Eh
    57  0762  3467               	retlw	067h
    58  0763  342E               	retlw	02Eh
    59  0764  342E               	retlw	02Eh
    60  0765  342E               	retlw	02Eh
    61  0766  3400               	retlw	0
    62                           	global	_a
    63                           	global	_PORTC
    64  0007                     _PORTC	set	7
    65                           	global	_TXREG
    66  0019                     _TXREG	set	25
    67                           	global	_CARRY
    68  0018                     _CARRY	set	24
    69                           	global	_GIE
    70  005F                     _GIE	set	95
    71                           	global	_SPEN
    72  00C7                     _SPEN	set	199
    73                           	global	_TXIF
    74  0064                     _TXIF	set	100
    75                           	global	_SPBRG
    76  0099                     _SPBRG	set	153
    77                           	global	_TRISC
    78  0087                     _TRISC	set	135
    79                           	global	_BRGH
    80  04C2                     _BRGH	set	1218
    81                           	global	_SYNC
    82  04C4                     _SYNC	set	1220
    83                           	global	_TXEN
    84  04C5                     _TXEN	set	1221
    85                           	global	_EEADR
    86  010D                     _EEADR	set	269
    87                           	global	_EEDATA
    88  010C                     _EEDATA	set	268
    89                           	global	_EECON1
    90  018C                     _EECON1	set	396
    91                           	global	_EECON2
    92  018D                     _EECON2	set	397
    93                           	global	_RD
    94  0C60                     _RD	set	3168
    95                           	global	_WR
    96  0C61                     _WR	set	3169
    97                           	global	_WREN
    98  0C62                     _WREN	set	3170
    99                           	file	"function.as"
   100                           	line	#
   101                           psect cinit,class=CODE,delta=2
   102                           global start_initialization
   103  07B9                     start_initialization:
   104                           
   105                           psect	bssCOMMON,class=COMMON,space=1
   106                           global __pbssCOMMON
   107  007D                     __pbssCOMMON:
   108  007D                     _a:
   109  007D                            ds      1
   110                           
   111                           psect	dataCOMMON,class=COMMON,space=1
   112                           global __pdataCOMMON
   113  0070                     __pdataCOMMON:
   114                           	file	"D:\pic controller,PIC16F877A\serial\minc.c"
   115  0070                     _dat:
   116  0070                            ds      11
   117                           
   118                           ; Clear objects allocated to COMMON
   119                           psect cinit,class=CODE,delta=2
   120  07B9  01FD               	clrf	((__pbssCOMMON)+0)&07Fh
   121                           global btemp
   122                           psect inittext,class=CODE,delta=2
   123                           global init_fetch,btemp
   124                           ;	Called with low address in FSR and high address in W
   125  0767                     init_fetch:
   126  0767  087E               	movf btemp,w
   127  0768  008A               	movwf pclath
   128  0769  087F               	movf btemp+1,w
   129  076A  0082               	movwf pc
   130                           global init_ram
   131                           ;Called with:
   132                           ;	high address of idata address in btemp 
   133                           ;	low address of idata address in btemp+1 
   134                           ;	low address of data in FSR
   135                           ;	high address + 1 of data in btemp-1
   136  076B                     init_ram:
   137  076B  120A  118A  2767   	fcall init_fetch
              120A  118A         
   138  0770  0080               	movwf indf,f
   139  0771  0A84               	incf fsr,f
   140  0772  0804               	movf fsr,w
   141  0773  067D               	xorwf btemp-1,w
   142  0774  1903               	btfsc status,2
   143  0775  3400               	retlw 0
   144  0776  0AFF               	incf btemp+1,f
   145  0777  1903               	btfsc status,2
   146  0778  0AFE               	incf btemp,f
   147  0779  2F6B               	goto init_ram
   148                           ; Initialize objects allocated to COMMON
   149                           	global __pidataCOMMON
   150                           psect cinit,class=CODE,delta=2
   151  07BA  120A  118A  275C   	fcall	__pidataCOMMON+0		;fetch initializer
              120A  118A         
   152  07BF  00F0               	movwf	__pdataCOMMON+0&07fh		
   153  07C0  120A  118A  275D   	fcall	__pidataCOMMON+1		;fetch initializer
              120A  118A         
   154  07C5  00F1               	movwf	__pdataCOMMON+1&07fh		
   155  07C6  120A  118A  275E   	fcall	__pidataCOMMON+2		;fetch initializer
              120A  118A         
   156  07CB  00F2               	movwf	__pdataCOMMON+2&07fh		
   157  07CC  120A  118A  275F   	fcall	__pidataCOMMON+3		;fetch initializer
              120A  118A         
   158  07D1  00F3               	movwf	__pdataCOMMON+3&07fh		
   159  07D2  120A  118A  2760   	fcall	__pidataCOMMON+4		;fetch initializer
              120A  118A         
   160  07D7  00F4               	movwf	__pdataCOMMON+4&07fh		
   161  07D8  120A  118A  2761   	fcall	__pidataCOMMON+5		;fetch initializer
              120A  118A         
   162  07DD  00F5               	movwf	__pdataCOMMON+5&07fh		
   163  07DE  120A  118A  2762   	fcall	__pidataCOMMON+6		;fetch initializer
              120A  118A         
   164  07E3  00F6               	movwf	__pdataCOMMON+6&07fh		
   165  07E4  120A  118A  2763   	fcall	__pidataCOMMON+7		;fetch initializer
              120A  118A         
   166  07E9  00F7               	movwf	__pdataCOMMON+7&07fh		
   167  07EA  120A  118A  2764   	fcall	__pidataCOMMON+8		;fetch initializer
              120A  118A         
   168  07EF  00F8               	movwf	__pdataCOMMON+8&07fh		
   169  07F0  120A  118A  2765   	fcall	__pidataCOMMON+9		;fetch initializer
              120A  118A         
   170  07F5  00F9               	movwf	__pdataCOMMON+9&07fh		
   171  07F6  120A  118A  2766   	fcall	__pidataCOMMON+10		;fetch initializer
              120A  118A         
   172  07FB  00FA               	movwf	__pdataCOMMON+10&07fh		
   173                           psect cinit,class=CODE,delta=2
   174                           global end_of_initialization
   175                           
   176                           ;End of C runtime variable initialization code
   177                           
   178  07FC                     end_of_initialization:
   179  07FC  0183               clrf status
   180  07FD  120A  118A  2F7A   ljmp _main	;jump to C main() function
   181                           psect	cstackCOMMON,class=COMMON,space=1
   182                           global __pcstackCOMMON
   183  007B                     __pcstackCOMMON:
   184                           	global	?_main
   185  007B                     ?_main:	; 0 bytes @ 0x0
   186                           	global	??_main
   187  007B                     ??_main:	; 0 bytes @ 0x0
   188  007B                     	ds	2
   189 ;;Data sizes: Strings 0, constant 0, data 11, bss 1, persistent 0 stack 0
   190 ;;Auto spaces:   Size  Autos    Used
   191 ;; COMMON          14      2      14
   192 ;; BANK0           80      0       0
   193 ;; BANK1           80      0       0
   194 ;; BANK3           96      0       0
   195 ;; BANK2           96      0       0
   196                           
   197 ;;
   198 ;; Pointer list with targets:
   199                           
   200                           
   201                           
   202 ;;
   203 ;; Critical Paths under _main in COMMON
   204 ;;
   205 ;;   None.
   206 ;;
   207 ;; Critical Paths under _main in BANK0
   208 ;;
   209 ;;   None.
   210 ;;
   211 ;; Critical Paths under _main in BANK1
   212 ;;
   213 ;;   None.
   214 ;;
   215 ;; Critical Paths under _main in BANK3
   216 ;;
   217 ;;   None.
   218 ;;
   219 ;; Critical Paths under _main in BANK2
   220 ;;
   221 ;;   None.
   222                           
   223 ;;
   224 ;;Main: autosize = 0, tempsize = 2, incstack = 0, save=0
   225 ;;
   226                           
   227 ;;
   228 ;;Call Graph Tables:
   229 ;;
   230 ;; ---------------------------------------------------------------------------------
   231 ;; (Depth) Function   	        Calls       Base Space   Used Autos Params    Refs
   232 ;; ---------------------------------------------------------------------------------
   233 ;; (0) _main                                                 2     2      0       0
   234 ;;                                              0 COMMON     2     2      0
   235 ;; ---------------------------------------------------------------------------------
   236 ;; Estimated maximum stack depth 0
   237 ;; ---------------------------------------------------------------------------------
   238                           
   239 ;; Call Graph Graphs:
   240                           
   241 ;; _main (ROOT)
   242 ;;
   243                           
   244 ;; Address spaces:
   245                           
   246 ;;Name               Size   Autos  Total    Cost      Usage
   247 ;;BANK3               60      0       0       9        0.0%
   248 ;;BITBANK3            60      0       0       8        0.0%
   249 ;;SFR3                 0      0       0       4        0.0%
   250 ;;BITSFR3              0      0       0       4        0.0%
   251 ;;BANK2               60      0       0      11        0.0%
   252 ;;BITBANK2            60      0       0      10        0.0%
   253 ;;SFR2                 0      0       0       5        0.0%
   254 ;;BITSFR2              0      0       0       5        0.0%
   255 ;;SFR1                 0      0       0       2        0.0%
   256 ;;BITSFR1              0      0       0       2        0.0%
   257 ;;BANK1               50      0       0       7        0.0%
   258 ;;BITBANK1            50      0       0       6        0.0%
   259 ;;CODE                 0      0       0       0        0.0%
   260 ;;DATA                 0      0       E      12        0.0%
   261 ;;ABS                  0      0       E       3        0.0%
   262 ;;NULL                 0      0       0       0        0.0%
   263 ;;STACK                0      0       0       2        0.0%
   264 ;;BANK0               50      0       0       5        0.0%
   265 ;;BITBANK0            50      0       0       4        0.0%
   266 ;;SFR0                 0      0       0       1        0.0%
   267 ;;BITSFR0              0      0       0       1        0.0%
   268 ;;COMMON               E      2       E       1      100.0%
   269 ;;BITCOMMON            E      0       0       0        0.0%
   270 ;;EEDATA             100      0       0       0        0.0%
   271                           
   272                           	global	_main
   273                           psect	maintext,global,class=CODE,delta=2
   274                           global __pmaintext
   275  077A                     __pmaintext:
   276                           
   277 ;; *************** function _main *****************
   278 ;; Defined at:
   279 ;;		line 7 in file "D:\pic controller,PIC16F877A\serial\minc.c"
   280 ;; Parameters:    Size  Location     Type
   281 ;;		None
   282 ;; Auto vars:     Size  Location     Type
   283 ;;		None
   284 ;; Return value:  Size  Location     Type
   285 ;;		None               void
   286 ;; Registers used:
   287 ;;		wreg, fsr0l, fsr0h, status,2, status,0
   288 ;; Tracked objects:
   289 ;;		On entry : 17F/0
   290 ;;		On exit  : 0/0
   291 ;;		Unchanged: 0/0
   292 ;; Data sizes:     COMMON   BANK0   BANK1   BANK3   BANK2
   293 ;;      Params:         0       0       0       0       0
   294 ;;      Locals:         0       0       0       0       0
   295 ;;      Temps:          2       0       0       0       0
   296 ;;      Totals:         2       0       0       0       0
   297 ;;Total ram usage:        2 bytes
   298 ;; This function calls:
   299 ;;		Nothing
   300 ;; This function is called by:
   301 ;;		Startup code after reset
   302 ;; This function uses a non-reentrant model
   303 ;;
   304                           psect	maintext
   305                           	file	"D:\pic controller,PIC16F877A\serial\minc.c"
   306                           	line	7
   307                           	global	__size_of_main
   308  003F                     	__size_of_main	equ	__end_of_main-_main
   309                           	
   310  077A                     _main:	
   311                           	opt	stack 8
   312                           ; Regs used in _main: [wreg-fsr0h+status,2+status,0]
   313                           	line	8
   314                           	
   315  077A                     l2604:	
   316                           ;minc.c: 8: TRISC = 0xbf;
   317  077A  30BF               	movlw	(0BFh)
   318  077B  1683               	bsf	status, 5	;RP0=1, select bank1
   319  077C  1303               	bcf	status, 6	;RP1=0, select bank1
   320  077D  0087               	movwf	(135)^080h	;volatile
   321                           	line	9
   322                           ;minc.c: 9: PORTC= 0xbf;
   323  077E  30BF               	movlw	(0BFh)
   324  077F  1283               	bcf	status, 5	;RP0=0, select bank0
   325  0780  1303               	bcf	status, 6	;RP1=0, select bank0
   326  0781  0087               	movwf	(7)	;volatile
   327                           	line	10
   328                           	
   329  0782                     l2606:	
   330                           ;minc.c: 10: SYNC=0;
   331  0782  1683               	bsf	status, 5	;RP0=1, select bank1
   332  0783  1303               	bcf	status, 6	;RP1=0, select bank1
   333  0784  1218               	bcf	(1220/8)^080h,(1220)&7
   334                           	line	11
   335                           	
   336  0785                     l2608:	
   337                           ;minc.c: 11: SPEN=1;
   338  0785  1283               	bcf	status, 5	;RP0=0, select bank0
   339  0786  1303               	bcf	status, 6	;RP1=0, select bank0
   340  0787  1798               	bsf	(199/8),(199)&7
   341                           	line	12
   342                           	
   343  0788                     l2610:	
   344                           ;minc.c: 12: TXEN=1;
   345  0788  1683               	bsf	status, 5	;RP0=1, select bank1
   346  0789  1303               	bcf	status, 6	;RP1=0, select bank1
   347  078A  1698               	bsf	(1221/8)^080h,(1221)&7
   348                           	line	13
   349                           	
   350  078B                     l2612:	
   351                           ;minc.c: 13: BRGH=1;
   352  078B  1518               	bsf	(1218/8)^080h,(1218)&7
   353                           	line	14
   354                           ;minc.c: 14: SPBRG=25;
   355  078C  3019               	movlw	(019h)
   356  078D  0099               	movwf	(153)^080h	;volatile
   357  078E  2F90               	goto	l692
   358                           	line	16
   359                           ;minc.c: 16: while(1)
   360                           	
   361  078F                     l691:	
   362                           	line	18
   363                           ;minc.c: 17: {
   364                           ;minc.c: 18: while(TXIF==0);TXIF=0;
   365  078F  2F90               	goto	l692
   366                           	
   367  0790                     l693:	
   368                           	
   369  0790                     l692:	
   370  0790  1283               	bcf	status, 5	;RP0=0, select bank0
   371  0791  1303               	bcf	status, 6	;RP1=0, select bank0
   372  0792  1E0C               	btfss	(100/8),(100)&7
   373  0793  2F95               	goto	u2221
   374  0794  2F96               	goto	u2220
   375  0795                     u2221:
   376  0795  2F90               	goto	l692
   377  0796                     u2220:
   378                           	
   379  0796                     l694:	
   380  0796  120C               	bcf	(100/8),(100)&7
   381                           	line	19
   382                           	
   383  0797                     l2614:	
   384                           ;minc.c: 19: TXREG=dat[a];
   385  0797  087D               	movf	(_a),w
   386  0798  3E70               	addlw	_dat&0ffh
   387  0799  0084               	movwf	fsr0
   388  079A  0800               	movf	indf,w
   389  079B  0099               	movwf	(25)	;volatile
   390                           	line	20
   391                           ;minc.c: 20: if(dat[a]!='\0')
   392  079C  087D               	movf	(_a),w
   393  079D  3E70               	addlw	_dat&0ffh
   394  079E  0084               	movwf	fsr0
   395  079F  0880               	movf	indf
   396  07A0  1903               	skipnz
   397  07A1  2FA3               	goto	u2231
   398  07A2  2FA4               	goto	u2230
   399  07A3                     u2231:
   400  07A3  2FA9               	goto	l695
   401  07A4                     u2230:
   402                           	line	21
   403                           	
   404  07A4                     l2616:	
   405                           ;minc.c: 21: { a++;}
   406  07A4  3001               	movlw	(01h)
   407  07A5  00FB               	movwf	(??_main+0)+0
   408  07A6  087B               	movf	(??_main+0)+0,w
   409  07A7  07FD               	addwf	(_a),f
   410  07A8  2FAB               	goto	l2618
   411                           	line	22
   412                           	
   413  07A9                     l695:	
   414                           	line	23
   415                           ;minc.c: 22: else
   416                           ;minc.c: 23: {a=0;
   417  07A9  01FD               	clrf	(_a)
   418  07AA  2FAB               	goto	l2618
   419                           	line	24
   420                           	
   421  07AB                     l696:	
   422                           	line	25
   423                           	
   424  07AB                     l2618:	
   425                           ;minc.c: 24: }
   426                           ;minc.c: 25: _delay(10000);
   427                           	opt asmopt_off
   428  07AB  300D               movlw	13
   429  07AC  00FC               movwf	((??_main+0)+0+1),f
   430  07AD  30FB               	movlw	251
   431  07AE  00FB               movwf	((??_main+0)+0),f
   432  07AF                     u2247:
   433  07AF  0BFB               	decfsz	((??_main+0)+0),f
   434  07B0  2FAF               	goto	u2247
   435  07B1  0BFC               	decfsz	((??_main+0)+0+1),f
   436  07B2  2FAF               	goto	u2247
   437  07B3  2FB4               	nop2
   438                           opt asmopt_on
   439                           
   440  07B4  2F90               	goto	l692
   441                           	line	26
   442                           	
   443  07B5                     l697:	
   444                           	line	16
   445  07B5  2F90               	goto	l692
   446                           	
   447  07B6                     l698:	
   448                           	line	27
   449                           	
   450  07B6                     l699:	
   451                           	global	start
   452  07B6  120A  118A  2800   	ljmp	start
   453                           	opt stack 0
   454                           GLOBAL	__end_of_main
   455  07B9                     	__end_of_main:
   456 ;; =============== function _main ends ============
   457                           
   458                           	signat	_main,88
   459                           psect	maintext
   460                           	global	btemp
   461  007E                     	btemp set 07Eh
   462                           
   463                           	DABS	1,126,2	;btemp
   464                           	global	wtemp0
   465  007E                     	wtemp0 set btemp


HI-TECH Software PICC Macro Assembler V9.82 build 9453 
Symbol Table                                                                                   Sun Feb 18 15:49:25 2024

                   _a 007D                     pc 0002                    _RD 0C60                    _WR 0C61  
                  fsr 0004                   l691 078F                   l692 0790                   l693 0790  
                 l694 0796                   l695 07A9                   l696 07AB                   l697 07B5  
                 l698 07B6                   l699 07B6                   _GIE 005F                   _dat 0070  
                 fsr0 0004                   indf 0000                  l2610 0788                  l2612 078B  
                l2604 077A                  l2614 0797                  l2606 0782                  l2616 07A4  
                l2608 0785                  l2618 07AB                  _BRGH 04C2                  u2220 0796  
                u2221 0795                  u2230 07A4                  u2231 07A3                  u2247 07AF  
                _SPEN 00C7                  _WREN 0C62                  _TXEN 04C5                  _TXIF 0064  
                _SYNC 04C4                  _main 077A                  btemp 007E                  start 0000  
               ?_main 007B                 _EEADR 010D                 _CARRY 0018                 _SPBRG 0099  
               _PORTC 0007                 _TRISC 0087                 _TXREG 0019                 pclath 000A  
               status 0003                 wtemp0 007E          __end_of_main 07B9                ??_main 007B  
              _EEDATA 010C                _EECON1 018C                _EECON2 018D          __pdataCOMMON 0070  
      __pcstackCOMMON 007B            __pmaintext 077A  end_of_initialization 07FC               init_ram 076B  
       __pidataCOMMON 075C   start_initialization 07B9           __pbssCOMMON 007D             init_fetch 0767  
       __size_of_main 003F  
