

HI-TECH Software PICC Macro Assembler V9.60PL5 build 3884 
                                                      Thu Feb 29 09:26:09 2024

HI-TECH Software Omniscient Code Generator build 3884
     1  0000                     opt subtitle "HI-TECH Software Omniscient Code 
                                 Generator build 3884"
     2                           
     3                           	processor	16F877A
     4                           clrc	macro
     5                           	bcf	status,0
     6  0000                     	endm
     7                           clrz	macro
     8                           	bcf	status,2
     9  0000                     	endm
    10                           setc	macro
    11                           	bsf	status,0
    12  0000                     	endm
    13                           setz	macro
    14                           	bsf	status,2
    15  0000                     	endm
    16                           skipc	macro
    17                           	btfss	status,0
    18  0000                     	endm
    19                           skipz	macro
    20                           	btfss	status,2
    21  0000                     	endm
    22                           skipnc	macro
    23                           	btfsc	status,0
    24  0000                     	endm
    25                           skipnz	macro
    26                           	btfsc	status,2
    27  0000                     	endm
    28  0000                     indf	equ	0
    29  0000                     indf0	equ	0
    30  0000                     pc	equ	2
    31  0000                     pcl	equ	2
    32  0000                     status	equ	3
    33  0000                     fsr	equ	4
    34  0000                     fsr0	equ	4
    35  0000                     c	equ	1
    36  0000                     z	equ	0
    37  0000                     pclath	equ	10
    38                           # 2 "C:\Users\Kasirajan\Desktop\SPI pic\spi.c"
    39                           	psect config,class=CONFIG,delta=2 ;#
    40                           # 2 "C:\Users\Kasirajan\Desktop\SPI pic\spi.c"
    41  2007  3F3A               	dw 0X3F3A ;#
    42                           global __tempreg
    43  0000                     __tempreg	set	120
    44                           global __Lrdata_0, __Hrdata_0
    45  0000                     __Lrdata_0	equ	0x0
    46  0000                     __Hrdata_0	equ	0x1
    47                           global __Lramdata, __Lrdata_0, __Hramdata, __Hr
                                 data_0
    48  0000                     __Lramdata	set	__Lrdata_0
    49  0000                     __Hramdata	set	__Hrdata_0
    50                           	GLOBAL	__databank
    51  0000                     __databank	EQU	0
    52                           ;Data sizes: Strings 0, constant 0, data 0, bss
                                  0, persistent 0 stack 6
    53                           	global	_main
    54                           	global	??_main
    55                           	global	?_main
    56                           
    57                           ; *************** function _main **************
                                 *
    58                           ; Defined at:
    59                           ;		line 16 in file "C:\Users\Kasirajan\Desktop\
                                 SPI pic\spi.c"
    60                           ; Parameters:
    61                           ;		None
    62                           ; Auto variables:
    63                           ;		None
    64                           ; Return value:
    65                           ;		type: void 
    66                           ;		size: 0
    67                           ; Registers used:
    68                           ;		wreg, status,2, status,0
    69                           ; Tracked objects:
    70                           ;		On entry : BFF/0
    71                           ;		On exit  : 0/0
    72                           ;		Unchanged: 0/0
    73                           ; Data sizes:
    74                           ;		Autos:    0
    75                           ;		Params:   0
    76                           ;		Temp:     2
    77                           ;		Total:    2
    78                           ; This function calls:
    79                           ;		__delay
    80                           ; This function is called by:
    81                           ;		Startup code after reset
    82                           ; This function uses a non-reentrant model
    83                           ; 
    84                           	psect	maintext,class=CODE,delta=2
    85                           	file	"C:\Users\Kasirajan\Desktop\SPI pic\spi.c
                                 "
    86                           	line	16
    87                           	psect	maintext
    88                           ;spi.c: 2: asm("\tpsect config,class=CONFIG,del
                                 ta=2"); asm("\tdw ""0X3F3A");
    89                           ;spi.c: 15: void main()
    90                           ;spi.c: 16: {
    91                           	
    92  0003                     _main:	
    93                           ; Regs used in _main: [wreg+status,2+status,0]
    94                           	line	17
    95                           ;spi.c: 17: TRISC5=TRISC3=TRISB0=0;
    96  0003  1683               	bsf	status, 5	;RP0=1, select bank1
    97  0004  1303               	bcf	status, 6	;RP2=0, select bank1
    98  0005  1006               	bcf	(1072/8)^080h,(1072)&7
    99  0006  1187               	bcf	(1083/8)^080h,(1083)&7
   100  0007  1287               	bcf	(1085/8)^080h,(1085)&7
   101                           	line	18
   102                           ;spi.c: 18: TRISC4=1;
   103  0008  1607               	bsf	(1084/8)^080h,(1084)&7
   104                           	line	19
   105                           ;spi.c: 19: SSPCON=0X20;
   106  0009  3020               	movlw	(020h)
   107  000A  1283               	bcf	status, 5	;RP0=0, select bank0
   108  000B  1303               	bcf	status, 6	;RP2=0, select bank0
   109                           	
   110  000C  0094               	movwf	(20)	;volatile
   111                           	line	20
   112                           ;spi.c: 20: SSPSTAT=0X00;
   113  000D  1003               	clrc
   114  000E  1683               	bsf	status, 5	;RP0=1, select bank1
   115  000F  1303               	bcf	status, 6	;RP2=0, select bank1
   116                           	
   117  0010  3000               	movlw	0
   118  0011  1803               	btfsc	status,0
   119  0012  3001               	movlw	1
   120  0013  0094               	movwf	(148)^080h	;volatile
   121                           	line	21
   122                           ;spi.c: 21: RB0=1;
   123  0014  1283               	bcf	status, 5	;RP0=0, select bank0
   124  0015  1303               	bcf	status, 6	;RP2=0, select bank0
   125  0016  1406               	bsf	(48/8),(48)&7
   126                           	line	22
   127                           ;spi.c: 22: _delay((unsigned long)((10)*(100000
                                 00/4000UL)));
   128                           	
   129  0017  3021               	movlw	33
   130  0018  00F1               movwf	(??_main+0+0+1),f
   131  0019  3076               	movlw	118
   132  001A  00F0               movwf	(??_main+0+0),f
   133  001B                     u837:
   134  001B  0BF0               	decfsz	(??_main+0+0),f
   135  001C  281B               	goto	u837
   136  001D  0BF1               	decfsz	(??_main+0+0+1),f
   137  001E  281B               	goto	u837
   138  001F  0064               	clrwdt
   139                           
   140                           	line	24
   141                           ;spi.c: 24: RB0=0;
   142  0020  1283               	bcf	status, 5	;RP0=0, select bank0
   143  0021  1303               	bcf	status, 6	;RP2=0, select bank0
   144  0022  1006               	bcf	(48/8),(48)&7
   145                           	line	25
   146                           ;spi.c: 25: SSPBUF=0X06;
   147  0023  3006               	movlw	(06h)
   148                           	
   149  0024  0093               	movwf	(19)	;volatile
   150                           	line	26
   151                           ;spi.c: 26: while(SSPIF==0);
   152  0025  2826               	goto	l2
   153                           	
   154  0026                     l2:	
   155  0026  1D8C               	btfss	(99/8),(99)&7
   156  0027  2829               	goto	u781
   157  0028  282A               	goto	u780
   158  0029                     u781:
   159  0029  2826               	goto	l2
   160  002A                     u780:
   161                           	
   162  002A                     l4:	
   163                           	line	27
   164                           ;spi.c: 27: SSPIF=0;
   165  002A  118C               	bcf	(99/8),(99)&7
   166                           	line	28
   167                           ;spi.c: 28: RB0=1;
   168  002B  1406               	bsf	(48/8),(48)&7
   169                           	line	30
   170                           ;spi.c: 30: RB0=0;
   171  002C  1006               	bcf	(48/8),(48)&7
   172                           	line	31
   173                           ;spi.c: 31: SSPBUF=0X02;
   174  002D  3002               	movlw	(02h)
   175                           	
   176  002E  0093               	movwf	(19)	;volatile
   177                           	line	32
   178                           ;spi.c: 32: while(SSPIF==0);
   179  002F  2830               	goto	l5
   180                           	
   181  0030                     l5:	
   182  0030  1D8C               	btfss	(99/8),(99)&7
   183  0031  2833               	goto	u791
   184  0032  2834               	goto	u790
   185  0033                     u791:
   186  0033  2830               	goto	l5
   187  0034                     u790:
   188                           	
   189  0034                     l7:	
   190                           	line	33
   191                           ;spi.c: 33: SSPIF=0;
   192  0034  118C               	bcf	(99/8),(99)&7
   193                           	line	35
   194                           ;spi.c: 35: SSPBUF=0X01;
   195  0035  3001               	movlw	(01h)
   196                           	
   197  0036  0093               	movwf	(19)	;volatile
   198                           	line	36
   199                           ;spi.c: 36: while(SSPIF==0);
   200  0037  2838               	goto	l8
   201                           	
   202  0038                     l8:	
   203  0038  1D8C               	btfss	(99/8),(99)&7
   204  0039  283B               	goto	u801
   205  003A  283C               	goto	u800
   206  003B                     u801:
   207  003B  2838               	goto	l8
   208  003C                     u800:
   209                           	
   210  003C                     l10:	
   211                           	line	37
   212                           ;spi.c: 37: SSPIF=0;
   213  003C  118C               	bcf	(99/8),(99)&7
   214                           	line	39
   215                           ;spi.c: 39: SSPBUF=0X00;
   216  003D  1003               	clrc
   217                           	
   218  003E  3000               	movlw	0
   219  003F  1803               	btfsc	status,0
   220  0040  3001               	movlw	1
   221  0041  0093               	movwf	(19)	;volatile
   222                           	line	40
   223                           ;spi.c: 40: while(SSPIF==0);
   224  0042  2843               	goto	l11
   225                           	
   226  0043                     l11:	
   227  0043  1D8C               	btfss	(99/8),(99)&7
   228  0044  2846               	goto	u811
   229  0045  2847               	goto	u810
   230  0046                     u811:
   231  0046  2843               	goto	l11
   232  0047                     u810:
   233                           	
   234  0047                     l13:	
   235                           	line	41
   236                           ;spi.c: 41: SSPIF=0;
   237  0047  118C               	bcf	(99/8),(99)&7
   238                           	line	43
   239                           ;spi.c: 43: SSPBUF='b';
   240  0048  3062               	movlw	(062h)
   241                           	
   242  0049  0093               	movwf	(19)	;volatile
   243                           	line	44
   244                           ;spi.c: 44: while(SSPIF==0);
   245  004A  284B               	goto	l14
   246                           	
   247  004B                     l14:	
   248  004B  1D8C               	btfss	(99/8),(99)&7
   249  004C  284E               	goto	u821
   250  004D  284F               	goto	u820
   251  004E                     u821:
   252  004E  284B               	goto	l14
   253  004F                     u820:
   254                           	
   255  004F                     l16:	
   256                           	line	45
   257                           ;spi.c: 45: SSPIF=0;
   258  004F  118C               	bcf	(99/8),(99)&7
   259                           	line	46
   260                           ;spi.c: 46: RB0=1;
   261  0050  1406               	bsf	(48/8),(48)&7
   262                           	line	48
   263                           ;spi.c: 48: while(1)
   264                           	
   265  0051                     l18:	
   266                           	line	51
   267                           ;spi.c: 49: {
   268                           ;spi.c: 51: _delay((unsigned long)((10)*(100000
                                 00/4000UL)));
   269                           	
   270  0051  3021               	movlw	33
   271  0052  00F1               movwf	(??_main+0+0+1),f
   272  0053  3076               	movlw	118
   273  0054  00F0               movwf	(??_main+0+0),f
   274  0055                     u847:
   275  0055  0BF0               	decfsz	(??_main+0+0),f
   276  0056  2855               	goto	u847
   277  0057  0BF1               	decfsz	(??_main+0+0+1),f
   278  0058  2855               	goto	u847
   279  0059  0064               	clrwdt
   280                           
   281                           	line	52
   282                           	
   283  005A                     l17:	
   284                           	line	48
   285  005A  2851               	goto	l18
   286                           	global	start
   287  005B  120A  118A  2800   	ljmp	start
   288                           ; =============== function _main ends =========
                                 ======
   289                           
   290                           GLOBAL __end_of_main
   291  005E                     	__end_of_main:
   292                           	FNSIZE	_main,2,0
   293                           	psect	maintext
   294                           	line	53
   295                           	signat	_main,88
   296                           	FNROOT	_main
   297                           	psect	strings,class=CODE,delta=2,reloc=256
   298                           	global	_ADCON0
   299                           	global	_ADCON0
   300  0000                     	_ADCON0	set	0x1F
   301                           
   302                           	global	_ADCON1
   303                           	global	_ADCON1
   304  0000                     	_ADCON1	set	0x9F
   305                           
   306                           	global	_ADRESH
   307                           	global	_ADRESH
   308  0000                     	_ADRESH	set	0x1E
   309                           
   310                           	global	_ADRESL
   311                           	global	_ADRESL
   312  0000                     	_ADRESL	set	0x9E
   313                           
   314                           	global	_CCP1CON
   315                           	global	_CCP1CON
   316  0000                     	_CCP1CON	set	0x17
   317                           
   318                           	global	_CCP2CON
   319                           	global	_CCP2CON
   320  0000                     	_CCP2CON	set	0x1D
   321                           
   322                           	global	_CCPR1H
   323                           	global	_CCPR1H
   324  0000                     	_CCPR1H	set	0x16
   325                           
   326                           	global	_CCPR1L
   327                           	global	_CCPR1L
   328  0000                     	_CCPR1L	set	0x15
   329                           
   330                           	global	_CCPR2H
   331                           	global	_CCPR2H
   332  0000                     	_CCPR2H	set	0x1C
   333                           
   334                           	global	_CCPR2L
   335                           	global	_CCPR2L
   336  0000                     	_CCPR2L	set	0x1B
   337                           
   338                           	global	_CMCON
   339                           	global	_CMCON
   340  0000                     	_CMCON	set	0x9C
   341                           
   342                           	global	_CVRCON
   343                           	global	_CVRCON
   344  0000                     	_CVRCON	set	0x9D
   345                           
   346                           	global	_EEADR
   347                           	global	_EEADR
   348  0000                     	_EEADR	set	0x10D
   349                           
   350                           	global	_EEADRH
   351                           	global	_EEADRH
   352  0000                     	_EEADRH	set	0x10F
   353                           
   354                           	global	_EEADRL
   355                           	global	_EEADRL
   356  0000                     	_EEADRL	set	0x10D
   357                           
   358                           	global	_EECON1
   359                           	global	_EECON1
   360  0000                     	_EECON1	set	0x18C
   361                           
   362                           	global	_EECON2
   363                           	global	_EECON2
   364  0000                     	_EECON2	set	0x18D
   365                           
   366                           	global	_EEDATA
   367                           	global	_EEDATA
   368  0000                     	_EEDATA	set	0x10C
   369                           
   370                           	global	_EEDATH
   371                           	global	_EEDATH
   372  0000                     	_EEDATH	set	0x10E
   373                           
   374                           	global	_FSR
   375                           	global	_FSR
   376  0000                     	_FSR	set	0x4
   377                           
   378                           	global	_INDF
   379                           	global	_INDF
   380  0000                     	_INDF	set	0x0
   381                           
   382                           	global	_INTCON
   383                           	global	_INTCON
   384  0000                     	_INTCON	set	0xB
   385                           
   386                           	global	_OPTION
   387                           	global	_OPTION
   388  0000                     	_OPTION	set	0x81
   389                           
   390                           	global	_PCL
   391                           	global	_PCL
   392  0000                     	_PCL	set	0x2
   393                           
   394                           	global	_PCLATH
   395                           	global	_PCLATH
   396  0000                     	_PCLATH	set	0xA
   397                           
   398                           	global	_PCON
   399                           	global	_PCON
   400  0000                     	_PCON	set	0x8E
   401                           
   402                           	global	_PIE1
   403                           	global	_PIE1
   404  0000                     	_PIE1	set	0x8C
   405                           
   406                           	global	_PIE2
   407                           	global	_PIE2
   408  0000                     	_PIE2	set	0x8D
   409                           
   410                           	global	_PIR1
   411                           	global	_PIR1
   412  0000                     	_PIR1	set	0xC
   413                           
   414                           	global	_PIR2
   415                           	global	_PIR2
   416  0000                     	_PIR2	set	0xD
   417                           
   418                           	global	_PORTA
   419                           	global	_PORTA
   420  0000                     	_PORTA	set	0x5
   421                           
   422                           	global	_PORTB
   423                           	global	_PORTB
   424  0000                     	_PORTB	set	0x6
   425                           
   426                           	global	_PORTC
   427                           	global	_PORTC
   428  0000                     	_PORTC	set	0x7
   429                           
   430                           	global	_PORTD
   431                           	global	_PORTD
   432  0000                     	_PORTD	set	0x8
   433                           
   434                           	global	_PORTE
   435                           	global	_PORTE
   436  0000                     	_PORTE	set	0x9
   437                           
   438                           	global	_PR2
   439                           	global	_PR2
   440  0000                     	_PR2	set	0x92
   441                           
   442                           	global	_RCREG
   443                           	global	_RCREG
   444  0000                     	_RCREG	set	0x1A
   445                           
   446                           	global	_RCSTA
   447                           	global	_RCSTA
   448  0000                     	_RCSTA	set	0x18
   449                           
   450                           	global	_SPBRG
   451                           	global	_SPBRG
   452  0000                     	_SPBRG	set	0x99
   453                           
   454                           	global	_SSPADD
   455                           	global	_SSPADD
   456  0000                     	_SSPADD	set	0x93
   457                           
   458                           	global	_SSPBUF
   459  0000                     	_SSPBUF	set	0x13
   460                           
   461                           	global	_SSPCON
   462  0000                     	_SSPCON	set	0x14
   463                           
   464                           	global	_SSPCON2
   465                           	global	_SSPCON2
   466  0000                     	_SSPCON2	set	0x91
   467                           
   468                           	global	_SSPSTAT
   469  0000                     	_SSPSTAT	set	0x94
   470                           
   471                           	global	_STATUS
   472                           	global	_STATUS
   473  0000                     	_STATUS	set	0x3
   474                           
   475                           	global	_T1CON
   476                           	global	_T1CON
   477  0000                     	_T1CON	set	0x10
   478                           
   479                           	global	_T2CON
   480                           	global	_T2CON
   481  0000                     	_T2CON	set	0x12
   482                           
   483                           	global	_TMR0
   484                           	global	_TMR0
   485  0000                     	_TMR0	set	0x1
   486                           
   487                           	global	_TMR1H
   488                           	global	_TMR1H
   489  0000                     	_TMR1H	set	0xF
   490                           
   491                           	global	_TMR1L
   492                           	global	_TMR1L
   493  0000                     	_TMR1L	set	0xE
   494                           
   495                           	global	_TMR2
   496                           	global	_TMR2
   497  0000                     	_TMR2	set	0x11
   498                           
   499                           	global	_TRISA
   500                           	global	_TRISA
   501  0000                     	_TRISA	set	0x85
   502                           
   503                           	global	_TRISB
   504                           	global	_TRISB
   505  0000                     	_TRISB	set	0x86
   506                           
   507                           	global	_TRISC
   508                           	global	_TRISC
   509  0000                     	_TRISC	set	0x87
   510                           
   511                           	global	_TRISD
   512                           	global	_TRISD
   513  0000                     	_TRISD	set	0x88
   514                           
   515                           	global	_TRISE
   516                           	global	_TRISE
   517  0000                     	_TRISE	set	0x89
   518                           
   519                           	global	_TXREG
   520                           	global	_TXREG
   521  0000                     	_TXREG	set	0x19
   522                           
   523                           	global	_TXSTA
   524                           	global	_TXSTA
   525  0000                     	_TXSTA	set	0x98
   526                           
   527                           	global	_ACKDT
   528                           	global	_ACKDT
   529  0000                     	_ACKDT	set	0x48D	;byte address: 0x91
   530                           
   531                           	global	_ACKEN
   532                           	global	_ACKEN
   533  0000                     	_ACKEN	set	0x48C	;byte address: 0x91
   534                           
   535                           	global	_ACKSTAT
   536                           	global	_ACKSTAT
   537  0000                     	_ACKSTAT	set	0x48E	;byte address: 0x91
   538                           
   539                           	global	_ADCS0
   540                           	global	_ADCS0
   541  0000                     	_ADCS0	set	0xFE	;byte address: 0x1F
   542                           
   543                           	global	_ADCS1
   544                           	global	_ADCS1
   545  0000                     	_ADCS1	set	0xFF	;byte address: 0x1F
   546                           
   547                           	global	_ADCS2
   548                           	global	_ADCS2
   549  0000                     	_ADCS2	set	0x4FE	;byte address: 0x9F
   550                           
   551                           	global	_ADDEN
   552                           	global	_ADDEN
   553  0000                     	_ADDEN	set	0xC3	;byte address: 0x18
   554                           
   555                           	global	_ADFM
   556                           	global	_ADFM
   557  0000                     	_ADFM	set	0x4FF	;byte address: 0x9F
   558                           
   559                           	global	_ADGO
   560                           	global	_ADGO
   561  0000                     	_ADGO	set	0xFA	;byte address: 0x1F
   562                           
   563                           	global	_ADIE
   564                           	global	_ADIE
   565  0000                     	_ADIE	set	0x466	;byte address: 0x8C
   566                           
   567                           	global	_ADIF
   568                           	global	_ADIF
   569  0000                     	_ADIF	set	0x66	;byte address: 0xC
   570                           
   571                           	global	_ADON
   572                           	global	_ADON
   573  0000                     	_ADON	set	0xF8	;byte address: 0x1F
   574                           
   575                           	global	_BCLIE
   576                           	global	_BCLIE
   577  0000                     	_BCLIE	set	0x46B	;byte address: 0x8D
   578                           
   579                           	global	_BCLIF
   580                           	global	_BCLIF
   581  0000                     	_BCLIF	set	0x6B	;byte address: 0xD
   582                           
   583                           	global	_BF
   584                           	global	_BF
   585  0000                     	_BF	set	0x4A0	;byte address: 0x94
   586                           
   587                           	global	_BOR
   588                           	global	_BOR
   589  0000                     	_BOR	set	0x470	;byte address: 0x8E
   590                           
   591                           	global	_BRGH
   592                           	global	_BRGH
   593  0000                     	_BRGH	set	0x4C2	;byte address: 0x98
   594                           
   595                           	global	_C1INV
   596                           	global	_C1INV
   597  0000                     	_C1INV	set	0x4E4	;byte address: 0x9C
   598                           
   599                           	global	_C1OUT
   600                           	global	_C1OUT
   601  0000                     	_C1OUT	set	0x4E6	;byte address: 0x9C
   602                           
   603                           	global	_C2INV
   604                           	global	_C2INV
   605  0000                     	_C2INV	set	0x4E5	;byte address: 0x9C
   606                           
   607                           	global	_C2OUT
   608                           	global	_C2OUT
   609  0000                     	_C2OUT	set	0x4E7	;byte address: 0x9C
   610                           
   611                           	global	_CARRY
   612                           	global	_CARRY
   613  0000                     	_CARRY	set	0x18	;byte address: 0x3
   614                           
   615                           	global	_CCP1IE
   616                           	global	_CCP1IE
   617  0000                     	_CCP1IE	set	0x462	;byte address: 0x8C
   618                           
   619                           	global	_CCP1IF
   620                           	global	_CCP1IF
   621  0000                     	_CCP1IF	set	0x62	;byte address: 0xC
   622                           
   623                           	global	_CCP1M0
   624                           	global	_CCP1M0
   625  0000                     	_CCP1M0	set	0xB8	;byte address: 0x17
   626                           
   627                           	global	_CCP1M1
   628                           	global	_CCP1M1
   629  0000                     	_CCP1M1	set	0xB9	;byte address: 0x17
   630                           
   631                           	global	_CCP1M2
   632                           	global	_CCP1M2
   633  0000                     	_CCP1M2	set	0xBA	;byte address: 0x17
   634                           
   635                           	global	_CCP1M3
   636                           	global	_CCP1M3
   637  0000                     	_CCP1M3	set	0xBB	;byte address: 0x17
   638                           
   639                           	global	_CCP1X
   640                           	global	_CCP1X
   641  0000                     	_CCP1X	set	0xBD	;byte address: 0x17
   642                           
   643                           	global	_CCP1Y
   644                           	global	_CCP1Y
   645  0000                     	_CCP1Y	set	0xBC	;byte address: 0x17
   646                           
   647                           	global	_CCP2IE
   648                           	global	_CCP2IE
   649  0000                     	_CCP2IE	set	0x468	;byte address: 0x8D
   650                           
   651                           	global	_CCP2IF
   652                           	global	_CCP2IF
   653  0000                     	_CCP2IF	set	0x68	;byte address: 0xD
   654                           
   655                           	global	_CCP2M0
   656                           	global	_CCP2M0
   657  0000                     	_CCP2M0	set	0xE8	;byte address: 0x1D
   658                           
   659                           	global	_CCP2M1
   660                           	global	_CCP2M1
   661  0000                     	_CCP2M1	set	0xE9	;byte address: 0x1D
   662                           
   663                           	global	_CCP2M2
   664                           	global	_CCP2M2
   665  0000                     	_CCP2M2	set	0xEA	;byte address: 0x1D
   666                           
   667                           	global	_CCP2M3
   668                           	global	_CCP2M3
   669  0000                     	_CCP2M3	set	0xEB	;byte address: 0x1D
   670                           
   671                           	global	_CCP2X
   672                           	global	_CCP2X
   673  0000                     	_CCP2X	set	0xED	;byte address: 0x1D
   674                           
   675                           	global	_CCP2Y
   676                           	global	_CCP2Y
   677  0000                     	_CCP2Y	set	0xEC	;byte address: 0x1D
   678                           
   679                           	global	_CHS0
   680                           	global	_CHS0
   681  0000                     	_CHS0	set	0xFB	;byte address: 0x1F
   682                           
   683                           	global	_CHS1
   684                           	global	_CHS1
   685  0000                     	_CHS1	set	0xFC	;byte address: 0x1F
   686                           
   687                           	global	_CHS2
   688                           	global	_CHS2
   689  0000                     	_CHS2	set	0xFD	;byte address: 0x1F
   690                           
   691                           	global	_CIS
   692                           	global	_CIS
   693  0000                     	_CIS	set	0x4E3	;byte address: 0x9C
   694                           
   695                           	global	_CKE
   696                           	global	_CKE
   697  0000                     	_CKE	set	0x4A6	;byte address: 0x94
   698                           
   699                           	global	_CKP
   700                           	global	_CKP
   701  0000                     	_CKP	set	0xA4	;byte address: 0x14
   702                           
   703                           	global	_CM0
   704                           	global	_CM0
   705  0000                     	_CM0	set	0x4E0	;byte address: 0x9C
   706                           
   707                           	global	_CM1
   708                           	global	_CM1
   709  0000                     	_CM1	set	0x4E1	;byte address: 0x9C
   710                           
   711                           	global	_CM2
   712                           	global	_CM2
   713  0000                     	_CM2	set	0x4E2	;byte address: 0x9C
   714                           
   715                           	global	_CMIE
   716                           	global	_CMIE
   717  0000                     	_CMIE	set	0x46E	;byte address: 0x8D
   718                           
   719                           	global	_CMIF
   720                           	global	_CMIF
   721  0000                     	_CMIF	set	0x6E	;byte address: 0xD
   722                           
   723                           	global	_CREN
   724                           	global	_CREN
   725  0000                     	_CREN	set	0xC4	;byte address: 0x18
   726                           
   727                           	global	_CSRC
   728                           	global	_CSRC
   729  0000                     	_CSRC	set	0x4C7	;byte address: 0x98
   730                           
   731                           	global	_CVR0
   732                           	global	_CVR0
   733  0000                     	_CVR0	set	0x4E8	;byte address: 0x9D
   734                           
   735                           	global	_CVR1
   736                           	global	_CVR1
   737  0000                     	_CVR1	set	0x4E9	;byte address: 0x9D
   738                           
   739                           	global	_CVR2
   740                           	global	_CVR2
   741  0000                     	_CVR2	set	0x4EA	;byte address: 0x9D
   742                           
   743                           	global	_CVR3
   744                           	global	_CVR3
   745  0000                     	_CVR3	set	0x4EB	;byte address: 0x9D
   746                           
   747                           	global	_CVREN
   748                           	global	_CVREN
   749  0000                     	_CVREN	set	0x4EF	;byte address: 0x9D
   750                           
   751                           	global	_CVROE
   752                           	global	_CVROE
   753  0000                     	_CVROE	set	0x4EE	;byte address: 0x9D
   754                           
   755                           	global	_CVRR
   756                           	global	_CVRR
   757  0000                     	_CVRR	set	0x4ED	;byte address: 0x9D
   758                           
   759                           	global	_DA
   760                           	global	_DA
   761  0000                     	_DA	set	0x4A5	;byte address: 0x94
   762                           
   763                           	global	_DC
   764                           	global	_DC
   765  0000                     	_DC	set	0x19	;byte address: 0x3
   766                           
   767                           	global	_EEIE
   768                           	global	_EEIE
   769  0000                     	_EEIE	set	0x46C	;byte address: 0x8D
   770                           
   771                           	global	_EEIF
   772                           	global	_EEIF
   773  0000                     	_EEIF	set	0x6C	;byte address: 0xD
   774                           
   775                           	global	_EEPGD
   776                           	global	_EEPGD
   777  0000                     	_EEPGD	set	0xC67	;byte address: 0x18C
   778                           
   779                           	global	_FERR
   780                           	global	_FERR
   781  0000                     	_FERR	set	0xC2	;byte address: 0x18
   782                           
   783                           	global	_GCEN
   784                           	global	_GCEN
   785  0000                     	_GCEN	set	0x48F	;byte address: 0x91
   786                           
   787                           	global	_GIE
   788                           	global	_GIE
   789  0000                     	_GIE	set	0x5F	;byte address: 0xB
   790                           
   791                           	global	_GODONE
   792                           	global	_GODONE
   793  0000                     	_GODONE	set	0xFA	;byte address: 0x1F
   794                           
   795                           	global	_IBF
   796                           	global	_IBF
   797  0000                     	_IBF	set	0x44F	;byte address: 0x89
   798                           
   799                           	global	_IBOV
   800                           	global	_IBOV
   801  0000                     	_IBOV	set	0x44D	;byte address: 0x89
   802                           
   803                           	global	_INTE
   804                           	global	_INTE
   805  0000                     	_INTE	set	0x5C	;byte address: 0xB
   806                           
   807                           	global	_INTEDG
   808                           	global	_INTEDG
   809  0000                     	_INTEDG	set	0x40E	;byte address: 0x81
   810                           
   811                           	global	_INTF
   812                           	global	_INTF
   813  0000                     	_INTF	set	0x59	;byte address: 0xB
   814                           
   815                           	global	_IRP
   816                           	global	_IRP
   817  0000                     	_IRP	set	0x1F	;byte address: 0x3
   818                           
   819                           	global	_OBF
   820                           	global	_OBF
   821  0000                     	_OBF	set	0x44E	;byte address: 0x89
   822                           
   823                           	global	_OERR
   824                           	global	_OERR
   825  0000                     	_OERR	set	0xC1	;byte address: 0x18
   826                           
   827                           	global	_PCFG0
   828                           	global	_PCFG0
   829  0000                     	_PCFG0	set	0x4F8	;byte address: 0x9F
   830                           
   831                           	global	_PCFG1
   832                           	global	_PCFG1
   833  0000                     	_PCFG1	set	0x4F9	;byte address: 0x9F
   834                           
   835                           	global	_PCFG2
   836                           	global	_PCFG2
   837  0000                     	_PCFG2	set	0x4FA	;byte address: 0x9F
   838                           
   839                           	global	_PCFG3
   840                           	global	_PCFG3
   841  0000                     	_PCFG3	set	0x4FB	;byte address: 0x9F
   842                           
   843                           	global	_PD
   844                           	global	_PD
   845  0000                     	_PD	set	0x1B	;byte address: 0x3
   846                           
   847                           	global	_PEIE
   848                           	global	_PEIE
   849  0000                     	_PEIE	set	0x5E	;byte address: 0xB
   850                           
   851                           	global	_PEN
   852                           	global	_PEN
   853  0000                     	_PEN	set	0x48A	;byte address: 0x91
   854                           
   855                           	global	_POR
   856                           	global	_POR
   857  0000                     	_POR	set	0x471	;byte address: 0x8E
   858                           
   859                           	global	_PS0
   860                           	global	_PS0
   861  0000                     	_PS0	set	0x408	;byte address: 0x81
   862                           
   863                           	global	_PS1
   864                           	global	_PS1
   865  0000                     	_PS1	set	0x409	;byte address: 0x81
   866                           
   867                           	global	_PS2
   868                           	global	_PS2
   869  0000                     	_PS2	set	0x40A	;byte address: 0x81
   870                           
   871                           	global	_PSA
   872                           	global	_PSA
   873  0000                     	_PSA	set	0x40B	;byte address: 0x81
   874                           
   875                           	global	_PSPIE
   876                           	global	_PSPIE
   877  0000                     	_PSPIE	set	0x467	;byte address: 0x8C
   878                           
   879                           	global	_PSPIF
   880                           	global	_PSPIF
   881  0000                     	_PSPIF	set	0x67	;byte address: 0xC
   882                           
   883                           	global	_PSPMODE
   884                           	global	_PSPMODE
   885  0000                     	_PSPMODE	set	0x44C	;byte address: 0x89
   886                           
   887                           	global	_RA0
   888                           	global	_RA0
   889  0000                     	_RA0	set	0x28	;byte address: 0x5
   890                           
   891                           	global	_RA1
   892                           	global	_RA1
   893  0000                     	_RA1	set	0x29	;byte address: 0x5
   894                           
   895                           	global	_RA2
   896                           	global	_RA2
   897  0000                     	_RA2	set	0x2A	;byte address: 0x5
   898                           
   899                           	global	_RA3
   900                           	global	_RA3
   901  0000                     	_RA3	set	0x2B	;byte address: 0x5
   902                           
   903                           	global	_RA4
   904                           	global	_RA4
   905  0000                     	_RA4	set	0x2C	;byte address: 0x5
   906                           
   907                           	global	_RA5
   908                           	global	_RA5
   909  0000                     	_RA5	set	0x2D	;byte address: 0x5
   910                           
   911                           	global	_RB0
   912  0000                     	_RB0	set	0x30	;byte address: 0x6
   913                           
   914                           	global	_RB1
   915                           	global	_RB1
   916  0000                     	_RB1	set	0x31	;byte address: 0x6
   917                           
   918                           	global	_RB2
   919                           	global	_RB2
   920  0000                     	_RB2	set	0x32	;byte address: 0x6
   921                           
   922                           	global	_RB3
   923                           	global	_RB3
   924  0000                     	_RB3	set	0x33	;byte address: 0x6
   925                           
   926                           	global	_RB4
   927                           	global	_RB4
   928  0000                     	_RB4	set	0x34	;byte address: 0x6
   929                           
   930                           	global	_RB5
   931                           	global	_RB5
   932  0000                     	_RB5	set	0x35	;byte address: 0x6
   933                           
   934                           	global	_RB6
   935                           	global	_RB6
   936  0000                     	_RB6	set	0x36	;byte address: 0x6
   937                           
   938                           	global	_RB7
   939                           	global	_RB7
   940  0000                     	_RB7	set	0x37	;byte address: 0x6
   941                           
   942                           	global	_RBIE
   943                           	global	_RBIE
   944  0000                     	_RBIE	set	0x5B	;byte address: 0xB
   945                           
   946                           	global	_RBIF
   947                           	global	_RBIF
   948  0000                     	_RBIF	set	0x58	;byte address: 0xB
   949                           
   950                           	global	_RBPU
   951                           	global	_RBPU
   952  0000                     	_RBPU	set	0x40F	;byte address: 0x81
   953                           
   954                           	global	_RC0
   955                           	global	_RC0
   956  0000                     	_RC0	set	0x38	;byte address: 0x7
   957                           
   958                           	global	_RC1
   959                           	global	_RC1
   960  0000                     	_RC1	set	0x39	;byte address: 0x7
   961                           
   962                           	global	_RC2
   963                           	global	_RC2
   964  0000                     	_RC2	set	0x3A	;byte address: 0x7
   965                           
   966                           	global	_RC3
   967                           	global	_RC3
   968  0000                     	_RC3	set	0x3B	;byte address: 0x7
   969                           
   970                           	global	_RC4
   971                           	global	_RC4
   972  0000                     	_RC4	set	0x3C	;byte address: 0x7
   973                           
   974                           	global	_RC5
   975                           	global	_RC5
   976  0000                     	_RC5	set	0x3D	;byte address: 0x7
   977                           
   978                           	global	_RC6
   979                           	global	_RC6
   980  0000                     	_RC6	set	0x3E	;byte address: 0x7
   981                           
   982                           	global	_RC7
   983                           	global	_RC7
   984  0000                     	_RC7	set	0x3F	;byte address: 0x7
   985                           
   986                           	global	_RCEN
   987                           	global	_RCEN
   988  0000                     	_RCEN	set	0x48B	;byte address: 0x91
   989                           
   990                           	global	_RCIE
   991                           	global	_RCIE
   992  0000                     	_RCIE	set	0x465	;byte address: 0x8C
   993                           
   994                           	global	_RCIF
   995                           	global	_RCIF
   996  0000                     	_RCIF	set	0x65	;byte address: 0xC
   997                           
   998                           	global	_RD
   999                           	global	_RD
  1000  0000                     	_RD	set	0xC60	;byte address: 0x18C
  1001                           
  1002                           	global	_RD0
  1003                           	global	_RD0
  1004  0000                     	_RD0	set	0x40	;byte address: 0x8
  1005                           
  1006                           	global	_RD1
  1007                           	global	_RD1
  1008  0000                     	_RD1	set	0x41	;byte address: 0x8
  1009                           
  1010                           	global	_RD2
  1011                           	global	_RD2
  1012  0000                     	_RD2	set	0x42	;byte address: 0x8
  1013                           
  1014                           	global	_RD3
  1015                           	global	_RD3
  1016  0000                     	_RD3	set	0x43	;byte address: 0x8
  1017                           
  1018                           	global	_RD4
  1019                           	global	_RD4
  1020  0000                     	_RD4	set	0x44	;byte address: 0x8
  1021                           
  1022                           	global	_RD5
  1023                           	global	_RD5
  1024  0000                     	_RD5	set	0x45	;byte address: 0x8
  1025                           
  1026                           	global	_RD6
  1027                           	global	_RD6
  1028  0000                     	_RD6	set	0x46	;byte address: 0x8
  1029                           
  1030                           	global	_RD7
  1031                           	global	_RD7
  1032  0000                     	_RD7	set	0x47	;byte address: 0x8
  1033                           
  1034                           	global	_RE0
  1035                           	global	_RE0
  1036  0000                     	_RE0	set	0x48	;byte address: 0x9
  1037                           
  1038                           	global	_RE1
  1039                           	global	_RE1
  1040  0000                     	_RE1	set	0x49	;byte address: 0x9
  1041                           
  1042                           	global	_RE2
  1043                           	global	_RE2
  1044  0000                     	_RE2	set	0x4A	;byte address: 0x9
  1045                           
  1046                           	global	_RP0
  1047                           	global	_RP0
  1048  0000                     	_RP0	set	0x1D	;byte address: 0x3
  1049                           
  1050                           	global	_RP1
  1051                           	global	_RP1
  1052  0000                     	_RP1	set	0x1E	;byte address: 0x3
  1053                           
  1054                           	global	_RSEN
  1055                           	global	_RSEN
  1056  0000                     	_RSEN	set	0x489	;byte address: 0x91
  1057                           
  1058                           	global	_RW
  1059                           	global	_RW
  1060  0000                     	_RW	set	0x4A2	;byte address: 0x94
  1061                           
  1062                           	global	_RX9
  1063                           	global	_RX9
  1064  0000                     	_RX9	set	0xC6	;byte address: 0x18
  1065                           
  1066                           	global	_RX9D
  1067                           	global	_RX9D
  1068  0000                     	_RX9D	set	0xC0	;byte address: 0x18
  1069                           
  1070                           	global	_SEN
  1071                           	global	_SEN
  1072  0000                     	_SEN	set	0x488	;byte address: 0x91
  1073                           
  1074                           	global	_SMP
  1075                           	global	_SMP
  1076  0000                     	_SMP	set	0x4A7	;byte address: 0x94
  1077                           
  1078                           	global	_SPEN
  1079                           	global	_SPEN
  1080  0000                     	_SPEN	set	0xC7	;byte address: 0x18
  1081                           
  1082                           	global	_SREN
  1083                           	global	_SREN
  1084  0000                     	_SREN	set	0xC5	;byte address: 0x18
  1085                           
  1086                           	global	_SSPEN
  1087                           	global	_SSPEN
  1088  0000                     	_SSPEN	set	0xA5	;byte address: 0x14
  1089                           
  1090                           	global	_SSPIE
  1091                           	global	_SSPIE
  1092  0000                     	_SSPIE	set	0x463	;byte address: 0x8C
  1093                           
  1094                           	global	_SSPIF
  1095  0000                     	_SSPIF	set	0x63	;byte address: 0xC
  1096                           
  1097                           	global	_SSPM0
  1098                           	global	_SSPM0
  1099  0000                     	_SSPM0	set	0xA0	;byte address: 0x14
  1100                           
  1101                           	global	_SSPM1
  1102                           	global	_SSPM1
  1103  0000                     	_SSPM1	set	0xA1	;byte address: 0x14
  1104                           
  1105                           	global	_SSPM2
  1106                           	global	_SSPM2
  1107  0000                     	_SSPM2	set	0xA2	;byte address: 0x14
  1108                           
  1109                           	global	_SSPM3
  1110                           	global	_SSPM3
  1111  0000                     	_SSPM3	set	0xA3	;byte address: 0x14
  1112                           
  1113                           	global	_SSPOV
  1114                           	global	_SSPOV
  1115  0000                     	_SSPOV	set	0xA6	;byte address: 0x14
  1116                           
  1117                           	global	_START
  1118                           	global	_START
  1119  0000                     	_START	set	0x4A3	;byte address: 0x94
  1120                           
  1121                           	global	_STOP
  1122                           	global	_STOP
  1123  0000                     	_STOP	set	0x4A4	;byte address: 0x94
  1124                           
  1125                           	global	_SYNC
  1126                           	global	_SYNC
  1127  0000                     	_SYNC	set	0x4C4	;byte address: 0x98
  1128                           
  1129                           	global	_T0CS
  1130                           	global	_T0CS
  1131  0000                     	_T0CS	set	0x40D	;byte address: 0x81
  1132                           
  1133                           	global	_T0IE
  1134                           	global	_T0IE
  1135  0000                     	_T0IE	set	0x5D	;byte address: 0xB
  1136                           
  1137                           	global	_T0IF
  1138                           	global	_T0IF
  1139  0000                     	_T0IF	set	0x5A	;byte address: 0xB
  1140                           
  1141                           	global	_T0SE
  1142                           	global	_T0SE
  1143  0000                     	_T0SE	set	0x40C	;byte address: 0x81
  1144                           
  1145                           	global	_T1CKPS0
  1146                           	global	_T1CKPS0
  1147  0000                     	_T1CKPS0	set	0x84	;byte address: 0x10
  1148                           
  1149                           	global	_T1CKPS1
  1150                           	global	_T1CKPS1
  1151  0000                     	_T1CKPS1	set	0x85	;byte address: 0x10
  1152                           
  1153                           	global	_T1OSCEN
  1154                           	global	_T1OSCEN
  1155  0000                     	_T1OSCEN	set	0x83	;byte address: 0x10
  1156                           
  1157                           	global	_T1SYNC
  1158                           	global	_T1SYNC
  1159  0000                     	_T1SYNC	set	0x82	;byte address: 0x10
  1160                           
  1161                           	global	_T2CKPS0
  1162                           	global	_T2CKPS0
  1163  0000                     	_T2CKPS0	set	0x90	;byte address: 0x12
  1164                           
  1165                           	global	_T2CKPS1
  1166                           	global	_T2CKPS1
  1167  0000                     	_T2CKPS1	set	0x91	;byte address: 0x12
  1168                           
  1169                           	global	_TMR0IE
  1170                           	global	_TMR0IE
  1171  0000                     	_TMR0IE	set	0x5D	;byte address: 0xB
  1172                           
  1173                           	global	_TMR0IF
  1174                           	global	_TMR0IF
  1175  0000                     	_TMR0IF	set	0x5A	;byte address: 0xB
  1176                           
  1177                           	global	_TMR1CS
  1178                           	global	_TMR1CS
  1179  0000                     	_TMR1CS	set	0x81	;byte address: 0x10
  1180                           
  1181                           	global	_TMR1IE
  1182                           	global	_TMR1IE
  1183  0000                     	_TMR1IE	set	0x460	;byte address: 0x8C
  1184                           
  1185                           	global	_TMR1IF
  1186                           	global	_TMR1IF
  1187  0000                     	_TMR1IF	set	0x60	;byte address: 0xC
  1188                           
  1189                           	global	_TMR1ON
  1190                           	global	_TMR1ON
  1191  0000                     	_TMR1ON	set	0x80	;byte address: 0x10
  1192                           
  1193                           	global	_TMR2IE
  1194                           	global	_TMR2IE
  1195  0000                     	_TMR2IE	set	0x461	;byte address: 0x8C
  1196                           
  1197                           	global	_TMR2IF
  1198                           	global	_TMR2IF
  1199  0000                     	_TMR2IF	set	0x61	;byte address: 0xC
  1200                           
  1201                           	global	_TMR2ON
  1202                           	global	_TMR2ON
  1203  0000                     	_TMR2ON	set	0x92	;byte address: 0x12
  1204                           
  1205                           	global	_TO
  1206                           	global	_TO
  1207  0000                     	_TO	set	0x1C	;byte address: 0x3
  1208                           
  1209                           	global	_TOUTPS0
  1210                           	global	_TOUTPS0
  1211  0000                     	_TOUTPS0	set	0x93	;byte address: 0x12
  1212                           
  1213                           	global	_TOUTPS1
  1214                           	global	_TOUTPS1
  1215  0000                     	_TOUTPS1	set	0x94	;byte address: 0x12
  1216                           
  1217                           	global	_TOUTPS2
  1218                           	global	_TOUTPS2
  1219  0000                     	_TOUTPS2	set	0x95	;byte address: 0x12
  1220                           
  1221                           	global	_TOUTPS3
  1222                           	global	_TOUTPS3
  1223  0000                     	_TOUTPS3	set	0x96	;byte address: 0x12
  1224                           
  1225                           	global	_TRISA0
  1226                           	global	_TRISA0
  1227  0000                     	_TRISA0	set	0x428	;byte address: 0x85
  1228                           
  1229                           	global	_TRISA1
  1230                           	global	_TRISA1
  1231  0000                     	_TRISA1	set	0x429	;byte address: 0x85
  1232                           
  1233                           	global	_TRISA2
  1234                           	global	_TRISA2
  1235  0000                     	_TRISA2	set	0x42A	;byte address: 0x85
  1236                           
  1237                           	global	_TRISA3
  1238                           	global	_TRISA3
  1239  0000                     	_TRISA3	set	0x42B	;byte address: 0x85
  1240                           
  1241                           	global	_TRISA4
  1242                           	global	_TRISA4
  1243  0000                     	_TRISA4	set	0x42C	;byte address: 0x85
  1244                           
  1245                           	global	_TRISA5
  1246                           	global	_TRISA5
  1247  0000                     	_TRISA5	set	0x42D	;byte address: 0x85
  1248                           
  1249                           	global	_TRISB0
  1250  0000                     	_TRISB0	set	0x430	;byte address: 0x86
  1251                           
  1252                           	global	_TRISB1
  1253                           	global	_TRISB1
  1254  0000                     	_TRISB1	set	0x431	;byte address: 0x86
  1255                           
  1256                           	global	_TRISB2
  1257                           	global	_TRISB2
  1258  0000                     	_TRISB2	set	0x432	;byte address: 0x86
  1259                           
  1260                           	global	_TRISB3
  1261                           	global	_TRISB3
  1262  0000                     	_TRISB3	set	0x433	;byte address: 0x86
  1263                           
  1264                           	global	_TRISB4
  1265                           	global	_TRISB4
  1266  0000                     	_TRISB4	set	0x434	;byte address: 0x86
  1267                           
  1268                           	global	_TRISB5
  1269                           	global	_TRISB5
  1270  0000                     	_TRISB5	set	0x435	;byte address: 0x86
  1271                           
  1272                           	global	_TRISB6
  1273                           	global	_TRISB6
  1274  0000                     	_TRISB6	set	0x436	;byte address: 0x86
  1275                           
  1276                           	global	_TRISB7
  1277                           	global	_TRISB7
  1278  0000                     	_TRISB7	set	0x437	;byte address: 0x86
  1279                           
  1280                           	global	_TRISC0
  1281                           	global	_TRISC0
  1282  0000                     	_TRISC0	set	0x438	;byte address: 0x87
  1283                           
  1284                           	global	_TRISC1
  1285                           	global	_TRISC1
  1286  0000                     	_TRISC1	set	0x439	;byte address: 0x87
  1287                           
  1288                           	global	_TRISC2
  1289                           	global	_TRISC2
  1290  0000                     	_TRISC2	set	0x43A	;byte address: 0x87
  1291                           
  1292                           	global	_TRISC3
  1293  0000                     	_TRISC3	set	0x43B	;byte address: 0x87
  1294                           
  1295                           	global	_TRISC4
  1296  0000                     	_TRISC4	set	0x43C	;byte address: 0x87
  1297                           
  1298                           	global	_TRISC5
  1299  0000                     	_TRISC5	set	0x43D	;byte address: 0x87
  1300                           
  1301                           	global	_TRISC6
  1302                           	global	_TRISC6
  1303  0000                     	_TRISC6	set	0x43E	;byte address: 0x87
  1304                           
  1305                           	global	_TRISC7
  1306                           	global	_TRISC7
  1307  0000                     	_TRISC7	set	0x43F	;byte address: 0x87
  1308                           
  1309                           	global	_TRISD0
  1310                           	global	_TRISD0
  1311  0000                     	_TRISD0	set	0x440	;byte address: 0x88
  1312                           
  1313                           	global	_TRISD1
  1314                           	global	_TRISD1
  1315  0000                     	_TRISD1	set	0x441	;byte address: 0x88
  1316                           
  1317                           	global	_TRISD2
  1318                           	global	_TRISD2
  1319  0000                     	_TRISD2	set	0x442	;byte address: 0x88
  1320                           
  1321                           	global	_TRISD3
  1322                           	global	_TRISD3
  1323  0000                     	_TRISD3	set	0x443	;byte address: 0x88
  1324                           
  1325                           	global	_TRISD4
  1326                           	global	_TRISD4
  1327  0000                     	_TRISD4	set	0x444	;byte address: 0x88
  1328                           
  1329                           	global	_TRISD5
  1330                           	global	_TRISD5
  1331  0000                     	_TRISD5	set	0x445	;byte address: 0x88
  1332                           
  1333                           	global	_TRISD6
  1334                           	global	_TRISD6
  1335  0000                     	_TRISD6	set	0x446	;byte address: 0x88
  1336                           
  1337                           	global	_TRISD7
  1338                           	global	_TRISD7
  1339  0000                     	_TRISD7	set	0x447	;byte address: 0x88
  1340                           
  1341                           	global	_TRISE0
  1342                           	global	_TRISE0
  1343  0000                     	_TRISE0	set	0x448	;byte address: 0x89
  1344                           
  1345                           	global	_TRISE1
  1346                           	global	_TRISE1
  1347  0000                     	_TRISE1	set	0x449	;byte address: 0x89
  1348                           
  1349                           	global	_TRISE2
  1350                           	global	_TRISE2
  1351  0000                     	_TRISE2	set	0x44A	;byte address: 0x89
  1352                           
  1353                           	global	_TRMT
  1354                           	global	_TRMT
  1355  0000                     	_TRMT	set	0x4C1	;byte address: 0x98
  1356                           
  1357                           	global	_TX9
  1358                           	global	_TX9
  1359  0000                     	_TX9	set	0x4C6	;byte address: 0x98
  1360                           
  1361                           	global	_TX9D
  1362                           	global	_TX9D
  1363  0000                     	_TX9D	set	0x4C0	;byte address: 0x98
  1364                           
  1365                           	global	_TXEN
  1366                           	global	_TXEN
  1367  0000                     	_TXEN	set	0x4C5	;byte address: 0x98
  1368                           
  1369                           	global	_TXIE
  1370                           	global	_TXIE
  1371  0000                     	_TXIE	set	0x464	;byte address: 0x8C
  1372                           
  1373                           	global	_TXIF
  1374                           	global	_TXIF
  1375  0000                     	_TXIF	set	0x64	;byte address: 0xC
  1376                           
  1377                           	global	_UA
  1378                           	global	_UA
  1379  0000                     	_UA	set	0x4A1	;byte address: 0x94
  1380                           
  1381                           	global	_WCOL
  1382                           	global	_WCOL
  1383  0000                     	_WCOL	set	0xA7	;byte address: 0x14
  1384                           
  1385                           	global	_WR
  1386                           	global	_WR
  1387  0000                     	_WR	set	0xC61	;byte address: 0x18C
  1388                           
  1389                           	global	_WREN
  1390                           	global	_WREN
  1391  0000                     	_WREN	set	0xC62	;byte address: 0x18C
  1392                           
  1393                           	global	_WRERR
  1394                           	global	_WRERR
  1395  0000                     	_WRERR	set	0xC63	;byte address: 0x18C
  1396                           
  1397                           	global	_ZERO
  1398                           	global	_ZERO
  1399  0000                     	_ZERO	set	0x1A	;byte address: 0x3
  1400                           
  1401                           	PSECT	fnautoc,class=COMMON,space=1
  1402                           	FNCONF	fnautoc,??,?
  1403                           apbank macro
  1404                           	; no bank selection necessary for common memor
                                 y
  1405  0070                     	endm


HI-TECH Software PICC Macro Assembler V9.60PL5 build 3884 
Symbol Table                                          Thu Feb 29 09:26:09 2024

           l2 0026             l4 002A             l5 0030  
           l7 0034             l8 0038     __Lrdata_0 0000  
   __Lramdata 0000            l10 003C            l11 0043  
          _DA 04A5            l13 0047            _BF 04A0  
          l14 004B            _DC 0019            l16 004F  
          l17 005A            l18 0051            _PD 001B  
          _RD 0C60            _UA 04A1            _TO 001C  
          _RW 04A2            _WR 0C61           _CM0 04E0  
         _CM1 04E1           _CM2 04E2           _CKE 04A6  
         _IBF 044F           _CIS 04E3           _CKP 00A4  
         _GIE 005F           _BOR 0470           _RA0 0028  
         _RA1 0029           _RB0 0030           _RA2 002A  
         _RB1 0031           _RA3 002B           _RC0 0038  
         _RB2 0032           _RA4 002C           _RC1 0039  
         _RB3 0033           _RA5 002D           _RD0 0040  
         _RC2 003A           _RB4 0034           _RD1 0041  
         _RC3 003B           _RB5 0035           _RE0 0048  
         _RD2 0042           _RC4 003C           _RB6 0036  
         _RE1 0049           _RD3 0043           _RC5 003D  
         _RB7 0037           _RE2 004A           _RD4 0044  
         _RC6 003E           _RD5 0045           _RC7 003F  
         _RD6 0046           _OBF 044E           _RD7 0047  
         _FSR 0004           _PCL 0002           _PS0 0408  
         _PR2 0092           _PS1 0409           _RP0 001D  
         _PS2 040A           _PEN 048A           _IRP 001F  
         _RP1 001E           u800 003C           u801 003B  
         u810 0047           u811 0046           _SEN 0488  
         u820 004F           u821 004E           _PSA 040B  
         u780 002A           u781 0029           u837 001B  
         u790 0034           u847 0055           u791 0033  
         _POR 0471           _RX9 00C6           _SMP 04A7  
         _TX9 04C6          _ADIE 0466          _ADIF 0066  
        _ADFM 04FF          _ADGO 00FA      __tempreg 0078  
        _ADON 00F8          _CHS0 00FB          _CHS1 00FC  
        _CHS2 00FD          _EEIE 046C          _EEIF 006C  
        _GCEN 048F          _CMIE 046E          _CMIF 006E  
        _BRGH 04C2          _T0IE 005D          _T0IF 005A  
        _CREN 00C4          _T0CS 040D          _FERR 00C2  
        _IBOV 044D          _CVR0 04E8          _CVR1 04E9  
        _CVR2 04EA          _CVR3 04EB          _T0SE 040C  
        _CSRC 04C7          _INDF 0000          _PIE1 008C  
        _PIE2 008D          _CVRR 04ED          _PEIE 005E  
        _INTE 005C          _INTF 0059          _RBIE 005B  
        _RBIF 0058          _RCIE 0465          _RCIF 0065  
        _RCEN 048B          _PCON 008E          _PIR1 000C  
        _PIR2 000D          _OERR 00C1          _RBPU 040F  
        _RX9D 00C0          _TMR0 0001          _TMR2 0011  
        _WCOL 00A7          _SPEN 00C7          _RSEN 0489  
   __databank 0000          _TX9D 04C0          _SREN 00C5  
        _TRMT 04C1          _STOP 04A4          _ZERO 001A  
        _TXIE 0464          _WREN 0C62          _TXIF 0064  
        _TXEN 04C5          _SYNC 04C4          _main 0003  
        start 0000       _CCP1CON 0017       _CCP2CON 001D  
     _ACKSTAT 048E         _C1INV 04E4         _C2INV 04E5  
       _C1OUT 04E6         _C2OUT 04E7         _ADCS0 00FE  
       _ADCS1 00FF         _ADCS2 04FE         _ADDEN 00C3  
       ?_main 0070         _ACKEN 048C         _ACKDT 048D  
       _BCLIE 046B         _BCLIF 006B         _CCP1X 00BD  
       _CCP1Y 00BC         _CCP2X 00ED         _CCP2Y 00EC  
       _EEADR 010D         _CARRY 0018         _EEPGD 0C67  
       _CMCON 009C         _T1CON 0010         _T2CON 0012  
     _T1CKPS0 0084       _T1CKPS1 0085         _PCFG0 04F8  
       _PCFG1 04F9         _PCFG2 04FA         _PCFG3 04FB  
     _T2CKPS0 0090       _T2CKPS1 0091         _CVREN 04EF  
       _CVROE 04EE         _RCREG 001A         _RCSTA 0018  
       _TMR1H 000F         _TMR1L 000E         _SPBRG 0099  
       _PORTA 0005         _PORTB 0006       _T1OSCEN 0083  
       _PORTC 0007         _PORTD 0008         _PORTE 0009  
       _PSPIE 0467         _PSPIF 0067         _START 04A3  
       _SSPM0 00A0         _SSPM1 00A1         _SSPM2 00A2  
       _SSPM3 00A3         _TRISA 0085         _TRISB 0086  
       _TRISC 0087         _TRISD 0088         _SSPIE 0463  
       _TRISE 0089         _SSPIF 0063         _SSPEN 00A5  
       _SSPOV 00A6         _WRERR 0C63         _TXREG 0019  
       _TXSTA 0098       _PSPMODE 044C       _SSPCON2 0091  
     _SSPSTAT 0094       _TOUTPS0 0093       _TOUTPS1 0094  
     _TOUTPS2 0095       _TOUTPS3 0096         status 0003  
      ??_main 0070        _ADCON0 001F        _ADCON1 009F  
      _CCP1M0 00B8        _CCP1M1 00B9        _CCP1M2 00BA  
      _CCP1M3 00BB        _CCP2M0 00E8        _CCP2M1 00E9  
      _CCP2M2 00EA        _CCP2M3 00EB        _CCP1IE 0462  
      _CCP1IF 0062        _CCP2IE 0468        _CCP2IF 0068  
      _ADRESH 001E        _EEADRH 010F        _ADRESL 009E  
      _EEADRL 010D        _EEDATA 010C        _CCPR1H 0016  
      _EEDATH 010E        _CCPR2H 001C        _CCPR1L 0015  
      _CCPR2L 001B        _EECON1 018C        _EECON2 018D  
__end_of_main 005E        _GODONE 00FA        _CVRCON 009D  
      _T1SYNC 0082        _INTEDG 040E        _PCLATH 000A  
      _INTCON 000B        _TMR0IE 005D        _TMR0IF 005A  
      _TMR1IE 0460        _TMR1IF 0060        _TMR1CS 0081  
      _TMR2IE 0461        _TMR2IF 0061        _TMR1ON 0080  
      _OPTION 0081        _TMR2ON 0092        _SSPADD 0093  
      _TRISA0 0428        _TRISA1 0429        _TRISB0 0430  
      _TRISA2 042A        _TRISB1 0431        _TRISA3 042B  
      _TRISC0 0438        _TRISB2 0432        _TRISA4 042C  
      _TRISC1 0439        _TRISB3 0433        _TRISA5 042D  
      _TRISD0 0440        _TRISC2 043A        _TRISB4 0434  
      _TRISD1 0441        _TRISC3 043B        _TRISB5 0435  
      _TRISE0 0448        _TRISD2 0442        _TRISC4 043C  
      _TRISB6 0436        _TRISE1 0449        _TRISD3 0443  
      _TRISC5 043D        _TRISB7 0437        _TRISE2 044A  
      _TRISD4 0444        _TRISC6 043E        _TRISD5 0445  
      _TRISC7 043F        _TRISD6 0446        _TRISD7 0447  
      _STATUS 0003        _SSPCON 0014        _SSPBUF 0013  
   __Hrdata_0 0001     __Hramdata 0001  
