C51 COMPILER V9.60.0.0   COUNTER                                                           10/21/2023 12:16:34 PAGE 1   


C51 COMPILER V9.60.0.0, COMPILATION OF MODULE COUNTER
OBJECT MODULE PLACED IN .\Objects\counter.obj
COMPILER INVOKED BY: C:\Keil_v5\C51\BIN\C51.EXE counter.c BROWSE DEBUG OBJECTEXTEND PRINT(.\Listings\counter.lst) TABS(2
                    -) OBJECT(.\Objects\counter.obj)

line level    source

   1          #include<AT89x51.h>
   2          #include"Atmal_lcd.h"
   3          void main()
   4          {
   5   1        unsigned char v1,v3,v4;
   6   1        unsigned int v2;
   7   1        
   8   1        TMOD=0X06;
   9   1        TL0=0X00;
  10   1        TR0=1;
  11   1        
  12   1        Lcd8_Init();
  13   1        Lcd8_Display(0x80,"  COUNTER       ",16);
  14   1        Delay(65000);Delay(65000);
  15   1        Lcd8_Command(0x01); 
  16   1      
  17   1        while(1)
  18   1        {
  19   2          v1=TL0;
  20   2          v3=v1/10;
  21   2          v4=v1%10;
  22   2          Lcd8_Display(0x80,"COUNT           ",16);
  23   2          Lcd8_Decimal3(0xcd,v3);
  24   2          for(v2=0;v2<500;v2++);
  25   2          Lcd8_Decimal3(0xc9,v4);
  26   2          for(v2=0;v2<500;v2++);
  27   2        }
  28   1      }


MODULE INFORMATION:   STATIC OVERLAYABLE
   CODE SIZE        =    595    ----
   CONSTANT SIZE    =     34    ----
   XDATA SIZE       =   ----    ----
   PDATA SIZE       =   ----    ----
   DATA SIZE        =   ----      27
   IDATA SIZE       =   ----    ----
   BIT SIZE         =   ----    ----
END OF MODULE INFORMATION.


C51 COMPILATION COMPLETE.  0 WARNING(S),  0 ERROR(S)
