
ROM used: 1048 (13%)
          1048 (13%) including unused fragments

          1 Average locations per line
          3 Average locations per statement

RAM used: 77 (21%) at main() level
          81 (22%) worst case

Stack used: 2 worst case (out of 8 total available)

Lines Stmts  %   Files
----- ----- ---  -----
  117    74  21  main.c
  285     0   0  ..\..\..\..\..\Program Files (x86)\PICC\devices\16f877.h
   82    36  10  lcd_4bit.c
  153   116  33  keypad.c
  417   126  36  ..\..\..\..\..\Program Files (x86)\PICC\drivers\string.h
   28     0   0  ..\..\..\..\..\Program Files (x86)\PICC\drivers\stddef.h
   28     0   0  ..\..\..\..\..\Program Files (x86)\PICC\drivers\ctype.h
----- -----
 1110   352 Total

Page ROM  %  RAM   Vol Diff  Functions:
---- --- --- ---   --- ----  ----------
0     18   2   0    86  1.3  lcd_init
0     45   4   3   295  2.8  lcd_cmd
0     51   5   3   322  3.3  lcd_str
0     17   2   3   145  3.7  gotoxy
0      7   1   0    32  1.0  lcd_clear
0    308  29   1  3539  5.3  key
0     68   6   5   231  6.6  strcmp
0     21   2   1             @delay_ms3
0    338  32  32  2219  6.4  MAIN
0     19   2   0             @const177
0     20   2   0             @const178
0     20   2   0             @const180
0     21   2   0             @const183
0     18   2   0             @const185
0     20   2   0             @const186
0     18   2   0             @const188
0     20   2   0             @const189
0     15   1   0             @const190

Program metrics:
    Functions               8
    Statements              352
    Comments                212
    Volume (V)              8991
    Difficilty (D)          29.7
    Effort to implement (E) 267432
    Time to implement (T)   4 hours, 8 minutes
    Est Delivered Bugs (B)  1
    Cyclomatic Complexity   28
    Maintainability (MI)    122

 Segment     Used  Free
-----------  ----  ----
00000-00003     4  0  
00004-007FF  1044  1000  
00800-00FFF     0  2048  
01000-017FF     0  2048  
01800-01FFF     0  2048  



