C51 COMPILER V9.60.0.0   KEYPAD                                                            11/26/2019 14:50:02 PAGE 1   


C51 COMPILER V9.60.0.0, COMPILATION OF MODULE KEYPAD
OBJECT MODULE PLACED IN .\Objects\keypad.obj
COMPILER INVOKED BY: C:\Keil_v5\C51\BIN\C51.EXE keypad.c OPTIMIZE(8,SPEED) BROWSE DEBUG OBJECTEXTEND PRINT(.\Listings\ke
                    -ypad.lst) TABS(2) OBJECT(.\Objects\keypad.obj)

line level    source

   1          #include<AT89x52.h>
   2          #include"Atmal_lcd.h"
   3          sbit r1=P1^0;
   4          sbit r2=P1^1;
   5          sbit r3=P1^2;
   6          sbit r4=P1^3;
   7          sbit c1=P1^4;
   8          sbit c2=P1^5;
   9          sbit c3=P1^6;
  10          
  11           void main()
  12          {
  13   1        Lcd8_Init();
  14   1        
  15   1        Lcd8_Display(0x80,"  KEYPAD TEST   ",16);
  16   1        Delay(65000);Delay(65000);
  17   1        Lcd8_Command(0x01); 
  18   1      
  19   1      while(1)
  20   1      {
  21   2        r1=0;
  22   2        if(c1==0)
  23   2        {
  24   3        Lcd8_Display(0x80,"1",1);
  25   3        Delay(65000);Delay(65000);
  26   3        }
  27   2        if(c2==0)
  28   2        {
  29   3        Lcd8_Display(0x80," 2",2);
  30   3        Delay(65000);Delay(65000);
  31   3        }
  32   2        if(c3==0)
  33   2        {
  34   3        Lcd8_Display(0x80,"  3",3);
  35   3        Delay(65000);Delay(65000);
  36   3        }
  37   2        r1=1;r2=0;
  38   2        if(c1==0)
  39   2        {
  40   3        Lcd8_Display(0x80,"   4",4);
  41   3        Delay(65000);Delay(65000);
  42   3        }
  43   2        if(c2==0)
  44   2        {
  45   3        Lcd8_Display(0x80,"    5",5);
  46   3        Delay(65000);Delay(65000);
  47   3        }
  48   2        if(c3==0)
  49   2        {
  50   3        Lcd8_Display(0x80,"     6",6);
  51   3        Delay(65000);Delay(65000);
  52   3        }
  53   2        r2=1;r3=0;
  54   2        if(c1==0)
C51 COMPILER V9.60.0.0   KEYPAD                                                            11/26/2019 14:50:02 PAGE 2   

  55   2        {
  56   3        Lcd8_Display(0x80,"      7",7);
  57   3        Delay(65000);Delay(65000);
  58   3        }
  59   2        if(c2==0)
  60   2        {
  61   3        Lcd8_Display(0x80,"       8",8);
  62   3        Delay(65000);Delay(65000);
  63   3        }
  64   2        if(c3==0)
  65   2        {
  66   3        Lcd8_Display(0x80,"        9",9);
  67   3        Delay(65000);Delay(65000);
  68   3        }
  69   2        r3=1;r4=0;
  70   2        if(c1==0)
  71   2        {
  72   3        Lcd8_Display(0xc0," *",2);
  73   3        Delay(65000);Delay(65000);
  74   3        }
  75   2        if(c2==0)
  76   2        {
  77   3        Lcd8_Display(0xc0,"  0",3);
  78   3        Delay(65000);Delay(65000);
  79   3        }
  80   2        if(c3==0)
  81   2        {
  82   3        Lcd8_Display(0xc0,"   #",4);
  83   3        Delay(65000);Delay(65000);
  84   3        }
  85   2        r4=1;
  86   2      }
  87   1      }


MODULE INFORMATION:   STATIC OVERLAYABLE
   CODE SIZE        =    819    ----
   CONSTANT SIZE    =     83    ----
   XDATA SIZE       =   ----    ----
   PDATA SIZE       =   ----    ----
   DATA SIZE        =   ----      25
   IDATA SIZE       =   ----    ----
   BIT SIZE         =   ----    ----
END OF MODULE INFORMATION.


C51 COMPILATION COMPLETE.  0 WARNING(S),  0 ERROR(S)
