

HI-TECH Software PIC LITE Macro Assembler V9.82 build 9453 
                                                                                               Sat Aug 17 12:44:19 2024

HI-TECH Software Omniscient Code Generator (Lite mode) build 9453
     1  0000                     opt subtitle "HI-TECH Software Omniscient Code Generator (Lite mode) build 9453"
     2                           
     3                           opt pagewidth 120
     4                           
     5                           	opt lm
     6                           
     7                           	processor	16F877A
     8                           clrc	macro
     9                           	bcf	3,0
    10  0000                     	endm
    11                           clrz	macro
    12                           	bcf	3,2
    13  0000                     	endm
    14                           setc	macro
    15                           	bsf	3,0
    16  0000                     	endm
    17                           setz	macro
    18                           	bsf	3,2
    19  0000                     	endm
    20                           skipc	macro
    21                           	btfss	3,0
    22  0000                     	endm
    23                           skipz	macro
    24                           	btfss	3,2
    25  0000                     	endm
    26                           skipnc	macro
    27                           	btfsc	3,0
    28  0000                     	endm
    29                           skipnz	macro
    30                           	btfsc	3,2
    31  0000                     	endm
    32  0000                     indf	equ	0
    33  0000                     indf0	equ	0
    34  0002                     pc	equ	2
    35  0002                     pcl	equ	2
    36  0003                     status	equ	3
    37  0004                     fsr	equ	4
    38  0004                     fsr0	equ	4
    39  0001                     c	equ	1
    40  0000                     z	equ	0
    41  000A                     pclath	equ	10
    42                           # 2 "E:\pic program\pic controller,PIC16F877A\Timer0.X\main.c"
    43                           	psect config,class=CONFIG,delta=2 ;#
    44                           # 2 "E:\pic program\pic controller,PIC16F877A\Timer0.X\main.c"
    45  2007  FF32               	dw 0xFFFE & 0xFFFB & 0xFFF7 & 0xFFBF & 0xFF7F & 0xFFFF & 0xFFFF & 0xFFFF ;#
    46                           	FNCALL	_main,_seq
    47                           	FNCALL	_seq,_timerdelay
    48                           	FNROOT	_main
    49                           	global	_PORTD
    50                           psect	text88,local,class=CODE,delta=2
    51                           global __ptext88
    52  0000                     __ptext88:
    53  0008                     _PORTD	set	8
    54                           	global	_T1CON
    55  0010                     _T1CON	set	16
    56                           	global	_TMR1H
    57  000F                     _TMR1H	set	15
    58                           	global	_TMR1L
    59  000E                     _TMR1L	set	14
    60                           	global	_CARRY
    61  0018                     _CARRY	set	24
    62                           	global	_GIE
    63  005F                     _GIE	set	95
    64                           	global	_PEIE
    65  005E                     _PEIE	set	94
    66                           	global	_RC0
    67  0038                     _RC0	set	56
    68                           	global	_TMR1IF
    69  0060                     _TMR1IF	set	96
    70                           	global	_TMR1ON
    71  0080                     _TMR1ON	set	128
    72                           	global	_TRISD
    73  0088                     _TRISD	set	136
    74                           	global	_TRISC0
    75  0438                     _TRISC0	set	1080
    76                           	global	_EEADR
    77  010D                     _EEADR	set	269
    78                           	global	_EEDATA
    79  010C                     _EEDATA	set	268
    80                           	global	_EECON1
    81  018C                     _EECON1	set	396
    82                           	global	_EECON2
    83  018D                     _EECON2	set	397
    84                           	global	_RD
    85  0C60                     _RD	set	3168
    86                           	global	_WR
    87  0C61                     _WR	set	3169
    88                           	global	_WREN
    89  0C62                     _WREN	set	3170
    90                           	file	"timer.as"
    91                           	line	#
    92                           psect cinit,class=CODE,delta=2
    93                           global start_initialization
    94  072A                     start_initialization:
    95                           
    96                           psect cinit,class=CODE,delta=2
    97                           global end_of_initialization
    98                           
    99                           ;End of C runtime variable initialization code
   100                           
   101  072A                     end_of_initialization:
   102  072A  0183               clrf status
   103  072B  120A  118A  2F2E   ljmp _main	;jump to C main() function
   104                           psect	cstackCOMMON,class=COMMON,space=1
   105                           global __pcstackCOMMON
   106  0070                     __pcstackCOMMON:
   107                           	global	?_timerdelay
   108  0070                     ?_timerdelay:	; 0 bytes @ 0x0
   109                           	global	??_timerdelay
   110  0070                     ??_timerdelay:	; 0 bytes @ 0x0
   111                           	global	?_seq
   112  0070                     ?_seq:	; 0 bytes @ 0x0
   113                           	global	?_main
   114  0070                     ?_main:	; 0 bytes @ 0x0
   115                           	global	timerdelay@i
   116  0070                     timerdelay@i:	; 2 bytes @ 0x0
   117  0070                     	ds	2
   118                           	global	??_seq
   119  0072                     ??_seq:	; 0 bytes @ 0x2
   120  0072                     	ds	1
   121                           	global	seq@get
   122  0073                     seq@get:	; 1 bytes @ 0x3
   123  0073                     	ds	1
   124                           	global	seq@j
   125  0074                     seq@j:	; 2 bytes @ 0x4
   126  0074                     	ds	2
   127                           	global	seq@j_1233
   128  0076                     seq@j_1233:	; 2 bytes @ 0x6
   129  0076                     	ds	2
   130                           	global	??_main
   131  0078                     ??_main:	; 0 bytes @ 0x8
   132 ;;Data sizes: Strings 0, constant 0, data 0, bss 0, persistent 0 stack 0
   133 ;;Auto spaces:   Size  Autos    Used
   134 ;; COMMON          14      8       8
   135 ;; BANK0           80      0       0
   136 ;; BANK1           80      0       0
   137 ;; BANK3           96      0       0
   138 ;; BANK2           96      0       0
   139                           
   140 ;;
   141 ;; Pointer list with targets:
   142                           
   143                           
   144                           
   145 ;;
   146 ;; Critical Paths under _main in COMMON
   147 ;;
   148 ;;   _main->_seq
   149 ;;   _seq->_timerdelay
   150 ;;
   151 ;; Critical Paths under _main in BANK0
   152 ;;
   153 ;;   None.
   154 ;;
   155 ;; Critical Paths under _main in BANK1
   156 ;;
   157 ;;   None.
   158 ;;
   159 ;; Critical Paths under _main in BANK3
   160 ;;
   161 ;;   None.
   162 ;;
   163 ;; Critical Paths under _main in BANK2
   164 ;;
   165 ;;   None.
   166                           
   167 ;;
   168 ;;Main: autosize = 0, tempsize = 0, incstack = 0, save=0
   169 ;;
   170                           
   171 ;;
   172 ;;Call Graph Tables:
   173 ;;
   174 ;; ---------------------------------------------------------------------------------
   175 ;; (Depth) Function   	        Calls       Base Space   Used Autos Params    Refs
   176 ;; ---------------------------------------------------------------------------------
   177 ;; (0) _main                                                 0     0      0     150
   178 ;;                                _seq
   179 ;; ---------------------------------------------------------------------------------
   180 ;; (1) _seq                                                  6     6      0     150
   181 ;;                                              2 COMMON     6     6      0
   182 ;;                         _timerdelay
   183 ;; ---------------------------------------------------------------------------------
   184 ;; (2) _timerdelay                                           2     2      0      30
   185 ;;                                              0 COMMON     2     2      0
   186 ;; ---------------------------------------------------------------------------------
   187 ;; Estimated maximum stack depth 2
   188 ;; ---------------------------------------------------------------------------------
   189                           
   190 ;; Call Graph Graphs:
   191                           
   192 ;; _main (ROOT)
   193 ;;   _seq
   194 ;;     _timerdelay
   195 ;;
   196                           
   197 ;; Address spaces:
   198                           
   199 ;;Name               Size   Autos  Total    Cost      Usage
   200 ;;BITCOMMON            E      0       0       0        0.0%
   201 ;;EEDATA             100      0       0       0        0.0%
   202 ;;NULL                 0      0       0       0        0.0%
   203 ;;CODE                 0      0       0       0        0.0%
   204 ;;COMMON               E      8       8       1       57.1%
   205 ;;BITSFR0              0      0       0       1        0.0%
   206 ;;SFR0                 0      0       0       1        0.0%
   207 ;;BITSFR1              0      0       0       2        0.0%
   208 ;;SFR1                 0      0       0       2        0.0%
   209 ;;STACK                0      0       2       2        0.0%
   210 ;;ABS                  0      0       0       3        0.0%
   211 ;;BITBANK0            50      0       0       4        0.0%
   212 ;;BITSFR3              0      0       0       4        0.0%
   213 ;;SFR3                 0      0       0       4        0.0%
   214 ;;BANK0               50      0       0       5        0.0%
   215 ;;BITSFR2              0      0       0       5        0.0%
   216 ;;SFR2                 0      0       0       5        0.0%
   217 ;;BITBANK1            50      0       0       6        0.0%
   218 ;;BANK1               50      0       0       7        0.0%
   219 ;;BITBANK3            60      0       0       8        0.0%
   220 ;;BANK3               60      0       0       9        0.0%
   221 ;;BITBANK2            60      0       0      10        0.0%
   222 ;;BANK2               60      0       0      11        0.0%
   223 ;;DATA                 0      0       0      12        0.0%
   224                           
   225                           	global	_main
   226                           psect	maintext,global,class=CODE,delta=2
   227                           global __pmaintext
   228  072E                     __pmaintext:
   229                           
   230 ;; *************** function _main *****************
   231 ;; Defined at:
   232 ;;		line 23 in file "E:\pic program\pic controller,PIC16F877A\Timer0.X\main.c"
   233 ;; Parameters:    Size  Location     Type
   234 ;;		None
   235 ;; Auto vars:     Size  Location     Type
   236 ;;		None
   237 ;; Return value:  Size  Location     Type
   238 ;;		None               void
   239 ;; Registers used:
   240 ;;		wreg, status,2, status,0, btemp+1, pclath, cstack
   241 ;; Tracked objects:
   242 ;;		On entry : 17F/0
   243 ;;		On exit  : 0/0
   244 ;;		Unchanged: 0/0
   245 ;; Data sizes:     COMMON   BANK0   BANK1   BANK3   BANK2
   246 ;;      Params:         0       0       0       0       0
   247 ;;      Locals:         0       0       0       0       0
   248 ;;      Temps:          0       0       0       0       0
   249 ;;      Totals:         0       0       0       0       0
   250 ;;Total ram usage:        0 bytes
   251 ;; Hardware stack levels required when called:    2
   252 ;; This function calls:
   253 ;;		_seq
   254 ;; This function is called by:
   255 ;;		Startup code after reset
   256 ;; This function uses a non-reentrant model
   257 ;;
   258                           psect	maintext
   259                           	file	"E:\pic program\pic controller,PIC16F877A\Timer0.X\main.c"
   260                           	line	23
   261                           	global	__size_of_main
   262  0037                     	__size_of_main	equ	__end_of_main-_main
   263                           	
   264  072E                     _main:	
   265                           	opt	stack 6
   266                           ; Regs used in _main: [wreg+status,2+status,0+btemp+1+pclath+cstack]
   267                           	line	24
   268                           	
   269  072E                     l2658:	
   270                           ;main.c: 24: TRISC0=1;
   271  072E  1683               	bsf	status, 5	;RP0=1, select bank1
   272  072F  1303               	bcf	status, 6	;RP1=0, select bank1
   273  0730  1407               	bsf	(1080/8)^080h,(1080)&7
   274                           	line	25
   275                           	
   276  0731                     l2660:	
   277                           ;main.c: 25: TRISD=0X00;
   278  0731  0188               	clrf	(136)^080h	;volatile
   279                           	line	26
   280                           ;main.c: 26: PORTD=0X00;
   281  0732  1283               	bcf	status, 5	;RP0=0, select bank0
   282  0733  1303               	bcf	status, 6	;RP1=0, select bank0
   283  0734  0188               	clrf	(8)	;volatile
   284  0735  2F36               	goto	l2662
   285                           	line	27
   286                           ;main.c: 27: while(1)
   287                           	
   288  0736                     l694:	
   289                           	line	29
   290                           	
   291  0736                     l2662:	
   292                           ;main.c: 28: {
   293                           ;main.c: 29: if(RC0==0)
   294  0736  1807               	btfsc	(56/8),(56)&7
   295  0737  2F39               	goto	u2311
   296  0738  2F3A               	goto	u2310
   297  0739                     u2311:
   298  0739  2F36               	goto	l2662
   299  073A                     u2310:
   300                           	line	31
   301                           	
   302  073A                     l2664:	
   303                           ;main.c: 30: {
   304                           ;main.c: 31: seq(1);
   305  073A  3001               	movlw	(01h)
   306  073B  120A  118A  27A0   	fcall	_seq
              120A  118A         
   307                           	line	32
   308                           ;main.c: 32: seq(3);
   309  0740  3003               	movlw	(03h)
   310  0741  120A  118A  27A0   	fcall	_seq
              120A  118A         
   311                           	line	33
   312                           ;main.c: 33: seq(7);
   313  0746  3007               	movlw	(07h)
   314  0747  120A  118A  27A0   	fcall	_seq
              120A  118A         
   315                           	line	34
   316                           ;main.c: 34: seq(15);
   317  074C  300F               	movlw	(0Fh)
   318  074D  120A  118A  27A0   	fcall	_seq
              120A  118A         
   319                           	line	35
   320                           ;main.c: 35: while(RC0==1)
   321  0752  2F58               	goto	l2668
   322                           	
   323  0753                     l697:	
   324                           	line	37
   325                           	
   326  0753                     l2666:	
   327                           ;main.c: 36: {
   328                           ;main.c: 37: PORTD=0xFF;
   329  0753  30FF               	movlw	(0FFh)
   330  0754  1283               	bcf	status, 5	;RP0=0, select bank0
   331  0755  1303               	bcf	status, 6	;RP1=0, select bank0
   332  0756  0088               	movwf	(8)	;volatile
   333  0757  2F58               	goto	l2668
   334                           	line	38
   335                           	
   336  0758                     l696:	
   337                           	line	35
   338                           	
   339  0758                     l2668:	
   340  0758  1283               	bcf	status, 5	;RP0=0, select bank0
   341  0759  1303               	bcf	status, 6	;RP1=0, select bank0
   342  075A  1807               	btfsc	(56/8),(56)&7
   343  075B  2F5D               	goto	u2321
   344  075C  2F5E               	goto	u2320
   345  075D                     u2321:
   346  075D  2F53               	goto	l2666
   347  075E                     u2320:
   348  075E  2F36               	goto	l2662
   349                           	
   350  075F                     l698:	
   351  075F  2F36               	goto	l2662
   352                           	line	39
   353                           	
   354  0760                     l695:	
   355  0760  2F36               	goto	l2662
   356                           	line	40
   357                           	
   358  0761                     l699:	
   359                           	line	27
   360  0761  2F36               	goto	l2662
   361                           	
   362  0762                     l700:	
   363                           	line	41
   364                           	
   365  0762                     l701:	
   366                           	global	start
   367  0762  120A  118A  2800   	ljmp	start
   368                           	opt stack 0
   369                           GLOBAL	__end_of_main
   370  0765                     	__end_of_main:
   371 ;; =============== function _main ends ============
   372                           
   373                           	signat	_main,88
   374                           	global	_seq
   375                           psect	text89,local,class=CODE,delta=2
   376                           global __ptext89
   377  07A0                     __ptext89:
   378                           
   379 ;; *************** function _seq *****************
   380 ;; Defined at:
   381 ;;		line 8 in file "E:\pic program\pic controller,PIC16F877A\Timer0.X\main.c"
   382 ;; Parameters:    Size  Location     Type
   383 ;;  get             1    wreg     unsigned char 
   384 ;; Auto vars:     Size  Location     Type
   385 ;;  get             1    3[COMMON] unsigned char 
   386 ;;  j               2    6[COMMON] int 
   387 ;;  j               2    4[COMMON] int 
   388 ;; Return value:  Size  Location     Type
   389 ;;		None               void
   390 ;; Registers used:
   391 ;;		wreg, status,2, status,0, btemp+1, pclath, cstack
   392 ;; Tracked objects:
   393 ;;		On entry : 0/0
   394 ;;		On exit  : 0/0
   395 ;;		Unchanged: 0/0
   396 ;; Data sizes:     COMMON   BANK0   BANK1   BANK3   BANK2
   397 ;;      Params:         0       0       0       0       0
   398 ;;      Locals:         5       0       0       0       0
   399 ;;      Temps:          1       0       0       0       0
   400 ;;      Totals:         6       0       0       0       0
   401 ;;Total ram usage:        6 bytes
   402 ;; Hardware stack levels used:    1
   403 ;; Hardware stack levels required when called:    1
   404 ;; This function calls:
   405 ;;		_timerdelay
   406 ;; This function is called by:
   407 ;;		_main
   408 ;; This function uses a non-reentrant model
   409 ;;
   410                           psect	text89
   411                           	file	"E:\pic program\pic controller,PIC16F877A\Timer0.X\main.c"
   412                           	line	8
   413                           	global	__size_of_seq
   414  0060                     	__size_of_seq	equ	__end_of_seq-_seq
   415                           	
   416  07A0                     _seq:	
   417                           	opt	stack 6
   418                           ; Regs used in _seq: [wreg+status,2+status,0+btemp+1+pclath+cstack]
   419                           ;seq@get stored from wreg
   420                           	line	10
   421  07A0  00F3               	movwf	(seq@get)
   422                           	
   423  07A1                     l2630:	
   424                           ;main.c: 9: {
   425                           ;main.c: 10: for(int j=0;j<=7;j++)
   426  07A1  01F4               	clrf	(seq@j)
   427  07A2  01F5               	clrf	(seq@j+1)
   428                           	
   429  07A3                     l2632:	
   430  07A3  0875               	movf	(seq@j+1),w
   431  07A4  3A80               	xorlw	80h
   432  07A5  00FF               	movwf	btemp+1
   433  07A6  3080               	movlw	(high(08h))^80h
   434  07A7  027F               	subwf	btemp+1,w
   435  07A8  1D03               	skipz
   436  07A9  2FAC               	goto	u2255
   437  07AA  3008               	movlw	low(08h)
   438  07AB  0274               	subwf	(seq@j),w
   439  07AC                     u2255:
   440                           
   441  07AC  1C03               	skipc
   442  07AD  2FAF               	goto	u2251
   443  07AE  2FB0               	goto	u2250
   444  07AF                     u2251:
   445  07AF  2FB2               	goto	l2636
   446  07B0                     u2250:
   447  07B0  2FD8               	goto	l2644
   448                           	
   449  07B1                     l2634:	
   450  07B1  2FD8               	goto	l2644
   451                           	line	11
   452                           	
   453  07B2                     l687:	
   454                           	line	12
   455                           	
   456  07B2                     l2636:	
   457                           ;main.c: 11: {
   458                           ;main.c: 12: PORTD=get<<j;
   459  07B2  0873               	movf	(seq@get),w
   460  07B3  00F2               	movwf	(??_seq+0)+0
   461  07B4  0A74               	incf	(seq@j),w
   462  07B5  2FB8               	goto	u2264
   463  07B6                     u2265:
   464  07B6  1003               	clrc
   465  07B7  0DF2               	rlf	(??_seq+0)+0,f
   466  07B8                     u2264:
   467  07B8  3EFF               	addlw	-1
   468  07B9  1D03               	skipz
   469  07BA  2FB6               	goto	u2265
   470  07BB  0872               	movf	0+(??_seq+0)+0,w
   471  07BC  1283               	bcf	status, 5	;RP0=0, select bank0
   472  07BD  1303               	bcf	status, 6	;RP1=0, select bank0
   473  07BE  0088               	movwf	(8)	;volatile
   474                           	line	13
   475                           	
   476  07BF                     l2638:	
   477                           ;main.c: 13: timerdelay();
   478  07BF  120A  118A  2765   	fcall	_timerdelay
              120A  118A         
   479                           	line	10
   480                           	
   481  07C4                     l2640:	
   482  07C4  3001               	movlw	low(01h)
   483  07C5  07F4               	addwf	(seq@j),f
   484  07C6  1803               	skipnc
   485  07C7  0AF5               	incf	(seq@j+1),f
   486  07C8  3000               	movlw	high(01h)
   487  07C9  07F5               	addwf	(seq@j+1),f
   488                           	
   489  07CA                     l2642:	
   490  07CA  0875               	movf	(seq@j+1),w
   491  07CB  3A80               	xorlw	80h
   492  07CC  00FF               	movwf	btemp+1
   493  07CD  3080               	movlw	(high(08h))^80h
   494  07CE  027F               	subwf	btemp+1,w
   495  07CF  1D03               	skipz
   496  07D0  2FD3               	goto	u2275
   497  07D1  3008               	movlw	low(08h)
   498  07D2  0274               	subwf	(seq@j),w
   499  07D3                     u2275:
   500                           
   501  07D3  1C03               	skipc
   502  07D4  2FD6               	goto	u2271
   503  07D5  2FD7               	goto	u2270
   504  07D6                     u2271:
   505  07D6  2FB2               	goto	l2636
   506  07D7                     u2270:
   507  07D7  2FD8               	goto	l2644
   508                           	
   509  07D8                     l688:	
   510                           	line	15
   511                           	
   512  07D8                     l2644:	
   513                           ;main.c: 14: }
   514                           ;main.c: 15: for(int j=7;j>=0;j--)
   515  07D8  3007               	movlw	low(07h)
   516  07D9  00F6               	movwf	(seq@j_1233)
   517  07DA  3000               	movlw	high(07h)
   518  07DB  00F7               	movwf	((seq@j_1233))+1
   519                           	
   520  07DC                     l2646:	
   521  07DC  1FF7               	btfss	(seq@j_1233+1),7
   522  07DD  2FDF               	goto	u2281
   523  07DE  2FE0               	goto	u2280
   524  07DF                     u2281:
   525  07DF  2FE2               	goto	l2650
   526  07E0                     u2280:
   527  07E0  2FFF               	goto	l691
   528                           	
   529  07E1                     l2648:	
   530  07E1  2FFF               	goto	l691
   531                           	line	16
   532                           	
   533  07E2                     l689:	
   534                           	line	17
   535                           	
   536  07E2                     l2650:	
   537                           ;main.c: 16: {
   538                           ;main.c: 17: PORTD=get<<j;
   539  07E2  0873               	movf	(seq@get),w
   540  07E3  00F2               	movwf	(??_seq+0)+0
   541  07E4  0A76               	incf	(seq@j_1233),w
   542  07E5  2FE8               	goto	u2294
   543  07E6                     u2295:
   544  07E6  1003               	clrc
   545  07E7  0DF2               	rlf	(??_seq+0)+0,f
   546  07E8                     u2294:
   547  07E8  3EFF               	addlw	-1
   548  07E9  1D03               	skipz
   549  07EA  2FE6               	goto	u2295
   550  07EB  0872               	movf	0+(??_seq+0)+0,w
   551  07EC  1283               	bcf	status, 5	;RP0=0, select bank0
   552  07ED  1303               	bcf	status, 6	;RP1=0, select bank0
   553  07EE  0088               	movwf	(8)	;volatile
   554                           	line	18
   555                           	
   556  07EF                     l2652:	
   557                           ;main.c: 18: timerdelay();
   558  07EF  120A  118A  2765   	fcall	_timerdelay
              120A  118A         
   559                           	line	15
   560                           	
   561  07F4                     l2654:	
   562  07F4  30FF               	movlw	low(-1)
   563  07F5  07F6               	addwf	(seq@j_1233),f
   564  07F6  1803               	skipnc
   565  07F7  0AF7               	incf	(seq@j_1233+1),f
   566  07F8  30FF               	movlw	high(-1)
   567  07F9  07F7               	addwf	(seq@j_1233+1),f
   568                           	
   569  07FA                     l2656:	
   570  07FA  1FF7               	btfss	(seq@j_1233+1),7
   571  07FB  2FFD               	goto	u2301
   572  07FC  2FFE               	goto	u2300
   573  07FD                     u2301:
   574  07FD  2FE2               	goto	l2650
   575  07FE                     u2300:
   576  07FE  2FFF               	goto	l691
   577                           	
   578  07FF                     l690:	
   579                           	line	21
   580                           	
   581  07FF                     l691:	
   582  07FF  0008               	return
   583                           	opt stack 0
   584                           GLOBAL	__end_of_seq
   585  0800                     	__end_of_seq:
   586 ;; =============== function _seq ends ============
   587                           
   588                           	signat	_seq,4216
   589                           	global	_timerdelay
   590                           psect	text90,local,class=CODE,delta=2
   591                           global __ptext90
   592  0765                     __ptext90:
   593                           
   594 ;; *************** function _timerdelay *****************
   595 ;; Defined at:
   596 ;;		line 43 in file "E:\pic program\pic controller,PIC16F877A\Timer0.X\main.c"
   597 ;; Parameters:    Size  Location     Type
   598 ;;		None
   599 ;; Auto vars:     Size  Location     Type
   600 ;;  i               2    0[COMMON] int 
   601 ;; Return value:  Size  Location     Type
   602 ;;		None               void
   603 ;; Registers used:
   604 ;;		wreg, btemp+1
   605 ;; Tracked objects:
   606 ;;		On entry : 0/0
   607 ;;		On exit  : 0/0
   608 ;;		Unchanged: 0/0
   609 ;; Data sizes:     COMMON   BANK0   BANK1   BANK3   BANK2
   610 ;;      Params:         0       0       0       0       0
   611 ;;      Locals:         2       0       0       0       0
   612 ;;      Temps:          0       0       0       0       0
   613 ;;      Totals:         2       0       0       0       0
   614 ;;Total ram usage:        2 bytes
   615 ;; Hardware stack levels used:    1
   616 ;; This function calls:
   617 ;;		Nothing
   618 ;; This function is called by:
   619 ;;		_seq
   620 ;; This function uses a non-reentrant model
   621 ;;
   622                           psect	text90
   623                           	file	"E:\pic program\pic controller,PIC16F877A\Timer0.X\main.c"
   624                           	line	43
   625                           	global	__size_of_timerdelay
   626  003B                     	__size_of_timerdelay	equ	__end_of_timerdelay-_timerdelay
   627                           	
   628  0765                     _timerdelay:	
   629                           	opt	stack 6
   630                           ; Regs used in _timerdelay: [wreg+btemp+1]
   631                           	line	44
   632                           	
   633  0765                     l1756:	
   634                           ;main.c: 44: T1CON=0x31;
   635  0765  3031               	movlw	(031h)
   636  0766  1283               	bcf	status, 5	;RP0=0, select bank0
   637  0767  1303               	bcf	status, 6	;RP1=0, select bank0
   638  0768  0090               	movwf	(16)	;volatile
   639                           	line	45
   640                           ;main.c: 45: TMR1H=0x0B;
   641  0769  300B               	movlw	(0Bh)
   642  076A  008F               	movwf	(15)	;volatile
   643                           	line	46
   644                           ;main.c: 46: TMR1L=0xDB;
   645  076B  30DB               	movlw	(0DBh)
   646  076C  008E               	movwf	(14)	;volatile
   647                           	line	47
   648                           	
   649  076D                     l1758:	
   650                           ;main.c: 47: GIE=1;
   651  076D  178B               	bsf	(95/8),(95)&7
   652                           	line	48
   653                           	
   654  076E                     l1760:	
   655                           ;main.c: 48: PEIE=1;
   656  076E  170B               	bsf	(94/8),(94)&7
   657                           	line	49
   658                           	
   659  076F                     l1762:	
   660                           ;main.c: 49: TMR1ON = 1;
   661  076F  1410               	bsf	(128/8),(128)&7
   662                           	line	50
   663                           ;main.c: 50: for(int i=1;i<=5;i++)
   664  0770  3001               	movlw	low(01h)
   665  0771  00F0               	movwf	(timerdelay@i)
   666  0772  3000               	movlw	high(01h)
   667  0773  00F1               	movwf	((timerdelay@i))+1
   668                           	
   669  0774                     l1764:	
   670  0774  0871               	movf	(timerdelay@i+1),w
   671  0775  3A80               	xorlw	80h
   672  0776  00FF               	movwf	btemp+1
   673  0777  3080               	movlw	(high(06h))^80h
   674  0778  027F               	subwf	btemp+1,w
   675  0779  1D03               	skipz
   676  077A  2F7D               	goto	u15
   677  077B  3006               	movlw	low(06h)
   678  077C  0270               	subwf	(timerdelay@i),w
   679  077D                     u15:
   680                           
   681  077D  1C03               	skipc
   682  077E  2F80               	goto	u11
   683  077F  2F81               	goto	u10
   684  0780                     u11:
   685  0780  2F84               	goto	l706
   686  0781                     u10:
   687  0781  2F9F               	goto	l709
   688                           	
   689  0782                     l1766:	
   690  0782  2F9F               	goto	l709
   691                           	line	51
   692                           	
   693  0783                     l704:	
   694                           	line	52
   695                           ;main.c: 51: {
   696                           ;main.c: 52: while(!TMR1IF);
   697  0783  2F84               	goto	l706
   698                           	
   699  0784                     l707:	
   700                           	
   701  0784                     l706:	
   702  0784  1283               	bcf	status, 5	;RP0=0, select bank0
   703  0785  1303               	bcf	status, 6	;RP1=0, select bank0
   704  0786  1C0C               	btfss	(96/8),(96)&7
   705  0787  2F89               	goto	u21
   706  0788  2F8A               	goto	u20
   707  0789                     u21:
   708  0789  2F84               	goto	l706
   709  078A                     u20:
   710                           	
   711  078A                     l708:	
   712                           	line	53
   713                           ;main.c: 53: TMR1IF=0;
   714  078A  100C               	bcf	(96/8),(96)&7
   715                           	line	50
   716                           	
   717  078B                     l1768:	
   718  078B  3001               	movlw	low(01h)
   719  078C  07F0               	addwf	(timerdelay@i),f
   720  078D  1803               	skipnc
   721  078E  0AF1               	incf	(timerdelay@i+1),f
   722  078F  3000               	movlw	high(01h)
   723  0790  07F1               	addwf	(timerdelay@i+1),f
   724                           	
   725  0791                     l1770:	
   726  0791  0871               	movf	(timerdelay@i+1),w
   727  0792  3A80               	xorlw	80h
   728  0793  00FF               	movwf	btemp+1
   729  0794  3080               	movlw	(high(06h))^80h
   730  0795  027F               	subwf	btemp+1,w
   731  0796  1D03               	skipz
   732  0797  2F9A               	goto	u35
   733  0798  3006               	movlw	low(06h)
   734  0799  0270               	subwf	(timerdelay@i),w
   735  079A                     u35:
   736                           
   737  079A  1C03               	skipc
   738  079B  2F9D               	goto	u31
   739  079C  2F9E               	goto	u30
   740  079D                     u31:
   741  079D  2F84               	goto	l706
   742  079E                     u30:
   743  079E  2F9F               	goto	l709
   744                           	
   745  079F                     l705:	
   746                           	line	55
   747                           	
   748  079F                     l709:	
   749  079F  0008               	return
   750                           	opt stack 0
   751                           GLOBAL	__end_of_timerdelay
   752  07A0                     	__end_of_timerdelay:
   753 ;; =============== function _timerdelay ends ============
   754                           
   755                           	signat	_timerdelay,88
   756                           psect	text91,local,class=CODE,delta=2
   757                           global __ptext91
   758  0000                     __ptext91:
   759                           	global	btemp
   760  007E                     	btemp set 07Eh
   761                           
   762                           	DABS	1,126,2	;btemp
   763                           	global	wtemp0
   764  007E                     	wtemp0 set btemp


HI-TECH Software PICC Macro Assembler V9.82 build 9453 
Symbol Table                                                                                   Sat Aug 17 12:44:19 2024

                  _RD 0C60                    u10 0781                    u11 0780                    u20 078A  
                  u21 0789                    u30 079E                    u31 079D                    u15 077D  
                  u35 079A                    _WR 0C61                   l700 0762                   l701 0762  
                 l704 0783                   l705 079F                   l706 0784                   l707 0784  
                 l708 078A                   l709 079F                   l690 07FF                   l691 07FF  
                 l694 0736                   l687 07B2                   l695 0760                   l688 07D8  
                 l696 0758                   l689 07E2                   l697 0753                   l698 075F  
                 l699 0761                   _GIE 005F                   _RC0 0038                   _seq 07A0  
                l2630 07A1                  l1760 076E                  l2640 07C4                  l2632 07A3  
                l1770 0791                  l1762 076F                  l2650 07E2                  l2642 07CA  
                l2634 07B1                  l1764 0774                  l1756 0765                  l2652 07EF  
                l2644 07D8                  l2636 07B2                  l2660 0731                  l1766 0782  
                l1758 076D                  l2654 07F4                  l2646 07DC                  l2638 07BF  
                l2662 0736                  l1768 078B                  l2656 07FA                  l2648 07E1  
                l2664 073A                  l2666 0753                  l2658 072E                  l2668 0758  
                ?_seq 0070                  u2300 07FE                  u2301 07FD                  u2310 073A  
                u2311 0739                  u2320 075E                  u2321 075D                  u2250 07B0  
                u2251 07AF                  u2270 07D7                  u2271 07D6                  u2255 07AC  
                u2280 07E0                  u2264 07B8                  u2281 07DF                  u2265 07B6  
                u2275 07D3                  u2294 07E8                  u2295 07E6                  _PEIE 005E  
                _WREN 0C62                  _main 072E                  btemp 007E                  seq@j 0074  
                start 0000                 ??_seq 0072                 ?_main 0070                 _EEADR 010D  
               _CARRY 0018                 _T1CON 0010                 _TMR1H 000F                 _TMR1L 000E  
               _PORTD 0008                 _TRISD 0088                 status 0003                 wtemp0 007E  
        __end_of_main 0765                ??_main 0078                _EEDATA 010C                _EECON1 018C  
              _EECON2 018D                _TMR1IF 0060                _TMR1ON 0080                _TRISC0 0438  
              seq@get 0073        __pcstackCOMMON 0070            __pmaintext 072E          __size_of_seq 0060  
end_of_initialization 072A            _timerdelay 0765           timerdelay@i 0070   start_initialization 072A  
         __end_of_seq 0800           ?_timerdelay 0070   __size_of_timerdelay 003B             seq@j_1233 0076  
            __ptext90 0765              __ptext91 0000              __ptext88 0000              __ptext89 07A0  
       __size_of_main 0037          ??_timerdelay 0070    __end_of_timerdelay 07A0  
