C51 COMPILER V9.60.0.0   7_SIGMENT                                                         09/30/2023 14:59:48 PAGE 1   


C51 COMPILER V9.60.0.0, COMPILATION OF MODULE 7_SIGMENT
OBJECT MODULE PLACED IN .\Objects\7 sigment.obj
COMPILER INVOKED BY: C:\Keil_v5\C51\BIN\C51.EXE 7 sigment.c BROWSE DEBUG OBJECTEXTEND PRINT(.\Listings\7 sigment.lst) TA
                    -BS(2) OBJECT(.\Objects\7 sigment.obj)

line level    source

   1          #include<reg51.h>
   2          #include<AT89s52.h>
*** WARNING C318 IN LINE 2 OF 7 sigment.c: can't open file 'AT89s52.h'
   3          void main()
   4          {
   5   1        unsigned char seg [10]={0xc0,0xf9,0xa4,0xb0,0x99,0x92,0x82,0xf8,0x80,0x90};
   6   1        unsigned char x;
   7   1        unsigned int i;
   8   1        P0=0x00;
   9   1        while(1)
  10   1        {
  11   2          for (x=0;x<10;x++)
  12   2          {
  13   3            P0=seg[x];
  14   3            for(i=0;i<60000;i++);
  15   3          }
  16   2        }
  17   1      }


MODULE INFORMATION:   STATIC OVERLAYABLE
   CODE SIZE        =     73    ----
   CONSTANT SIZE    =     10    ----
   XDATA SIZE       =   ----    ----
   PDATA SIZE       =   ----    ----
   DATA SIZE        =   ----      11
   IDATA SIZE       =   ----    ----
   BIT SIZE         =   ----    ----
END OF MODULE INFORMATION.


C51 COMPILATION COMPLETE.  1 WARNING(S),  0 ERROR(S)
