Removed Pin From Net: NetName=NetDS1_2 Pin=IC3-3
Removed Pin From Net: NetName=NetDS1_2 Pin=IC3-8
Removed Pin From Net: NetName=NetDS1_2 Pin=J2-1
Removed Pin From Net: NetName=GND Pin=J2-3
Removed Pin From Net: NetName=NetDS1_2 Pin=J2-4
Removed Pin From Net: NetName=GND Pin=LED1-1
Removed Pin From Net: NetName=NetC2_1 Pin=LED1-2
Removed Pin From Net: NetName=NetDS1_2 Pin=R1-1
Removed Pin From Net: NetName=NetDS1_2 Pin=R1-2
Removed Pin From Net: NetName=NetDS1_2 Pin=R2-1
Removed Member From Class: ClassName=O2 level Member=IC3
Removed Member From Class: ClassName=O2 level Member=J2
Removed Member From Class: ClassName=O2 level Member=LED1
Removed Member From Class: ClassName=O2 level Member=R2
Removed Member From Class: ClassName=O2 level Member=R3
Change Component Designator: OldDesignator=IC2 NewDesignator=IC?
Added Component: Designator=LED?(151051RS11000)
Add component (AddParameter): Name = "Arrow Part Number"; Value = ""; VariantName = "[No Variations]"
Add component (AddParameter): Name = "Arrow Price/Stock"; Value = ""; VariantName = "[No Variations]"
Add component (AddParameter): Name = "Datasheet Link"; Value = "https://katalog.we-online.com/led/datasheet/151051RS11000.pdf"; VariantName = "[No Variations]"
Add component (AddParameter): Name = "Height"; Value = "13.6mm"; VariantName = "[No Variations]"
Add component (AddParameter): Name = "Manufacturer_Name"; Value = "Wurth Elektronik"; VariantName = "[No Variations]"
Add component (AddParameter): Name = "Manufacturer_Part_Number"; Value = "151051RS11000"; VariantName = "[No Variations]"
Add component (AddParameter): Name = "Mouser Part Number"; Value = "710-151051RS11000"; VariantName = "[No Variations]"
Add component (AddParameter): Name = "Mouser Price/Stock"; Value = "https://www.mouser.co.uk/ProductDetail/Wurth-Elektronik/151051RS11000?qs=LlUlMxKIyB0NuMCRBgVmEg%3D%3D"; VariantName = "[No Variations]"
Added Component: Designator=R1(RESAD1987W56L1031D239)
Add component (AddParameter): Name = "Arrow Part Number"; Value = "RS01A1R000FE12"; VariantName = "[No Variations]"
Add component (AddParameter): Name = "Arrow Price/Stock"; Value = "https://www.arrow.com/en/products/rs01a1r000fe12/vishay?region=nac"; VariantName = "[No Variations]"
Add component (AddParameter): Name = "Datasheet Link"; Value = "http://www.mouser.com/ds/2/427/rsns-226497.pdf"; VariantName = "[No Variations]"
Add component (AddParameter): Name = "Manufacturer_Name"; Value = "Vishay"; VariantName = "[No Variations]"
Add component (AddParameter): Name = "Manufacturer_Part_Number"; Value = "RS01A1R000FE12"; VariantName = "[No Variations]"
Add component (AddParameter): Name = "Mouser Part Number"; Value = "71-RS01A1R000FE12"; VariantName = "[No Variations]"
Add component (AddParameter): Name = "Mouser Price/Stock"; Value = "https://www.mouser.co.uk/ProductDetail/Vishay-Dale/RS01A1R000FE12?qs=pX8%252BLszEE6SqU%2F4VU%252B6gEw%3D%3D"; VariantName = "[No Variations]"
Added Pin To Net: NetName=GND Pin=LED?-1
Added Pin To Net: NetName=NetC2_1 Pin=R1-1
Added Pin To Net: NetName=NetLED?_2 Pin=LED?-2
Added Pin To Net: NetName=NetLED?_2 Pin=R1-2
Added Net: Name=NetLED?_2
Added Member To Class: ClassName=O2 level Member=Component LED? 151051RS11000
