Removed Pin From Net: NetName=GND Pin=LED1-1
Removed Pin From Net: NetName=NetC2_1 Pin=LED1-2
Removed Pin From Net: NetName=NetDS1_2 Pin=R1-1
Removed Pin From Net: NetName=NetDS1_2 Pin=R1-2
Removed Pin From Net: NetName=NetDS1_2 Pin=R2-1
Change Component Comment : Designator=R1 Old Comment=1M New Comment=1k
Change Component Designator: OldDesignator=IC2 NewDesignator=IC?
Added Component: Designator=LED?(151051RS11000)
Add component (AddParameter): Name = "Arrow Part Number"; Value = ""; VariantName = "[No Variations]"
Add component (AddParameter): Name = "Arrow Price/Stock"; Value = ""; VariantName = "[No Variations]"
Add component (AddParameter): Name = "Datasheet Link"; Value = "https://katalog.we-online.com/led/datasheet/151051RS11000.pdf"; VariantName = "[No Variations]"
Add component (AddParameter): Name = "Height"; Value = "13.6mm"; VariantName = "[No Variations]"
Add component (AddParameter): Name = "Manufacturer_Name"; Value = "Wurth Elektronik"; VariantName = "[No Variations]"
Add component (AddParameter): Name = "Manufacturer_Part_Number"; Value = "151051RS11000"; VariantName = "[No Variations]"
Add component (AddParameter): Name = "Mouser Part Number"; Value = "710-151051RS11000"; VariantName = "[No Variations]"
Add component (AddParameter): Name = "Mouser Price/Stock"; Value = "https://www.mouser.co.uk/ProductDetail/Wurth-Elektronik/151051RS11000?qs=LlUlMxKIyB0NuMCRBgVmEg%3D%3D"; VariantName = "[No Variations]"
Added Pin To Net: NetName=GND Pin=LED?-1
Added Pin To Net: NetName=NetC2_1 Pin=R1-1
Added Pin To Net: NetName=NetLED?_2 Pin=LED?-2
Added Pin To Net: NetName=NetLED?_2 Pin=R1-2
Added Net: Name=NetLED?_2
Added Member To Class: ClassName=O2 level Member=Component IC? ABX00028
Added Member To Class: ClassName=O2 level Member=Component LED? 151051RS11000
Added Member To Class: ClassName=O2 level Member=Component R1 1k
