C51 COMPILER V9.60.0.0   LCD                                                               11/04/2023 11:19:59 PAGE 1   


C51 COMPILER V9.60.0.0, COMPILATION OF MODULE LCD
OBJECT MODULE PLACED IN .\Objects\lcd.obj
COMPILER INVOKED BY: C:\Keil_v5\C51\BIN\C51.EXE lcd.c BROWSE DEBUG OBJECTEXTEND PRINT(.\Listings\lcd.lst) TABS(2) OBJECT
                    -(.\Objects\lcd.obj)

line level    source

   1          #include<reg51.h>
   2          sbit LED1 =  P0^0; 
   3          sbit LED2 =  P0^1; 
   4          sbit SW = P3^2;
   5          
   6          void timer0_isr() interrupt 1
   7          {
   8   1          TH0  = 0X4B;        
   9   1          TL0  = 0XFD;
  10   1          LED1 =!LED1;        
  11   1      }
  12          
  13          void main()
  14          {
  15   1          TMOD = 0x01;      
  16   1          TH0 = 0X4B;        
  17   1          TL0 = 0XFD;
  18   1          TR0 = 1;          
  19   1          ET0 = 1;          
  20   1          EA = 1;           
  21   1          SW = 1;            
  22   1          while(1)
  23   1          {
  24   2              LED2= SW;      
  25   2          } 
  26   1      }


MODULE INFORMATION:   STATIC OVERLAYABLE
   CODE SIZE        =     32    ----
   CONSTANT SIZE    =   ----    ----
   XDATA SIZE       =   ----    ----
   PDATA SIZE       =   ----    ----
   DATA SIZE        =   ----    ----
   IDATA SIZE       =   ----    ----
   BIT SIZE         =   ----    ----
END OF MODULE INFORMATION.


C51 COMPILATION COMPLETE.  0 WARNING(S),  0 ERROR(S)
