C51 COMPILER V9.60.0.0   SERIAL                                                            07/20/2023 09:17:48 PAGE 1   


C51 COMPILER V9.60.0.0, COMPILATION OF MODULE SERIAL
OBJECT MODULE PLACED IN serial.OBJ
COMPILER INVOKED BY: C:\Keil_v5\C51\BIN\C51.EXE serial.c BROWSE DEBUG OBJECTEXTEND TABS(2)

line level    source

   1          #include<reg51.h>
   2          #include<Atmal_lcd.h>
   3          #include<string.h>
   4          sbit  Led=P1^0;
   5          
   6          void main()
   7          {
   8   1        unsigned char res;
   9   1        char a[20]; int i,j=0;
  10   1        Led=0;
  11   1        Lcd8_Init();
  12   1        Lcd8_Display(0x80,"  SERIAL TEST   ",16);
  13   1        Delay(65000);Delay(65000);
  14   1        Lcd8_Command(0x01); 
  15   1        SCON=0x50;
  16   1        TMOD=0x20;
  17   1        TH1=-3;
  18   1        TR1=1;
  19   1        while(1)
  20   1        {
  21   2        while(strcmp(a,"hello")!=0)
  22   2        {
  23   3          while(RI==0);
  24   3          RI=0;
  25   3          a[j]=SBUF;
  26   3          P1=a[j];
  27   3          j++;
  28   3      }
  29   2        if(strcmp(a,"hello")==0)
  30   2        {
  31   3          P2=0x0f;
  32   3          Led=0;
  33   3          break;
  34   3          }
  35   2        else
  36   2          P2=0xf0;
  37   2          Led=1;
  38   2      }
  39   1        i=strlen(a);
  40   1        j=0;
  41   1      
  42   1      while(i>0)
  43   1      {
  44   2        SBUF=a[j];
  45   2        j++;
  46   2        i--;
  47   2      while(T1==0);
  48   2        T1=0;
  49   2        Lcd8_Decimal3(0x80,a);
*** WARNING C214 IN LINE 49 OF serial.c: 'Argument': conversion: pointer to non-pointer
  50   2      }
  51   1      }
*** WARNING C280 IN LINE 8 OF serial.c: 'res': unreferenced local variable
  52          
  53          
C51 COMPILER V9.60.0.0   SERIAL                                                            07/20/2023 09:17:48 PAGE 2   



MODULE INFORMATION:   STATIC OVERLAYABLE
   CODE SIZE        =    692    ----
   CONSTANT SIZE    =     23    ----
   XDATA SIZE       =   ----    ----
   PDATA SIZE       =   ----    ----
   DATA SIZE        =   ----      50
   IDATA SIZE       =   ----    ----
   BIT SIZE         =   ----    ----
END OF MODULE INFORMATION.


C51 COMPILATION COMPLETE.  2 WARNING(S),  0 ERROR(S)
