C51 COMPILER V9.60.0.0   LED                                                               01/09/2020 11:47:43 PAGE 1   


C51 COMPILER V9.60.0.0, COMPILATION OF MODULE LED
OBJECT MODULE PLACED IN led.OBJ
COMPILER INVOKED BY: C:\Keil_v5\C51\BIN\C51.EXE led.c BROWSE DEBUG OBJECTEXTEND TABS(2)

line level    source

   1           #include<reg51.h>
   2           #define LEDs P1
   3           sbit led=P2^7;
   4           void main()
   5           {
   6   1       while(1)
   7   1       {
   8   2       LEDs=0;
   9   2       led=0;
  10   2       LEDs=1;
  11   2       led=1;
  12   2       }
  13   1       }


MODULE INFORMATION:   STATIC OVERLAYABLE
   CODE SIZE        =     12    ----
   CONSTANT SIZE    =   ----    ----
   XDATA SIZE       =   ----    ----
   PDATA SIZE       =   ----    ----
   DATA SIZE        =   ----    ----
   IDATA SIZE       =   ----    ----
   BIT SIZE         =   ----    ----
END OF MODULE INFORMATION.


C51 COMPILATION COMPLETE.  0 WARNING(S),  0 ERROR(S)
