

HI-TECH Software PIC LITE Macro Assembler V9.82 build 9453 
                                                                                               Sun Feb 11 14:06:47 2024

HI-TECH Software Omniscient Code Generator (Lite mode) build 9453
     1  0000                     opt subtitle "HI-TECH Software Omniscient Code Generator (Lite mode) build 9453"
     2                           
     3                           opt pagewidth 120
     4                           
     5                           	opt lm
     6                           
     7                           	processor	16F877A
     8                           clrc	macro
     9                           	bcf	3,0
    10  0000                     	endm
    11                           clrz	macro
    12                           	bcf	3,2
    13  0000                     	endm
    14                           setc	macro
    15                           	bsf	3,0
    16  0000                     	endm
    17                           setz	macro
    18                           	bsf	3,2
    19  0000                     	endm
    20                           skipc	macro
    21                           	btfss	3,0
    22  0000                     	endm
    23                           skipz	macro
    24                           	btfss	3,2
    25  0000                     	endm
    26                           skipnc	macro
    27                           	btfsc	3,0
    28  0000                     	endm
    29                           skipnz	macro
    30                           	btfsc	3,2
    31  0000                     	endm
    32  0000                     indf	equ	0
    33  0000                     indf0	equ	0
    34  0002                     pc	equ	2
    35  0002                     pcl	equ	2
    36  0003                     status	equ	3
    37  0004                     fsr	equ	4
    38  0004                     fsr0	equ	4
    39  0001                     c	equ	1
    40  0000                     z	equ	0
    41  000A                     pclath	equ	10
    42                           	FNCALL	_main,_init
    43                           	FNCALL	_main,_disp
    44                           	FNCALL	_main,_cmd
    45                           	FNCALL	_main,_write
    46                           	FNCALL	_disp,_cmd
    47                           	FNCALL	_disp,_write
    48                           	FNCALL	_init,_cmd
    49                           	FNROOT	_main
    50                           	global	_b
    51                           psect	idataBANK0,class=CODE,space=0,delta=2
    52                           global __pidataBANK0
    53  0682                     __pidataBANK0:
    54                           	file	"D:\pic controller,PIC16F877A\eeprom\main.c"
    55                           	line	14
    56                           
    57                           ;initializer for _b
    58  0682  3431               	retlw	031h
    59  0683  3432               	retlw	032h
    60  0684  3433               	retlw	033h
    61  0685  3434               	retlw	034h
    62  0686  3435               	retlw	035h
    63  0687  3436               	retlw	036h
    64  0688  3437               	retlw	037h
    65  0689  3438               	retlw	038h
    66  068A  3439               	retlw	039h
    67  068B  3430               	retlw	030h
    68  068C  3400               	retlw	0
    69                           	global	_a
    70                           	global	_m
    71                           psect	nvCOMMON,class=COMMON,space=1
    72                           global __pnvCOMMON
    73  0079                     __pnvCOMMON:
    74  0079                     _m:
    75  0079                            ds      1
    76                           
    77                           	global	_PORTD
    78  0008                     _PORTD	set	8
    79                           	global	_CARRY
    80  0018                     _CARRY	set	24
    81                           	global	_GIE
    82  005F                     _GIE	set	95
    83                           	global	_RD0
    84  0040                     _RD0	set	64
    85                           	global	_RD1
    86  0041                     _RD1	set	65
    87                           	global	_TRISB
    88  0086                     _TRISB	set	134
    89                           	global	_TRISD
    90  0088                     _TRISD	set	136
    91                           	global	_EEADR
    92  010D                     _EEADR	set	269
    93                           	global	_EEDATA
    94  010C                     _EEDATA	set	268
    95                           	global	_EECON1
    96  018C                     _EECON1	set	396
    97                           	global	_EECON2
    98  018D                     _EECON2	set	397
    99                           	global	_RD
   100  0C60                     _RD	set	3168
   101                           	global	_WR
   102  0C61                     _WR	set	3169
   103                           	global	_WREN
   104  0C62                     _WREN	set	3170
   105                           psect	strings,class=STRING,delta=2
   106                           global __pstrings
   107  0003                     __pstrings:
   108                           ;	global	stringdir,stringtab,__stringbase
   109  0003                     stringtab:
   110                           ;	String table - string pointers are 1 byte each
   111  0003                     stringcode:stringdir:
      + 0003                     stringdir:	
   112  0003  3000               movlw high(stringdir)
   113  0004  008A               movwf pclath
   114  0005  0804               movf fsr,w
   115  0006  0A84               incf fsr
   116  0007  0782               	addwf pc
   117  0008                     __stringbase:
   118  0008  3400               	retlw	0
   119                           psect	strings
   120                           	
   121  0009                     STR_2:	
   122  0009  3452               	retlw	82	;'R'
   123  000A  3445               	retlw	69	;'E'
   124  000B  3441               	retlw	65	;'A'
   125  000C  3444               	retlw	68	;'D'
   126  000D  343A               	retlw	58	;':'
   127  000E  3400               	retlw	0
   128                           psect	strings
   129                           	
   130  000F                     STR_1:	
   131  000F  3457               	retlw	87	;'W'
   132  0010  3452               	retlw	82	;'R'
   133  0011  3449               	retlw	73	;'I'
   134  0012  3454               	retlw	84	;'T'
   135  0013  343A               	retlw	58	;':'
   136  0014  3400               	retlw	0
   137                           psect	strings
   138                           	file	"function.as"
   139                           	line	#
   140                           psect cinit,class=CODE,delta=2
   141                           global start_initialization
   142  06A0                     start_initialization:
   143                           
   144                           psect	bssCOMMON,class=COMMON,space=1
   145                           global __pbssCOMMON
   146  007A                     __pbssCOMMON:
   147  007A                     _a:
   148  007A                            ds      1
   149                           
   150                           psect	dataBANK0,class=BANK0,space=1
   151                           global __pdataBANK0
   152  0020                     __pdataBANK0:
   153                           	file	"D:\pic controller,PIC16F877A\eeprom\main.c"
   154  0020                     _b:
   155  0020                            ds      11
   156                           
   157                           ; Clear objects allocated to COMMON
   158                           psect cinit,class=CODE,delta=2
   159  06A0  01FA               	clrf	((__pbssCOMMON)+0)&07Fh
   160                           global btemp
   161                           psect inittext,class=CODE,delta=2
   162                           global init_fetch,btemp
   163                           ;	Called with low address in FSR and high address in W
   164  068D                     init_fetch:
   165  068D  087E               	movf btemp,w
   166  068E  008A               	movwf pclath
   167  068F  087F               	movf btemp+1,w
   168  0690  0082               	movwf pc
   169                           global init_ram
   170                           ;Called with:
   171                           ;	high address of idata address in btemp 
   172                           ;	low address of idata address in btemp+1 
   173                           ;	low address of data in FSR
   174                           ;	high address + 1 of data in btemp-1
   175  0691                     init_ram:
   176  0691  120A  118A  268D   	fcall init_fetch
              120A  118A         
   177  0696  0080               	movwf indf,f
   178  0697  0A84               	incf fsr,f
   179  0698  0804               	movf fsr,w
   180  0699  067D               	xorwf btemp-1,w
   181  069A  1903               	btfsc status,2
   182  069B  3400               	retlw 0
   183  069C  0AFF               	incf btemp+1,f
   184  069D  1903               	btfsc status,2
   185  069E  0AFE               	incf btemp,f
   186  069F  2E91               	goto init_ram
   187                           ; Initialize objects allocated to BANK0
   188                           psect cinit,class=CODE,delta=2
   189                           global init_ram, __pidataBANK0
   190  06A1  1383               	bcf	status, 7	;select IRP bank0
   191  06A2  302B               	movlw low(__pdataBANK0+11)
   192  06A3  00FD               	movwf btemp-1,f
   193  06A4  3006               	movlw high(__pidataBANK0)
   194  06A5  00FE               	movwf btemp,f
   195  06A6  3082               	movlw low(__pidataBANK0)
   196  06A7  00FF               	movwf btemp+1,f
   197  06A8  3020               	movlw low(__pdataBANK0)
   198  06A9  0084               	movwf fsr,f
   199  06AA  120A  118A  2691   	fcall init_ram
              120A  118A         
   200                           psect cinit,class=CODE,delta=2
   201                           global end_of_initialization
   202                           
   203                           ;End of C runtime variable initialization code
   204                           
   205  06AF                     end_of_initialization:
   206  06AF  0183               clrf status
   207  06B0  120A  118A  2F64   ljmp _main	;jump to C main() function
   208                           psect	cstackCOMMON,class=COMMON,space=1
   209                           global __pcstackCOMMON
   210  0070                     __pcstackCOMMON:
   211                           	global	?_init
   212  0070                     ?_init:	; 0 bytes @ 0x0
   213                           	global	?_cmd
   214  0070                     ?_cmd:	; 0 bytes @ 0x0
   215                           	global	??_cmd
   216  0070                     ??_cmd:	; 0 bytes @ 0x0
   217                           	global	?_write
   218  0070                     ?_write:	; 0 bytes @ 0x0
   219                           	global	??_write
   220  0070                     ??_write:	; 0 bytes @ 0x0
   221                           	global	?_main
   222  0070                     ?_main:	; 0 bytes @ 0x0
   223  0070                     	ds	1
   224                           	global	cmd@a
   225  0071                     cmd@a:	; 1 bytes @ 0x1
   226                           	global	write@b
   227  0071                     write@b:	; 1 bytes @ 0x1
   228  0071                     	ds	1
   229                           	global	??_init
   230  0072                     ??_init:	; 0 bytes @ 0x2
   231                           	global	?_disp
   232  0072                     ?_disp:	; 0 bytes @ 0x2
   233                           	global	disp@b
   234  0072                     disp@b:	; 1 bytes @ 0x2
   235  0072                     	ds	1
   236                           	global	disp@c
   237  0073                     disp@c:	; 1 bytes @ 0x3
   238  0073                     	ds	1
   239                           	global	??_disp
   240  0074                     ??_disp:	; 0 bytes @ 0x4
   241                           	global	disp@a
   242  0074                     disp@a:	; 1 bytes @ 0x4
   243  0074                     	ds	1
   244                           	global	disp@k
   245  0075                     disp@k:	; 2 bytes @ 0x5
   246  0075                     	ds	2
   247                           	global	??_main
   248  0077                     ??_main:	; 0 bytes @ 0x7
   249  0077                     	ds	2
   250 ;;Data sizes: Strings 12, constant 0, data 11, bss 1, persistent 1 stack 0
   251 ;;Auto spaces:   Size  Autos    Used
   252 ;; COMMON          14      9      11
   253 ;; BANK0           80      0      11
   254 ;; BANK1           80      0       0
   255 ;; BANK3           96      0       0
   256 ;; BANK2           96      0       0
   257                           
   258 ;;
   259 ;; Pointer list with targets:
   260                           
   261 ;; disp@b	PTR const unsigned char  size(1) Largest target is 6
   262 ;;		 -> STR_2(CODE[6]), STR_1(CODE[6]), 
   263 ;;
   264                           
   265                           
   266 ;;
   267 ;; Critical Paths under _main in COMMON
   268 ;;
   269 ;;   _main->_disp
   270 ;;   _disp->_cmd
   271 ;;   _disp->_write
   272 ;;   _init->_cmd
   273 ;;
   274 ;; Critical Paths under _main in BANK0
   275 ;;
   276 ;;   None.
   277 ;;
   278 ;; Critical Paths under _main in BANK1
   279 ;;
   280 ;;   None.
   281 ;;
   282 ;; Critical Paths under _main in BANK3
   283 ;;
   284 ;;   None.
   285 ;;
   286 ;; Critical Paths under _main in BANK2
   287 ;;
   288 ;;   None.
   289                           
   290 ;;
   291 ;;Main: autosize = 0, tempsize = 2, incstack = 0, save=0
   292 ;;
   293                           
   294 ;;
   295 ;;Call Graph Tables:
   296 ;;
   297 ;; ---------------------------------------------------------------------------------
   298 ;; (Depth) Function   	        Calls       Base Space   Used Autos Params    Refs
   299 ;; ---------------------------------------------------------------------------------
   300 ;; (0) _main                                                 2     2      0     354
   301 ;;                                              7 COMMON     2     2      0
   302 ;;                               _init
   303 ;;                               _disp
   304 ;;                                _cmd
   305 ;;                              _write
   306 ;; ---------------------------------------------------------------------------------
   307 ;; (1) _disp                                                 5     3      2     222
   308 ;;                                              2 COMMON     5     3      2
   309 ;;                                _cmd
   310 ;;                              _write
   311 ;; ---------------------------------------------------------------------------------
   312 ;; (1) _init                                                 0     0      0      44
   313 ;;                                _cmd
   314 ;; ---------------------------------------------------------------------------------
   315 ;; (1) _write                                                2     2      0      44
   316 ;;                                              0 COMMON     2     2      0
   317 ;; ---------------------------------------------------------------------------------
   318 ;; (1) _cmd                                                  2     2      0      44
   319 ;;                                              0 COMMON     2     2      0
   320 ;; ---------------------------------------------------------------------------------
   321 ;; Estimated maximum stack depth 1
   322 ;; ---------------------------------------------------------------------------------
   323                           
   324 ;; Call Graph Graphs:
   325                           
   326 ;; _main (ROOT)
   327 ;;   _init
   328 ;;     _cmd
   329 ;;   _disp
   330 ;;     _cmd
   331 ;;     _write
   332 ;;   _cmd
   333 ;;   _write
   334 ;;
   335                           
   336 ;; Address spaces:
   337                           
   338 ;;Name               Size   Autos  Total    Cost      Usage
   339 ;;BANK3               60      0       0       9        0.0%
   340 ;;BITBANK3            60      0       0       8        0.0%
   341 ;;SFR3                 0      0       0       4        0.0%
   342 ;;BITSFR3              0      0       0       4        0.0%
   343 ;;BANK2               60      0       0      11        0.0%
   344 ;;BITBANK2            60      0       0      10        0.0%
   345 ;;SFR2                 0      0       0       5        0.0%
   346 ;;BITSFR2              0      0       0       5        0.0%
   347 ;;SFR1                 0      0       0       2        0.0%
   348 ;;BITSFR1              0      0       0       2        0.0%
   349 ;;BANK1               50      0       0       7        0.0%
   350 ;;BITBANK1            50      0       0       6        0.0%
   351 ;;CODE                 0      0       0       0        0.0%
   352 ;;DATA                 0      0      18      12        0.0%
   353 ;;ABS                  0      0      16       3        0.0%
   354 ;;NULL                 0      0       0       0        0.0%
   355 ;;STACK                0      0       2       2        0.0%
   356 ;;BANK0               50      0       B       5       13.8%
   357 ;;BITBANK0            50      0       0       4        0.0%
   358 ;;SFR0                 0      0       0       1        0.0%
   359 ;;BITSFR0              0      0       0       1        0.0%
   360 ;;COMMON               E      9       B       1       78.6%
   361 ;;BITCOMMON            E      0       0       0        0.0%
   362 ;;EEDATA             100      0       0       0        0.0%
   363                           
   364                           	global	_main
   365                           psect	maintext,global,class=CODE,delta=2
   366                           global __pmaintext
   367  0764                     __pmaintext:
   368                           
   369 ;; *************** function _main *****************
   370 ;; Defined at:
   371 ;;		line 17 in file "D:\pic controller,PIC16F877A\eeprom\main.c"
   372 ;; Parameters:    Size  Location     Type
   373 ;;		None
   374 ;; Auto vars:     Size  Location     Type
   375 ;;		None
   376 ;; Return value:  Size  Location     Type
   377 ;;		None               void
   378 ;; Registers used:
   379 ;;		wreg, fsr0l, fsr0h, status,2, status,0, pclath, cstack
   380 ;; Tracked objects:
   381 ;;		On entry : 17F/0
   382 ;;		On exit  : 0/0
   383 ;;		Unchanged: 0/0
   384 ;; Data sizes:     COMMON   BANK0   BANK1   BANK3   BANK2
   385 ;;      Params:         0       0       0       0       0
   386 ;;      Locals:         0       0       0       0       0
   387 ;;      Temps:          2       0       0       0       0
   388 ;;      Totals:         2       0       0       0       0
   389 ;;Total ram usage:        2 bytes
   390 ;; Hardware stack levels required when called:    2
   391 ;; This function calls:
   392 ;;		_init
   393 ;;		_disp
   394 ;;		_cmd
   395 ;;		_write
   396 ;; This function is called by:
   397 ;;		Startup code after reset
   398 ;; This function uses a non-reentrant model
   399 ;;
   400                           psect	maintext
   401                           	file	"D:\pic controller,PIC16F877A\eeprom\main.c"
   402                           	line	17
   403                           	global	__size_of_main
   404  009C                     	__size_of_main	equ	__end_of_main-_main
   405                           	
   406  0764                     _main:	
   407                           	opt	stack 6
   408                           ; Regs used in _main: [wreg-fsr0h+status,2+status,0+pclath+cstack]
   409                           	line	18
   410                           	
   411  0764                     l2809:	
   412                           ;main.c: 18: TRISD = 0x00;
   413  0764  1683               	bsf	status, 5	;RP0=1, select bank1
   414  0765  1303               	bcf	status, 6	;RP1=0, select bank1
   415  0766  0188               	clrf	(136)^080h	;volatile
   416                           	line	19
   417                           	
   418  0767                     l2811:	
   419                           ;main.c: 19: TRISB = 0xfC;
   420  0767  30FC               	movlw	(0FCh)
   421  0768  0086               	movwf	(134)^080h	;volatile
   422                           	line	20
   423                           	
   424  0769                     l2813:	
   425                           ;main.c: 20: init();
   426  0769  120A  118A  26B3   	fcall	_init
              120A  118A         
   427  076E  2F6F               	goto	l2815
   428                           	line	21
   429                           ;main.c: 21: while(1)
   430                           	
   431  076F                     l701:	
   432                           	line	23
   433                           	
   434  076F                     l2815:	
   435                           ;main.c: 22: {
   436                           ;main.c: 23: disp(0x80,"WRIT:",5);
   437  076F  3007               	movlw	((STR_1-__stringbase))&0ffh
   438  0770  00F7               	movwf	(??_main+0)+0
   439  0771  0877               	movf	(??_main+0)+0,w
   440  0772  00F2               	movwf	(?_disp)
   441  0773  3005               	movlw	(05h)
   442  0774  00F8               	movwf	(??_main+1)+0
   443  0775  0878               	movf	(??_main+1)+0,w
   444  0776  00F3               	movwf	0+(?_disp)+01h
   445  0777  3080               	movlw	(080h)
   446  0778  120A  118A  26D2   	fcall	_disp
              120A  118A         
   447                           	line	24
   448                           	
   449  077D                     l2817:	
   450                           ;main.c: 24: for(a=0; b[a]!='\0'; a++)
   451  077D  01FA               	clrf	(_a)
   452  077E  2FB1               	goto	l2841
   453                           	line	25
   454                           	
   455  077F                     l703:	
   456                           	line	26
   457                           ;main.c: 25: {
   458                           ;main.c: 26: while(WR);
   459  077F  2F80               	goto	l704
   460                           	
   461  0780                     l705:	
   462                           	
   463  0780                     l704:	
   464  0780  1683               	bsf	status, 5	;RP0=1, select bank3
   465  0781  1703               	bsf	status, 6	;RP1=1, select bank3
   466  0782  188C               	btfsc	(3169/8)^0180h,(3169)&7
   467  0783  2F85               	goto	u2331
   468  0784  2F86               	goto	u2330
   469  0785                     u2331:
   470  0785  2F80               	goto	l704
   471  0786                     u2330:
   472  0786  2F87               	goto	l2819
   473                           	
   474  0787                     l706:	
   475                           	line	27
   476                           	
   477  0787                     l2819:	
   478                           ;main.c: 27: EEADR = 0x00+a; EEDATA = b[a];
   479  0787  087A               	movf	(_a),w
   480  0788  1283               	bcf	status, 5	;RP0=0, select bank2
   481  0789  1703               	bsf	status, 6	;RP1=1, select bank2
   482  078A  008D               	movwf	(269)^0100h	;volatile
   483                           	
   484  078B                     l2821:	
   485  078B  087A               	movf	(_a),w
   486  078C  3E20               	addlw	_b&0ffh
   487  078D  0084               	movwf	fsr0
   488  078E  1383               	bcf	status, 7	;select IRP bank0
   489  078F  0800               	movf	indf,w
   490  0790  008C               	movwf	(268)^0100h	;volatile
   491                           	line	28
   492                           	
   493  0791                     l2823:	
   494                           ;main.c: 28: WREN = 1;
   495  0791  1683               	bsf	status, 5	;RP0=1, select bank3
   496  0792  1703               	bsf	status, 6	;RP1=1, select bank3
   497  0793  150C               	bsf	(3170/8)^0180h,(3170)&7
   498                           	line	29
   499                           	
   500  0794                     l2825:	
   501                           ;main.c: 29: GIE = 0;
   502  0794  138B               	bcf	(95/8),(95)&7
   503                           	line	30
   504                           	
   505  0795                     l2827:	
   506                           ;main.c: 30: EECON2 = 0x55; EECON2 = 0xAA;
   507  0795  3055               	movlw	(055h)
   508  0796  008D               	movwf	(397)^0180h	;volatile
   509                           	
   510  0797                     l2829:	
   511  0797  30AA               	movlw	(0AAh)
   512  0798  008D               	movwf	(397)^0180h	;volatile
   513                           	line	31
   514                           	
   515  0799                     l2831:	
   516                           ;main.c: 31: WR = 1;
   517  0799  148C               	bsf	(3169/8)^0180h,(3169)&7
   518                           	line	32
   519                           	
   520  079A                     l2833:	
   521                           ;main.c: 32: WREN = 0;
   522  079A  110C               	bcf	(3170/8)^0180h,(3170)&7
   523                           	line	33
   524                           	
   525  079B                     l2835:	
   526                           ;main.c: 33: cmd(0x85+a);write(b[a]);
   527  079B  087A               	movf	(_a),w
   528  079C  3E85               	addlw	085h
   529  079D  120A  118A  26FE   	fcall	_cmd
              120A  118A         
   530                           	
   531  07A2                     l2837:	
   532  07A2  087A               	movf	(_a),w
   533  07A3  3E20               	addlw	_b&0ffh
   534  07A4  0084               	movwf	fsr0
   535  07A5  1383               	bcf	status, 7	;select IRP bank0
   536  07A6  0800               	movf	indf,w
   537  07A7  120A  118A  2730   	fcall	_write
              120A  118A         
   538                           	line	24
   539                           	
   540  07AC                     l2839:	
   541  07AC  3001               	movlw	(01h)
   542  07AD  00F7               	movwf	(??_main+0)+0
   543  07AE  0877               	movf	(??_main+0)+0,w
   544  07AF  07FA               	addwf	(_a),f
   545  07B0  2FB1               	goto	l2841
   546                           	
   547  07B1                     l702:	
   548                           	
   549  07B1                     l2841:	
   550  07B1  087A               	movf	(_a),w
   551  07B2  3E20               	addlw	_b&0ffh
   552  07B3  0084               	movwf	fsr0
   553  07B4  1383               	bcf	status, 7	;select IRP bank0
   554  07B5  0880               	movf	indf,f
   555  07B6  1D03               	skipz
   556  07B7  2FB9               	goto	u2341
   557  07B8  2FBA               	goto	u2340
   558  07B9                     u2341:
   559  07B9  2F80               	goto	l704
   560  07BA                     u2340:
   561  07BA  2FBB               	goto	l2843
   562                           	
   563  07BB                     l707:	
   564                           	line	35
   565                           	
   566  07BB                     l2843:	
   567                           ;main.c: 34: }
   568                           ;main.c: 35: disp(0xc0,"READ:",5);
   569  07BB  3001               	movlw	((STR_2-__stringbase))&0ffh
   570  07BC  00F7               	movwf	(??_main+0)+0
   571  07BD  0877               	movf	(??_main+0)+0,w
   572  07BE  00F2               	movwf	(?_disp)
   573  07BF  3005               	movlw	(05h)
   574  07C0  00F8               	movwf	(??_main+1)+0
   575  07C1  0878               	movf	(??_main+1)+0,w
   576  07C2  00F3               	movwf	0+(?_disp)+01h
   577  07C3  30C0               	movlw	(0C0h)
   578  07C4  120A  118A  26D2   	fcall	_disp
              120A  118A         
   579                           	line	36
   580                           	
   581  07C9                     l2845:	
   582                           ;main.c: 36: for(a=0; a<10; a++)
   583  07C9  01FA               	clrf	(_a)
   584                           	
   585  07CA                     l2847:	
   586  07CA  300A               	movlw	(0Ah)
   587  07CB  027A               	subwf	(_a),w
   588  07CC  1C03               	skipc
   589  07CD  2FCF               	goto	u2351
   590  07CE  2FD0               	goto	u2350
   591  07CF                     u2351:
   592  07CF  2FD3               	goto	l710
   593  07D0                     u2350:
   594  07D0  2F6F               	goto	l2815
   595                           	
   596  07D1                     l2849:	
   597  07D1  2F6F               	goto	l2815
   598                           	line	37
   599                           	
   600  07D2                     l708:	
   601                           	line	38
   602                           ;main.c: 37: {
   603                           ;main.c: 38: while(RD);
   604  07D2  2FD3               	goto	l710
   605                           	
   606  07D3                     l711:	
   607                           	
   608  07D3                     l710:	
   609  07D3  1683               	bsf	status, 5	;RP0=1, select bank3
   610  07D4  1703               	bsf	status, 6	;RP1=1, select bank3
   611  07D5  180C               	btfsc	(3168/8)^0180h,(3168)&7
   612  07D6  2FD8               	goto	u2361
   613  07D7  2FD9               	goto	u2360
   614  07D8                     u2361:
   615  07D8  2FD3               	goto	l710
   616  07D9                     u2360:
   617  07D9  2FDA               	goto	l2851
   618                           	
   619  07DA                     l712:	
   620                           	line	39
   621                           	
   622  07DA                     l2851:	
   623                           ;main.c: 39: EEADR = 0x00+a;
   624  07DA  087A               	movf	(_a),w
   625  07DB  1283               	bcf	status, 5	;RP0=0, select bank2
   626  07DC  1703               	bsf	status, 6	;RP1=1, select bank2
   627  07DD  008D               	movwf	(269)^0100h	;volatile
   628                           	line	40
   629                           	
   630  07DE                     l2853:	
   631                           ;main.c: 40: RD = 1;
   632  07DE  1683               	bsf	status, 5	;RP0=1, select bank3
   633  07DF  1703               	bsf	status, 6	;RP1=1, select bank3
   634  07E0  140C               	bsf	(3168/8)^0180h,(3168)&7
   635                           	line	41
   636                           	
   637  07E1                     l2855:	
   638                           ;main.c: 41: cmd(0xc5+a);write(EEDATA);
   639  07E1  087A               	movf	(_a),w
   640  07E2  3EC5               	addlw	0C5h
   641  07E3  120A  118A  26FE   	fcall	_cmd
              120A  118A         
   642                           	
   643  07E8                     l2857:	
   644  07E8  1283               	bcf	status, 5	;RP0=0, select bank2
   645  07E9  1703               	bsf	status, 6	;RP1=1, select bank2
   646  07EA  080C               	movf	(268)^0100h,w	;volatile
   647  07EB  120A  118A  2730   	fcall	_write
              120A  118A         
   648                           	line	36
   649                           	
   650  07F0                     l2859:	
   651  07F0  3001               	movlw	(01h)
   652  07F1  00F7               	movwf	(??_main+0)+0
   653  07F2  0877               	movf	(??_main+0)+0,w
   654  07F3  07FA               	addwf	(_a),f
   655                           	
   656  07F4                     l2861:	
   657  07F4  300A               	movlw	(0Ah)
   658  07F5  027A               	subwf	(_a),w
   659  07F6  1C03               	skipc
   660  07F7  2FF9               	goto	u2371
   661  07F8  2FFA               	goto	u2370
   662  07F9                     u2371:
   663  07F9  2FD3               	goto	l710
   664  07FA                     u2370:
   665  07FA  2F6F               	goto	l2815
   666                           	
   667  07FB                     l709:	
   668  07FB  2F6F               	goto	l2815
   669                           	line	43
   670                           	
   671  07FC                     l713:	
   672                           	line	21
   673  07FC  2F6F               	goto	l2815
   674                           	
   675  07FD                     l714:	
   676                           	line	44
   677                           	
   678  07FD                     l715:	
   679                           	global	start
   680  07FD  120A  118A  2800   	ljmp	start
   681                           	opt stack 0
   682                           GLOBAL	__end_of_main
   683  0800                     	__end_of_main:
   684 ;; =============== function _main ends ============
   685                           
   686                           	signat	_main,88
   687                           	global	_disp
   688                           psect	text149,local,class=CODE,delta=2
   689                           global __ptext149
   690  06D2                     __ptext149:
   691                           
   692 ;; *************** function _disp *****************
   693 ;; Defined at:
   694 ;;		line 82 in file "D:\pic controller,PIC16F877A\eeprom\main.c"
   695 ;; Parameters:    Size  Location     Type
   696 ;;  a               1    wreg     unsigned char 
   697 ;;  b               1    2[COMMON] PTR const unsigned char 
   698 ;;		 -> STR_2(6), STR_1(6), 
   699 ;;  c               1    3[COMMON] unsigned char 
   700 ;; Auto vars:     Size  Location     Type
   701 ;;  a               1    4[COMMON] unsigned char 
   702 ;;  k               2    5[COMMON] int 
   703 ;; Return value:  Size  Location     Type
   704 ;;		None               void
   705 ;; Registers used:
   706 ;;		wreg, fsr0l, fsr0h, status,2, status,0, pclath, cstack
   707 ;; Tracked objects:
   708 ;;		On entry : 0/0
   709 ;;		On exit  : 0/0
   710 ;;		Unchanged: 0/0
   711 ;; Data sizes:     COMMON   BANK0   BANK1   BANK3   BANK2
   712 ;;      Params:         2       0       0       0       0
   713 ;;      Locals:         3       0       0       0       0
   714 ;;      Temps:          0       0       0       0       0
   715 ;;      Totals:         5       0       0       0       0
   716 ;;Total ram usage:        5 bytes
   717 ;; Hardware stack levels used:    1
   718 ;; Hardware stack levels required when called:    1
   719 ;; This function calls:
   720 ;;		_cmd
   721 ;;		_write
   722 ;; This function is called by:
   723 ;;		_main
   724 ;; This function uses a non-reentrant model
   725 ;;
   726                           psect	text149
   727                           	file	"D:\pic controller,PIC16F877A\eeprom\main.c"
   728                           	line	82
   729                           	global	__size_of_disp
   730  002C                     	__size_of_disp	equ	__end_of_disp-_disp
   731                           	
   732  06D2                     _disp:	
   733                           	opt	stack 6
   734                           ; Regs used in _disp: [wreg-fsr0h+status,2+status,0+pclath+cstack]
   735                           ;disp@a stored from wreg
   736  06D2  00F4               	movwf	(disp@a)
   737                           	line	83
   738                           	
   739  06D3                     l2799:	
   740                           ;main.c: 83: for(int k=0;k<=c;k++)
   741  06D3  01F5               	clrf	(disp@k)
   742  06D4  01F6               	clrf	(disp@k+1)
   743  06D5  2EF1               	goto	l2807
   744                           	line	84
   745                           	
   746  06D6                     l728:	
   747                           	line	85
   748                           	
   749  06D6                     l2801:	
   750                           ;main.c: 84: {
   751                           ;main.c: 85: cmd(a+k);
   752  06D6  0875               	movf	(disp@k),w
   753  06D7  0774               	addwf	(disp@a),w
   754  06D8  120A  118A  26FE   	fcall	_cmd
              120A  118A         
   755                           	line	86
   756                           	
   757  06DD                     l2803:	
   758                           ;main.c: 86: write(b[k]);
   759  06DD  0875               	movf	(disp@k),w
   760  06DE  0772               	addwf	(disp@b),w
   761  06DF  0084               	movwf	fsr0
   762  06E0  120A  118A  2003   	fcall	stringdir
              120A  118A         
   763  06E5  120A  118A  2730   	fcall	_write
              120A  118A         
   764                           	line	83
   765                           	
   766  06EA                     l2805:	
   767  06EA  3001               	movlw	low(01h)
   768  06EB  07F5               	addwf	(disp@k),f
   769  06EC  1803               	skipnc
   770  06ED  0AF6               	incf	(disp@k+1),f
   771  06EE  3000               	movlw	high(01h)
   772  06EF  07F6               	addwf	(disp@k+1),f
   773  06F0  2EF1               	goto	l2807
   774                           	
   775  06F1                     l727:	
   776                           	
   777  06F1                     l2807:	
   778  06F1  0876               	movf	(disp@k+1),w
   779  06F2  3A80               	xorlw	80h
   780  06F3  3C80               	sublw	080h
   781  06F4  1D03               	skipz
   782  06F5  2EF8               	goto	u2325
   783  06F6  0875               	movf	(disp@k),w
   784  06F7  0273               	subwf	(disp@c),w
   785  06F8                     u2325:
   786                           
   787  06F8  1803               	skipnc
   788  06F9  2EFB               	goto	u2321
   789  06FA  2EFC               	goto	u2320
   790  06FB                     u2321:
   791  06FB  2ED6               	goto	l2801
   792  06FC                     u2320:
   793  06FC  2EFD               	goto	l730
   794                           	
   795  06FD                     l729:	
   796                           	line	88
   797                           	
   798  06FD                     l730:	
   799  06FD  0008               	return
   800                           	opt stack 0
   801                           GLOBAL	__end_of_disp
   802  06FE                     	__end_of_disp:
   803 ;; =============== function _disp ends ============
   804                           
   805                           	signat	_disp,12408
   806                           	global	_init
   807                           psect	text150,local,class=CODE,delta=2
   808                           global __ptext150
   809  06B3                     __ptext150:
   810                           
   811 ;; *************** function _init *****************
   812 ;; Defined at:
   813 ;;		line 47 in file "D:\pic controller,PIC16F877A\eeprom\main.c"
   814 ;; Parameters:    Size  Location     Type
   815 ;;		None
   816 ;; Auto vars:     Size  Location     Type
   817 ;;		None
   818 ;; Return value:  Size  Location     Type
   819 ;;		None               void
   820 ;; Registers used:
   821 ;;		wreg, status,2, status,0, pclath, cstack
   822 ;; Tracked objects:
   823 ;;		On entry : 0/0
   824 ;;		On exit  : 0/0
   825 ;;		Unchanged: 0/0
   826 ;; Data sizes:     COMMON   BANK0   BANK1   BANK3   BANK2
   827 ;;      Params:         0       0       0       0       0
   828 ;;      Locals:         0       0       0       0       0
   829 ;;      Temps:          0       0       0       0       0
   830 ;;      Totals:         0       0       0       0       0
   831 ;;Total ram usage:        0 bytes
   832 ;; Hardware stack levels used:    1
   833 ;; Hardware stack levels required when called:    1
   834 ;; This function calls:
   835 ;;		_cmd
   836 ;; This function is called by:
   837 ;;		_main
   838 ;; This function uses a non-reentrant model
   839 ;;
   840                           psect	text150
   841                           	file	"D:\pic controller,PIC16F877A\eeprom\main.c"
   842                           	line	47
   843                           	global	__size_of_init
   844  001F                     	__size_of_init	equ	__end_of_init-_init
   845                           	
   846  06B3                     _init:	
   847                           	opt	stack 6
   848                           ; Regs used in _init: [wreg+status,2+status,0+pclath+cstack]
   849                           	line	48
   850                           	
   851  06B3                     l2797:	
   852                           ;main.c: 48: cmd(0x02);
   853  06B3  3002               	movlw	(02h)
   854  06B4  120A  118A  26FE   	fcall	_cmd
              120A  118A         
   855                           	line	49
   856                           ;main.c: 49: cmd(0x28);
   857  06B9  3028               	movlw	(028h)
   858  06BA  120A  118A  26FE   	fcall	_cmd
              120A  118A         
   859                           	line	50
   860                           ;main.c: 50: cmd(0x06);
   861  06BF  3006               	movlw	(06h)
   862  06C0  120A  118A  26FE   	fcall	_cmd
              120A  118A         
   863                           	line	51
   864                           ;main.c: 51: cmd(0x0C);
   865  06C5  300C               	movlw	(0Ch)
   866  06C6  120A  118A  26FE   	fcall	_cmd
              120A  118A         
   867                           	line	52
   868                           ;main.c: 52: cmd(0x01);
   869  06CB  3001               	movlw	(01h)
   870  06CC  120A  118A  26FE   	fcall	_cmd
              120A  118A         
   871                           	line	53
   872                           	
   873  06D1                     l718:	
   874  06D1  0008               	return
   875                           	opt stack 0
   876                           GLOBAL	__end_of_init
   877  06D2                     	__end_of_init:
   878 ;; =============== function _init ends ============
   879                           
   880                           	signat	_init,88
   881                           	global	_write
   882                           psect	text151,local,class=CODE,delta=2
   883                           global __ptext151
   884  0730                     __ptext151:
   885                           
   886 ;; *************** function _write *****************
   887 ;; Defined at:
   888 ;;		line 69 in file "D:\pic controller,PIC16F877A\eeprom\main.c"
   889 ;; Parameters:    Size  Location     Type
   890 ;;  b               1    wreg     unsigned char 
   891 ;; Auto vars:     Size  Location     Type
   892 ;;  b               1    1[COMMON] unsigned char 
   893 ;; Return value:  Size  Location     Type
   894 ;;		None               void
   895 ;; Registers used:
   896 ;;		wreg, status,2, status,0
   897 ;; Tracked objects:
   898 ;;		On entry : 0/0
   899 ;;		On exit  : 0/0
   900 ;;		Unchanged: 0/0
   901 ;; Data sizes:     COMMON   BANK0   BANK1   BANK3   BANK2
   902 ;;      Params:         0       0       0       0       0
   903 ;;      Locals:         1       0       0       0       0
   904 ;;      Temps:          1       0       0       0       0
   905 ;;      Totals:         2       0       0       0       0
   906 ;;Total ram usage:        2 bytes
   907 ;; Hardware stack levels used:    1
   908 ;; This function calls:
   909 ;;		Nothing
   910 ;; This function is called by:
   911 ;;		_main
   912 ;;		_disp
   913 ;; This function uses a non-reentrant model
   914 ;;
   915                           psect	text151
   916                           	file	"D:\pic controller,PIC16F877A\eeprom\main.c"
   917                           	line	69
   918                           	global	__size_of_write
   919  0034                     	__size_of_write	equ	__end_of_write-_write
   920                           	
   921  0730                     _write:	
   922                           	opt	stack 7
   923                           ; Regs used in _write: [wreg+status,2+status,0]
   924                           ;write@b stored from wreg
   925  0730  00F1               	movwf	(write@b)
   926                           	line	70
   927                           	
   928  0731                     l2771:	
   929                           ;main.c: 70: m = PORTD & 0x0f;
   930  0731  1283               	bcf	status, 5	;RP0=0, select bank0
   931  0732  1303               	bcf	status, 6	;RP1=0, select bank0
   932  0733  0808               	movf	(8),w
   933  0734  390F               	andlw	0Fh
   934  0735  00F0               	movwf	(??_write+0)+0
   935  0736  0870               	movf	(??_write+0)+0,w
   936  0737  00F9               	movwf	(_m)
   937                           	line	71
   938                           	
   939  0738                     l2773:	
   940                           ;main.c: 71: PORTD = (b & 0xf0)|m;
   941  0738  0871               	movf	(write@b),w
   942  0739  39F0               	andlw	0F0h
   943  073A  0479               	iorwf	(_m),w
   944  073B  0088               	movwf	(8)	;volatile
   945                           	line	72
   946                           	
   947  073C                     l2775:	
   948                           ;main.c: 72: RD1=1;RD0=1;
   949  073C  1488               	bsf	(65/8),(65)&7
   950                           	
   951  073D                     l2777:	
   952  073D  1408               	bsf	(64/8),(64)&7
   953                           	line	73
   954                           	
   955  073E                     l2779:	
   956                           ;main.c: 73: _delay(1000);
   957                           	opt asmopt_off
   958  073E  30F9               movlw	249
   959  073F  00F0               movwf	(??_write+0)+0,f
   960  0740                     u2387:
   961  0740  0064               	clrwdt
   962  0741  0BF0               decfsz	(??_write+0)+0,f
   963  0742  2F40               	goto	u2387
   964  0743  2F44               	nop2	;nop
   965  0744  0064               	clrwdt
   966                           opt asmopt_on
   967                           
   968                           	line	74
   969                           	
   970  0745                     l2781:	
   971                           ;main.c: 74: RD1=0;RD0=0;
   972  0745  1283               	bcf	status, 5	;RP0=0, select bank0
   973  0746  1303               	bcf	status, 6	;RP1=0, select bank0
   974  0747  1088               	bcf	(65/8),(65)&7
   975                           	
   976  0748                     l2783:	
   977  0748  1008               	bcf	(64/8),(64)&7
   978                           	line	75
   979                           	
   980  0749                     l2785:	
   981                           ;main.c: 75: PORTD = ((b<<4) & 0xf0)|m;
   982  0749  0871               	movf	(write@b),w
   983  074A  00F0               	movwf	(??_write+0)+0
   984  074B  3003               	movlw	(04h)-1
   985  074C                     u2315:
   986  074C  1003               	clrc
   987  074D  0DF0               	rlf	(??_write+0)+0,f
   988  074E  3EFF               	addlw	-1
   989  074F  1D03               	skipz
   990  0750  2F4C               	goto	u2315
   991  0751  1003               	clrc
   992  0752  0D70               	rlf	(??_write+0)+0,w
   993  0753  39F0               	andlw	0F0h
   994  0754  0479               	iorwf	(_m),w
   995  0755  0088               	movwf	(8)	;volatile
   996                           	line	76
   997                           	
   998  0756                     l2787:	
   999                           ;main.c: 76: RD1=1;RD0=1;
  1000  0756  1488               	bsf	(65/8),(65)&7
  1001                           	
  1002  0757                     l2789:	
  1003  0757  1408               	bsf	(64/8),(64)&7
  1004                           	line	77
  1005                           	
  1006  0758                     l2791:	
  1007                           ;main.c: 77: _delay(1000);
  1008                           	opt asmopt_off
  1009  0758  30F9               movlw	249
  1010  0759  00F0               movwf	(??_write+0)+0,f
  1011  075A                     u2397:
  1012  075A  0064               	clrwdt
  1013  075B  0BF0               decfsz	(??_write+0)+0,f
  1014  075C  2F5A               	goto	u2397
  1015  075D  2F5E               	nop2	;nop
  1016  075E  0064               	clrwdt
  1017                           opt asmopt_on
  1018                           
  1019                           	line	78
  1020                           	
  1021  075F                     l2793:	
  1022                           ;main.c: 78: RD1=0;RD0=0;
  1023  075F  1283               	bcf	status, 5	;RP0=0, select bank0
  1024  0760  1303               	bcf	status, 6	;RP1=0, select bank0
  1025  0761  1088               	bcf	(65/8),(65)&7
  1026                           	
  1027  0762                     l2795:	
  1028  0762  1008               	bcf	(64/8),(64)&7
  1029                           	line	79
  1030                           	
  1031  0763                     l724:	
  1032  0763  0008               	return
  1033                           	opt stack 0
  1034                           GLOBAL	__end_of_write
  1035  0764                     	__end_of_write:
  1036 ;; =============== function _write ends ============
  1037                           
  1038                           	signat	_write,4216
  1039                           	global	_cmd
  1040                           psect	text152,local,class=CODE,delta=2
  1041                           global __ptext152
  1042  06FE                     __ptext152:
  1043                           
  1044 ;; *************** function _cmd *****************
  1045 ;; Defined at:
  1046 ;;		line 56 in file "D:\pic controller,PIC16F877A\eeprom\main.c"
  1047 ;; Parameters:    Size  Location     Type
  1048 ;;  a               1    wreg     unsigned char 
  1049 ;; Auto vars:     Size  Location     Type
  1050 ;;  a               1    1[COMMON] unsigned char 
  1051 ;; Return value:  Size  Location     Type
  1052 ;;		None               void
  1053 ;; Registers used:
  1054 ;;		wreg, status,2, status,0
  1055 ;; Tracked objects:
  1056 ;;		On entry : 0/0
  1057 ;;		On exit  : 0/0
  1058 ;;		Unchanged: 0/0
  1059 ;; Data sizes:     COMMON   BANK0   BANK1   BANK3   BANK2
  1060 ;;      Params:         0       0       0       0       0
  1061 ;;      Locals:         1       0       0       0       0
  1062 ;;      Temps:          1       0       0       0       0
  1063 ;;      Totals:         2       0       0       0       0
  1064 ;;Total ram usage:        2 bytes
  1065 ;; Hardware stack levels used:    1
  1066 ;; This function calls:
  1067 ;;		Nothing
  1068 ;; This function is called by:
  1069 ;;		_main
  1070 ;;		_init
  1071 ;;		_disp
  1072 ;; This function uses a non-reentrant model
  1073 ;;
  1074                           psect	text152
  1075                           	file	"D:\pic controller,PIC16F877A\eeprom\main.c"
  1076                           	line	56
  1077                           	global	__size_of_cmd
  1078  0032                     	__size_of_cmd	equ	__end_of_cmd-_cmd
  1079                           	
  1080  06FE                     _cmd:	
  1081                           	opt	stack 7
  1082                           ; Regs used in _cmd: [wreg+status,2+status,0]
  1083                           ;cmd@a stored from wreg
  1084  06FE  00F1               	movwf	(cmd@a)
  1085                           	line	57
  1086                           	
  1087  06FF                     l2749:	
  1088                           ;main.c: 57: m = PORTD & 0x0f;
  1089  06FF  1283               	bcf	status, 5	;RP0=0, select bank0
  1090  0700  1303               	bcf	status, 6	;RP1=0, select bank0
  1091  0701  0808               	movf	(8),w
  1092  0702  390F               	andlw	0Fh
  1093  0703  00F0               	movwf	(??_cmd+0)+0
  1094  0704  0870               	movf	(??_cmd+0)+0,w
  1095  0705  00F9               	movwf	(_m)
  1096                           	line	58
  1097                           	
  1098  0706                     l2751:	
  1099                           ;main.c: 58: PORTD = (a & 0xf0)|m;
  1100  0706  0871               	movf	(cmd@a),w
  1101  0707  39F0               	andlw	0F0h
  1102  0708  0479               	iorwf	(_m),w
  1103  0709  0088               	movwf	(8)	;volatile
  1104                           	line	59
  1105                           	
  1106  070A                     l2753:	
  1107                           ;main.c: 59: RD1=1;RD0=0;
  1108  070A  1488               	bsf	(65/8),(65)&7
  1109                           	
  1110  070B                     l2755:	
  1111  070B  1008               	bcf	(64/8),(64)&7
  1112                           	line	60
  1113                           	
  1114  070C                     l2757:	
  1115                           ;main.c: 60: _delay(1000);
  1116                           	opt asmopt_off
  1117  070C  30F9               movlw	249
  1118  070D  00F0               movwf	(??_cmd+0)+0,f
  1119  070E                     u2407:
  1120  070E  0064               	clrwdt
  1121  070F  0BF0               decfsz	(??_cmd+0)+0,f
  1122  0710  2F0E               	goto	u2407
  1123  0711  2F12               	nop2	;nop
  1124  0712  0064               	clrwdt
  1125                           opt asmopt_on
  1126                           
  1127                           	line	61
  1128                           	
  1129  0713                     l2759:	
  1130                           ;main.c: 61: RD1=0;
  1131  0713  1283               	bcf	status, 5	;RP0=0, select bank0
  1132  0714  1303               	bcf	status, 6	;RP1=0, select bank0
  1133  0715  1088               	bcf	(65/8),(65)&7
  1134                           	line	62
  1135                           	
  1136  0716                     l2761:	
  1137                           ;main.c: 62: PORTD = ((a<<4) & 0xf0)|m;
  1138  0716  0871               	movf	(cmd@a),w
  1139  0717  00F0               	movwf	(??_cmd+0)+0
  1140  0718  3003               	movlw	(04h)-1
  1141  0719                     u2305:
  1142  0719  1003               	clrc
  1143  071A  0DF0               	rlf	(??_cmd+0)+0,f
  1144  071B  3EFF               	addlw	-1
  1145  071C  1D03               	skipz
  1146  071D  2F19               	goto	u2305
  1147  071E  1003               	clrc
  1148  071F  0D70               	rlf	(??_cmd+0)+0,w
  1149  0720  39F0               	andlw	0F0h
  1150  0721  0479               	iorwf	(_m),w
  1151  0722  0088               	movwf	(8)	;volatile
  1152                           	line	63
  1153                           	
  1154  0723                     l2763:	
  1155                           ;main.c: 63: RD1=1;RD0=0;
  1156  0723  1488               	bsf	(65/8),(65)&7
  1157                           	
  1158  0724                     l2765:	
  1159  0724  1008               	bcf	(64/8),(64)&7
  1160                           	line	64
  1161                           	
  1162  0725                     l2767:	
  1163                           ;main.c: 64: _delay(1000);
  1164                           	opt asmopt_off
  1165  0725  30F9               movlw	249
  1166  0726  00F0               movwf	(??_cmd+0)+0,f
  1167  0727                     u2417:
  1168  0727  0064               	clrwdt
  1169  0728  0BF0               decfsz	(??_cmd+0)+0,f
  1170  0729  2F27               	goto	u2417
  1171  072A  2F2B               	nop2	;nop
  1172  072B  0064               	clrwdt
  1173                           opt asmopt_on
  1174                           
  1175                           	line	65
  1176                           	
  1177  072C                     l2769:	
  1178                           ;main.c: 65: RD1=0;;
  1179  072C  1283               	bcf	status, 5	;RP0=0, select bank0
  1180  072D  1303               	bcf	status, 6	;RP1=0, select bank0
  1181  072E  1088               	bcf	(65/8),(65)&7
  1182                           	line	66
  1183                           	
  1184  072F                     l721:	
  1185  072F  0008               	return
  1186                           	opt stack 0
  1187                           GLOBAL	__end_of_cmd
  1188  0730                     	__end_of_cmd:
  1189 ;; =============== function _cmd ends ============
  1190                           
  1191                           	signat	_cmd,4216
  1192                           psect	text153,local,class=CODE,delta=2
  1193                           global __ptext153
  1194  0000                     __ptext153:
  1195                           	global	btemp
  1196  007E                     	btemp set 07Eh
  1197                           
  1198                           	DABS	1,126,2	;btemp
  1199                           	global	wtemp0
  1200  007E                     	wtemp0 set btemp


HI-TECH Software PICC Macro Assembler V9.82 build 9453 
Symbol Table                                                                                   Sun Feb 11 14:06:47 2024

                   _a 007A                     _b 0020                     _m 0079                     pc 0002  
                  _RD 0C60                    _WR 0C61                    fsr 0004                   l701 076F  
                 l710 07D3                   l702 07B1                   l711 07D3                   l703 077F  
                 l712 07DA                   l704 0780                   l721 072F                   l713 07FC  
                 l705 0780                   l730 06FD                   l714 07FD                   l706 0787  
                 l715 07FD                   l707 07BB                   l724 0763                   l708 07D2  
                 l709 07FB                   l718 06D1                   l727 06F1                   l728 06D6  
                 l729 06FD                   _GIE 005F                   _RD0 0040                   _RD1 0041  
                 _cmd 06FE                   fsr0 0004                   indf 0000                  ?_cmd 0070  
                l2801 06D6                  l2803 06DD                  l2811 0767                  l2805 06EA  
                l2821 078B                  l2813 0769                  l2751 0706                  l2807 06F1  
                l2831 0799                  l2823 0791                  l2815 076F                  l2761 0716  
                l2753 070A                  l2833 079A                  l2825 0794                  l2841 07B1  
                l2817 077D                  l2809 0764                  l2763 0723                  l2755 070B  
                l2771 0731                  l2851 07DA                  l2843 07BB                  l2835 079B  
                l2827 0795                  l2819 0787                  l2765 0724                  l2757 070C  
                l2749 06FF                  l2781 0745                  l2773 0738                  l2861 07F4  
                l2853 07DE                  l2845 07C9                  l2837 07A2                  l2829 0797  
                l2767 0725                  l2759 0713                  l2791 0758                  l2783 0748  
                l2775 073C                  l2855 07E1                  l2847 07CA                  l2839 07AC  
                l2769 072C                  l2793 075F                  l2785 0749                  l2777 073D  
                l2857 07E8                  l2849 07D1                  l2795 0762                  l2787 0756  
                l2779 073E                  l2859 07F0                  l2789 0757                  l2797 06B3  
                l2799 06D3                  STR_1 000F                  STR_2 0009                  u2320 06FC  
                u2305 0719                  u2321 06FB                  u2330 0786                  u2315 074C  
                u2331 0785                  u2340 07BA                  u2325 06F8                  u2341 07B9  
                u2350 07D0                  u2407 070E                  u2351 07CF                  u2360 07D9  
                u2417 0727                  u2361 07D8                  u2370 07FA                  u2371 07F9  
                u2387 0740                  u2397 075A                  _WREN 0C62                  cmd@a 0071  
                _disp 06D2                  _main 0764                  _init 06B3                  btemp 007E  
                start 0000                 ??_cmd 0070                 ?_disp 0072                 ?_main 0070  
               ?_init 0070                 _EEADR 010D                 _CARRY 0018                 _PORTD 0008  
               _TRISB 0086                 _TRISD 0088                 disp@a 0074                 disp@b 0072  
               disp@c 0073                 disp@k 0075                 _write 0730                 pclath 000A  
               status 0003                 wtemp0 007E          __end_of_disp 06FE          __end_of_main 0800  
        __end_of_init 06D2                ??_disp 0074                ??_main 0077                ??_init 0072  
              _EEDATA 010C                _EECON1 018C                _EECON2 018D                ?_write 0070  
              write@b 0071        __pcstackCOMMON 0070          __pidataBANK0 0682         __end_of_write 0764  
             ??_write 0070            __pnvCOMMON 0079            __pmaintext 0764          __size_of_cmd 0032  
end_of_initialization 06AF               init_ram 0691   start_initialization 06A0           __end_of_cmd 0730  
         __pdataBANK0 0020           __pbssCOMMON 007A             __ptext150 06B3             __ptext151 0730  
           __ptext152 06FE             __ptext153 0000             __ptext149 06D2             __pstrings 0003  
      __size_of_write 0034           __stringbase 0008             init_fetch 068D         __size_of_disp 002C  
       __size_of_main 009C         __size_of_init 001F             stringcode 0003              stringdir 0003  
            stringtab 0003  
